
<!DOCTYPE html>
<html>


<head>
	<meta charset='utf-8' /> 
	<meta name='description' content='' />
	<meta name='robots' content='noodp, noydir' />
	<meta name='viewport' content='width=device-width, initial-scale=1' />
	<meta id="timeStampFormat" name="timeStampFormat" content='MMM d, yyyy hh:mm:ss a'/>
	
	<link href='https://fonts.googleapis.com/css?family=Source+Sans+Pro:400,600' rel='stylesheet' type='text/css' />
	<link href="https://fonts.googleapis.com/icon?family=Material+Icons" rel="stylesheet" />

		<link href='https://cdn.rawgit.com/anshooarora/extentreports-java/b4a58fcfd1e137bd9287244035a7c80d3d73b3af/dist/css/extent.css' type='text/css' rel='stylesheet' />
	
	<title>AutomationTestingReport-Demosite</title>

	<style type='text/css'>
	</style>
</head>

	<body class='extent dark default hide-overflow '>
		<div id='theme-selector' alt='Click to toggle theme. To enable by default, use theme configuration.' title='Click to toggle theme. To enable by default, use theme configuration.'>
			<span><i class='material-icons'>desktop_windows</i></span>
		</div>

<nav>
	<div class="nav-wrapper">
		<a href="#!" class="brand-logo blue darken-3">Extent</a>

		<!-- slideout menu -->
		<ul id='slide-out' class='side-nav fixed hide-on-med-and-down'>
			<li class='waves-effect active'><a href='#!' view='test-view' onclick="configureView(0);chartsView('test');"><i class='material-icons'>dashboard</i></a></li>
						<li class='waves-effect'><a href='#!' view='category-view' onclick="configureView(1)"><i class='material-icons'>label_outline</i></a></li>
				<li class='waves-effect'><a href='#!' view='author-view' onclick="configureView(3)"><i class='material-icons'>person</i></a></li>
			<li class='waves-effect'><a href='#!' view='exception-view' onclick="configureView(2)"><i class='material-icons'>bug_report</i></a></li>
			<li class='waves-effect'><a href='#!' onclick="configureView(-1);chartsView('dashboard');" view='dashboard-view'><i class='material-icons'>track_changes</i></i></a></li>
		</ul>

		<!-- report name -->
		<span class='report-name'>My Own Report</span>
		
		<!-- report headline -->
		<span class='report-headline'></span>

		<!-- nav-right -->
		<ul id='nav-mobile' class='right hide-on-med-and-down nav-right'>
			<li>
                <a href='#!'>
                    <span class='label suite-start-time blue darken-3'>Jan 12, 2019 10:46:02 PM</span>
				</a>
			</li>
			<li>
                <a href='#!'>
                    <span class='label blue darken-3'>3.1.5</span>
				</a>
			</li>
		</ul>
	</div>
</nav>

		<!-- container -->
		<div class='container'>

<div id='test-view' class='view'>
				
	<section id='controls'>
		<div class='controls grey lighten-4'>
			<!-- test toggle -->
			<div class='chip transparent'>
				<a class='dropdown-button tests-toggle' data-activates='tests-toggle' data-constrainwidth='true' data-beloworigin='true' data-hover='true' href='#'>
					<i class='material-icons'>warning</i> Status
				</a>
				<ul id='tests-toggle' class='dropdown-content'>
											<li status='pass'><a href='#!'>Pass <i class='material-icons green-text'>check_circle</i></a></li>
						<li status='fail'><a href='#!'>Fail <i class='material-icons red-text'>cancel</i></a></li>
					<li class='divider'></li>
					<li status='clear' clear='true'><a href='#!'>Clear Filters <i class='material-icons'>clear</i></a></li>
				</ul>
			</div>
			<!-- test toggle -->

			<!-- category toggle -->
			<div class='chip transparent'>
				<a class='dropdown-button category-toggle' data-activates='category-toggle' data-constrainwidth='false' data-beloworigin='true' data-hover='true' href='#'>
					<i class='material-icons'>local_offer</i> Category
				</a>
				<ul id='category-toggle' class='dropdown-content'>
					<li><a href='#'>RegistrationTest::SmoketestingandTextTesting--Live::Browser-CH</a></li>
					<li><a href='#'>RegistrationTest::SmoketestingandTextTesting--Live::Browser-FF</a></li>
					<li><a href='#'>ForgotPasswordTest::SmoketestingandTextTesting--Live::Browser-FF</a></li>
					<li><a href='#'>ForgotPasswordTest::SmoketestingandTextTesting--Live::Browser-CH</a></li>
					<li><a href='#'>SignInTest::SmoketestingandTextTesting--Live::Browser-CH</a></li>
					<li><a href='#'>SignInTest::SmoketestingandTextTesting--Live::Browser-FF</a></li>
					<li><a href='#'>HomepageTest::SmoketestingandTextTesting--Live::Browser-CH</a></li>
					<li class='divider'></li>
					<li class='clear'><a href='#!' clear='true'>Clear Filters</a></li>
				</ul>
			</div>
			<!-- category toggle -->

			<!-- clear filters -->
			<div class='chip transparent hide'>
				<a class='' id='clear-filters' alt='Clear Filters' title='Clear Filters'>
					<i class='material-icons'>close</i> Clear
				</a>
			</div>
			<!-- clear filters -->

			<!-- enable dashboard -->
			<div id='toggle-test-view-charts' class='chip transparent'>
				<a class='pink-text' id='enable-dashboard' alt='Enable Dashboard' title='Enable Dashboard'>
					<i class='material-icons'>track_changes</i> Dashboard
				</a>
			</div>
			<!-- enable dashboard -->

			<!-- search -->
			<div class='chip transparent' alt='Search Tests' title='Search Tests'>
				<a href="#" class='search-div'>
					<i class='material-icons'>search</i> Search
				</a>

				<div class='input-field left hide'>
					<input id='search-tests' type='text' class='validate browser-default' placeholder='Search Tests...'>
				</div>
				
			</div>
			<!-- search -->
		</div>
	</section>


<div id='test-view-charts' class='subview-full'>
	<div id='charts-row' class='row nm-v nm-h'>
		<div class='col s12 m6 l6 np-h'>
			<div class='card-panel nm-v'>
				<div class='left panel-name'>Tests</div>
				<div class='chart-box'>
					<canvas id='parent-analysis' width='100' height='80'></canvas>
				</div>
				<div class='block text-small'>
					<span class='tooltipped' data-position='top' data-tooltip='50%'><span class='strong'>10</span> test(s) passed</span>
				</div>
				<div class='block text-small'>
					<span class='strong tooltipped' data-position='top' data-tooltip='50%'>10</span> test(s) failed, <span class='strong tooltipped' data-position='top' data-tooltip='0%'>0</span> others
				</div>
			</div>
		</div>
		
		<div class='col s12 m6 l6 np-h'>
			<div class='card-panel nm-v'>
				<div class='left panel-name'>Steps</div>
				<div class='chart-box'>
					<canvas id='child-analysis' width='100' height='80'></canvas>
				</div>
				<div class='block text-small'>
					<span class='tooltipped' data-position='top' data-tooltip='14.706%'><span class='strong'>10</span> step(s) passed</span>
				</div>
				<div class='block text-small'>
					<span class='strong tooltipped' data-position='top' data-tooltip='29.412%'>20</span> step(s) failed, <span class='strong tooltipped' data-position='top' data-tooltip='55.882%'>38</span> others
				</div>
			</div>
		</div>
		
	</div>
</div>

	<div class='subview-left left'>
		
		<div class='view-summary'>
			<h5>Tests</h5>
			<ul id='test-collection' class='test-collection'>
				
				
				<li class='test displayed active  fail' status='fail' bdd='false' test-id='1'>
					<div class='test-heading'>
						<span class='test-name'>RegistrationTest::validatePageHeading_RP ::  Browser-CH</span>
						<span class='test-time'>Jan 12, 2019 10:46:02 PM</span>
						<span class='test-status right fail'>fail</span>
					</div>
					<div class='test-content hide'>
<div class='test-time-info'>
	<span class='label start-time'>Jan 12, 2019 10:46:02 PM</span>
	<span class='label end-time'>Jan 12, 2019 10:46:43 PM</span>
	<span class='label time-taken grey lighten-1 white-text'>0h 0m 40s+913ms</span>
</div>
	<div class='test-desc'>TestMethod: validatePageHeading_RP ::  Browser-CH </div>
	<div class='test-attributes'>
			<div class='category-list'>
				<span class='category label white-text'>RegistrationTest::SmoketestingandTextTesting--Live::Browser-CH</span>
			</div>
			<div class='author-list'>
				<span class='author label white-text'>VK</span>
			</div>
	</div>
	<div class='test-steps'>
		<table class='bordered table-results'>
			<thead>
				<tr>
					<th>Status</th>
					<th>Timestamp</th>
					<th>Details</th>
				</tr>
			</thead>
			<tbody>
				<tr class='log' status='info'>
					<td class='status info' title='info' alt='info'><i class='material-icons'>info_outline</i></td>
					<td class='timestamp'>10:46:42 PM</td>
					<td class='step-details'>ActualResultSSBelow: com.aventstack.extentreports.ExtentTest@5b3753d1</td>
				</tr>
				<tr class='log' status='fail'>
					<td class='status fail' title='fail' alt='fail'><i class='material-icons'>cancel</i></td>
					<td class='timestamp'>10:46:42 PM</td>
					<td class='step-details'><span class='label white-text red'>validatePageHeading_RP TestCase failed due tobelow issue</span></td>
				</tr>
				<tr class='log' status='fail'>
					<td class='status fail' title='fail' alt='fail'><i class='material-icons'>cancel</i></td>
					<td class='timestamp'>10:46:42 PM</td>
					<td class='step-details'><pre>java.lang.AssertionError: expected [CREATE AN ACCOUNTT] but found [CREATE AN ACCOUNT]
	at org.testng.Assert.fail(Assert.java:96)
	at org.testng.Assert.failNotEquals(Assert.java:776)
	at org.testng.Assert.assertEqualsImpl(Assert.java:137)
	at org.testng.Assert.assertEquals(Assert.java:118)
	at org.testng.Assert.assertEquals(Assert.java:453)
	at org.testng.Assert.assertEquals(Assert.java:463)
	at com.a3hp.automationpracticee.framework.test.createaccountandlogin.RegistrationTest.validatePageHeading_RP(RegistrationTest.java:112)
	at sun.reflect.NativeMethodAccessorImpl.invoke0(Native Method)
	at sun.reflect.NativeMethodAccessorImpl.invoke(NativeMethodAccessorImpl.java:62)
	at sun.reflect.DelegatingMethodAccessorImpl.invoke(DelegatingMethodAccessorImpl.java:43)
	at java.lang.reflect.Method.invoke(Method.java:498)
	at org.testng.internal.MethodInvocationHelper.invokeMethod(MethodInvocationHelper.java:124)
	at org.testng.internal.Invoker.invokeMethod(Invoker.java:583)
	at org.testng.internal.Invoker.invokeTestMethod(Invoker.java:719)
	at org.testng.internal.Invoker.invokeTestMethods(Invoker.java:989)
	at org.testng.internal.TestMethodWorker.invokeTestMethods(TestMethodWorker.java:125)
	at org.testng.internal.TestMethodWorker.run(TestMethodWorker.java:109)
	at org.testng.TestRunner.privateRun(TestRunner.java:648)
	at org.testng.TestRunner.run(TestRunner.java:505)
	at org.testng.SuiteRunner.runTest(SuiteRunner.java:455)
	at org.testng.SuiteRunner.access$000(SuiteRunner.java:40)
	at org.testng.SuiteRunner$SuiteWorker.run(SuiteRunner.java:489)
	at org.testng.internal.thread.ThreadUtil$1.call(ThreadUtil.java:52)
	at java.util.concurrent.FutureTask.run(FutureTask.java:266)
	at java.util.concurrent.ThreadPoolExecutor.runWorker(ThreadPoolExecutor.java:1142)
	at java.util.concurrent.ThreadPoolExecutor$Worker.run(ThreadPoolExecutor.java:617)
	at java.lang.Thread.run(Thread.java:748)
</pre></td>
				</tr>
				<tr class='log' status='info'>
					<td class='status info' title='info' alt='info'><i class='material-icons'>info_outline</i></td>
					<td class='timestamp'>10:46:43 PM</td>
					<td class='step-details'>details: com.aventstack.extentreports.ExtentTest@5b3753d1</td>
				</tr>
			</tbody>
		</table>
	</div>
							<ul class='screenshots'>
								<li><img data-featherlight='E:\QA\Automation_Tools\Selenium\WorkspaceMars1\A3hp.com.automationprac\TestReports\ExtentReport3\Screenshots\ActualResult\RegistrationPage_PageHeading_txt_Jan_12__2019_10_46_42_PM.png' width='10%' src='E:\QA\Automation_Tools\Selenium\WorkspaceMars1\A3hp.com.automationprac\TestReports\ExtentReport3\Screenshots\ActualResult\RegistrationPage_PageHeading_txt_Jan_12__2019_10_46_42_PM.png' data-src='E:\QA\Automation_Tools\Selenium\WorkspaceMars1\A3hp.com.automationprac\TestReports\ExtentReport3\Screenshots\ActualResult\RegistrationPage_PageHeading_txt_Jan_12__2019_10_46_42_PM.png'></li>
								<li><img data-featherlight='E:\QA\Automation_Tools\Selenium\WorkspaceMars1\A3hp.com.automationprac\TestReports\ExtentReport3\Screenshots\FAILED\RegistrationPage_PageHeading_txt_Jan_12__2019_10_46_43_PM.png' width='10%' src='E:\QA\Automation_Tools\Selenium\WorkspaceMars1\A3hp.com.automationprac\TestReports\ExtentReport3\Screenshots\FAILED\RegistrationPage_PageHeading_txt_Jan_12__2019_10_46_43_PM.png' data-src='E:\QA\Automation_Tools\Selenium\WorkspaceMars1\A3hp.com.automationprac\TestReports\ExtentReport3\Screenshots\FAILED\RegistrationPage_PageHeading_txt_Jan_12__2019_10_46_43_PM.png'></li>
							</ul>
					</div>
				</li>
				
				
				<li class='test displayed active  fail' status='fail' bdd='false' test-id='2'>
					<div class='test-heading'>
						<span class='test-name'>RegistrationTest::validateBreadcrumbText_RP ::  Browser-CH</span>
						<span class='test-time'>Jan 12, 2019 10:46:44 PM</span>
						<span class='test-status right fail'>fail</span>
					</div>
					<div class='test-content hide'>
<div class='test-time-info'>
	<span class='label start-time'>Jan 12, 2019 10:46:44 PM</span>
	<span class='label end-time'>Jan 12, 2019 10:47:22 PM</span>
	<span class='label time-taken grey lighten-1 white-text'>0h 0m 38s+153ms</span>
</div>
	<div class='test-desc'>TestMethod: validateBreadcrumbText_RP ::  Browser-CH </div>
	<div class='test-attributes'>
			<div class='category-list'>
				<span class='category label white-text'>RegistrationTest::SmoketestingandTextTesting--Live::Browser-CH</span>
			</div>
			<div class='author-list'>
				<span class='author label white-text'>VK</span>
			</div>
	</div>
	<div class='test-steps'>
		<table class='bordered table-results'>
			<thead>
				<tr>
					<th>Status</th>
					<th>Timestamp</th>
					<th>Details</th>
				</tr>
			</thead>
			<tbody>
				<tr class='log' status='info'>
					<td class='status info' title='info' alt='info'><i class='material-icons'>info_outline</i></td>
					<td class='timestamp'>10:47:22 PM</td>
					<td class='step-details'>ActualResultSSBelow: com.aventstack.extentreports.ExtentTest@7f7c824d</td>
				</tr>
				<tr class='log' status='fail'>
					<td class='status fail' title='fail' alt='fail'><i class='material-icons'>cancel</i></td>
					<td class='timestamp'>10:47:22 PM</td>
					<td class='step-details'><span class='label white-text red'>validateBreadcrumbText_RP TestCase failed due tobelow issue</span></td>
				</tr>
				<tr class='log' status='fail'>
					<td class='status fail' title='fail' alt='fail'><i class='material-icons'>cancel</i></td>
					<td class='timestamp'>10:47:22 PM</td>
					<td class='step-details'><pre>java.lang.AssertionError: expected [Authenticationn] but found [Authentication]
	at org.testng.Assert.fail(Assert.java:96)
	at org.testng.Assert.failNotEquals(Assert.java:776)
	at org.testng.Assert.assertEqualsImpl(Assert.java:137)
	at org.testng.Assert.assertEquals(Assert.java:118)
	at org.testng.Assert.assertEquals(Assert.java:453)
	at org.testng.Assert.assertEquals(Assert.java:463)
	at com.a3hp.automationpracticee.framework.test.createaccountandlogin.RegistrationTest.validateBreadcrumbText_RP(RegistrationTest.java:126)
	at sun.reflect.NativeMethodAccessorImpl.invoke0(Native Method)
	at sun.reflect.NativeMethodAccessorImpl.invoke(NativeMethodAccessorImpl.java:62)
	at sun.reflect.DelegatingMethodAccessorImpl.invoke(DelegatingMethodAccessorImpl.java:43)
	at java.lang.reflect.Method.invoke(Method.java:498)
	at org.testng.internal.MethodInvocationHelper.invokeMethod(MethodInvocationHelper.java:124)
	at org.testng.internal.Invoker.invokeMethod(Invoker.java:583)
	at org.testng.internal.Invoker.invokeTestMethod(Invoker.java:719)
	at org.testng.internal.Invoker.invokeTestMethods(Invoker.java:989)
	at org.testng.internal.TestMethodWorker.invokeTestMethods(TestMethodWorker.java:125)
	at org.testng.internal.TestMethodWorker.run(TestMethodWorker.java:109)
	at org.testng.TestRunner.privateRun(TestRunner.java:648)
	at org.testng.TestRunner.run(TestRunner.java:505)
	at org.testng.SuiteRunner.runTest(SuiteRunner.java:455)
	at org.testng.SuiteRunner.access$000(SuiteRunner.java:40)
	at org.testng.SuiteRunner$SuiteWorker.run(SuiteRunner.java:489)
	at org.testng.internal.thread.ThreadUtil$1.call(ThreadUtil.java:52)
	at java.util.concurrent.FutureTask.run(FutureTask.java:266)
	at java.util.concurrent.ThreadPoolExecutor.runWorker(ThreadPoolExecutor.java:1142)
	at java.util.concurrent.ThreadPoolExecutor$Worker.run(ThreadPoolExecutor.java:617)
	at java.lang.Thread.run(Thread.java:748)
</pre></td>
				</tr>
				<tr class='log' status='info'>
					<td class='status info' title='info' alt='info'><i class='material-icons'>info_outline</i></td>
					<td class='timestamp'>10:47:22 PM</td>
					<td class='step-details'>details: com.aventstack.extentreports.ExtentTest@7f7c824d</td>
				</tr>
			</tbody>
		</table>
	</div>
							<ul class='screenshots'>
								<li><img data-featherlight='E:\QA\Automation_Tools\Selenium\WorkspaceMars1\A3hp.com.automationprac\TestReports\ExtentReport3\Screenshots\ActualResult\RegistrationPage_Breadcrumb_txt_Jan_12__2019_10_47_22_PM.png' width='10%' src='E:\QA\Automation_Tools\Selenium\WorkspaceMars1\A3hp.com.automationprac\TestReports\ExtentReport3\Screenshots\ActualResult\RegistrationPage_Breadcrumb_txt_Jan_12__2019_10_47_22_PM.png' data-src='E:\QA\Automation_Tools\Selenium\WorkspaceMars1\A3hp.com.automationprac\TestReports\ExtentReport3\Screenshots\ActualResult\RegistrationPage_Breadcrumb_txt_Jan_12__2019_10_47_22_PM.png'></li>
								<li><img data-featherlight='E:\QA\Automation_Tools\Selenium\WorkspaceMars1\A3hp.com.automationprac\TestReports\ExtentReport3\Screenshots\FAILED\RegistrationPage_Breadcrumb_txt_Jan_12__2019_10_47_22_PM.png' width='10%' src='E:\QA\Automation_Tools\Selenium\WorkspaceMars1\A3hp.com.automationprac\TestReports\ExtentReport3\Screenshots\FAILED\RegistrationPage_Breadcrumb_txt_Jan_12__2019_10_47_22_PM.png' data-src='E:\QA\Automation_Tools\Selenium\WorkspaceMars1\A3hp.com.automationprac\TestReports\ExtentReport3\Screenshots\FAILED\RegistrationPage_Breadcrumb_txt_Jan_12__2019_10_47_22_PM.png'></li>
							</ul>
					</div>
				</li>
				
				
				<li class='test displayed active  fail' status='fail' bdd='false' test-id='3'>
					<div class='test-heading'>
						<span class='test-name'>RegistrationTest::validatePageHeading_RP ::  Browser-FF</span>
						<span class='test-time'>Jan 12, 2019 10:47:23 PM</span>
						<span class='test-status right fail'>fail</span>
					</div>
					<div class='test-content hide'>
<div class='test-time-info'>
	<span class='label start-time'>Jan 12, 2019 10:47:23 PM</span>
	<span class='label end-time'>Jan 12, 2019 10:48:49 PM</span>
	<span class='label time-taken grey lighten-1 white-text'>0h 1m 25s+937ms</span>
</div>
	<div class='test-desc'>TestMethod: validatePageHeading_RP ::  Browser-FF </div>
	<div class='test-attributes'>
			<div class='category-list'>
				<span class='category label white-text'>RegistrationTest::SmoketestingandTextTesting--Live::Browser-FF</span>
			</div>
			<div class='author-list'>
				<span class='author label white-text'>VK</span>
			</div>
	</div>
	<div class='test-steps'>
		<table class='bordered table-results'>
			<thead>
				<tr>
					<th>Status</th>
					<th>Timestamp</th>
					<th>Details</th>
				</tr>
			</thead>
			<tbody>
				<tr class='log' status='info'>
					<td class='status info' title='info' alt='info'><i class='material-icons'>info_outline</i></td>
					<td class='timestamp'>10:48:49 PM</td>
					<td class='step-details'>ActualResultSSBelow: com.aventstack.extentreports.ExtentTest@76f4981c</td>
				</tr>
				<tr class='log' status='fail'>
					<td class='status fail' title='fail' alt='fail'><i class='material-icons'>cancel</i></td>
					<td class='timestamp'>10:48:49 PM</td>
					<td class='step-details'><span class='label white-text red'>validatePageHeading_RP TestCase failed due tobelow issue</span></td>
				</tr>
				<tr class='log' status='fail'>
					<td class='status fail' title='fail' alt='fail'><i class='material-icons'>cancel</i></td>
					<td class='timestamp'>10:48:49 PM</td>
					<td class='step-details'><pre>java.lang.AssertionError: expected [CREATE AN ACCOUNTT] but found [CREATE AN ACCOUNT]
	at org.testng.Assert.fail(Assert.java:96)
	at org.testng.Assert.failNotEquals(Assert.java:776)
	at org.testng.Assert.assertEqualsImpl(Assert.java:137)
	at org.testng.Assert.assertEquals(Assert.java:118)
	at org.testng.Assert.assertEquals(Assert.java:453)
	at org.testng.Assert.assertEquals(Assert.java:463)
	at com.a3hp.automationpracticee.framework.test.createaccountandlogin.RegistrationTest.validatePageHeading_RP(RegistrationTest.java:112)
	at sun.reflect.NativeMethodAccessorImpl.invoke0(Native Method)
	at sun.reflect.NativeMethodAccessorImpl.invoke(NativeMethodAccessorImpl.java:62)
	at sun.reflect.DelegatingMethodAccessorImpl.invoke(DelegatingMethodAccessorImpl.java:43)
	at java.lang.reflect.Method.invoke(Method.java:498)
	at org.testng.internal.MethodInvocationHelper.invokeMethod(MethodInvocationHelper.java:124)
	at org.testng.internal.Invoker.invokeMethod(Invoker.java:583)
	at org.testng.internal.Invoker.invokeTestMethod(Invoker.java:719)
	at org.testng.internal.Invoker.invokeTestMethods(Invoker.java:989)
	at org.testng.internal.TestMethodWorker.invokeTestMethods(TestMethodWorker.java:125)
	at org.testng.internal.TestMethodWorker.run(TestMethodWorker.java:109)
	at org.testng.TestRunner.privateRun(TestRunner.java:648)
	at org.testng.TestRunner.run(TestRunner.java:505)
	at org.testng.SuiteRunner.runTest(SuiteRunner.java:455)
	at org.testng.SuiteRunner.access$000(SuiteRunner.java:40)
	at org.testng.SuiteRunner$SuiteWorker.run(SuiteRunner.java:489)
	at org.testng.internal.thread.ThreadUtil$1.call(ThreadUtil.java:52)
	at java.util.concurrent.FutureTask.run(FutureTask.java:266)
	at java.util.concurrent.ThreadPoolExecutor.runWorker(ThreadPoolExecutor.java:1142)
	at java.util.concurrent.ThreadPoolExecutor$Worker.run(ThreadPoolExecutor.java:617)
	at java.lang.Thread.run(Thread.java:748)
</pre></td>
				</tr>
				<tr class='log' status='info'>
					<td class='status info' title='info' alt='info'><i class='material-icons'>info_outline</i></td>
					<td class='timestamp'>10:48:49 PM</td>
					<td class='step-details'>details: com.aventstack.extentreports.ExtentTest@76f4981c</td>
				</tr>
			</tbody>
		</table>
	</div>
							<ul class='screenshots'>
								<li><img data-featherlight='E:\QA\Automation_Tools\Selenium\WorkspaceMars1\A3hp.com.automationprac\TestReports\ExtentReport3\Screenshots\ActualResult\RegistrationPage_PageHeading_txt_Jan_12__2019_10_48_49_PM.png' width='10%' src='E:\QA\Automation_Tools\Selenium\WorkspaceMars1\A3hp.com.automationprac\TestReports\ExtentReport3\Screenshots\ActualResult\RegistrationPage_PageHeading_txt_Jan_12__2019_10_48_49_PM.png' data-src='E:\QA\Automation_Tools\Selenium\WorkspaceMars1\A3hp.com.automationprac\TestReports\ExtentReport3\Screenshots\ActualResult\RegistrationPage_PageHeading_txt_Jan_12__2019_10_48_49_PM.png'></li>
								<li><img data-featherlight='E:\QA\Automation_Tools\Selenium\WorkspaceMars1\A3hp.com.automationprac\TestReports\ExtentReport3\Screenshots\FAILED\RegistrationPage_PageHeading_txt_Jan_12__2019_10_48_49_PM.png' width='10%' src='E:\QA\Automation_Tools\Selenium\WorkspaceMars1\A3hp.com.automationprac\TestReports\ExtentReport3\Screenshots\FAILED\RegistrationPage_PageHeading_txt_Jan_12__2019_10_48_49_PM.png' data-src='E:\QA\Automation_Tools\Selenium\WorkspaceMars1\A3hp.com.automationprac\TestReports\ExtentReport3\Screenshots\FAILED\RegistrationPage_PageHeading_txt_Jan_12__2019_10_48_49_PM.png'></li>
							</ul>
					</div>
				</li>
				
				
				<li class='test displayed active  fail' status='fail' bdd='false' test-id='4'>
					<div class='test-heading'>
						<span class='test-name'>RegistrationTest::validateBreadcrumbText_RP ::  Browser-FF</span>
						<span class='test-time'>Jan 12, 2019 10:48:51 PM</span>
						<span class='test-status right fail'>fail</span>
					</div>
					<div class='test-content hide'>
<div class='test-time-info'>
	<span class='label start-time'>Jan 12, 2019 10:48:51 PM</span>
	<span class='label end-time'>Jan 12, 2019 10:50:33 PM</span>
	<span class='label time-taken grey lighten-1 white-text'>0h 1m 41s+788ms</span>
</div>
	<div class='test-desc'>TestMethod: validateBreadcrumbText_RP ::  Browser-FF </div>
	<div class='test-attributes'>
			<div class='category-list'>
				<span class='category label white-text'>RegistrationTest::SmoketestingandTextTesting--Live::Browser-FF</span>
			</div>
			<div class='author-list'>
				<span class='author label white-text'>VK</span>
			</div>
	</div>
	<div class='test-steps'>
		<table class='bordered table-results'>
			<thead>
				<tr>
					<th>Status</th>
					<th>Timestamp</th>
					<th>Details</th>
				</tr>
			</thead>
			<tbody>
				<tr class='log' status='info'>
					<td class='status info' title='info' alt='info'><i class='material-icons'>info_outline</i></td>
					<td class='timestamp'>10:50:33 PM</td>
					<td class='step-details'>ActualResultSSBelow: com.aventstack.extentreports.ExtentTest@e287659</td>
				</tr>
				<tr class='log' status='fail'>
					<td class='status fail' title='fail' alt='fail'><i class='material-icons'>cancel</i></td>
					<td class='timestamp'>10:50:33 PM</td>
					<td class='step-details'><span class='label white-text red'>validateBreadcrumbText_RP TestCase failed due tobelow issue</span></td>
				</tr>
				<tr class='log' status='fail'>
					<td class='status fail' title='fail' alt='fail'><i class='material-icons'>cancel</i></td>
					<td class='timestamp'>10:50:33 PM</td>
					<td class='step-details'><pre>java.lang.AssertionError: expected [Authenticationn] but found [Authentication]
	at org.testng.Assert.fail(Assert.java:96)
	at org.testng.Assert.failNotEquals(Assert.java:776)
	at org.testng.Assert.assertEqualsImpl(Assert.java:137)
	at org.testng.Assert.assertEquals(Assert.java:118)
	at org.testng.Assert.assertEquals(Assert.java:453)
	at org.testng.Assert.assertEquals(Assert.java:463)
	at com.a3hp.automationpracticee.framework.test.createaccountandlogin.RegistrationTest.validateBreadcrumbText_RP(RegistrationTest.java:126)
	at sun.reflect.NativeMethodAccessorImpl.invoke0(Native Method)
	at sun.reflect.NativeMethodAccessorImpl.invoke(NativeMethodAccessorImpl.java:62)
	at sun.reflect.DelegatingMethodAccessorImpl.invoke(DelegatingMethodAccessorImpl.java:43)
	at java.lang.reflect.Method.invoke(Method.java:498)
	at org.testng.internal.MethodInvocationHelper.invokeMethod(MethodInvocationHelper.java:124)
	at org.testng.internal.Invoker.invokeMethod(Invoker.java:583)
	at org.testng.internal.Invoker.invokeTestMethod(Invoker.java:719)
	at org.testng.internal.Invoker.invokeTestMethods(Invoker.java:989)
	at org.testng.internal.TestMethodWorker.invokeTestMethods(TestMethodWorker.java:125)
	at org.testng.internal.TestMethodWorker.run(TestMethodWorker.java:109)
	at org.testng.TestRunner.privateRun(TestRunner.java:648)
	at org.testng.TestRunner.run(TestRunner.java:505)
	at org.testng.SuiteRunner.runTest(SuiteRunner.java:455)
	at org.testng.SuiteRunner.access$000(SuiteRunner.java:40)
	at org.testng.SuiteRunner$SuiteWorker.run(SuiteRunner.java:489)
	at org.testng.internal.thread.ThreadUtil$1.call(ThreadUtil.java:52)
	at java.util.concurrent.FutureTask.run(FutureTask.java:266)
	at java.util.concurrent.ThreadPoolExecutor.runWorker(ThreadPoolExecutor.java:1142)
	at java.util.concurrent.ThreadPoolExecutor$Worker.run(ThreadPoolExecutor.java:617)
	at java.lang.Thread.run(Thread.java:748)
</pre></td>
				</tr>
				<tr class='log' status='info'>
					<td class='status info' title='info' alt='info'><i class='material-icons'>info_outline</i></td>
					<td class='timestamp'>10:50:33 PM</td>
					<td class='step-details'>details: com.aventstack.extentreports.ExtentTest@e287659</td>
				</tr>
			</tbody>
		</table>
	</div>
							<ul class='screenshots'>
								<li><img data-featherlight='E:\QA\Automation_Tools\Selenium\WorkspaceMars1\A3hp.com.automationprac\TestReports\ExtentReport3\Screenshots\ActualResult\RegistrationPage_Breadcrumb_txt_Jan_12__2019_10_50_32_PM.png' width='10%' src='E:\QA\Automation_Tools\Selenium\WorkspaceMars1\A3hp.com.automationprac\TestReports\ExtentReport3\Screenshots\ActualResult\RegistrationPage_Breadcrumb_txt_Jan_12__2019_10_50_32_PM.png' data-src='E:\QA\Automation_Tools\Selenium\WorkspaceMars1\A3hp.com.automationprac\TestReports\ExtentReport3\Screenshots\ActualResult\RegistrationPage_Breadcrumb_txt_Jan_12__2019_10_50_32_PM.png'></li>
								<li><img data-featherlight='E:\QA\Automation_Tools\Selenium\WorkspaceMars1\A3hp.com.automationprac\TestReports\ExtentReport3\Screenshots\FAILED\RegistrationPage_Breadcrumb_txt_Jan_12__2019_10_50_33_PM.png' width='10%' src='E:\QA\Automation_Tools\Selenium\WorkspaceMars1\A3hp.com.automationprac\TestReports\ExtentReport3\Screenshots\FAILED\RegistrationPage_Breadcrumb_txt_Jan_12__2019_10_50_33_PM.png' data-src='E:\QA\Automation_Tools\Selenium\WorkspaceMars1\A3hp.com.automationprac\TestReports\ExtentReport3\Screenshots\FAILED\RegistrationPage_Breadcrumb_txt_Jan_12__2019_10_50_33_PM.png'></li>
							</ul>
					</div>
				</li>
				
				
				<li class='test displayed active  fail' status='fail' bdd='false' test-id='5'>
					<div class='test-heading'>
						<span class='test-name'>ForgotPasswordTest::validateForgotPasswordPage_PageHeading_FP ::  Browser-FF</span>
						<span class='test-time'>Jan 12, 2019 10:50:35 PM</span>
						<span class='test-status right fail'>fail</span>
					</div>
					<div class='test-content hide'>
<div class='test-time-info'>
	<span class='label start-time'>Jan 12, 2019 10:50:35 PM</span>
	<span class='label end-time'>Jan 12, 2019 10:52:08 PM</span>
	<span class='label time-taken grey lighten-1 white-text'>0h 1m 33s+29ms</span>
</div>
	<div class='test-desc'>TestMethod: validateForgotPasswordPage_PageHeading_FP ::  Browser-FF </div>
	<div class='test-attributes'>
			<div class='category-list'>
				<span class='category label white-text'>ForgotPasswordTest::SmoketestingandTextTesting--Live::Browser-FF</span>
			</div>
			<div class='author-list'>
				<span class='author label white-text'>VK</span>
			</div>
	</div>
	<div class='test-steps'>
		<table class='bordered table-results'>
			<thead>
				<tr>
					<th>Status</th>
					<th>Timestamp</th>
					<th>Details</th>
				</tr>
			</thead>
			<tbody>
				<tr class='log' status='info'>
					<td class='status info' title='info' alt='info'><i class='material-icons'>info_outline</i></td>
					<td class='timestamp'>10:52:07 PM</td>
					<td class='step-details'>ActualResultSSBelow: com.aventstack.extentreports.ExtentTest@611e4a63</td>
				</tr>
				<tr class='log' status='fail'>
					<td class='status fail' title='fail' alt='fail'><i class='material-icons'>cancel</i></td>
					<td class='timestamp'>10:52:07 PM</td>
					<td class='step-details'><span class='label white-text red'>validateForgotPasswordPage_PageHeading_FP TestCase failed due tobelow issue</span></td>
				</tr>
				<tr class='log' status='fail'>
					<td class='status fail' title='fail' alt='fail'><i class='material-icons'>cancel</i></td>
					<td class='timestamp'>10:52:07 PM</td>
					<td class='step-details'><pre>java.lang.AssertionError: expected [FORGOT YOUR PASSWORDD?] but found [FORGOT YOUR PASSWORD?]
	at org.testng.Assert.fail(Assert.java:96)
	at org.testng.Assert.failNotEquals(Assert.java:776)
	at org.testng.Assert.assertEqualsImpl(Assert.java:137)
	at org.testng.Assert.assertEquals(Assert.java:118)
	at org.testng.Assert.assertEquals(Assert.java:453)
	at org.testng.Assert.assertEquals(Assert.java:463)
	at com.a3hp.automationpracticee.framework.test.createaccountandlogin.ForgotPasswordTest.validateForgotPasswordPage_PageHeading_FP(ForgotPasswordTest.java:117)
	at sun.reflect.NativeMethodAccessorImpl.invoke0(Native Method)
	at sun.reflect.NativeMethodAccessorImpl.invoke(NativeMethodAccessorImpl.java:62)
	at sun.reflect.DelegatingMethodAccessorImpl.invoke(DelegatingMethodAccessorImpl.java:43)
	at java.lang.reflect.Method.invoke(Method.java:498)
	at org.testng.internal.MethodInvocationHelper.invokeMethod(MethodInvocationHelper.java:124)
	at org.testng.internal.Invoker.invokeMethod(Invoker.java:583)
	at org.testng.internal.Invoker.invokeTestMethod(Invoker.java:719)
	at org.testng.internal.Invoker.invokeTestMethods(Invoker.java:989)
	at org.testng.internal.TestMethodWorker.invokeTestMethods(TestMethodWorker.java:125)
	at org.testng.internal.TestMethodWorker.run(TestMethodWorker.java:109)
	at org.testng.TestRunner.privateRun(TestRunner.java:648)
	at org.testng.TestRunner.run(TestRunner.java:505)
	at org.testng.SuiteRunner.runTest(SuiteRunner.java:455)
	at org.testng.SuiteRunner.access$000(SuiteRunner.java:40)
	at org.testng.SuiteRunner$SuiteWorker.run(SuiteRunner.java:489)
	at org.testng.internal.thread.ThreadUtil$1.call(ThreadUtil.java:52)
	at java.util.concurrent.FutureTask.run(FutureTask.java:266)
	at java.util.concurrent.ThreadPoolExecutor.runWorker(ThreadPoolExecutor.java:1142)
	at java.util.concurrent.ThreadPoolExecutor$Worker.run(ThreadPoolExecutor.java:617)
	at java.lang.Thread.run(Thread.java:748)
</pre></td>
				</tr>
				<tr class='log' status='info'>
					<td class='status info' title='info' alt='info'><i class='material-icons'>info_outline</i></td>
					<td class='timestamp'>10:52:08 PM</td>
					<td class='step-details'>details: com.aventstack.extentreports.ExtentTest@611e4a63</td>
				</tr>
			</tbody>
		</table>
	</div>
							<ul class='screenshots'>
								<li><img data-featherlight='E:\QA\Automation_Tools\Selenium\WorkspaceMars1\A3hp.com.automationprac\TestReports\ExtentReport3\Screenshots\ActualResult\ForgotPasswordPage_PageHeading_txt_Jan_12__2019_10_52_07_PM.png' width='10%' src='E:\QA\Automation_Tools\Selenium\WorkspaceMars1\A3hp.com.automationprac\TestReports\ExtentReport3\Screenshots\ActualResult\ForgotPasswordPage_PageHeading_txt_Jan_12__2019_10_52_07_PM.png' data-src='E:\QA\Automation_Tools\Selenium\WorkspaceMars1\A3hp.com.automationprac\TestReports\ExtentReport3\Screenshots\ActualResult\ForgotPasswordPage_PageHeading_txt_Jan_12__2019_10_52_07_PM.png'></li>
								<li><img data-featherlight='E:\QA\Automation_Tools\Selenium\WorkspaceMars1\A3hp.com.automationprac\TestReports\ExtentReport3\Screenshots\FAILED\ForgotPasswordPage_PageHeading_txt_Jan_12__2019_10_52_08_PM.png' width='10%' src='E:\QA\Automation_Tools\Selenium\WorkspaceMars1\A3hp.com.automationprac\TestReports\ExtentReport3\Screenshots\FAILED\ForgotPasswordPage_PageHeading_txt_Jan_12__2019_10_52_08_PM.png' data-src='E:\QA\Automation_Tools\Selenium\WorkspaceMars1\A3hp.com.automationprac\TestReports\ExtentReport3\Screenshots\FAILED\ForgotPasswordPage_PageHeading_txt_Jan_12__2019_10_52_08_PM.png'></li>
							</ul>
					</div>
				</li>
				
				
				<li class='test displayed active  fail' status='fail' bdd='false' test-id='6'>
					<div class='test-heading'>
						<span class='test-name'>ForgotPasswordTest::validateforgotPasswordProcess_FP ::  Browser-FF</span>
						<span class='test-time'>Jan 12, 2019 10:52:09 PM</span>
						<span class='test-status right fail'>fail</span>
					</div>
					<div class='test-content hide'>
<div class='test-time-info'>
	<span class='label start-time'>Jan 12, 2019 10:52:09 PM</span>
	<span class='label end-time'>Jan 12, 2019 11:00:32 PM</span>
	<span class='label time-taken grey lighten-1 white-text'>0h 8m 22s+305ms</span>
</div>
	<div class='test-desc'>TestMethod: validateforgotPasswordProcess_FP ::  Browser-FF </div>
	<div class='test-attributes'>
			<div class='category-list'>
				<span class='category label white-text'>ForgotPasswordTest::SmoketestingandTextTesting--Live::Browser-FF</span>
			</div>
			<div class='author-list'>
				<span class='author label white-text'>VK</span>
			</div>
	</div>
	<div class='test-steps'>
		<table class='bordered table-results'>
			<thead>
				<tr>
					<th>Status</th>
					<th>Timestamp</th>
					<th>Details</th>
				</tr>
			</thead>
			<tbody>
				<tr class='log' status='fail'>
					<td class='status fail' title='fail' alt='fail'><i class='material-icons'>cancel</i></td>
					<td class='timestamp'>11:00:31 PM</td>
					<td class='step-details'><span class='label white-text red'>validateforgotPasswordProcess_FP TestCase failed due tobelow issue</span></td>
				</tr>
				<tr class='log' status='fail'>
					<td class='status fail' title='fail' alt='fail'><i class='material-icons'>cancel</i></td>
					<td class='timestamp'>11:00:31 PM</td>
					<td class='step-details'><pre>org.openqa.selenium.NoSuchElementException: Unable to locate element: //p[contains(@class, 'alert-success')]
For documentation on this error, please visit: http://seleniumhq.org/exceptions/no_such_element.html
Build info: version: '3.9.1', revision: '63f7b50', time: '2018-02-07T22:25:02.294Z'
System info: host: 'DESKTOP-MUQUGSJ', ip: '192.168.42.234', os.name: 'Windows 10', os.arch: 'amd64', os.version: '10.0', java.version: '1.8.0_131'
Driver info: org.openqa.selenium.firefox.FirefoxDriver
Capabilities {acceptInsecureCerts: true, browserName: firefox, browserVersion: 64.0.2, javascriptEnabled: true, moz:accessibilityChecks: false, moz:geckodriverVersion: 0.23.0, moz:headless: false, moz:processID: 2228, moz:profile: C:\Users\user\AppData\Local..., moz:shutdownTimeout: 60000, moz:useNonSpecCompliantPointerOrigin: false, moz:webdriverClick: true, pageLoadStrategy: normal, platform: WINDOWS, platformName: WINDOWS, platformVersion: 10.0, rotatable: false, setWindowRect: true, timeouts: {implicit: 0, pageLoad: 300000, script: 30000}, unhandledPromptBehavior: accept}
Session ID: d77aa240-813d-40f4-8c8b-5640395d7eb2
*** Element info: {Using=xpath, value=//p[contains(@class, 'alert-success')]}
	at sun.reflect.NativeConstructorAccessorImpl.newInstance0(Native Method)
	at sun.reflect.NativeConstructorAccessorImpl.newInstance(NativeConstructorAccessorImpl.java:62)
	at sun.reflect.DelegatingConstructorAccessorImpl.newInstance(DelegatingConstructorAccessorImpl.java:45)
	at java.lang.reflect.Constructor.newInstance(Constructor.java:423)
	at org.openqa.selenium.remote.http.W3CHttpResponseCodec.createException(W3CHttpResponseCodec.java:187)
	at org.openqa.selenium.remote.http.W3CHttpResponseCodec.decode(W3CHttpResponseCodec.java:122)
	at org.openqa.selenium.remote.http.W3CHttpResponseCodec.decode(W3CHttpResponseCodec.java:49)
	at org.openqa.selenium.remote.HttpCommandExecutor.execute(HttpCommandExecutor.java:158)
	at org.openqa.selenium.remote.service.DriverCommandExecutor.execute(DriverCommandExecutor.java:83)
	at org.openqa.selenium.remote.RemoteWebDriver.execute(RemoteWebDriver.java:543)
	at org.openqa.selenium.remote.RemoteWebDriver.findElement(RemoteWebDriver.java:317)
	at org.openqa.selenium.remote.RemoteWebDriver.findElementByXPath(RemoteWebDriver.java:419)
	at org.openqa.selenium.By$ByXPath.findElement(By.java:361)
	at org.openqa.selenium.remote.RemoteWebDriver.findElement(RemoteWebDriver.java:309)
	at org.openqa.selenium.support.pagefactory.DefaultElementLocator.findElement(DefaultElementLocator.java:69)
	at org.openqa.selenium.support.pagefactory.internal.LocatingElementHandler.invoke(LocatingElementHandler.java:38)
	at com.sun.proxy.$Proxy11.isDisplayed(Unknown Source)
	at com.a3hp.automationpracticee.framework.genericclasses.UI_GenericMethods1.gm_getActualText(UI_GenericMethods1.java:712)
	at com.a3hp.automationpracticee.framework.test.createaccountandlogin.ForgotPasswordTest.validateforgotPasswordProcess_FP(ForgotPasswordTest.java:142)
	at sun.reflect.NativeMethodAccessorImpl.invoke0(Native Method)
	at sun.reflect.NativeMethodAccessorImpl.invoke(NativeMethodAccessorImpl.java:62)
	at sun.reflect.DelegatingMethodAccessorImpl.invoke(DelegatingMethodAccessorImpl.java:43)
	at java.lang.reflect.Method.invoke(Method.java:498)
	at org.testng.internal.MethodInvocationHelper.invokeMethod(MethodInvocationHelper.java:124)
	at org.testng.internal.Invoker.invokeMethod(Invoker.java:583)
	at org.testng.internal.Invoker.invokeTestMethod(Invoker.java:719)
	at org.testng.internal.Invoker.invokeTestMethods(Invoker.java:989)
	at org.testng.internal.TestMethodWorker.invokeTestMethods(TestMethodWorker.java:125)
	at org.testng.internal.TestMethodWorker.run(TestMethodWorker.java:109)
	at org.testng.TestRunner.privateRun(TestRunner.java:648)
	at org.testng.TestRunner.run(TestRunner.java:505)
	at org.testng.SuiteRunner.runTest(SuiteRunner.java:455)
	at org.testng.SuiteRunner.access$000(SuiteRunner.java:40)
	at org.testng.SuiteRunner$SuiteWorker.run(SuiteRunner.java:489)
	at org.testng.internal.thread.ThreadUtil$1.call(ThreadUtil.java:52)
	at java.util.concurrent.FutureTask.run(FutureTask.java:266)
	at java.util.concurrent.ThreadPoolExecutor.runWorker(ThreadPoolExecutor.java:1142)
	at java.util.concurrent.ThreadPoolExecutor$Worker.run(ThreadPoolExecutor.java:617)
	at java.lang.Thread.run(Thread.java:748)
</pre></td>
				</tr>
				<tr class='log' status='info'>
					<td class='status info' title='info' alt='info'><i class='material-icons'>info_outline</i></td>
					<td class='timestamp'>11:00:32 PM</td>
					<td class='step-details'>details: com.aventstack.extentreports.ExtentTest@2382a6f6</td>
				</tr>
			</tbody>
		</table>
	</div>
							<ul class='screenshots'>
								<li><img data-featherlight='E:\QA\Automation_Tools\Selenium\WorkspaceMars1\A3hp.com.automationprac\TestReports\ExtentReport3\Screenshots\FAILED\ForgotPasswordConfirmationMessages_txt_Jan_12__2019_11_00_32_PM.png' width='10%' src='E:\QA\Automation_Tools\Selenium\WorkspaceMars1\A3hp.com.automationprac\TestReports\ExtentReport3\Screenshots\FAILED\ForgotPasswordConfirmationMessages_txt_Jan_12__2019_11_00_32_PM.png' data-src='E:\QA\Automation_Tools\Selenium\WorkspaceMars1\A3hp.com.automationprac\TestReports\ExtentReport3\Screenshots\FAILED\ForgotPasswordConfirmationMessages_txt_Jan_12__2019_11_00_32_PM.png'></li>
							</ul>
					</div>
				</li>
				
				
				<li class='test displayed active  fail' status='fail' bdd='false' test-id='7'>
					<div class='test-heading'>
						<span class='test-name'>ForgotPasswordTest::validateForgotPasswordPage_PageHeading_FP ::  Browser-CH</span>
						<span class='test-time'>Jan 12, 2019 11:00:33 PM</span>
						<span class='test-status right fail'>fail</span>
					</div>
					<div class='test-content hide'>
<div class='test-time-info'>
	<span class='label start-time'>Jan 12, 2019 11:00:33 PM</span>
	<span class='label end-time'>Jan 12, 2019 11:01:19 PM</span>
	<span class='label time-taken grey lighten-1 white-text'>0h 0m 46s+315ms</span>
</div>
	<div class='test-desc'>TestMethod: validateForgotPasswordPage_PageHeading_FP ::  Browser-CH </div>
	<div class='test-attributes'>
			<div class='category-list'>
				<span class='category label white-text'>ForgotPasswordTest::SmoketestingandTextTesting--Live::Browser-CH</span>
			</div>
			<div class='author-list'>
				<span class='author label white-text'>VK</span>
			</div>
	</div>
	<div class='test-steps'>
		<table class='bordered table-results'>
			<thead>
				<tr>
					<th>Status</th>
					<th>Timestamp</th>
					<th>Details</th>
				</tr>
			</thead>
			<tbody>
				<tr class='log' status='info'>
					<td class='status info' title='info' alt='info'><i class='material-icons'>info_outline</i></td>
					<td class='timestamp'>11:01:19 PM</td>
					<td class='step-details'>ActualResultSSBelow: com.aventstack.extentreports.ExtentTest@2e57af98</td>
				</tr>
				<tr class='log' status='fail'>
					<td class='status fail' title='fail' alt='fail'><i class='material-icons'>cancel</i></td>
					<td class='timestamp'>11:01:19 PM</td>
					<td class='step-details'><span class='label white-text red'>validateForgotPasswordPage_PageHeading_FP TestCase failed due tobelow issue</span></td>
				</tr>
				<tr class='log' status='fail'>
					<td class='status fail' title='fail' alt='fail'><i class='material-icons'>cancel</i></td>
					<td class='timestamp'>11:01:19 PM</td>
					<td class='step-details'><pre>java.lang.AssertionError: expected [FORGOT YOUR PASSWORDD?] but found [FORGOT YOUR PASSWORD?]
	at org.testng.Assert.fail(Assert.java:96)
	at org.testng.Assert.failNotEquals(Assert.java:776)
	at org.testng.Assert.assertEqualsImpl(Assert.java:137)
	at org.testng.Assert.assertEquals(Assert.java:118)
	at org.testng.Assert.assertEquals(Assert.java:453)
	at org.testng.Assert.assertEquals(Assert.java:463)
	at com.a3hp.automationpracticee.framework.test.createaccountandlogin.ForgotPasswordTest.validateForgotPasswordPage_PageHeading_FP(ForgotPasswordTest.java:117)
	at sun.reflect.NativeMethodAccessorImpl.invoke0(Native Method)
	at sun.reflect.NativeMethodAccessorImpl.invoke(NativeMethodAccessorImpl.java:62)
	at sun.reflect.DelegatingMethodAccessorImpl.invoke(DelegatingMethodAccessorImpl.java:43)
	at java.lang.reflect.Method.invoke(Method.java:498)
	at org.testng.internal.MethodInvocationHelper.invokeMethod(MethodInvocationHelper.java:124)
	at org.testng.internal.Invoker.invokeMethod(Invoker.java:583)
	at org.testng.internal.Invoker.invokeTestMethod(Invoker.java:719)
	at org.testng.internal.Invoker.invokeTestMethods(Invoker.java:989)
	at org.testng.internal.TestMethodWorker.invokeTestMethods(TestMethodWorker.java:125)
	at org.testng.internal.TestMethodWorker.run(TestMethodWorker.java:109)
	at org.testng.TestRunner.privateRun(TestRunner.java:648)
	at org.testng.TestRunner.run(TestRunner.java:505)
	at org.testng.SuiteRunner.runTest(SuiteRunner.java:455)
	at org.testng.SuiteRunner.access$000(SuiteRunner.java:40)
	at org.testng.SuiteRunner$SuiteWorker.run(SuiteRunner.java:489)
	at org.testng.internal.thread.ThreadUtil$1.call(ThreadUtil.java:52)
	at java.util.concurrent.FutureTask.run(FutureTask.java:266)
	at java.util.concurrent.ThreadPoolExecutor.runWorker(ThreadPoolExecutor.java:1142)
	at java.util.concurrent.ThreadPoolExecutor$Worker.run(ThreadPoolExecutor.java:617)
	at java.lang.Thread.run(Thread.java:748)
</pre></td>
				</tr>
				<tr class='log' status='info'>
					<td class='status info' title='info' alt='info'><i class='material-icons'>info_outline</i></td>
					<td class='timestamp'>11:01:19 PM</td>
					<td class='step-details'>details: com.aventstack.extentreports.ExtentTest@2e57af98</td>
				</tr>
			</tbody>
		</table>
	</div>
							<ul class='screenshots'>
								<li><img data-featherlight='E:\QA\Automation_Tools\Selenium\WorkspaceMars1\A3hp.com.automationprac\TestReports\ExtentReport3\Screenshots\ActualResult\ForgotPasswordPage_PageHeading_txt_Jan_12__2019_11_01_19_PM.png' width='10%' src='E:\QA\Automation_Tools\Selenium\WorkspaceMars1\A3hp.com.automationprac\TestReports\ExtentReport3\Screenshots\ActualResult\ForgotPasswordPage_PageHeading_txt_Jan_12__2019_11_01_19_PM.png' data-src='E:\QA\Automation_Tools\Selenium\WorkspaceMars1\A3hp.com.automationprac\TestReports\ExtentReport3\Screenshots\ActualResult\ForgotPasswordPage_PageHeading_txt_Jan_12__2019_11_01_19_PM.png'></li>
								<li><img data-featherlight='E:\QA\Automation_Tools\Selenium\WorkspaceMars1\A3hp.com.automationprac\TestReports\ExtentReport3\Screenshots\FAILED\ForgotPasswordPage_PageHeading_txt_Jan_12__2019_11_01_19_PM.png' width='10%' src='E:\QA\Automation_Tools\Selenium\WorkspaceMars1\A3hp.com.automationprac\TestReports\ExtentReport3\Screenshots\FAILED\ForgotPasswordPage_PageHeading_txt_Jan_12__2019_11_01_19_PM.png' data-src='E:\QA\Automation_Tools\Selenium\WorkspaceMars1\A3hp.com.automationprac\TestReports\ExtentReport3\Screenshots\FAILED\ForgotPasswordPage_PageHeading_txt_Jan_12__2019_11_01_19_PM.png'></li>
							</ul>
					</div>
				</li>
				
				
				<li class='test displayed active  fail' status='fail' bdd='false' test-id='8'>
					<div class='test-heading'>
						<span class='test-name'>ForgotPasswordTest::validateforgotPasswordProcess_FP ::  Browser-CH</span>
						<span class='test-time'>Jan 12, 2019 11:01:20 PM</span>
						<span class='test-status right fail'>fail</span>
					</div>
					<div class='test-content hide'>
<div class='test-time-info'>
	<span class='label start-time'>Jan 12, 2019 11:01:20 PM</span>
	<span class='label end-time'>Jan 12, 2019 11:08:55 PM</span>
	<span class='label time-taken grey lighten-1 white-text'>0h 7m 35s+25ms</span>
</div>
	<div class='test-desc'>TestMethod: validateforgotPasswordProcess_FP ::  Browser-CH </div>
	<div class='test-attributes'>
			<div class='category-list'>
				<span class='category label white-text'>ForgotPasswordTest::SmoketestingandTextTesting--Live::Browser-CH</span>
			</div>
			<div class='author-list'>
				<span class='author label white-text'>VK</span>
			</div>
	</div>
	<div class='test-steps'>
		<table class='bordered table-results'>
			<thead>
				<tr>
					<th>Status</th>
					<th>Timestamp</th>
					<th>Details</th>
				</tr>
			</thead>
			<tbody>
				<tr class='log' status='fail'>
					<td class='status fail' title='fail' alt='fail'><i class='material-icons'>cancel</i></td>
					<td class='timestamp'>11:08:54 PM</td>
					<td class='step-details'><span class='label white-text red'>validateforgotPasswordProcess_FP TestCase failed due tobelow issue</span></td>
				</tr>
				<tr class='log' status='fail'>
					<td class='status fail' title='fail' alt='fail'><i class='material-icons'>cancel</i></td>
					<td class='timestamp'>11:08:54 PM</td>
					<td class='step-details'><pre>org.openqa.selenium.NoSuchElementException: no such element: Unable to locate element: {"method":"xpath","selector":"//p[contains(@class, 'alert-success')]"}
  (Session info: chrome=71.0.3578.98)
  (Driver info: chromedriver=2.38.552522 (437e6fbedfa8762dec75e2c5b3ddb86763dc9dcb),platform=Windows NT 10.0.10240 x86_64) (WARNING: The server did not provide any stacktrace information)
Command duration or timeout: 0 milliseconds
For documentation on this error, please visit: http://seleniumhq.org/exceptions/no_such_element.html
Build info: version: '3.9.1', revision: '63f7b50', time: '2018-02-07T22:25:02.294Z'
System info: host: 'DESKTOP-MUQUGSJ', ip: '192.168.42.234', os.name: 'Windows 10', os.arch: 'amd64', os.version: '10.0', java.version: '1.8.0_131'
Driver info: org.openqa.selenium.chrome.ChromeDriver
Capabilities {acceptInsecureCerts: true, acceptSslCerts: true, applicationCacheEnabled: false, browserConnectionEnabled: false, browserName: chrome, chrome: {chromedriverVersion: 2.38.552522 (437e6fbedfa876..., userDataDir: C:\Users\user\AppData\Local...}, cssSelectorsEnabled: true, databaseEnabled: false, handlesAlerts: true, hasTouchScreen: false, javascriptEnabled: true, locationContextEnabled: true, mobileEmulationEnabled: false, nativeEvents: true, networkConnectionEnabled: false, pageLoadStrategy: normal, platform: XP, platformName: XP, rotatable: false, setWindowRect: true, takesHeapSnapshot: true, takesScreenshot: true, unexpectedAlertBehaviour: accept, unhandledPromptBehavior: accept, version: 71.0.3578.98, webStorageEnabled: true}
Session ID: 537f03d26d62a897e28bca86e4c02a44
*** Element info: {Using=xpath, value=//p[contains(@class, 'alert-success')]}
	at sun.reflect.NativeConstructorAccessorImpl.newInstance0(Native Method)
	at sun.reflect.NativeConstructorAccessorImpl.newInstance(NativeConstructorAccessorImpl.java:62)
	at sun.reflect.DelegatingConstructorAccessorImpl.newInstance(DelegatingConstructorAccessorImpl.java:45)
	at java.lang.reflect.Constructor.newInstance(Constructor.java:423)
	at org.openqa.selenium.remote.ErrorHandler.createThrowable(ErrorHandler.java:214)
	at org.openqa.selenium.remote.ErrorHandler.throwIfResponseFailed(ErrorHandler.java:166)
	at org.openqa.selenium.remote.http.JsonHttpResponseCodec.reconstructValue(JsonHttpResponseCodec.java:40)
	at org.openqa.selenium.remote.http.AbstractHttpResponseCodec.decode(AbstractHttpResponseCodec.java:80)
	at org.openqa.selenium.remote.http.AbstractHttpResponseCodec.decode(AbstractHttpResponseCodec.java:44)
	at org.openqa.selenium.remote.HttpCommandExecutor.execute(HttpCommandExecutor.java:158)
	at org.openqa.selenium.remote.service.DriverCommandExecutor.execute(DriverCommandExecutor.java:83)
	at org.openqa.selenium.remote.RemoteWebDriver.execute(RemoteWebDriver.java:543)
	at org.openqa.selenium.remote.RemoteWebDriver.findElement(RemoteWebDriver.java:317)
	at org.openqa.selenium.remote.RemoteWebDriver.findElementByXPath(RemoteWebDriver.java:419)
	at org.openqa.selenium.By$ByXPath.findElement(By.java:361)
	at org.openqa.selenium.remote.RemoteWebDriver.findElement(RemoteWebDriver.java:309)
	at org.openqa.selenium.support.pagefactory.DefaultElementLocator.findElement(DefaultElementLocator.java:69)
	at org.openqa.selenium.support.pagefactory.internal.LocatingElementHandler.invoke(LocatingElementHandler.java:38)
	at com.sun.proxy.$Proxy11.isDisplayed(Unknown Source)
	at com.a3hp.automationpracticee.framework.genericclasses.UI_GenericMethods1.gm_getActualText(UI_GenericMethods1.java:712)
	at com.a3hp.automationpracticee.framework.test.createaccountandlogin.ForgotPasswordTest.validateforgotPasswordProcess_FP(ForgotPasswordTest.java:142)
	at sun.reflect.NativeMethodAccessorImpl.invoke0(Native Method)
	at sun.reflect.NativeMethodAccessorImpl.invoke(NativeMethodAccessorImpl.java:62)
	at sun.reflect.DelegatingMethodAccessorImpl.invoke(DelegatingMethodAccessorImpl.java:43)
	at java.lang.reflect.Method.invoke(Method.java:498)
	at org.testng.internal.MethodInvocationHelper.invokeMethod(MethodInvocationHelper.java:124)
	at org.testng.internal.Invoker.invokeMethod(Invoker.java:583)
	at org.testng.internal.Invoker.invokeTestMethod(Invoker.java:719)
	at org.testng.internal.Invoker.invokeTestMethods(Invoker.java:989)
	at org.testng.internal.TestMethodWorker.invokeTestMethods(TestMethodWorker.java:125)
	at org.testng.internal.TestMethodWorker.run(TestMethodWorker.java:109)
	at org.testng.TestRunner.privateRun(TestRunner.java:648)
	at org.testng.TestRunner.run(TestRunner.java:505)
	at org.testng.SuiteRunner.runTest(SuiteRunner.java:455)
	at org.testng.SuiteRunner.access$000(SuiteRunner.java:40)
	at org.testng.SuiteRunner$SuiteWorker.run(SuiteRunner.java:489)
	at org.testng.internal.thread.ThreadUtil$1.call(ThreadUtil.java:52)
	at java.util.concurrent.FutureTask.run(FutureTask.java:266)
	at java.util.concurrent.ThreadPoolExecutor.runWorker(ThreadPoolExecutor.java:1142)
	at java.util.concurrent.ThreadPoolExecutor$Worker.run(ThreadPoolExecutor.java:617)
	at java.lang.Thread.run(Thread.java:748)
</pre></td>
				</tr>
				<tr class='log' status='info'>
					<td class='status info' title='info' alt='info'><i class='material-icons'>info_outline</i></td>
					<td class='timestamp'>11:08:55 PM</td>
					<td class='step-details'>details: com.aventstack.extentreports.ExtentTest@5efdc932</td>
				</tr>
			</tbody>
		</table>
	</div>
							<ul class='screenshots'>
								<li><img data-featherlight='E:\QA\Automation_Tools\Selenium\WorkspaceMars1\A3hp.com.automationprac\TestReports\ExtentReport3\Screenshots\FAILED\ForgotPasswordConfirmationMessages_txt_Jan_12__2019_11_08_55_PM.png' width='10%' src='E:\QA\Automation_Tools\Selenium\WorkspaceMars1\A3hp.com.automationprac\TestReports\ExtentReport3\Screenshots\FAILED\ForgotPasswordConfirmationMessages_txt_Jan_12__2019_11_08_55_PM.png' data-src='E:\QA\Automation_Tools\Selenium\WorkspaceMars1\A3hp.com.automationprac\TestReports\ExtentReport3\Screenshots\FAILED\ForgotPasswordConfirmationMessages_txt_Jan_12__2019_11_08_55_PM.png'></li>
							</ul>
					</div>
				</li>
				
				
				<li class='test displayed active  pass' status='pass' bdd='false' test-id='9'>
					<div class='test-heading'>
						<span class='test-name'>SignInTest::validateSignInPage_PageHeading_SIP ::  Browser-CH</span>
						<span class='test-time'>Jan 12, 2019 11:08:56 PM</span>
						<span class='test-status right pass'>pass</span>
					</div>
					<div class='test-content hide'>
<div class='test-time-info'>
	<span class='label start-time'>Jan 12, 2019 11:08:56 PM</span>
	<span class='label end-time'>Jan 12, 2019 11:09:21 PM</span>
	<span class='label time-taken grey lighten-1 white-text'>0h 0m 25s+217ms</span>
</div>
	<div class='test-desc'>TestMethod: validateSignInPage_PageHeading_SIP ::  Browser-CH </div>
	<div class='test-attributes'>
			<div class='category-list'>
				<span class='category label white-text'>SignInTest::SmoketestingandTextTesting--Live::Browser-CH</span>
			</div>
			<div class='author-list'>
				<span class='author label white-text'>VK</span>
			</div>
	</div>
	<div class='test-steps'>
		<table class='bordered table-results'>
			<thead>
				<tr>
					<th>Status</th>
					<th>Timestamp</th>
					<th>Details</th>
				</tr>
			</thead>
			<tbody>
				<tr class='log' status='info'>
					<td class='status info' title='info' alt='info'><i class='material-icons'>info_outline</i></td>
					<td class='timestamp'>11:09:21 PM</td>
					<td class='step-details'>ActualResultSSBelow: com.aventstack.extentreports.ExtentTest@48c7479f</td>
				</tr>
				<tr class='log' status='pass'>
					<td class='status pass' title='pass' alt='pass'><i class='material-icons'>check_circle</i></td>
					<td class='timestamp'>11:09:21 PM</td>
					<td class='step-details'><span class='label white-text green'>validateSignInPage_PageHeading_SIP TestCase Passed</span></td>
				</tr>
				<tr class='log' status='info'>
					<td class='status info' title='info' alt='info'><i class='material-icons'>info_outline</i></td>
					<td class='timestamp'>11:09:21 PM</td>
					<td class='step-details'>details: com.aventstack.extentreports.ExtentTest@48c7479f</td>
				</tr>
			</tbody>
		</table>
	</div>
							<ul class='screenshots'>
								<li><img data-featherlight='E:\QA\Automation_Tools\Selenium\WorkspaceMars1\A3hp.com.automationprac\TestReports\ExtentReport3\Screenshots\ActualResult\SignIn_PageHeading_txt_Jan_12__2019_11_09_20_PM.png' width='10%' src='E:\QA\Automation_Tools\Selenium\WorkspaceMars1\A3hp.com.automationprac\TestReports\ExtentReport3\Screenshots\ActualResult\SignIn_PageHeading_txt_Jan_12__2019_11_09_20_PM.png' data-src='E:\QA\Automation_Tools\Selenium\WorkspaceMars1\A3hp.com.automationprac\TestReports\ExtentReport3\Screenshots\ActualResult\SignIn_PageHeading_txt_Jan_12__2019_11_09_20_PM.png'></li>
								<li><img data-featherlight='E:\QA\Automation_Tools\Selenium\WorkspaceMars1\A3hp.com.automationprac\TestReports\ExtentReport3\Screenshots\PASSED\SignIn_PageHeading_txt_Jan_12__2019_11_09_21_PM.png' width='10%' src='E:\QA\Automation_Tools\Selenium\WorkspaceMars1\A3hp.com.automationprac\TestReports\ExtentReport3\Screenshots\PASSED\SignIn_PageHeading_txt_Jan_12__2019_11_09_21_PM.png' data-src='E:\QA\Automation_Tools\Selenium\WorkspaceMars1\A3hp.com.automationprac\TestReports\ExtentReport3\Screenshots\PASSED\SignIn_PageHeading_txt_Jan_12__2019_11_09_21_PM.png'></li>
							</ul>
					</div>
				</li>
				
				
				<li class='test displayed active  pass' status='pass' bdd='false' test-id='10'>
					<div class='test-heading'>
						<span class='test-name'>SignInTest::validateSignInPage_SignInSectionHeading_SIP ::  Browser-CH</span>
						<span class='test-time'>Jan 12, 2019 11:09:22 PM</span>
						<span class='test-status right pass'>pass</span>
					</div>
					<div class='test-content hide'>
<div class='test-time-info'>
	<span class='label start-time'>Jan 12, 2019 11:09:22 PM</span>
	<span class='label end-time'>Jan 12, 2019 11:09:55 PM</span>
	<span class='label time-taken grey lighten-1 white-text'>0h 0m 33s+278ms</span>
</div>
	<div class='test-desc'>TestMethod: validateSignInPage_SignInSectionHeading_SIP ::  Browser-CH </div>
	<div class='test-attributes'>
			<div class='category-list'>
				<span class='category label white-text'>SignInTest::SmoketestingandTextTesting--Live::Browser-CH</span>
			</div>
			<div class='author-list'>
				<span class='author label white-text'>VK</span>
			</div>
	</div>
	<div class='test-steps'>
		<table class='bordered table-results'>
			<thead>
				<tr>
					<th>Status</th>
					<th>Timestamp</th>
					<th>Details</th>
				</tr>
			</thead>
			<tbody>
				<tr class='log' status='info'>
					<td class='status info' title='info' alt='info'><i class='material-icons'>info_outline</i></td>
					<td class='timestamp'>11:09:54 PM</td>
					<td class='step-details'>ActualResultSSBelow: com.aventstack.extentreports.ExtentTest@4afc4545</td>
				</tr>
				<tr class='log' status='pass'>
					<td class='status pass' title='pass' alt='pass'><i class='material-icons'>check_circle</i></td>
					<td class='timestamp'>11:09:54 PM</td>
					<td class='step-details'><span class='label white-text green'>validateSignInPage_SignInSectionHeading_SIP TestCase Passed</span></td>
				</tr>
				<tr class='log' status='info'>
					<td class='status info' title='info' alt='info'><i class='material-icons'>info_outline</i></td>
					<td class='timestamp'>11:09:55 PM</td>
					<td class='step-details'>details: com.aventstack.extentreports.ExtentTest@4afc4545</td>
				</tr>
			</tbody>
		</table>
	</div>
							<ul class='screenshots'>
								<li><img data-featherlight='E:\QA\Automation_Tools\Selenium\WorkspaceMars1\A3hp.com.automationprac\TestReports\ExtentReport3\Screenshots\ActualResult\SignInPage_SignInSectionHeading_txt_Jan_12__2019_11_09_54_PM.png' width='10%' src='E:\QA\Automation_Tools\Selenium\WorkspaceMars1\A3hp.com.automationprac\TestReports\ExtentReport3\Screenshots\ActualResult\SignInPage_SignInSectionHeading_txt_Jan_12__2019_11_09_54_PM.png' data-src='E:\QA\Automation_Tools\Selenium\WorkspaceMars1\A3hp.com.automationprac\TestReports\ExtentReport3\Screenshots\ActualResult\SignInPage_SignInSectionHeading_txt_Jan_12__2019_11_09_54_PM.png'></li>
								<li><img data-featherlight='E:\QA\Automation_Tools\Selenium\WorkspaceMars1\A3hp.com.automationprac\TestReports\ExtentReport3\Screenshots\PASSED\SignInPage_SignInSectionHeading_txt_Jan_12__2019_11_09_55_PM.png' width='10%' src='E:\QA\Automation_Tools\Selenium\WorkspaceMars1\A3hp.com.automationprac\TestReports\ExtentReport3\Screenshots\PASSED\SignInPage_SignInSectionHeading_txt_Jan_12__2019_11_09_55_PM.png' data-src='E:\QA\Automation_Tools\Selenium\WorkspaceMars1\A3hp.com.automationprac\TestReports\ExtentReport3\Screenshots\PASSED\SignInPage_SignInSectionHeading_txt_Jan_12__2019_11_09_55_PM.png'></li>
							</ul>
					</div>
				</li>
				
				
				<li class='test displayed active  pass' status='pass' bdd='false' test-id='11'>
					<div class='test-heading'>
						<span class='test-name'>SignInTest::validateSignInPageBreadcrumbText_SIP ::  Browser-CH</span>
						<span class='test-time'>Jan 12, 2019 11:09:56 PM</span>
						<span class='test-status right pass'>pass</span>
					</div>
					<div class='test-content hide'>
<div class='test-time-info'>
	<span class='label start-time'>Jan 12, 2019 11:09:56 PM</span>
	<span class='label end-time'>Jan 12, 2019 11:10:29 PM</span>
	<span class='label time-taken grey lighten-1 white-text'>0h 0m 33s+46ms</span>
</div>
	<div class='test-desc'>TestMethod: validateSignInPageBreadcrumbText_SIP ::  Browser-CH </div>
	<div class='test-attributes'>
			<div class='category-list'>
				<span class='category label white-text'>SignInTest::SmoketestingandTextTesting--Live::Browser-CH</span>
			</div>
			<div class='author-list'>
				<span class='author label white-text'>VK</span>
			</div>
	</div>
	<div class='test-steps'>
		<table class='bordered table-results'>
			<thead>
				<tr>
					<th>Status</th>
					<th>Timestamp</th>
					<th>Details</th>
				</tr>
			</thead>
			<tbody>
				<tr class='log' status='info'>
					<td class='status info' title='info' alt='info'><i class='material-icons'>info_outline</i></td>
					<td class='timestamp'>11:10:28 PM</td>
					<td class='step-details'>ActualResultSSBelow: com.aventstack.extentreports.ExtentTest@21e41fcd</td>
				</tr>
				<tr class='log' status='pass'>
					<td class='status pass' title='pass' alt='pass'><i class='material-icons'>check_circle</i></td>
					<td class='timestamp'>11:10:28 PM</td>
					<td class='step-details'><span class='label white-text green'>validateSignInPageBreadcrumbText_SIP TestCase Passed</span></td>
				</tr>
				<tr class='log' status='info'>
					<td class='status info' title='info' alt='info'><i class='material-icons'>info_outline</i></td>
					<td class='timestamp'>11:10:29 PM</td>
					<td class='step-details'>details: com.aventstack.extentreports.ExtentTest@21e41fcd</td>
				</tr>
			</tbody>
		</table>
	</div>
							<ul class='screenshots'>
								<li><img data-featherlight='E:\QA\Automation_Tools\Selenium\WorkspaceMars1\A3hp.com.automationprac\TestReports\ExtentReport3\Screenshots\ActualResult\SignInPage_Breadcrumb_txt_Jan_12__2019_11_10_28_PM.png' width='10%' src='E:\QA\Automation_Tools\Selenium\WorkspaceMars1\A3hp.com.automationprac\TestReports\ExtentReport3\Screenshots\ActualResult\SignInPage_Breadcrumb_txt_Jan_12__2019_11_10_28_PM.png' data-src='E:\QA\Automation_Tools\Selenium\WorkspaceMars1\A3hp.com.automationprac\TestReports\ExtentReport3\Screenshots\ActualResult\SignInPage_Breadcrumb_txt_Jan_12__2019_11_10_28_PM.png'></li>
								<li><img data-featherlight='E:\QA\Automation_Tools\Selenium\WorkspaceMars1\A3hp.com.automationprac\TestReports\ExtentReport3\Screenshots\PASSED\SignInPage_Breadcrumb_txt_Jan_12__2019_11_10_29_PM.png' width='10%' src='E:\QA\Automation_Tools\Selenium\WorkspaceMars1\A3hp.com.automationprac\TestReports\ExtentReport3\Screenshots\PASSED\SignInPage_Breadcrumb_txt_Jan_12__2019_11_10_29_PM.png' data-src='E:\QA\Automation_Tools\Selenium\WorkspaceMars1\A3hp.com.automationprac\TestReports\ExtentReport3\Screenshots\PASSED\SignInPage_Breadcrumb_txt_Jan_12__2019_11_10_29_PM.png'></li>
							</ul>
					</div>
				</li>
				
				
				<li class='test displayed active  pass' status='pass' bdd='false' test-id='12'>
					<div class='test-heading'>
						<span class='test-name'>SignInTest::validateRegistrationSectionHeading_SignInPage_SIP ::  Browser-CH</span>
						<span class='test-time'>Jan 12, 2019 11:10:29 PM</span>
						<span class='test-status right pass'>pass</span>
					</div>
					<div class='test-content hide'>
<div class='test-time-info'>
	<span class='label start-time'>Jan 12, 2019 11:10:29 PM</span>
	<span class='label end-time'>Jan 12, 2019 11:11:12 PM</span>
	<span class='label time-taken grey lighten-1 white-text'>0h 0m 42s+787ms</span>
</div>
	<div class='test-desc'>TestMethod: validateRegistrationSectionHeading_SignInPage_SIP ::  Browser-CH </div>
	<div class='test-attributes'>
			<div class='category-list'>
				<span class='category label white-text'>SignInTest::SmoketestingandTextTesting--Live::Browser-CH</span>
			</div>
			<div class='author-list'>
				<span class='author label white-text'>VK</span>
			</div>
	</div>
	<div class='test-steps'>
		<table class='bordered table-results'>
			<thead>
				<tr>
					<th>Status</th>
					<th>Timestamp</th>
					<th>Details</th>
				</tr>
			</thead>
			<tbody>
				<tr class='log' status='info'>
					<td class='status info' title='info' alt='info'><i class='material-icons'>info_outline</i></td>
					<td class='timestamp'>11:11:12 PM</td>
					<td class='step-details'>ActualResultSSBelow: com.aventstack.extentreports.ExtentTest@29f10f64</td>
				</tr>
				<tr class='log' status='pass'>
					<td class='status pass' title='pass' alt='pass'><i class='material-icons'>check_circle</i></td>
					<td class='timestamp'>11:11:12 PM</td>
					<td class='step-details'><span class='label white-text green'>validateRegistrationSectionHeading_SignInPage_SIP TestCase Passed</span></td>
				</tr>
				<tr class='log' status='info'>
					<td class='status info' title='info' alt='info'><i class='material-icons'>info_outline</i></td>
					<td class='timestamp'>11:11:12 PM</td>
					<td class='step-details'>details: com.aventstack.extentreports.ExtentTest@29f10f64</td>
				</tr>
			</tbody>
		</table>
	</div>
							<ul class='screenshots'>
								<li><img data-featherlight='E:\QA\Automation_Tools\Selenium\WorkspaceMars1\A3hp.com.automationprac\TestReports\ExtentReport3\Screenshots\ActualResult\RegistrationSectionHeading_SignInPage_txt_Jan_12__2019_11_11_11_PM.png' width='10%' src='E:\QA\Automation_Tools\Selenium\WorkspaceMars1\A3hp.com.automationprac\TestReports\ExtentReport3\Screenshots\ActualResult\RegistrationSectionHeading_SignInPage_txt_Jan_12__2019_11_11_11_PM.png' data-src='E:\QA\Automation_Tools\Selenium\WorkspaceMars1\A3hp.com.automationprac\TestReports\ExtentReport3\Screenshots\ActualResult\RegistrationSectionHeading_SignInPage_txt_Jan_12__2019_11_11_11_PM.png'></li>
								<li><img data-featherlight='E:\QA\Automation_Tools\Selenium\WorkspaceMars1\A3hp.com.automationprac\TestReports\ExtentReport3\Screenshots\PASSED\RegistrationSectionHeading_SignInPage_txt_Jan_12__2019_11_11_12_PM.png' width='10%' src='E:\QA\Automation_Tools\Selenium\WorkspaceMars1\A3hp.com.automationprac\TestReports\ExtentReport3\Screenshots\PASSED\RegistrationSectionHeading_SignInPage_txt_Jan_12__2019_11_11_12_PM.png' data-src='E:\QA\Automation_Tools\Selenium\WorkspaceMars1\A3hp.com.automationprac\TestReports\ExtentReport3\Screenshots\PASSED\RegistrationSectionHeading_SignInPage_txt_Jan_12__2019_11_11_12_PM.png'></li>
							</ul>
					</div>
				</li>
				
				
				<li class='test displayed active  fail' status='fail' bdd='false' test-id='13'>
					<div class='test-heading'>
						<span class='test-name'>SignInTest::validateLoginProcess_SIP ::  Browser-CH</span>
						<span class='test-time'>Jan 12, 2019 11:11:13 PM</span>
						<span class='test-status right fail'>fail</span>
					</div>
					<div class='test-content hide'>
<div class='test-time-info'>
	<span class='label start-time'>Jan 12, 2019 11:11:13 PM</span>
	<span class='label end-time'>Jan 12, 2019 11:12:04 PM</span>
	<span class='label time-taken grey lighten-1 white-text'>0h 0m 50s+832ms</span>
</div>
	<div class='test-desc'>TestMethod: validateLoginProcess_SIP ::  Browser-CH </div>
	<div class='test-attributes'>
			<div class='category-list'>
				<span class='category label white-text'>SignInTest::SmoketestingandTextTesting--Live::Browser-CH</span>
			</div>
			<div class='author-list'>
				<span class='author label white-text'>VK</span>
			</div>
	</div>
	<div class='test-steps'>
		<table class='bordered table-results'>
			<thead>
				<tr>
					<th>Status</th>
					<th>Timestamp</th>
					<th>Details</th>
				</tr>
			</thead>
			<tbody>
				<tr class='log' status='info'>
					<td class='status info' title='info' alt='info'><i class='material-icons'>info_outline</i></td>
					<td class='timestamp'>11:12:03 PM</td>
					<td class='step-details'>ActualResultSSBelow: com.aventstack.extentreports.ExtentTest@76dd3db2</td>
				</tr>
				<tr class='log' status='fail'>
					<td class='status fail' title='fail' alt='fail'><i class='material-icons'>cancel</i></td>
					<td class='timestamp'>11:12:03 PM</td>
					<td class='step-details'><span class='label white-text red'>validateLoginProcess_SIP TestCase failed due tobelow issue</span></td>
				</tr>
				<tr class='log' status='fail'>
					<td class='status fail' title='fail' alt='fail'><i class='material-icons'>cancel</i></td>
					<td class='timestamp'>11:12:03 PM</td>
					<td class='step-details'><pre>java.lang.AssertionError: expected [MY ACCOUNT] but found [AUTHENTICATION]
	at org.testng.Assert.fail(Assert.java:96)
	at org.testng.Assert.failNotEquals(Assert.java:776)
	at org.testng.Assert.assertEqualsImpl(Assert.java:137)
	at org.testng.Assert.assertEquals(Assert.java:118)
	at org.testng.Assert.assertEquals(Assert.java:453)
	at org.testng.Assert.assertEquals(Assert.java:463)
	at com.a3hp.automationpracticee.framework.test.createaccountandlogin.SignInTest.validateLoginProcess_SIP(SignInTest.java:212)
	at sun.reflect.NativeMethodAccessorImpl.invoke0(Native Method)
	at sun.reflect.NativeMethodAccessorImpl.invoke(NativeMethodAccessorImpl.java:62)
	at sun.reflect.DelegatingMethodAccessorImpl.invoke(DelegatingMethodAccessorImpl.java:43)
	at java.lang.reflect.Method.invoke(Method.java:498)
	at org.testng.internal.MethodInvocationHelper.invokeMethod(MethodInvocationHelper.java:124)
	at org.testng.internal.Invoker.invokeMethod(Invoker.java:583)
	at org.testng.internal.Invoker.invokeTestMethod(Invoker.java:719)
	at org.testng.internal.Invoker.invokeTestMethods(Invoker.java:989)
	at org.testng.internal.TestMethodWorker.invokeTestMethods(TestMethodWorker.java:125)
	at org.testng.internal.TestMethodWorker.run(TestMethodWorker.java:109)
	at org.testng.TestRunner.privateRun(TestRunner.java:648)
	at org.testng.TestRunner.run(TestRunner.java:505)
	at org.testng.SuiteRunner.runTest(SuiteRunner.java:455)
	at org.testng.SuiteRunner.access$000(SuiteRunner.java:40)
	at org.testng.SuiteRunner$SuiteWorker.run(SuiteRunner.java:489)
	at org.testng.internal.thread.ThreadUtil$1.call(ThreadUtil.java:52)
	at java.util.concurrent.FutureTask.run(FutureTask.java:266)
	at java.util.concurrent.ThreadPoolExecutor.runWorker(ThreadPoolExecutor.java:1142)
	at java.util.concurrent.ThreadPoolExecutor$Worker.run(ThreadPoolExecutor.java:617)
	at java.lang.Thread.run(Thread.java:748)
</pre></td>
				</tr>
				<tr class='log' status='info'>
					<td class='status info' title='info' alt='info'><i class='material-icons'>info_outline</i></td>
					<td class='timestamp'>11:12:04 PM</td>
					<td class='step-details'>details: com.aventstack.extentreports.ExtentTest@76dd3db2</td>
				</tr>
			</tbody>
		</table>
	</div>
							<ul class='screenshots'>
								<li><img data-featherlight='E:\QA\Automation_Tools\Selenium\WorkspaceMars1\A3hp.com.automationprac\TestReports\ExtentReport3\Screenshots\ActualResult\Validate_Login_Process_txt_Jan_12__2019_11_12_03_PM.png' width='10%' src='E:\QA\Automation_Tools\Selenium\WorkspaceMars1\A3hp.com.automationprac\TestReports\ExtentReport3\Screenshots\ActualResult\Validate_Login_Process_txt_Jan_12__2019_11_12_03_PM.png' data-src='E:\QA\Automation_Tools\Selenium\WorkspaceMars1\A3hp.com.automationprac\TestReports\ExtentReport3\Screenshots\ActualResult\Validate_Login_Process_txt_Jan_12__2019_11_12_03_PM.png'></li>
								<li><img data-featherlight='E:\QA\Automation_Tools\Selenium\WorkspaceMars1\A3hp.com.automationprac\TestReports\ExtentReport3\Screenshots\FAILED\Validate Login Process_txt_Jan_12__2019_11_12_04_PM.png' width='10%' src='E:\QA\Automation_Tools\Selenium\WorkspaceMars1\A3hp.com.automationprac\TestReports\ExtentReport3\Screenshots\FAILED\Validate Login Process_txt_Jan_12__2019_11_12_04_PM.png' data-src='E:\QA\Automation_Tools\Selenium\WorkspaceMars1\A3hp.com.automationprac\TestReports\ExtentReport3\Screenshots\FAILED\Validate Login Process_txt_Jan_12__2019_11_12_04_PM.png'></li>
							</ul>
					</div>
				</li>
				
				
				<li class='test displayed active  pass' status='pass' bdd='false' test-id='14'>
					<div class='test-heading'>
						<span class='test-name'>SignInTest::validateSignInPage_PageHeading_SIP ::  Browser-FF</span>
						<span class='test-time'>Jan 12, 2019 11:12:04 PM</span>
						<span class='test-status right pass'>pass</span>
					</div>
					<div class='test-content hide'>
<div class='test-time-info'>
	<span class='label start-time'>Jan 12, 2019 11:12:04 PM</span>
	<span class='label end-time'>Jan 12, 2019 11:13:32 PM</span>
	<span class='label time-taken grey lighten-1 white-text'>0h 1m 27s+928ms</span>
</div>
	<div class='test-desc'>TestMethod: validateSignInPage_PageHeading_SIP ::  Browser-FF </div>
	<div class='test-attributes'>
			<div class='category-list'>
				<span class='category label white-text'>SignInTest::SmoketestingandTextTesting--Live::Browser-FF</span>
			</div>
			<div class='author-list'>
				<span class='author label white-text'>VK</span>
			</div>
	</div>
	<div class='test-steps'>
		<table class='bordered table-results'>
			<thead>
				<tr>
					<th>Status</th>
					<th>Timestamp</th>
					<th>Details</th>
				</tr>
			</thead>
			<tbody>
				<tr class='log' status='info'>
					<td class='status info' title='info' alt='info'><i class='material-icons'>info_outline</i></td>
					<td class='timestamp'>11:13:32 PM</td>
					<td class='step-details'>ActualResultSSBelow: com.aventstack.extentreports.ExtentTest@356f072a</td>
				</tr>
				<tr class='log' status='pass'>
					<td class='status pass' title='pass' alt='pass'><i class='material-icons'>check_circle</i></td>
					<td class='timestamp'>11:13:32 PM</td>
					<td class='step-details'><span class='label white-text green'>validateSignInPage_PageHeading_SIP TestCase Passed</span></td>
				</tr>
				<tr class='log' status='info'>
					<td class='status info' title='info' alt='info'><i class='material-icons'>info_outline</i></td>
					<td class='timestamp'>11:13:32 PM</td>
					<td class='step-details'>details: com.aventstack.extentreports.ExtentTest@356f072a</td>
				</tr>
			</tbody>
		</table>
	</div>
							<ul class='screenshots'>
								<li><img data-featherlight='E:\QA\Automation_Tools\Selenium\WorkspaceMars1\A3hp.com.automationprac\TestReports\ExtentReport3\Screenshots\ActualResult\SignIn_PageHeading_txt_Jan_12__2019_11_13_32_PM.png' width='10%' src='E:\QA\Automation_Tools\Selenium\WorkspaceMars1\A3hp.com.automationprac\TestReports\ExtentReport3\Screenshots\ActualResult\SignIn_PageHeading_txt_Jan_12__2019_11_13_32_PM.png' data-src='E:\QA\Automation_Tools\Selenium\WorkspaceMars1\A3hp.com.automationprac\TestReports\ExtentReport3\Screenshots\ActualResult\SignIn_PageHeading_txt_Jan_12__2019_11_13_32_PM.png'></li>
								<li><img data-featherlight='E:\QA\Automation_Tools\Selenium\WorkspaceMars1\A3hp.com.automationprac\TestReports\ExtentReport3\Screenshots\PASSED\SignIn_PageHeading_txt_Jan_12__2019_11_13_32_PM.png' width='10%' src='E:\QA\Automation_Tools\Selenium\WorkspaceMars1\A3hp.com.automationprac\TestReports\ExtentReport3\Screenshots\PASSED\SignIn_PageHeading_txt_Jan_12__2019_11_13_32_PM.png' data-src='E:\QA\Automation_Tools\Selenium\WorkspaceMars1\A3hp.com.automationprac\TestReports\ExtentReport3\Screenshots\PASSED\SignIn_PageHeading_txt_Jan_12__2019_11_13_32_PM.png'></li>
							</ul>
					</div>
				</li>
				
				
				<li class='test displayed active  pass' status='pass' bdd='false' test-id='15'>
					<div class='test-heading'>
						<span class='test-name'>SignInTest::validateSignInPage_SignInSectionHeading_SIP ::  Browser-FF</span>
						<span class='test-time'>Jan 12, 2019 11:13:34 PM</span>
						<span class='test-status right pass'>pass</span>
					</div>
					<div class='test-content hide'>
<div class='test-time-info'>
	<span class='label start-time'>Jan 12, 2019 11:13:34 PM</span>
	<span class='label end-time'>Jan 12, 2019 11:15:14 PM</span>
	<span class='label time-taken grey lighten-1 white-text'>0h 1m 39s+149ms</span>
</div>
	<div class='test-desc'>TestMethod: validateSignInPage_SignInSectionHeading_SIP ::  Browser-FF </div>
	<div class='test-attributes'>
			<div class='category-list'>
				<span class='category label white-text'>SignInTest::SmoketestingandTextTesting--Live::Browser-FF</span>
			</div>
			<div class='author-list'>
				<span class='author label white-text'>VK</span>
			</div>
	</div>
	<div class='test-steps'>
		<table class='bordered table-results'>
			<thead>
				<tr>
					<th>Status</th>
					<th>Timestamp</th>
					<th>Details</th>
				</tr>
			</thead>
			<tbody>
				<tr class='log' status='info'>
					<td class='status info' title='info' alt='info'><i class='material-icons'>info_outline</i></td>
					<td class='timestamp'>11:15:13 PM</td>
					<td class='step-details'>ActualResultSSBelow: com.aventstack.extentreports.ExtentTest@eb6457f</td>
				</tr>
				<tr class='log' status='pass'>
					<td class='status pass' title='pass' alt='pass'><i class='material-icons'>check_circle</i></td>
					<td class='timestamp'>11:15:13 PM</td>
					<td class='step-details'><span class='label white-text green'>validateSignInPage_SignInSectionHeading_SIP TestCase Passed</span></td>
				</tr>
				<tr class='log' status='info'>
					<td class='status info' title='info' alt='info'><i class='material-icons'>info_outline</i></td>
					<td class='timestamp'>11:15:14 PM</td>
					<td class='step-details'>details: com.aventstack.extentreports.ExtentTest@eb6457f</td>
				</tr>
			</tbody>
		</table>
	</div>
							<ul class='screenshots'>
								<li><img data-featherlight='E:\QA\Automation_Tools\Selenium\WorkspaceMars1\A3hp.com.automationprac\TestReports\ExtentReport3\Screenshots\ActualResult\SignInPage_SignInSectionHeading_txt_Jan_12__2019_11_15_13_PM.png' width='10%' src='E:\QA\Automation_Tools\Selenium\WorkspaceMars1\A3hp.com.automationprac\TestReports\ExtentReport3\Screenshots\ActualResult\SignInPage_SignInSectionHeading_txt_Jan_12__2019_11_15_13_PM.png' data-src='E:\QA\Automation_Tools\Selenium\WorkspaceMars1\A3hp.com.automationprac\TestReports\ExtentReport3\Screenshots\ActualResult\SignInPage_SignInSectionHeading_txt_Jan_12__2019_11_15_13_PM.png'></li>
								<li><img data-featherlight='E:\QA\Automation_Tools\Selenium\WorkspaceMars1\A3hp.com.automationprac\TestReports\ExtentReport3\Screenshots\PASSED\SignInPage_SignInSectionHeading_txt_Jan_12__2019_11_15_14_PM.png' width='10%' src='E:\QA\Automation_Tools\Selenium\WorkspaceMars1\A3hp.com.automationprac\TestReports\ExtentReport3\Screenshots\PASSED\SignInPage_SignInSectionHeading_txt_Jan_12__2019_11_15_14_PM.png' data-src='E:\QA\Automation_Tools\Selenium\WorkspaceMars1\A3hp.com.automationprac\TestReports\ExtentReport3\Screenshots\PASSED\SignInPage_SignInSectionHeading_txt_Jan_12__2019_11_15_14_PM.png'></li>
							</ul>
					</div>
				</li>
				
				
				<li class='test displayed active  pass' status='pass' bdd='false' test-id='16'>
					<div class='test-heading'>
						<span class='test-name'>SignInTest::validateSignInPageBreadcrumbText_SIP ::  Browser-FF</span>
						<span class='test-time'>Jan 12, 2019 11:15:16 PM</span>
						<span class='test-status right pass'>pass</span>
					</div>
					<div class='test-content hide'>
<div class='test-time-info'>
	<span class='label start-time'>Jan 12, 2019 11:15:16 PM</span>
	<span class='label end-time'>Jan 12, 2019 11:16:38 PM</span>
	<span class='label time-taken grey lighten-1 white-text'>0h 1m 22s+75ms</span>
</div>
	<div class='test-desc'>TestMethod: validateSignInPageBreadcrumbText_SIP ::  Browser-FF </div>
	<div class='test-attributes'>
			<div class='category-list'>
				<span class='category label white-text'>SignInTest::SmoketestingandTextTesting--Live::Browser-FF</span>
			</div>
			<div class='author-list'>
				<span class='author label white-text'>VK</span>
			</div>
	</div>
	<div class='test-steps'>
		<table class='bordered table-results'>
			<thead>
				<tr>
					<th>Status</th>
					<th>Timestamp</th>
					<th>Details</th>
				</tr>
			</thead>
			<tbody>
				<tr class='log' status='info'>
					<td class='status info' title='info' alt='info'><i class='material-icons'>info_outline</i></td>
					<td class='timestamp'>11:16:38 PM</td>
					<td class='step-details'>ActualResultSSBelow: com.aventstack.extentreports.ExtentTest@1c2944f5</td>
				</tr>
				<tr class='log' status='pass'>
					<td class='status pass' title='pass' alt='pass'><i class='material-icons'>check_circle</i></td>
					<td class='timestamp'>11:16:38 PM</td>
					<td class='step-details'><span class='label white-text green'>validateSignInPageBreadcrumbText_SIP TestCase Passed</span></td>
				</tr>
				<tr class='log' status='info'>
					<td class='status info' title='info' alt='info'><i class='material-icons'>info_outline</i></td>
					<td class='timestamp'>11:16:38 PM</td>
					<td class='step-details'>details: com.aventstack.extentreports.ExtentTest@1c2944f5</td>
				</tr>
			</tbody>
		</table>
	</div>
							<ul class='screenshots'>
								<li><img data-featherlight='E:\QA\Automation_Tools\Selenium\WorkspaceMars1\A3hp.com.automationprac\TestReports\ExtentReport3\Screenshots\ActualResult\SignInPage_Breadcrumb_txt_Jan_12__2019_11_16_38_PM.png' width='10%' src='E:\QA\Automation_Tools\Selenium\WorkspaceMars1\A3hp.com.automationprac\TestReports\ExtentReport3\Screenshots\ActualResult\SignInPage_Breadcrumb_txt_Jan_12__2019_11_16_38_PM.png' data-src='E:\QA\Automation_Tools\Selenium\WorkspaceMars1\A3hp.com.automationprac\TestReports\ExtentReport3\Screenshots\ActualResult\SignInPage_Breadcrumb_txt_Jan_12__2019_11_16_38_PM.png'></li>
								<li><img data-featherlight='E:\QA\Automation_Tools\Selenium\WorkspaceMars1\A3hp.com.automationprac\TestReports\ExtentReport3\Screenshots\PASSED\SignInPage_Breadcrumb_txt_Jan_12__2019_11_16_38_PM.png' width='10%' src='E:\QA\Automation_Tools\Selenium\WorkspaceMars1\A3hp.com.automationprac\TestReports\ExtentReport3\Screenshots\PASSED\SignInPage_Breadcrumb_txt_Jan_12__2019_11_16_38_PM.png' data-src='E:\QA\Automation_Tools\Selenium\WorkspaceMars1\A3hp.com.automationprac\TestReports\ExtentReport3\Screenshots\PASSED\SignInPage_Breadcrumb_txt_Jan_12__2019_11_16_38_PM.png'></li>
							</ul>
					</div>
				</li>
				
				
				<li class='test displayed active  pass' status='pass' bdd='false' test-id='17'>
					<div class='test-heading'>
						<span class='test-name'>SignInTest::validateRegistrationSectionHeading_SignInPage_SIP ::  Browser-FF</span>
						<span class='test-time'>Jan 12, 2019 11:16:40 PM</span>
						<span class='test-status right pass'>pass</span>
					</div>
					<div class='test-content hide'>
<div class='test-time-info'>
	<span class='label start-time'>Jan 12, 2019 11:16:40 PM</span>
	<span class='label end-time'>Jan 12, 2019 11:18:03 PM</span>
	<span class='label time-taken grey lighten-1 white-text'>0h 1m 22s+636ms</span>
</div>
	<div class='test-desc'>TestMethod: validateRegistrationSectionHeading_SignInPage_SIP ::  Browser-FF </div>
	<div class='test-attributes'>
			<div class='category-list'>
				<span class='category label white-text'>SignInTest::SmoketestingandTextTesting--Live::Browser-FF</span>
			</div>
			<div class='author-list'>
				<span class='author label white-text'>VK</span>
			</div>
	</div>
	<div class='test-steps'>
		<table class='bordered table-results'>
			<thead>
				<tr>
					<th>Status</th>
					<th>Timestamp</th>
					<th>Details</th>
				</tr>
			</thead>
			<tbody>
				<tr class='log' status='info'>
					<td class='status info' title='info' alt='info'><i class='material-icons'>info_outline</i></td>
					<td class='timestamp'>11:18:02 PM</td>
					<td class='step-details'>ActualResultSSBelow: com.aventstack.extentreports.ExtentTest@590c3349</td>
				</tr>
				<tr class='log' status='pass'>
					<td class='status pass' title='pass' alt='pass'><i class='material-icons'>check_circle</i></td>
					<td class='timestamp'>11:18:02 PM</td>
					<td class='step-details'><span class='label white-text green'>validateRegistrationSectionHeading_SignInPage_SIP TestCase Passed</span></td>
				</tr>
				<tr class='log' status='info'>
					<td class='status info' title='info' alt='info'><i class='material-icons'>info_outline</i></td>
					<td class='timestamp'>11:18:03 PM</td>
					<td class='step-details'>details: com.aventstack.extentreports.ExtentTest@590c3349</td>
				</tr>
			</tbody>
		</table>
	</div>
							<ul class='screenshots'>
								<li><img data-featherlight='E:\QA\Automation_Tools\Selenium\WorkspaceMars1\A3hp.com.automationprac\TestReports\ExtentReport3\Screenshots\ActualResult\RegistrationSectionHeading_SignInPage_txt_Jan_12__2019_11_18_02_PM.png' width='10%' src='E:\QA\Automation_Tools\Selenium\WorkspaceMars1\A3hp.com.automationprac\TestReports\ExtentReport3\Screenshots\ActualResult\RegistrationSectionHeading_SignInPage_txt_Jan_12__2019_11_18_02_PM.png' data-src='E:\QA\Automation_Tools\Selenium\WorkspaceMars1\A3hp.com.automationprac\TestReports\ExtentReport3\Screenshots\ActualResult\RegistrationSectionHeading_SignInPage_txt_Jan_12__2019_11_18_02_PM.png'></li>
								<li><img data-featherlight='E:\QA\Automation_Tools\Selenium\WorkspaceMars1\A3hp.com.automationprac\TestReports\ExtentReport3\Screenshots\PASSED\RegistrationSectionHeading_SignInPage_txt_Jan_12__2019_11_18_03_PM.png' width='10%' src='E:\QA\Automation_Tools\Selenium\WorkspaceMars1\A3hp.com.automationprac\TestReports\ExtentReport3\Screenshots\PASSED\RegistrationSectionHeading_SignInPage_txt_Jan_12__2019_11_18_03_PM.png' data-src='E:\QA\Automation_Tools\Selenium\WorkspaceMars1\A3hp.com.automationprac\TestReports\ExtentReport3\Screenshots\PASSED\RegistrationSectionHeading_SignInPage_txt_Jan_12__2019_11_18_03_PM.png'></li>
							</ul>
					</div>
				</li>
				
				
				<li class='test displayed active  fail' status='fail' bdd='false' test-id='18'>
					<div class='test-heading'>
						<span class='test-name'>SignInTest::validateLoginProcess_SIP ::  Browser-FF</span>
						<span class='test-time'>Jan 12, 2019 11:18:04 PM</span>
						<span class='test-status right fail'>fail</span>
					</div>
					<div class='test-content hide'>
<div class='test-time-info'>
	<span class='label start-time'>Jan 12, 2019 11:18:04 PM</span>
	<span class='label end-time'>Jan 12, 2019 11:19:37 PM</span>
	<span class='label time-taken grey lighten-1 white-text'>0h 1m 32s+484ms</span>
</div>
	<div class='test-desc'>TestMethod: validateLoginProcess_SIP ::  Browser-FF </div>
	<div class='test-attributes'>
			<div class='category-list'>
				<span class='category label white-text'>SignInTest::SmoketestingandTextTesting--Live::Browser-FF</span>
			</div>
			<div class='author-list'>
				<span class='author label white-text'>VK</span>
			</div>
	</div>
	<div class='test-steps'>
		<table class='bordered table-results'>
			<thead>
				<tr>
					<th>Status</th>
					<th>Timestamp</th>
					<th>Details</th>
				</tr>
			</thead>
			<tbody>
				<tr class='log' status='info'>
					<td class='status info' title='info' alt='info'><i class='material-icons'>info_outline</i></td>
					<td class='timestamp'>11:19:37 PM</td>
					<td class='step-details'>ActualResultSSBelow: com.aventstack.extentreports.ExtentTest@7b2d1369</td>
				</tr>
				<tr class='log' status='fail'>
					<td class='status fail' title='fail' alt='fail'><i class='material-icons'>cancel</i></td>
					<td class='timestamp'>11:19:37 PM</td>
					<td class='step-details'><span class='label white-text red'>validateLoginProcess_SIP TestCase failed due tobelow issue</span></td>
				</tr>
				<tr class='log' status='fail'>
					<td class='status fail' title='fail' alt='fail'><i class='material-icons'>cancel</i></td>
					<td class='timestamp'>11:19:37 PM</td>
					<td class='step-details'><pre>java.lang.AssertionError: expected [MY ACCOUNT] but found [AUTHENTICATION]
	at org.testng.Assert.fail(Assert.java:96)
	at org.testng.Assert.failNotEquals(Assert.java:776)
	at org.testng.Assert.assertEqualsImpl(Assert.java:137)
	at org.testng.Assert.assertEquals(Assert.java:118)
	at org.testng.Assert.assertEquals(Assert.java:453)
	at org.testng.Assert.assertEquals(Assert.java:463)
	at com.a3hp.automationpracticee.framework.test.createaccountandlogin.SignInTest.validateLoginProcess_SIP(SignInTest.java:212)
	at sun.reflect.NativeMethodAccessorImpl.invoke0(Native Method)
	at sun.reflect.NativeMethodAccessorImpl.invoke(NativeMethodAccessorImpl.java:62)
	at sun.reflect.DelegatingMethodAccessorImpl.invoke(DelegatingMethodAccessorImpl.java:43)
	at java.lang.reflect.Method.invoke(Method.java:498)
	at org.testng.internal.MethodInvocationHelper.invokeMethod(MethodInvocationHelper.java:124)
	at org.testng.internal.Invoker.invokeMethod(Invoker.java:583)
	at org.testng.internal.Invoker.invokeTestMethod(Invoker.java:719)
	at org.testng.internal.Invoker.invokeTestMethods(Invoker.java:989)
	at org.testng.internal.TestMethodWorker.invokeTestMethods(TestMethodWorker.java:125)
	at org.testng.internal.TestMethodWorker.run(TestMethodWorker.java:109)
	at org.testng.TestRunner.privateRun(TestRunner.java:648)
	at org.testng.TestRunner.run(TestRunner.java:505)
	at org.testng.SuiteRunner.runTest(SuiteRunner.java:455)
	at org.testng.SuiteRunner.access$000(SuiteRunner.java:40)
	at org.testng.SuiteRunner$SuiteWorker.run(SuiteRunner.java:489)
	at org.testng.internal.thread.ThreadUtil$1.call(ThreadUtil.java:52)
	at java.util.concurrent.FutureTask.run(FutureTask.java:266)
	at java.util.concurrent.ThreadPoolExecutor.runWorker(ThreadPoolExecutor.java:1142)
	at java.util.concurrent.ThreadPoolExecutor$Worker.run(ThreadPoolExecutor.java:617)
	at java.lang.Thread.run(Thread.java:748)
</pre></td>
				</tr>
				<tr class='log' status='info'>
					<td class='status info' title='info' alt='info'><i class='material-icons'>info_outline</i></td>
					<td class='timestamp'>11:19:37 PM</td>
					<td class='step-details'>details: com.aventstack.extentreports.ExtentTest@7b2d1369</td>
				</tr>
			</tbody>
		</table>
	</div>
							<ul class='screenshots'>
								<li><img data-featherlight='E:\QA\Automation_Tools\Selenium\WorkspaceMars1\A3hp.com.automationprac\TestReports\ExtentReport3\Screenshots\ActualResult\Validate_Login_Process_txt_Jan_12__2019_11_19_37_PM.png' width='10%' src='E:\QA\Automation_Tools\Selenium\WorkspaceMars1\A3hp.com.automationprac\TestReports\ExtentReport3\Screenshots\ActualResult\Validate_Login_Process_txt_Jan_12__2019_11_19_37_PM.png' data-src='E:\QA\Automation_Tools\Selenium\WorkspaceMars1\A3hp.com.automationprac\TestReports\ExtentReport3\Screenshots\ActualResult\Validate_Login_Process_txt_Jan_12__2019_11_19_37_PM.png'></li>
								<li><img data-featherlight='E:\QA\Automation_Tools\Selenium\WorkspaceMars1\A3hp.com.automationprac\TestReports\ExtentReport3\Screenshots\FAILED\Validate Login Process_txt_Jan_12__2019_11_19_37_PM.png' width='10%' src='E:\QA\Automation_Tools\Selenium\WorkspaceMars1\A3hp.com.automationprac\TestReports\ExtentReport3\Screenshots\FAILED\Validate Login Process_txt_Jan_12__2019_11_19_37_PM.png' data-src='E:\QA\Automation_Tools\Selenium\WorkspaceMars1\A3hp.com.automationprac\TestReports\ExtentReport3\Screenshots\FAILED\Validate Login Process_txt_Jan_12__2019_11_19_37_PM.png'></li>
							</ul>
					</div>
				</li>
				
				
				<li class='test displayed active  pass' status='pass' bdd='false' test-id='19'>
					<div class='test-heading'>
						<span class='test-name'>HomepageTest::validateHeaderSignInLink_HP ::  Browser-CH</span>
						<span class='test-time'>Jan 12, 2019 11:19:40 PM</span>
						<span class='test-status right pass'>pass</span>
					</div>
					<div class='test-content hide'>
<div class='test-time-info'>
	<span class='label start-time'>Jan 12, 2019 11:19:40 PM</span>
	<span class='label end-time'>Jan 12, 2019 11:20:42 PM</span>
	<span class='label time-taken grey lighten-1 white-text'>0h 1m 2s+130ms</span>
</div>
	<div class='test-desc'>TestMethod: validateHeaderSignInLink_HP ::  Browser-CH </div>
	<div class='test-attributes'>
			<div class='category-list'>
				<span class='category label white-text'>HomepageTest::SmoketestingandTextTesting--Live::Browser-CH</span>
			</div>
			<div class='author-list'>
				<span class='author label white-text'>VK</span>
			</div>
	</div>
	<div class='test-steps'>
		<table class='bordered table-results'>
			<thead>
				<tr>
					<th>Status</th>
					<th>Timestamp</th>
					<th>Details</th>
				</tr>
			</thead>
			<tbody>
				<tr class='log' status='info'>
					<td class='status info' title='info' alt='info'><i class='material-icons'>info_outline</i></td>
					<td class='timestamp'>11:20:42 PM</td>
					<td class='step-details'>ActualResultSSBelow: com.aventstack.extentreports.ExtentTest@1622c23e</td>
				</tr>
				<tr class='log' status='pass'>
					<td class='status pass' title='pass' alt='pass'><i class='material-icons'>check_circle</i></td>
					<td class='timestamp'>11:20:42 PM</td>
					<td class='step-details'><span class='label white-text green'>validateHeaderSignInLink_HP TestCase Passed</span></td>
				</tr>
				<tr class='log' status='info'>
					<td class='status info' title='info' alt='info'><i class='material-icons'>info_outline</i></td>
					<td class='timestamp'>11:20:42 PM</td>
					<td class='step-details'>details: com.aventstack.extentreports.ExtentTest@1622c23e</td>
				</tr>
			</tbody>
		</table>
	</div>
							<ul class='screenshots'>
								<li><img data-featherlight='E:\QA\Automation_Tools\Selenium\WorkspaceMars1\A3hp.com.automationprac\TestReports\ExtentReport3\Screenshots\ActualResult\ActualResult_Page_for_linkorbutton--SignInLink_Jan_12__2019_11_20_41_PM.png' width='10%' src='E:\QA\Automation_Tools\Selenium\WorkspaceMars1\A3hp.com.automationprac\TestReports\ExtentReport3\Screenshots\ActualResult\ActualResult_Page_for_linkorbutton--SignInLink_Jan_12__2019_11_20_41_PM.png' data-src='E:\QA\Automation_Tools\Selenium\WorkspaceMars1\A3hp.com.automationprac\TestReports\ExtentReport3\Screenshots\ActualResult\ActualResult_Page_for_linkorbutton--SignInLink_Jan_12__2019_11_20_41_PM.png'></li>
								<li><img data-featherlight='E:\QA\Automation_Tools\Selenium\WorkspaceMars1\A3hp.com.automationprac\TestReports\ExtentReport3\Screenshots\PASSED\SignInLink_Jan_12__2019_11_20_42_PM.png' width='10%' src='E:\QA\Automation_Tools\Selenium\WorkspaceMars1\A3hp.com.automationprac\TestReports\ExtentReport3\Screenshots\PASSED\SignInLink_Jan_12__2019_11_20_42_PM.png' data-src='E:\QA\Automation_Tools\Selenium\WorkspaceMars1\A3hp.com.automationprac\TestReports\ExtentReport3\Screenshots\PASSED\SignInLink_Jan_12__2019_11_20_42_PM.png'></li>
							</ul>
					</div>
				</li>
				
				
				<li class='test displayed active  pass' status='pass' bdd='false' test-id='20'>
					<div class='test-heading'>
						<span class='test-name'>HomepageTest::validateGetSavingNowButton_HP ::  Browser-CH</span>
						<span class='test-time'>Jan 12, 2019 11:20:43 PM</span>
						<span class='test-status right pass'>pass</span>
					</div>
					<div class='test-content hide'>
<div class='test-time-info'>
	<span class='label start-time'>Jan 12, 2019 11:20:43 PM</span>
	<span class='label end-time'>Jan 12, 2019 11:23:53 PM</span>
	<span class='label time-taken grey lighten-1 white-text'>0h 3m 9s+872ms</span>
</div>
	<div class='test-desc'>TestMethod: validateGetSavingNowButton_HP ::  Browser-CH </div>
	<div class='test-attributes'>
			<div class='category-list'>
				<span class='category label white-text'>HomepageTest::SmoketestingandTextTesting--Live::Browser-CH</span>
			</div>
			<div class='author-list'>
				<span class='author label white-text'>VK</span>
			</div>
	</div>
	<div class='test-steps'>
		<table class='bordered table-results'>
			<thead>
				<tr>
					<th>Status</th>
					<th>Timestamp</th>
					<th>Details</th>
				</tr>
			</thead>
			<tbody>
				<tr class='log' status='info'>
					<td class='status info' title='info' alt='info'><i class='material-icons'>info_outline</i></td>
					<td class='timestamp'>11:23:52 PM</td>
					<td class='step-details'>ActualResultSSBelow: com.aventstack.extentreports.ExtentTest@2b083eec</td>
				</tr>
				<tr class='log' status='pass'>
					<td class='status pass' title='pass' alt='pass'><i class='material-icons'>check_circle</i></td>
					<td class='timestamp'>11:23:52 PM</td>
					<td class='step-details'><span class='label white-text green'>validateGetSavingNowButton_HP TestCase Passed</span></td>
				</tr>
				<tr class='log' status='info'>
					<td class='status info' title='info' alt='info'><i class='material-icons'>info_outline</i></td>
					<td class='timestamp'>11:23:53 PM</td>
					<td class='step-details'>details: com.aventstack.extentreports.ExtentTest@2b083eec</td>
				</tr>
			</tbody>
		</table>
	</div>
							<ul class='screenshots'>
								<li><img data-featherlight='E:\QA\Automation_Tools\Selenium\WorkspaceMars1\A3hp.com.automationprac\TestReports\ExtentReport3\Screenshots\ActualResult\ActualResult_Page_for_linkorbutton--GETSAVINGSNOWButton_Jan_12__2019_11_23_51_PM.png' width='10%' src='E:\QA\Automation_Tools\Selenium\WorkspaceMars1\A3hp.com.automationprac\TestReports\ExtentReport3\Screenshots\ActualResult\ActualResult_Page_for_linkorbutton--GETSAVINGSNOWButton_Jan_12__2019_11_23_51_PM.png' data-src='E:\QA\Automation_Tools\Selenium\WorkspaceMars1\A3hp.com.automationprac\TestReports\ExtentReport3\Screenshots\ActualResult\ActualResult_Page_for_linkorbutton--GETSAVINGSNOWButton_Jan_12__2019_11_23_51_PM.png'></li>
								<li><img data-featherlight='E:\QA\Automation_Tools\Selenium\WorkspaceMars1\A3hp.com.automationprac\TestReports\ExtentReport3\Screenshots\PASSED\GETSAVINGSNOWButton_Jan_12__2019_11_23_52_PM.png' width='10%' src='E:\QA\Automation_Tools\Selenium\WorkspaceMars1\A3hp.com.automationprac\TestReports\ExtentReport3\Screenshots\PASSED\GETSAVINGSNOWButton_Jan_12__2019_11_23_52_PM.png' data-src='E:\QA\Automation_Tools\Selenium\WorkspaceMars1\A3hp.com.automationprac\TestReports\ExtentReport3\Screenshots\PASSED\GETSAVINGSNOWButton_Jan_12__2019_11_23_52_PM.png'></li>
							</ul>
					</div>
				</li>
			</ul>
		</div>
	</div>
	<!-- subview left -->

	<div class='subview-right left'>
		<div class='view-summary'>
			<h5 class='test-name'></h5>

			<div id='step-filters' class="right">
				<span class="blue-text" status="info" alt="info" title="info"><i class="material-icons">info_outline</i></span>
				<span class="green-text" status="pass" alt="pass" title="pass"><i class="material-icons">check_circle</i></span>
				<span class="red-text" status="fail" alt="fail" title="fail"><i class="material-icons">cancel</i></span>
				<span class="red-text text-darken-4" status="fatal" alt="fatal" title="fatal"><i class="material-icons">cancel</i></span>
				<span class="pink-text text-lighten-1" status="error" alt="error" title="error"><i class="material-icons">error</i></span>
				<span class="orange-text" alt="warning" status="warning" title="warning"><i class="material-icons">warning</i></span>
				<span class="teal-text" status="skip" alt="skip" title="skip"><i class="material-icons">redo</i></span>
				<span status="clear" alt="Clear filters" title="Clear filters"><i class="material-icons">clear</i></span>
			</div>
		</div>
	</div>
	<!-- subview right -->

</div>
<!-- test view -->
<div id='category-view' class='view hide'>

	<section id='controls'>
		<div class='controls grey lighten-4'>
			<!-- search -->
			<div class='chip transparent' alt='Search Tests' title='Search Tests'>
				<a href="#" class='search-div'>
					<i class='material-icons'>search</i> Search
				</a>
				
				<div class='input-field left hide'>
					<input id='search-tests' type='text' class='validate browser-default' placeholder='Search Tests...'>
				</div>
				
			</div>
			<!-- search -->
		</div>
	</section>

	<div class='subview-left left'>
		
		<div class='view-summary'>
			<h5>Categories</h3>
			<ul id='category-collection' class='category-collection'>
				
				<li class='category displayed active'>
					<div class='category-heading'>
						<span class='category-name'>RegistrationTest::SmoketestingandTextTesting--Live::Browser-CH</span>
						<span class='category-status right'>
							<span class='label fail'>2</span>
						</span>
					</div>
					<div class='category-content hide'>
						<div class='category-status-counts'>
							
							<span class='label red lighten-1 white-text'>Failed: 2</span>
							
						</div>
					
						<div class='category-tests'>
							<table class='bordered table-results'>
								<thead>
									<tr>
										<th>Timestamp</th>
										<th>TestName</th>
										<th>Status</th>
									</tr>
								</thead>
								<tbody>
									<tr>
										<td>Jan 12, 2019 10:46:02 PM</td>
										<td class='linked' test-id='1'>RegistrationTest::validatePageHeading_RP ::  Browser-CH</td>
										<td><span class='test-status fail'>fail</span></td>
									</tr>
									<tr>
										<td>Jan 12, 2019 10:46:44 PM</td>
										<td class='linked' test-id='2'>RegistrationTest::validateBreadcrumbText_RP ::  Browser-CH</td>
										<td><span class='test-status fail'>fail</span></td>
									</tr>
								</tbody>
							</table>
						</div>
					</div>
				</li>
				<li class='category displayed active'>
					<div class='category-heading'>
						<span class='category-name'>RegistrationTest::SmoketestingandTextTesting--Live::Browser-FF</span>
						<span class='category-status right'>
							<span class='label fail'>2</span>
						</span>
					</div>
					<div class='category-content hide'>
						<div class='category-status-counts'>
							
							<span class='label red lighten-1 white-text'>Failed: 2</span>
							
						</div>
					
						<div class='category-tests'>
							<table class='bordered table-results'>
								<thead>
									<tr>
										<th>Timestamp</th>
										<th>TestName</th>
										<th>Status</th>
									</tr>
								</thead>
								<tbody>
									<tr>
										<td>Jan 12, 2019 10:47:23 PM</td>
										<td class='linked' test-id='3'>RegistrationTest::validatePageHeading_RP ::  Browser-FF</td>
										<td><span class='test-status fail'>fail</span></td>
									</tr>
									<tr>
										<td>Jan 12, 2019 10:48:51 PM</td>
										<td class='linked' test-id='4'>RegistrationTest::validateBreadcrumbText_RP ::  Browser-FF</td>
										<td><span class='test-status fail'>fail</span></td>
									</tr>
								</tbody>
							</table>
						</div>
					</div>
				</li>
				<li class='category displayed active'>
					<div class='category-heading'>
						<span class='category-name'>ForgotPasswordTest::SmoketestingandTextTesting--Live::Browser-FF</span>
						<span class='category-status right'>
							<span class='label fail'>2</span>
						</span>
					</div>
					<div class='category-content hide'>
						<div class='category-status-counts'>
							
							<span class='label red lighten-1 white-text'>Failed: 2</span>
							
						</div>
					
						<div class='category-tests'>
							<table class='bordered table-results'>
								<thead>
									<tr>
										<th>Timestamp</th>
										<th>TestName</th>
										<th>Status</th>
									</tr>
								</thead>
								<tbody>
									<tr>
										<td>Jan 12, 2019 10:50:35 PM</td>
										<td class='linked' test-id='5'>ForgotPasswordTest::validateForgotPasswordPage_PageHeading_FP ::  Browser-FF</td>
										<td><span class='test-status fail'>fail</span></td>
									</tr>
									<tr>
										<td>Jan 12, 2019 10:52:09 PM</td>
										<td class='linked' test-id='6'>ForgotPasswordTest::validateforgotPasswordProcess_FP ::  Browser-FF</td>
										<td><span class='test-status fail'>fail</span></td>
									</tr>
								</tbody>
							</table>
						</div>
					</div>
				</li>
				<li class='category displayed active'>
					<div class='category-heading'>
						<span class='category-name'>ForgotPasswordTest::SmoketestingandTextTesting--Live::Browser-CH</span>
						<span class='category-status right'>
							<span class='label fail'>2</span>
						</span>
					</div>
					<div class='category-content hide'>
						<div class='category-status-counts'>
							
							<span class='label red lighten-1 white-text'>Failed: 2</span>
							
						</div>
					
						<div class='category-tests'>
							<table class='bordered table-results'>
								<thead>
									<tr>
										<th>Timestamp</th>
										<th>TestName</th>
										<th>Status</th>
									</tr>
								</thead>
								<tbody>
									<tr>
										<td>Jan 12, 2019 11:00:33 PM</td>
										<td class='linked' test-id='7'>ForgotPasswordTest::validateForgotPasswordPage_PageHeading_FP ::  Browser-CH</td>
										<td><span class='test-status fail'>fail</span></td>
									</tr>
									<tr>
										<td>Jan 12, 2019 11:01:20 PM</td>
										<td class='linked' test-id='8'>ForgotPasswordTest::validateforgotPasswordProcess_FP ::  Browser-CH</td>
										<td><span class='test-status fail'>fail</span></td>
									</tr>
								</tbody>
							</table>
						</div>
					</div>
				</li>
				<li class='category displayed active'>
					<div class='category-heading'>
						<span class='category-name'>SignInTest::SmoketestingandTextTesting--Live::Browser-CH</span>
						<span class='category-status right'>
							<span class='label pass'>4</span>
							<span class='label fail'>1</span>
						</span>
					</div>
					<div class='category-content hide'>
						<div class='category-status-counts'>
							<span class='label green accent-4 white-text'>Passed: 4</span>
							<span class='label red lighten-1 white-text'>Failed: 1</span>
							
						</div>
					
						<div class='category-tests'>
							<table class='bordered table-results'>
								<thead>
									<tr>
										<th>Timestamp</th>
										<th>TestName</th>
										<th>Status</th>
									</tr>
								</thead>
								<tbody>
									<tr>
										<td>Jan 12, 2019 11:08:56 PM</td>
										<td class='linked' test-id='9'>SignInTest::validateSignInPage_PageHeading_SIP ::  Browser-CH</td>
										<td><span class='test-status pass'>pass</span></td>
									</tr>
									<tr>
										<td>Jan 12, 2019 11:09:22 PM</td>
										<td class='linked' test-id='10'>SignInTest::validateSignInPage_SignInSectionHeading_SIP ::  Browser-CH</td>
										<td><span class='test-status pass'>pass</span></td>
									</tr>
									<tr>
										<td>Jan 12, 2019 11:09:56 PM</td>
										<td class='linked' test-id='11'>SignInTest::validateSignInPageBreadcrumbText_SIP ::  Browser-CH</td>
										<td><span class='test-status pass'>pass</span></td>
									</tr>
									<tr>
										<td>Jan 12, 2019 11:10:29 PM</td>
										<td class='linked' test-id='12'>SignInTest::validateRegistrationSectionHeading_SignInPage_SIP ::  Browser-CH</td>
										<td><span class='test-status pass'>pass</span></td>
									</tr>
									<tr>
										<td>Jan 12, 2019 11:11:13 PM</td>
										<td class='linked' test-id='13'>SignInTest::validateLoginProcess_SIP ::  Browser-CH</td>
										<td><span class='test-status fail'>fail</span></td>
									</tr>
								</tbody>
							</table>
						</div>
					</div>
				</li>
				<li class='category displayed active'>
					<div class='category-heading'>
						<span class='category-name'>SignInTest::SmoketestingandTextTesting--Live::Browser-FF</span>
						<span class='category-status right'>
							<span class='label pass'>4</span>
							<span class='label fail'>1</span>
						</span>
					</div>
					<div class='category-content hide'>
						<div class='category-status-counts'>
							<span class='label green accent-4 white-text'>Passed: 4</span>
							<span class='label red lighten-1 white-text'>Failed: 1</span>
							
						</div>
					
						<div class='category-tests'>
							<table class='bordered table-results'>
								<thead>
									<tr>
										<th>Timestamp</th>
										<th>TestName</th>
										<th>Status</th>
									</tr>
								</thead>
								<tbody>
									<tr>
										<td>Jan 12, 2019 11:12:04 PM</td>
										<td class='linked' test-id='14'>SignInTest::validateSignInPage_PageHeading_SIP ::  Browser-FF</td>
										<td><span class='test-status pass'>pass</span></td>
									</tr>
									<tr>
										<td>Jan 12, 2019 11:13:34 PM</td>
										<td class='linked' test-id='15'>SignInTest::validateSignInPage_SignInSectionHeading_SIP ::  Browser-FF</td>
										<td><span class='test-status pass'>pass</span></td>
									</tr>
									<tr>
										<td>Jan 12, 2019 11:15:16 PM</td>
										<td class='linked' test-id='16'>SignInTest::validateSignInPageBreadcrumbText_SIP ::  Browser-FF</td>
										<td><span class='test-status pass'>pass</span></td>
									</tr>
									<tr>
										<td>Jan 12, 2019 11:16:40 PM</td>
										<td class='linked' test-id='17'>SignInTest::validateRegistrationSectionHeading_SignInPage_SIP ::  Browser-FF</td>
										<td><span class='test-status pass'>pass</span></td>
									</tr>
									<tr>
										<td>Jan 12, 2019 11:18:04 PM</td>
										<td class='linked' test-id='18'>SignInTest::validateLoginProcess_SIP ::  Browser-FF</td>
										<td><span class='test-status fail'>fail</span></td>
									</tr>
								</tbody>
							</table>
						</div>
					</div>
				</li>
				<li class='category displayed active'>
					<div class='category-heading'>
						<span class='category-name'>HomepageTest::SmoketestingandTextTesting--Live::Browser-CH</span>
						<span class='category-status right'>
							<span class='label pass'>2</span>
						</span>
					</div>
					<div class='category-content hide'>
						<div class='category-status-counts'>
							<span class='label green accent-4 white-text'>Passed: 2</span>
							
							
						</div>
					
						<div class='category-tests'>
							<table class='bordered table-results'>
								<thead>
									<tr>
										<th>Timestamp</th>
										<th>TestName</th>
										<th>Status</th>
									</tr>
								</thead>
								<tbody>
									<tr>
										<td>Jan 12, 2019 11:19:40 PM</td>
										<td class='linked' test-id='19'>HomepageTest::validateHeaderSignInLink_HP ::  Browser-CH</td>
										<td><span class='test-status pass'>pass</span></td>
									</tr>
									<tr>
										<td>Jan 12, 2019 11:20:43 PM</td>
										<td class='linked' test-id='20'>HomepageTest::validateGetSavingNowButton_HP ::  Browser-CH</td>
										<td><span class='test-status pass'>pass</span></td>
									</tr>
								</tbody>
							</table>
						</div>
					</div>
				</li>

			</ul>
		</div>
	</div>

	<div class='subview-right left'>
		<div class='view-summary'>
			<h5 class='category-name'></h5>
		</div>
	</div>
</div>
<!-- category view -->
<div id='author-view' class='view hide'>
    <section id='controls'>
        <div class='controls grey lighten-4'>
            <!-- search -->
            <div class='chip transparent' alt='Search Authors' title='Search Authors'>
                <a href="#" class='search-div'>
                    <i class='material-icons'>search</i> Search
                </a>

                <div class='input-field left hide'>
                    <input id='search-tests' type='text' class='validate browser-default' placeholder='Search Authors...'>
                </div>

            </div>
            <!-- search -->
        </div>
    </section>

    <div class='subview-left left'>

        <div class='view-summary'>
            <h5>Authors</h5>
                <ul id='author-collection' class='author-collection'>

                        <li class='author displayed active'>
                            <div class='author-heading'>
                                <span class='author-name'>VK</span>
                                <span class='author-status right'>
                                        <span class='label pass'>10</span>
                                        <span class='label fail'>10</span>
						        </span>
                            </div>
                            <div class='author-content hide'>
                                <div class='author-status-counts'>
                                    <span class='label green accent-4 white-text'>Passed: 10</span>
                                    <span class='label red lighten-1 white-text'>Failed: 10</span>
                                    
                                </div>

                                <div class='author-tests'>
                                    <table class='bordered table-results'>
                                        <thead>
                                        <tr>
                                            <th>Timestamp</th>
                                            <th>TestName</th>
                                            <th>Status</th>
                                        </tr>
                                        </thead>
                                        <tbody>
                                            <tr>
                                                <td>Jan 12, 2019 10:46:02 PM</td>
                                                <td class='linked' test-id='1'>RegistrationTest::validatePageHeading_RP ::  Browser-CH</td>
                                                <td><span class='test-status fail'>fail</span></td>
                                            </tr>
                                            <tr>
                                                <td>Jan 12, 2019 10:46:44 PM</td>
                                                <td class='linked' test-id='2'>RegistrationTest::validateBreadcrumbText_RP ::  Browser-CH</td>
                                                <td><span class='test-status fail'>fail</span></td>
                                            </tr>
                                            <tr>
                                                <td>Jan 12, 2019 10:47:23 PM</td>
                                                <td class='linked' test-id='3'>RegistrationTest::validatePageHeading_RP ::  Browser-FF</td>
                                                <td><span class='test-status fail'>fail</span></td>
                                            </tr>
                                            <tr>
                                                <td>Jan 12, 2019 10:48:51 PM</td>
                                                <td class='linked' test-id='4'>RegistrationTest::validateBreadcrumbText_RP ::  Browser-FF</td>
                                                <td><span class='test-status fail'>fail</span></td>
                                            </tr>
                                            <tr>
                                                <td>Jan 12, 2019 10:50:35 PM</td>
                                                <td class='linked' test-id='5'>ForgotPasswordTest::validateForgotPasswordPage_PageHeading_FP ::  Browser-FF</td>
                                                <td><span class='test-status fail'>fail</span></td>
                                            </tr>
                                            <tr>
                                                <td>Jan 12, 2019 10:52:09 PM</td>
                                                <td class='linked' test-id='6'>ForgotPasswordTest::validateforgotPasswordProcess_FP ::  Browser-FF</td>
                                                <td><span class='test-status fail'>fail</span></td>
                                            </tr>
                                            <tr>
                                                <td>Jan 12, 2019 11:00:33 PM</td>
                                                <td class='linked' test-id='7'>ForgotPasswordTest::validateForgotPasswordPage_PageHeading_FP ::  Browser-CH</td>
                                                <td><span class='test-status fail'>fail</span></td>
                                            </tr>
                                            <tr>
                                                <td>Jan 12, 2019 11:01:20 PM</td>
                                                <td class='linked' test-id='8'>ForgotPasswordTest::validateforgotPasswordProcess_FP ::  Browser-CH</td>
                                                <td><span class='test-status fail'>fail</span></td>
                                            </tr>
                                            <tr>
                                                <td>Jan 12, 2019 11:08:56 PM</td>
                                                <td class='linked' test-id='9'>SignInTest::validateSignInPage_PageHeading_SIP ::  Browser-CH</td>
                                                <td><span class='test-status pass'>pass</span></td>
                                            </tr>
                                            <tr>
                                                <td>Jan 12, 2019 11:09:22 PM</td>
                                                <td class='linked' test-id='10'>SignInTest::validateSignInPage_SignInSectionHeading_SIP ::  Browser-CH</td>
                                                <td><span class='test-status pass'>pass</span></td>
                                            </tr>
                                            <tr>
                                                <td>Jan 12, 2019 11:09:56 PM</td>
                                                <td class='linked' test-id='11'>SignInTest::validateSignInPageBreadcrumbText_SIP ::  Browser-CH</td>
                                                <td><span class='test-status pass'>pass</span></td>
                                            </tr>
                                            <tr>
                                                <td>Jan 12, 2019 11:10:29 PM</td>
                                                <td class='linked' test-id='12'>SignInTest::validateRegistrationSectionHeading_SignInPage_SIP ::  Browser-CH</td>
                                                <td><span class='test-status pass'>pass</span></td>
                                            </tr>
                                            <tr>
                                                <td>Jan 12, 2019 11:11:13 PM</td>
                                                <td class='linked' test-id='13'>SignInTest::validateLoginProcess_SIP ::  Browser-CH</td>
                                                <td><span class='test-status fail'>fail</span></td>
                                            </tr>
                                            <tr>
                                                <td>Jan 12, 2019 11:12:04 PM</td>
                                                <td class='linked' test-id='14'>SignInTest::validateSignInPage_PageHeading_SIP ::  Browser-FF</td>
                                                <td><span class='test-status pass'>pass</span></td>
                                            </tr>
                                            <tr>
                                                <td>Jan 12, 2019 11:13:34 PM</td>
                                                <td class='linked' test-id='15'>SignInTest::validateSignInPage_SignInSectionHeading_SIP ::  Browser-FF</td>
                                                <td><span class='test-status pass'>pass</span></td>
                                            </tr>
                                            <tr>
                                                <td>Jan 12, 2019 11:15:16 PM</td>
                                                <td class='linked' test-id='16'>SignInTest::validateSignInPageBreadcrumbText_SIP ::  Browser-FF</td>
                                                <td><span class='test-status pass'>pass</span></td>
                                            </tr>
                                            <tr>
                                                <td>Jan 12, 2019 11:16:40 PM</td>
                                                <td class='linked' test-id='17'>SignInTest::validateRegistrationSectionHeading_SignInPage_SIP ::  Browser-FF</td>
                                                <td><span class='test-status pass'>pass</span></td>
                                            </tr>
                                            <tr>
                                                <td>Jan 12, 2019 11:18:04 PM</td>
                                                <td class='linked' test-id='18'>SignInTest::validateLoginProcess_SIP ::  Browser-FF</td>
                                                <td><span class='test-status fail'>fail</span></td>
                                            </tr>
                                            <tr>
                                                <td>Jan 12, 2019 11:19:40 PM</td>
                                                <td class='linked' test-id='19'>HomepageTest::validateHeaderSignInLink_HP ::  Browser-CH</td>
                                                <td><span class='test-status pass'>pass</span></td>
                                            </tr>
                                            <tr>
                                                <td>Jan 12, 2019 11:20:43 PM</td>
                                                <td class='linked' test-id='20'>HomepageTest::validateGetSavingNowButton_HP ::  Browser-CH</td>
                                                <td><span class='test-status pass'>pass</span></td>
                                            </tr>
                                        </tbody>
                                    </table>
                                </div>
                            </div>
                        </li>

                </ul>
        </div>
    </div>

    <div class='subview-right left'>
        <div class='view-summary'>
            <h5 class='author-name'></h5>
        </div>
    </div>
</div>
<div id='exception-view' class='view hide'>

    <section id='controls'>
        <div class='controls grey lighten-4'>
            <!-- search -->
            <div class='chip transparent' alt='Search Tests' title='Search Tests'>
                <a href="#" class='search-div'>
                    <i class='material-icons'>search</i> Search
                </a>

                <div class='input-field left hide'>
                    <input id='search-tests' type='text' class='validate browser-default' placeholder='Search Tests...'>
                </div>

            </div>
            <!-- search -->
        </div>
    </section>

    <div class='subview-left left'>

        <div class='view-summary'>
            <h5>Exceptions</h3>
                <ul id='exception-collection' class='exception-collection'>

                        <li class='exception displayed active'>
                            <div class='exception-heading'>
                                <span class='exception-name'>java.lang.AssertionError</span>
                                <span class='exception-count right'><span class='label red lighten-1 white-text'>8</span></span>
                            </div>
                            <div class='exception-content hide'>
                                <div class='exception-tests'>
                                    <table class='bordered table-results'>
                                        <thead>
                                        <tr>
                                            <th>Timestamp</th>
                                            <th>TestName</th>
                                            <th>Status</th>
                                        </tr>
                                        </thead>
                                        <tbody>
                                                    <tr>
                                                        <td>Jan 12, 2019 10:46:02 PM</td>
                                                        <td class='linked' test-id='1'>RegistrationTest::validatePageHeading_RP ::  Browser-CH</td>
                                                        <td><pre><pre>java.lang.AssertionError: expected [CREATE AN ACCOUNTT] but found [CREATE AN ACCOUNT]
	at org.testng.Assert.fail(Assert.java:96)
	at org.testng.Assert.failNotEquals(Assert.java:776)
	at org.testng.Assert.assertEqualsImpl(Assert.java:137)
	at org.testng.Assert.assertEquals(Assert.java:118)
	at org.testng.Assert.assertEquals(Assert.java:453)
	at org.testng.Assert.assertEquals(Assert.java:463)
	at com.a3hp.automationpracticee.framework.test.createaccountandlogin.RegistrationTest.validatePageHeading_RP(RegistrationTest.java:112)
	at sun.reflect.NativeMethodAccessorImpl.invoke0(Native Method)
	at sun.reflect.NativeMethodAccessorImpl.invoke(NativeMethodAccessorImpl.java:62)
	at sun.reflect.DelegatingMethodAccessorImpl.invoke(DelegatingMethodAccessorImpl.java:43)
	at java.lang.reflect.Method.invoke(Method.java:498)
	at org.testng.internal.MethodInvocationHelper.invokeMethod(MethodInvocationHelper.java:124)
	at org.testng.internal.Invoker.invokeMethod(Invoker.java:583)
	at org.testng.internal.Invoker.invokeTestMethod(Invoker.java:719)
	at org.testng.internal.Invoker.invokeTestMethods(Invoker.java:989)
	at org.testng.internal.TestMethodWorker.invokeTestMethods(TestMethodWorker.java:125)
	at org.testng.internal.TestMethodWorker.run(TestMethodWorker.java:109)
	at org.testng.TestRunner.privateRun(TestRunner.java:648)
	at org.testng.TestRunner.run(TestRunner.java:505)
	at org.testng.SuiteRunner.runTest(SuiteRunner.java:455)
	at org.testng.SuiteRunner.access$000(SuiteRunner.java:40)
	at org.testng.SuiteRunner$SuiteWorker.run(SuiteRunner.java:489)
	at org.testng.internal.thread.ThreadUtil$1.call(ThreadUtil.java:52)
	at java.util.concurrent.FutureTask.run(FutureTask.java:266)
	at java.util.concurrent.ThreadPoolExecutor.runWorker(ThreadPoolExecutor.java:1142)
	at java.util.concurrent.ThreadPoolExecutor$Worker.run(ThreadPoolExecutor.java:617)
	at java.lang.Thread.run(Thread.java:748)
</pre></pre></td>
                                                    </tr>
                                                    <tr>
                                                        <td>Jan 12, 2019 10:46:44 PM</td>
                                                        <td class='linked' test-id='2'>RegistrationTest::validateBreadcrumbText_RP ::  Browser-CH</td>
                                                        <td><pre><pre>java.lang.AssertionError: expected [Authenticationn] but found [Authentication]
	at org.testng.Assert.fail(Assert.java:96)
	at org.testng.Assert.failNotEquals(Assert.java:776)
	at org.testng.Assert.assertEqualsImpl(Assert.java:137)
	at org.testng.Assert.assertEquals(Assert.java:118)
	at org.testng.Assert.assertEquals(Assert.java:453)
	at org.testng.Assert.assertEquals(Assert.java:463)
	at com.a3hp.automationpracticee.framework.test.createaccountandlogin.RegistrationTest.validateBreadcrumbText_RP(RegistrationTest.java:126)
	at sun.reflect.NativeMethodAccessorImpl.invoke0(Native Method)
	at sun.reflect.NativeMethodAccessorImpl.invoke(NativeMethodAccessorImpl.java:62)
	at sun.reflect.DelegatingMethodAccessorImpl.invoke(DelegatingMethodAccessorImpl.java:43)
	at java.lang.reflect.Method.invoke(Method.java:498)
	at org.testng.internal.MethodInvocationHelper.invokeMethod(MethodInvocationHelper.java:124)
	at org.testng.internal.Invoker.invokeMethod(Invoker.java:583)
	at org.testng.internal.Invoker.invokeTestMethod(Invoker.java:719)
	at org.testng.internal.Invoker.invokeTestMethods(Invoker.java:989)
	at org.testng.internal.TestMethodWorker.invokeTestMethods(TestMethodWorker.java:125)
	at org.testng.internal.TestMethodWorker.run(TestMethodWorker.java:109)
	at org.testng.TestRunner.privateRun(TestRunner.java:648)
	at org.testng.TestRunner.run(TestRunner.java:505)
	at org.testng.SuiteRunner.runTest(SuiteRunner.java:455)
	at org.testng.SuiteRunner.access$000(SuiteRunner.java:40)
	at org.testng.SuiteRunner$SuiteWorker.run(SuiteRunner.java:489)
	at org.testng.internal.thread.ThreadUtil$1.call(ThreadUtil.java:52)
	at java.util.concurrent.FutureTask.run(FutureTask.java:266)
	at java.util.concurrent.ThreadPoolExecutor.runWorker(ThreadPoolExecutor.java:1142)
	at java.util.concurrent.ThreadPoolExecutor$Worker.run(ThreadPoolExecutor.java:617)
	at java.lang.Thread.run(Thread.java:748)
</pre></pre></td>
                                                    </tr>
                                                    <tr>
                                                        <td>Jan 12, 2019 10:47:23 PM</td>
                                                        <td class='linked' test-id='3'>RegistrationTest::validatePageHeading_RP ::  Browser-FF</td>
                                                        <td><pre><pre>java.lang.AssertionError: expected [CREATE AN ACCOUNTT] but found [CREATE AN ACCOUNT]
	at org.testng.Assert.fail(Assert.java:96)
	at org.testng.Assert.failNotEquals(Assert.java:776)
	at org.testng.Assert.assertEqualsImpl(Assert.java:137)
	at org.testng.Assert.assertEquals(Assert.java:118)
	at org.testng.Assert.assertEquals(Assert.java:453)
	at org.testng.Assert.assertEquals(Assert.java:463)
	at com.a3hp.automationpracticee.framework.test.createaccountandlogin.RegistrationTest.validatePageHeading_RP(RegistrationTest.java:112)
	at sun.reflect.NativeMethodAccessorImpl.invoke0(Native Method)
	at sun.reflect.NativeMethodAccessorImpl.invoke(NativeMethodAccessorImpl.java:62)
	at sun.reflect.DelegatingMethodAccessorImpl.invoke(DelegatingMethodAccessorImpl.java:43)
	at java.lang.reflect.Method.invoke(Method.java:498)
	at org.testng.internal.MethodInvocationHelper.invokeMethod(MethodInvocationHelper.java:124)
	at org.testng.internal.Invoker.invokeMethod(Invoker.java:583)
	at org.testng.internal.Invoker.invokeTestMethod(Invoker.java:719)
	at org.testng.internal.Invoker.invokeTestMethods(Invoker.java:989)
	at org.testng.internal.TestMethodWorker.invokeTestMethods(TestMethodWorker.java:125)
	at org.testng.internal.TestMethodWorker.run(TestMethodWorker.java:109)
	at org.testng.TestRunner.privateRun(TestRunner.java:648)
	at org.testng.TestRunner.run(TestRunner.java:505)
	at org.testng.SuiteRunner.runTest(SuiteRunner.java:455)
	at org.testng.SuiteRunner.access$000(SuiteRunner.java:40)
	at org.testng.SuiteRunner$SuiteWorker.run(SuiteRunner.java:489)
	at org.testng.internal.thread.ThreadUtil$1.call(ThreadUtil.java:52)
	at java.util.concurrent.FutureTask.run(FutureTask.java:266)
	at java.util.concurrent.ThreadPoolExecutor.runWorker(ThreadPoolExecutor.java:1142)
	at java.util.concurrent.ThreadPoolExecutor$Worker.run(ThreadPoolExecutor.java:617)
	at java.lang.Thread.run(Thread.java:748)
</pre></pre></td>
                                                    </tr>
                                                    <tr>
                                                        <td>Jan 12, 2019 10:48:51 PM</td>
                                                        <td class='linked' test-id='4'>RegistrationTest::validateBreadcrumbText_RP ::  Browser-FF</td>
                                                        <td><pre><pre>java.lang.AssertionError: expected [Authenticationn] but found [Authentication]
	at org.testng.Assert.fail(Assert.java:96)
	at org.testng.Assert.failNotEquals(Assert.java:776)
	at org.testng.Assert.assertEqualsImpl(Assert.java:137)
	at org.testng.Assert.assertEquals(Assert.java:118)
	at org.testng.Assert.assertEquals(Assert.java:453)
	at org.testng.Assert.assertEquals(Assert.java:463)
	at com.a3hp.automationpracticee.framework.test.createaccountandlogin.RegistrationTest.validateBreadcrumbText_RP(RegistrationTest.java:126)
	at sun.reflect.NativeMethodAccessorImpl.invoke0(Native Method)
	at sun.reflect.NativeMethodAccessorImpl.invoke(NativeMethodAccessorImpl.java:62)
	at sun.reflect.DelegatingMethodAccessorImpl.invoke(DelegatingMethodAccessorImpl.java:43)
	at java.lang.reflect.Method.invoke(Method.java:498)
	at org.testng.internal.MethodInvocationHelper.invokeMethod(MethodInvocationHelper.java:124)
	at org.testng.internal.Invoker.invokeMethod(Invoker.java:583)
	at org.testng.internal.Invoker.invokeTestMethod(Invoker.java:719)
	at org.testng.internal.Invoker.invokeTestMethods(Invoker.java:989)
	at org.testng.internal.TestMethodWorker.invokeTestMethods(TestMethodWorker.java:125)
	at org.testng.internal.TestMethodWorker.run(TestMethodWorker.java:109)
	at org.testng.TestRunner.privateRun(TestRunner.java:648)
	at org.testng.TestRunner.run(TestRunner.java:505)
	at org.testng.SuiteRunner.runTest(SuiteRunner.java:455)
	at org.testng.SuiteRunner.access$000(SuiteRunner.java:40)
	at org.testng.SuiteRunner$SuiteWorker.run(SuiteRunner.java:489)
	at org.testng.internal.thread.ThreadUtil$1.call(ThreadUtil.java:52)
	at java.util.concurrent.FutureTask.run(FutureTask.java:266)
	at java.util.concurrent.ThreadPoolExecutor.runWorker(ThreadPoolExecutor.java:1142)
	at java.util.concurrent.ThreadPoolExecutor$Worker.run(ThreadPoolExecutor.java:617)
	at java.lang.Thread.run(Thread.java:748)
</pre></pre></td>
                                                    </tr>
                                                    <tr>
                                                        <td>Jan 12, 2019 10:50:35 PM</td>
                                                        <td class='linked' test-id='5'>ForgotPasswordTest::validateForgotPasswordPage_PageHeading_FP ::  Browser-FF</td>
                                                        <td><pre><pre>java.lang.AssertionError: expected [FORGOT YOUR PASSWORDD?] but found [FORGOT YOUR PASSWORD?]
	at org.testng.Assert.fail(Assert.java:96)
	at org.testng.Assert.failNotEquals(Assert.java:776)
	at org.testng.Assert.assertEqualsImpl(Assert.java:137)
	at org.testng.Assert.assertEquals(Assert.java:118)
	at org.testng.Assert.assertEquals(Assert.java:453)
	at org.testng.Assert.assertEquals(Assert.java:463)
	at com.a3hp.automationpracticee.framework.test.createaccountandlogin.ForgotPasswordTest.validateForgotPasswordPage_PageHeading_FP(ForgotPasswordTest.java:117)
	at sun.reflect.NativeMethodAccessorImpl.invoke0(Native Method)
	at sun.reflect.NativeMethodAccessorImpl.invoke(NativeMethodAccessorImpl.java:62)
	at sun.reflect.DelegatingMethodAccessorImpl.invoke(DelegatingMethodAccessorImpl.java:43)
	at java.lang.reflect.Method.invoke(Method.java:498)
	at org.testng.internal.MethodInvocationHelper.invokeMethod(MethodInvocationHelper.java:124)
	at org.testng.internal.Invoker.invokeMethod(Invoker.java:583)
	at org.testng.internal.Invoker.invokeTestMethod(Invoker.java:719)
	at org.testng.internal.Invoker.invokeTestMethods(Invoker.java:989)
	at org.testng.internal.TestMethodWorker.invokeTestMethods(TestMethodWorker.java:125)
	at org.testng.internal.TestMethodWorker.run(TestMethodWorker.java:109)
	at org.testng.TestRunner.privateRun(TestRunner.java:648)
	at org.testng.TestRunner.run(TestRunner.java:505)
	at org.testng.SuiteRunner.runTest(SuiteRunner.java:455)
	at org.testng.SuiteRunner.access$000(SuiteRunner.java:40)
	at org.testng.SuiteRunner$SuiteWorker.run(SuiteRunner.java:489)
	at org.testng.internal.thread.ThreadUtil$1.call(ThreadUtil.java:52)
	at java.util.concurrent.FutureTask.run(FutureTask.java:266)
	at java.util.concurrent.ThreadPoolExecutor.runWorker(ThreadPoolExecutor.java:1142)
	at java.util.concurrent.ThreadPoolExecutor$Worker.run(ThreadPoolExecutor.java:617)
	at java.lang.Thread.run(Thread.java:748)
</pre></pre></td>
                                                    </tr>
                                                    <tr>
                                                        <td>Jan 12, 2019 11:00:33 PM</td>
                                                        <td class='linked' test-id='7'>ForgotPasswordTest::validateForgotPasswordPage_PageHeading_FP ::  Browser-CH</td>
                                                        <td><pre><pre>java.lang.AssertionError: expected [FORGOT YOUR PASSWORDD?] but found [FORGOT YOUR PASSWORD?]
	at org.testng.Assert.fail(Assert.java:96)
	at org.testng.Assert.failNotEquals(Assert.java:776)
	at org.testng.Assert.assertEqualsImpl(Assert.java:137)
	at org.testng.Assert.assertEquals(Assert.java:118)
	at org.testng.Assert.assertEquals(Assert.java:453)
	at org.testng.Assert.assertEquals(Assert.java:463)
	at com.a3hp.automationpracticee.framework.test.createaccountandlogin.ForgotPasswordTest.validateForgotPasswordPage_PageHeading_FP(ForgotPasswordTest.java:117)
	at sun.reflect.NativeMethodAccessorImpl.invoke0(Native Method)
	at sun.reflect.NativeMethodAccessorImpl.invoke(NativeMethodAccessorImpl.java:62)
	at sun.reflect.DelegatingMethodAccessorImpl.invoke(DelegatingMethodAccessorImpl.java:43)
	at java.lang.reflect.Method.invoke(Method.java:498)
	at org.testng.internal.MethodInvocationHelper.invokeMethod(MethodInvocationHelper.java:124)
	at org.testng.internal.Invoker.invokeMethod(Invoker.java:583)
	at org.testng.internal.Invoker.invokeTestMethod(Invoker.java:719)
	at org.testng.internal.Invoker.invokeTestMethods(Invoker.java:989)
	at org.testng.internal.TestMethodWorker.invokeTestMethods(TestMethodWorker.java:125)
	at org.testng.internal.TestMethodWorker.run(TestMethodWorker.java:109)
	at org.testng.TestRunner.privateRun(TestRunner.java:648)
	at org.testng.TestRunner.run(TestRunner.java:505)
	at org.testng.SuiteRunner.runTest(SuiteRunner.java:455)
	at org.testng.SuiteRunner.access$000(SuiteRunner.java:40)
	at org.testng.SuiteRunner$SuiteWorker.run(SuiteRunner.java:489)
	at org.testng.internal.thread.ThreadUtil$1.call(ThreadUtil.java:52)
	at java.util.concurrent.FutureTask.run(FutureTask.java:266)
	at java.util.concurrent.ThreadPoolExecutor.runWorker(ThreadPoolExecutor.java:1142)
	at java.util.concurrent.ThreadPoolExecutor$Worker.run(ThreadPoolExecutor.java:617)
	at java.lang.Thread.run(Thread.java:748)
</pre></pre></td>
                                                    </tr>
                                                    <tr>
                                                        <td>Jan 12, 2019 11:11:13 PM</td>
                                                        <td class='linked' test-id='13'>SignInTest::validateLoginProcess_SIP ::  Browser-CH</td>
                                                        <td><pre><pre>java.lang.AssertionError: expected [MY ACCOUNT] but found [AUTHENTICATION]
	at org.testng.Assert.fail(Assert.java:96)
	at org.testng.Assert.failNotEquals(Assert.java:776)
	at org.testng.Assert.assertEqualsImpl(Assert.java:137)
	at org.testng.Assert.assertEquals(Assert.java:118)
	at org.testng.Assert.assertEquals(Assert.java:453)
	at org.testng.Assert.assertEquals(Assert.java:463)
	at com.a3hp.automationpracticee.framework.test.createaccountandlogin.SignInTest.validateLoginProcess_SIP(SignInTest.java:212)
	at sun.reflect.NativeMethodAccessorImpl.invoke0(Native Method)
	at sun.reflect.NativeMethodAccessorImpl.invoke(NativeMethodAccessorImpl.java:62)
	at sun.reflect.DelegatingMethodAccessorImpl.invoke(DelegatingMethodAccessorImpl.java:43)
	at java.lang.reflect.Method.invoke(Method.java:498)
	at org.testng.internal.MethodInvocationHelper.invokeMethod(MethodInvocationHelper.java:124)
	at org.testng.internal.Invoker.invokeMethod(Invoker.java:583)
	at org.testng.internal.Invoker.invokeTestMethod(Invoker.java:719)
	at org.testng.internal.Invoker.invokeTestMethods(Invoker.java:989)
	at org.testng.internal.TestMethodWorker.invokeTestMethods(TestMethodWorker.java:125)
	at org.testng.internal.TestMethodWorker.run(TestMethodWorker.java:109)
	at org.testng.TestRunner.privateRun(TestRunner.java:648)
	at org.testng.TestRunner.run(TestRunner.java:505)
	at org.testng.SuiteRunner.runTest(SuiteRunner.java:455)
	at org.testng.SuiteRunner.access$000(SuiteRunner.java:40)
	at org.testng.SuiteRunner$SuiteWorker.run(SuiteRunner.java:489)
	at org.testng.internal.thread.ThreadUtil$1.call(ThreadUtil.java:52)
	at java.util.concurrent.FutureTask.run(FutureTask.java:266)
	at java.util.concurrent.ThreadPoolExecutor.runWorker(ThreadPoolExecutor.java:1142)
	at java.util.concurrent.ThreadPoolExecutor$Worker.run(ThreadPoolExecutor.java:617)
	at java.lang.Thread.run(Thread.java:748)
</pre></pre></td>
                                                    </tr>
                                                    <tr>
                                                        <td>Jan 12, 2019 11:18:04 PM</td>
                                                        <td class='linked' test-id='18'>SignInTest::validateLoginProcess_SIP ::  Browser-FF</td>
                                                        <td><pre><pre>java.lang.AssertionError: expected [MY ACCOUNT] but found [AUTHENTICATION]
	at org.testng.Assert.fail(Assert.java:96)
	at org.testng.Assert.failNotEquals(Assert.java:776)
	at org.testng.Assert.assertEqualsImpl(Assert.java:137)
	at org.testng.Assert.assertEquals(Assert.java:118)
	at org.testng.Assert.assertEquals(Assert.java:453)
	at org.testng.Assert.assertEquals(Assert.java:463)
	at com.a3hp.automationpracticee.framework.test.createaccountandlogin.SignInTest.validateLoginProcess_SIP(SignInTest.java:212)
	at sun.reflect.NativeMethodAccessorImpl.invoke0(Native Method)
	at sun.reflect.NativeMethodAccessorImpl.invoke(NativeMethodAccessorImpl.java:62)
	at sun.reflect.DelegatingMethodAccessorImpl.invoke(DelegatingMethodAccessorImpl.java:43)
	at java.lang.reflect.Method.invoke(Method.java:498)
	at org.testng.internal.MethodInvocationHelper.invokeMethod(MethodInvocationHelper.java:124)
	at org.testng.internal.Invoker.invokeMethod(Invoker.java:583)
	at org.testng.internal.Invoker.invokeTestMethod(Invoker.java:719)
	at org.testng.internal.Invoker.invokeTestMethods(Invoker.java:989)
	at org.testng.internal.TestMethodWorker.invokeTestMethods(TestMethodWorker.java:125)
	at org.testng.internal.TestMethodWorker.run(TestMethodWorker.java:109)
	at org.testng.TestRunner.privateRun(TestRunner.java:648)
	at org.testng.TestRunner.run(TestRunner.java:505)
	at org.testng.SuiteRunner.runTest(SuiteRunner.java:455)
	at org.testng.SuiteRunner.access$000(SuiteRunner.java:40)
	at org.testng.SuiteRunner$SuiteWorker.run(SuiteRunner.java:489)
	at org.testng.internal.thread.ThreadUtil$1.call(ThreadUtil.java:52)
	at java.util.concurrent.FutureTask.run(FutureTask.java:266)
	at java.util.concurrent.ThreadPoolExecutor.runWorker(ThreadPoolExecutor.java:1142)
	at java.util.concurrent.ThreadPoolExecutor$Worker.run(ThreadPoolExecutor.java:617)
	at java.lang.Thread.run(Thread.java:748)
</pre></pre></td>
                                                    </tr>
                                        </tbody>
                                    </table>
                                </div>
                            </div>
                        </li>
                        <li class='exception displayed active'>
                            <div class='exception-heading'>
                                <span class='exception-name'>org.openqa.selenium.NoSuchElementException</span>
                                <span class='exception-count right'><span class='label red lighten-1 white-text'>2</span></span>
                            </div>
                            <div class='exception-content hide'>
                                <div class='exception-tests'>
                                    <table class='bordered table-results'>
                                        <thead>
                                        <tr>
                                            <th>Timestamp</th>
                                            <th>TestName</th>
                                            <th>Status</th>
                                        </tr>
                                        </thead>
                                        <tbody>
                                                    <tr>
                                                        <td>Jan 12, 2019 10:52:09 PM</td>
                                                        <td class='linked' test-id='6'>ForgotPasswordTest::validateforgotPasswordProcess_FP ::  Browser-FF</td>
                                                        <td><pre><pre>org.openqa.selenium.NoSuchElementException: Unable to locate element: //p[contains(@class, 'alert-success')]
For documentation on this error, please visit: http://seleniumhq.org/exceptions/no_such_element.html
Build info: version: '3.9.1', revision: '63f7b50', time: '2018-02-07T22:25:02.294Z'
System info: host: 'DESKTOP-MUQUGSJ', ip: '192.168.42.234', os.name: 'Windows 10', os.arch: 'amd64', os.version: '10.0', java.version: '1.8.0_131'
Driver info: org.openqa.selenium.firefox.FirefoxDriver
Capabilities {acceptInsecureCerts: true, browserName: firefox, browserVersion: 64.0.2, javascriptEnabled: true, moz:accessibilityChecks: false, moz:geckodriverVersion: 0.23.0, moz:headless: false, moz:processID: 2228, moz:profile: C:\Users\user\AppData\Local..., moz:shutdownTimeout: 60000, moz:useNonSpecCompliantPointerOrigin: false, moz:webdriverClick: true, pageLoadStrategy: normal, platform: WINDOWS, platformName: WINDOWS, platformVersion: 10.0, rotatable: false, setWindowRect: true, timeouts: {implicit: 0, pageLoad: 300000, script: 30000}, unhandledPromptBehavior: accept}
Session ID: d77aa240-813d-40f4-8c8b-5640395d7eb2
*** Element info: {Using=xpath, value=//p[contains(@class, 'alert-success')]}
	at sun.reflect.NativeConstructorAccessorImpl.newInstance0(Native Method)
	at sun.reflect.NativeConstructorAccessorImpl.newInstance(NativeConstructorAccessorImpl.java:62)
	at sun.reflect.DelegatingConstructorAccessorImpl.newInstance(DelegatingConstructorAccessorImpl.java:45)
	at java.lang.reflect.Constructor.newInstance(Constructor.java:423)
	at org.openqa.selenium.remote.http.W3CHttpResponseCodec.createException(W3CHttpResponseCodec.java:187)
	at org.openqa.selenium.remote.http.W3CHttpResponseCodec.decode(W3CHttpResponseCodec.java:122)
	at org.openqa.selenium.remote.http.W3CHttpResponseCodec.decode(W3CHttpResponseCodec.java:49)
	at org.openqa.selenium.remote.HttpCommandExecutor.execute(HttpCommandExecutor.java:158)
	at org.openqa.selenium.remote.service.DriverCommandExecutor.execute(DriverCommandExecutor.java:83)
	at org.openqa.selenium.remote.RemoteWebDriver.execute(RemoteWebDriver.java:543)
	at org.openqa.selenium.remote.RemoteWebDriver.findElement(RemoteWebDriver.java:317)
	at org.openqa.selenium.remote.RemoteWebDriver.findElementByXPath(RemoteWebDriver.java:419)
	at org.openqa.selenium.By$ByXPath.findElement(By.java:361)
	at org.openqa.selenium.remote.RemoteWebDriver.findElement(RemoteWebDriver.java:309)
	at org.openqa.selenium.support.pagefactory.DefaultElementLocator.findElement(DefaultElementLocator.java:69)
	at org.openqa.selenium.support.pagefactory.internal.LocatingElementHandler.invoke(LocatingElementHandler.java:38)
	at com.sun.proxy.$Proxy11.isDisplayed(Unknown Source)
	at com.a3hp.automationpracticee.framework.genericclasses.UI_GenericMethods1.gm_getActualText(UI_GenericMethods1.java:712)
	at com.a3hp.automationpracticee.framework.test.createaccountandlogin.ForgotPasswordTest.validateforgotPasswordProcess_FP(ForgotPasswordTest.java:142)
	at sun.reflect.NativeMethodAccessorImpl.invoke0(Native Method)
	at sun.reflect.NativeMethodAccessorImpl.invoke(NativeMethodAccessorImpl.java:62)
	at sun.reflect.DelegatingMethodAccessorImpl.invoke(DelegatingMethodAccessorImpl.java:43)
	at java.lang.reflect.Method.invoke(Method.java:498)
	at org.testng.internal.MethodInvocationHelper.invokeMethod(MethodInvocationHelper.java:124)
	at org.testng.internal.Invoker.invokeMethod(Invoker.java:583)
	at org.testng.internal.Invoker.invokeTestMethod(Invoker.java:719)
	at org.testng.internal.Invoker.invokeTestMethods(Invoker.java:989)
	at org.testng.internal.TestMethodWorker.invokeTestMethods(TestMethodWorker.java:125)
	at org.testng.internal.TestMethodWorker.run(TestMethodWorker.java:109)
	at org.testng.TestRunner.privateRun(TestRunner.java:648)
	at org.testng.TestRunner.run(TestRunner.java:505)
	at org.testng.SuiteRunner.runTest(SuiteRunner.java:455)
	at org.testng.SuiteRunner.access$000(SuiteRunner.java:40)
	at org.testng.SuiteRunner$SuiteWorker.run(SuiteRunner.java:489)
	at org.testng.internal.thread.ThreadUtil$1.call(ThreadUtil.java:52)
	at java.util.concurrent.FutureTask.run(FutureTask.java:266)
	at java.util.concurrent.ThreadPoolExecutor.runWorker(ThreadPoolExecutor.java:1142)
	at java.util.concurrent.ThreadPoolExecutor$Worker.run(ThreadPoolExecutor.java:617)
	at java.lang.Thread.run(Thread.java:748)
</pre></pre></td>
                                                    </tr>
                                                    <tr>
                                                        <td>Jan 12, 2019 11:01:20 PM</td>
                                                        <td class='linked' test-id='8'>ForgotPasswordTest::validateforgotPasswordProcess_FP ::  Browser-CH</td>
                                                        <td><pre><pre>org.openqa.selenium.NoSuchElementException: no such element: Unable to locate element: {"method":"xpath","selector":"//p[contains(@class, 'alert-success')]"}
  (Session info: chrome=71.0.3578.98)
  (Driver info: chromedriver=2.38.552522 (437e6fbedfa8762dec75e2c5b3ddb86763dc9dcb),platform=Windows NT 10.0.10240 x86_64) (WARNING: The server did not provide any stacktrace information)
Command duration or timeout: 0 milliseconds
For documentation on this error, please visit: http://seleniumhq.org/exceptions/no_such_element.html
Build info: version: '3.9.1', revision: '63f7b50', time: '2018-02-07T22:25:02.294Z'
System info: host: 'DESKTOP-MUQUGSJ', ip: '192.168.42.234', os.name: 'Windows 10', os.arch: 'amd64', os.version: '10.0', java.version: '1.8.0_131'
Driver info: org.openqa.selenium.chrome.ChromeDriver
Capabilities {acceptInsecureCerts: true, acceptSslCerts: true, applicationCacheEnabled: false, browserConnectionEnabled: false, browserName: chrome, chrome: {chromedriverVersion: 2.38.552522 (437e6fbedfa876..., userDataDir: C:\Users\user\AppData\Local...}, cssSelectorsEnabled: true, databaseEnabled: false, handlesAlerts: true, hasTouchScreen: false, javascriptEnabled: true, locationContextEnabled: true, mobileEmulationEnabled: false, nativeEvents: true, networkConnectionEnabled: false, pageLoadStrategy: normal, platform: XP, platformName: XP, rotatable: false, setWindowRect: true, takesHeapSnapshot: true, takesScreenshot: true, unexpectedAlertBehaviour: accept, unhandledPromptBehavior: accept, version: 71.0.3578.98, webStorageEnabled: true}
Session ID: 537f03d26d62a897e28bca86e4c02a44
*** Element info: {Using=xpath, value=//p[contains(@class, 'alert-success')]}
	at sun.reflect.NativeConstructorAccessorImpl.newInstance0(Native Method)
	at sun.reflect.NativeConstructorAccessorImpl.newInstance(NativeConstructorAccessorImpl.java:62)
	at sun.reflect.DelegatingConstructorAccessorImpl.newInstance(DelegatingConstructorAccessorImpl.java:45)
	at java.lang.reflect.Constructor.newInstance(Constructor.java:423)
	at org.openqa.selenium.remote.ErrorHandler.createThrowable(ErrorHandler.java:214)
	at org.openqa.selenium.remote.ErrorHandler.throwIfResponseFailed(ErrorHandler.java:166)
	at org.openqa.selenium.remote.http.JsonHttpResponseCodec.reconstructValue(JsonHttpResponseCodec.java:40)
	at org.openqa.selenium.remote.http.AbstractHttpResponseCodec.decode(AbstractHttpResponseCodec.java:80)
	at org.openqa.selenium.remote.http.AbstractHttpResponseCodec.decode(AbstractHttpResponseCodec.java:44)
	at org.openqa.selenium.remote.HttpCommandExecutor.execute(HttpCommandExecutor.java:158)
	at org.openqa.selenium.remote.service.DriverCommandExecutor.execute(DriverCommandExecutor.java:83)
	at org.openqa.selenium.remote.RemoteWebDriver.execute(RemoteWebDriver.java:543)
	at org.openqa.selenium.remote.RemoteWebDriver.findElement(RemoteWebDriver.java:317)
	at org.openqa.selenium.remote.RemoteWebDriver.findElementByXPath(RemoteWebDriver.java:419)
	at org.openqa.selenium.By$ByXPath.findElement(By.java:361)
	at org.openqa.selenium.remote.RemoteWebDriver.findElement(RemoteWebDriver.java:309)
	at org.openqa.selenium.support.pagefactory.DefaultElementLocator.findElement(DefaultElementLocator.java:69)
	at org.openqa.selenium.support.pagefactory.internal.LocatingElementHandler.invoke(LocatingElementHandler.java:38)
	at com.sun.proxy.$Proxy11.isDisplayed(Unknown Source)
	at com.a3hp.automationpracticee.framework.genericclasses.UI_GenericMethods1.gm_getActualText(UI_GenericMethods1.java:712)
	at com.a3hp.automationpracticee.framework.test.createaccountandlogin.ForgotPasswordTest.validateforgotPasswordProcess_FP(ForgotPasswordTest.java:142)
	at sun.reflect.NativeMethodAccessorImpl.invoke0(Native Method)
	at sun.reflect.NativeMethodAccessorImpl.invoke(NativeMethodAccessorImpl.java:62)
	at sun.reflect.DelegatingMethodAccessorImpl.invoke(DelegatingMethodAccessorImpl.java:43)
	at java.lang.reflect.Method.invoke(Method.java:498)
	at org.testng.internal.MethodInvocationHelper.invokeMethod(MethodInvocationHelper.java:124)
	at org.testng.internal.Invoker.invokeMethod(Invoker.java:583)
	at org.testng.internal.Invoker.invokeTestMethod(Invoker.java:719)
	at org.testng.internal.Invoker.invokeTestMethods(Invoker.java:989)
	at org.testng.internal.TestMethodWorker.invokeTestMethods(TestMethodWorker.java:125)
	at org.testng.internal.TestMethodWorker.run(TestMethodWorker.java:109)
	at org.testng.TestRunner.privateRun(TestRunner.java:648)
	at org.testng.TestRunner.run(TestRunner.java:505)
	at org.testng.SuiteRunner.runTest(SuiteRunner.java:455)
	at org.testng.SuiteRunner.access$000(SuiteRunner.java:40)
	at org.testng.SuiteRunner$SuiteWorker.run(SuiteRunner.java:489)
	at org.testng.internal.thread.ThreadUtil$1.call(ThreadUtil.java:52)
	at java.util.concurrent.FutureTask.run(FutureTask.java:266)
	at java.util.concurrent.ThreadPoolExecutor.runWorker(ThreadPoolExecutor.java:1142)
	at java.util.concurrent.ThreadPoolExecutor$Worker.run(ThreadPoolExecutor.java:617)
	at java.lang.Thread.run(Thread.java:748)
</pre></pre></td>
                                                    </tr>
                                        </tbody>
                                    </table>
                                </div>
                            </div>
                        </li>
                </ul>
        </div>
    </div>

    <div class='subview-right left'>
        <div class='view-summary'>
            <h5 class='exception-name'></h5>
        </div>
    </div>
</div>
<!-- exception view -->
<div id='dashboard-view' class='view hide'>
	<div class='card-panel transparent np-v'>
		<h5>Dashboard</h5>

		<div class='row'>
			<div class='col s2'>
				<div class='card-panel r'>
					Tests
					<div class='panel-lead'>20</div>
				</div>
			</div>
			<div class='col s2'>
				<div class='card-panel r'>
					Steps
					<div class='panel-lead'>68</div>
				</div>
			</div>
			<div class='col s2'>
				<div class='card-panel r'>
					Start
					<div class='panel-lead'>Jan 12, 2019 10:46:02 PM</div>
				</div>
			</div>
			<div class='col s2'>
				<div class='card-panel r'>
			 		End
			 		<div class='panel-lead'>Jan 12, 2019 11:23:53 PM</div>
				</div>
			</div>
			<div class='col s2'>
				<div class='card-panel r'>
					Time Taken
					<div class='panel-lead'>0h 37m 50s+459ms</div>
				</div>
			</div>
			<div class='col s4'>
				<div class='card-panel dashboard-environment'>
					<span class='right label cyan white-text'>Environment</span><p>&nbsp;</p>
					
					<table>
						<tr>
							<th>Name</th>
							<th>Value</th>
						</tr>
							<tr>
								<td>OS</td>
								<td>Windows10</td>
							</tr>
							<tr>
								<td>HostName</td>
								<td>VKHost</td>
							</tr>
							<tr>
								<td>Environment</td>
								<td>QA</td>
							</tr>
							<tr>
								<td>User Name</td>
								<td>Vkumar</td>
							</tr>
					</table>
				</div>
			</div>
			<div class='col s6'>
				<div class='card-panel dashboard-categories'>
					<span class='right label cyan white-text'>Categories</span><p>&nbsp;</p>
					
					<table>
						<tr>
							<th>Name</th>
							<th>Passed</th>
							<th>Failed</th>
							<th>Others</th>
							<th>Passed %</th>
						</tr>
						<tr>
							<td>RegistrationTest::SmoketestingandTextTesting--Live::Browser-CH</td>
							<td>0</td>
							<td>2</td>
							<td>0</td>
							<td>
									0%
							</td>
						</tr>
						<tr>
							<td>RegistrationTest::SmoketestingandTextTesting--Live::Browser-FF</td>
							<td>0</td>
							<td>2</td>
							<td>0</td>
							<td>
									0%
							</td>
						</tr>
						<tr>
							<td>ForgotPasswordTest::SmoketestingandTextTesting--Live::Browser-FF</td>
							<td>0</td>
							<td>2</td>
							<td>0</td>
							<td>
									0%
							</td>
						</tr>
						<tr>
							<td>ForgotPasswordTest::SmoketestingandTextTesting--Live::Browser-CH</td>
							<td>0</td>
							<td>2</td>
							<td>0</td>
							<td>
									0%
							</td>
						</tr>
						<tr>
							<td>SignInTest::SmoketestingandTextTesting--Live::Browser-CH</td>
							<td>4</td>
							<td>1</td>
							<td>0</td>
							<td>
									80%
							</td>
						</tr>
						<tr>
							<td>SignInTest::SmoketestingandTextTesting--Live::Browser-FF</td>
							<td>4</td>
							<td>1</td>
							<td>0</td>
							<td>
									80%
							</td>
						</tr>
						<tr>
							<td>HomepageTest::SmoketestingandTextTesting--Live::Browser-CH</td>
							<td>2</td>
							<td>0</td>
							<td>0</td>
							<td>
									100%
							</td>
						</tr>
					</table>
				</div>
			</div>
		</div>
	</div>
</div>
<!-- dashboard view -->
<!-- testrunner-logs view -->
		</div>
		<!-- container -->

		<script>
			var statusGroup = {
				passParent: 10,
				failParent: 10,
				fatalParent: 0,
				errorParent: 0,
				warningParent: 0,
				skipParent: 0,
				exceptionsParent: 10,
				
				passChild: 10,
				failChild: 20,
				fatalChild: 0,
				errorChild: 0,
				warningChild: 0,
				skipChild: 0,
				infoChild: 38,
				exceptionsChild: 20,
				
				passGrandChild: 0,
				failGrandChild: 0,
				fatalGrandChild: 0,
				errorGrandChild: 0,
				warningGrandChild: 0,
				skipGrandChild: 0,
				infoGrandChild: 0,
				exceptionsGrandChild: 0,
			};
		</script>
		
			<script src='https://cdn.rawgit.com/anshooarora/extentreports-java/fca20fb7653aade98810546ab96a2a4360e3e712/dist/js/extent.js' type='text/javascript'></script>
		
		
 		<script type='text/javascript'>
 		</script>
	</body>
	
</html>
