<!DOCTYPE html PUBLIC "-//W3C//DTD XHTML 1.1//EN" "http://www.w3.org/TR/xhtml11/DTD/xhtml11.dtd">
<html xmlns="http://www.w3.org/1999/xhtml">
<head>
<meta http-equiv="content-type" content="text/html; charset=UTF-8"/>
<title>TestNG Report</title>
<style type="text/css">table {margin-bottom:10px;border-collapse:collapse;empty-cells:show}th,td {border:1px solid #009;padding:.25em .5em}th {vertical-align:bottom}td {vertical-align:top}table a {font-weight:bold}.stripe td {background-color: #E6EBF9}.num {text-align:right}.passedodd td {background-color: #3F3}.passedeven td {background-color: #0A0}.skippedodd td {background-color: #DDD}.skippedeven td {background-color: #CCC}.failedodd td,.attn {background-color: #F33}.failedeven td,.stripe .attn {background-color: #D00}.stacktrace {white-space:pre;font-family:monospace}.totop {font-size:85%;text-align:center;border-bottom:2px solid #000}.invisible {display:none}</style>
</head>
<body>
<table>
<tr><th>Test</th><th># Passed</th><th># Skipped</th><th># Failed</th><th>Time (ms)</th><th>Included Groups</th><th>Excluded Groups</th></tr>
<tr><th colspan="7">Test</th></tr>
<tr><td><a href="#t0">CHTest3-RegistrationTest</a></td><td class="num">0</td><td class="num">0</td><td class="num attn">2</td><td class="num">80,911</td><td>txt, smoke</td><td></td></tr>
<tr class="stripe"><td><a href="#t1">FFTest3-RegistrationTest</a></td><td class="num">0</td><td class="num">0</td><td class="num attn">2</td><td class="num">191,336</td><td>txt, smoke</td><td></td></tr>
<tr><td><a href="#t2">FFTest4-ForgotPasswordTest</a></td><td class="num">0</td><td class="num">0</td><td class="num attn">2</td><td class="num">598,576</td><td>txt, smoke</td><td></td></tr>
<tr class="stripe"><td><a href="#t3">CHTest4-ForgotPasswordTest</a></td><td class="num">0</td><td class="num">0</td><td class="num attn">2</td><td class="num">502,790</td><td>txt, smoke</td><td></td></tr>
<tr><td><a href="#t4">CHTest1-SignInTest</a></td><td class="num">4</td><td class="num">0</td><td class="num attn">1</td><td class="num">188,516</td><td>txt, smoke</td><td></td></tr>
<tr class="stripe"><td><a href="#t5">FFTest1-SignInTest</a></td><td class="num">4</td><td class="num">0</td><td class="num attn">1</td><td class="num">455,267</td><td>txt, smoke</td><td></td></tr>
<tr><th>Total</th><th class="num">8</th><th class="num">0</th><th class="num attn">10</th><th class="num">2,017,396</th><th colspan="2"></th></tr>
</table>
<table id='summary'><thead><tr><th>Class</th><th>Method</th><th>Start</th><th>Time (ms)</th></tr></thead><tbody><tr><th colspan="4">Test</th></tr></tbody><tbody id="t0"><tr><th colspan="4">CHTest3-RegistrationTest &#8212; failed</th></tr><tr class="failedeven"><td rowspan="2">com.a3hp.automationpracticee.framework.test.createaccountandlogin.RegistrationTest</td><td><a href="#m0">validateBreadcrumbText_RP</a></td><td rowspan="1">1547313441715</td><td rowspan="1">697</td></tr><tr class="failedeven"><td><a href="#m1">validatePageHeading_RP</a></td><td rowspan="1">1547313401987</td><td rowspan="1">706</td></tr></tbody>
<tbody id="t1"><tr><th colspan="4">FFTest3-RegistrationTest &#8212; failed</th></tr><tr class="failedeven"><td rowspan="2">com.a3hp.automationpracticee.framework.test.createaccountandlogin.RegistrationTest</td><td><a href="#m2">validateBreadcrumbText_RP</a></td><td rowspan="1">1547313632823</td><td rowspan="1">204</td></tr><tr class="failedeven"><td><a href="#m3">validatePageHeading_RP</a></td><td rowspan="1">1547313529252</td><td rowspan="1">205</td></tr></tbody>
<tbody id="t2"><tr><th colspan="4">FFTest4-ForgotPasswordTest &#8212; failed</th></tr><tr class="failedeven"><td rowspan="2">com.a3hp.automationpracticee.framework.test.createaccountandlogin.ForgotPasswordTest</td><td><a href="#m4">validateForgotPasswordPage_PageHeading_FP</a></td><td rowspan="1">1547313727683</td><td rowspan="1">257</td></tr><tr class="failedeven"><td><a href="#m5">validateforgotPasswordProcess_FP</a></td><td rowspan="1">1547313829873</td><td rowspan="1">402062</td></tr></tbody>
<tbody id="t3"><tr><th colspan="4">CHTest4-ForgotPasswordTest &#8212; failed</th></tr><tr class="failedeven"><td rowspan="2">com.a3hp.automationpracticee.framework.test.createaccountandlogin.ForgotPasswordTest</td><td><a href="#m6">validateForgotPasswordPage_PageHeading_FP</a></td><td rowspan="1">1547314278839</td><td rowspan="1">593</td></tr><tr class="failedeven"><td><a href="#m7">validateforgotPasswordProcess_FP</a></td><td rowspan="1">1547314332542</td><td rowspan="1">402390</td></tr></tbody>
<tbody id="t4"><tr><th colspan="4">CHTest1-SignInTest &#8212; failed</th></tr><tr class="failedeven"><td rowspan="1">com.a3hp.automationpracticee.framework.test.createaccountandlogin.SignInTest</td><td><a href="#m8">validateLoginProcess_SIP</a></td><td rowspan="1">1547314920437</td><td rowspan="1">3210</td></tr><tr><th colspan="4">CHTest1-SignInTest &#8212; passed</th></tr><tr class="passedeven"><td rowspan="4">com.a3hp.automationpracticee.framework.test.createaccountandlogin.SignInTest</td><td><a href="#m9">validateRegistrationSectionHeading_SignInPage_SIP</a></td><td rowspan="1">1547314871535</td><td rowspan="1">660</td></tr><tr class="passedeven"><td><a href="#m10">validateSignInPageBreadcrumbText_SIP</a></td><td rowspan="1">1547314828087</td><td rowspan="1">693</td></tr><tr class="passedeven"><td><a href="#m11">validateSignInPage_PageHeading_SIP</a></td><td rowspan="1">1547314760435</td><td rowspan="1">686</td></tr><tr class="passedeven"><td><a href="#m12">validateSignInPage_SignInSectionHeading_SIP</a></td><td rowspan="1">1547314794276</td><td rowspan="1">670</td></tr></tbody>
<tbody id="t5"><tr><th colspan="4">FFTest1-SignInTest &#8212; failed</th></tr><tr class="failedeven"><td rowspan="1">com.a3hp.automationpracticee.framework.test.createaccountandlogin.SignInTest</td><td><a href="#m13">validateLoginProcess_SIP</a></td><td rowspan="1">1547315368822</td><td rowspan="1">8437</td></tr><tr><th colspan="4">FFTest1-SignInTest &#8212; passed</th></tr><tr class="passedeven"><td rowspan="4">com.a3hp.automationpracticee.framework.test.createaccountandlogin.SignInTest</td><td><a href="#m14">validateRegistrationSectionHeading_SignInPage_SIP</a></td><td rowspan="1">1547315282402</td><td rowspan="1">513</td></tr><tr class="passedeven"><td><a href="#m15">validateSignInPageBreadcrumbText_SIP</a></td><td rowspan="1">1547315197903</td><td rowspan="1">273</td></tr><tr class="passedeven"><td><a href="#m16">validateSignInPage_PageHeading_SIP</a></td><td rowspan="1">1547315012138</td><td rowspan="1">541</td></tr><tr class="passedeven"><td><a href="#m17">validateSignInPage_SignInSectionHeading_SIP</a></td><td rowspan="1">1547315113505</td><td rowspan="1">345</td></tr></tbody>
</table>
<h2>CHTest3-RegistrationTest</h2><h3 id="m0">com.a3hp.automationpracticee.framework.test.createaccountandlogin.RegistrationTest#validateBreadcrumbText_RP</h3><table class="result"><tr><th>Messages</th></tr><tr><td><div class="messages">ITestResult Test Started</div></td></tr><tr><th>Exception</th></tr><tr><td><div class="stacktrace">java.lang.AssertionError: expected [Authenticationn] but found [Authentication]
	at com.a3hp.automationpracticee.framework.test.createaccountandlogin.RegistrationTest.validateBreadcrumbText_RP(RegistrationTest.java:126)
	at java.util.concurrent.FutureTask.run(FutureTask.java:266)
	at java.util.concurrent.ThreadPoolExecutor.runWorker(ThreadPoolExecutor.java:1142)
	at java.util.concurrent.ThreadPoolExecutor$Worker.run(ThreadPoolExecutor.java:617)
	at java.lang.Thread.run(Thread.java:748)
... Removed 22 stack frames</div></td></tr></table><p class="totop"><a href="#summary">back to summary</a></p>
<h3 id="m1">com.a3hp.automationpracticee.framework.test.createaccountandlogin.RegistrationTest#validatePageHeading_RP</h3><table class="result"><tr><th>Messages</th></tr><tr><td><div class="messages">ITestResult Test Started</div></td></tr><tr><th>Exception</th></tr><tr><td><div class="stacktrace">java.lang.AssertionError: expected [CREATE AN ACCOUNTT] but found [CREATE AN ACCOUNT]
	at com.a3hp.automationpracticee.framework.test.createaccountandlogin.RegistrationTest.validatePageHeading_RP(RegistrationTest.java:112)
	at java.util.concurrent.FutureTask.run(FutureTask.java:266)
	at java.util.concurrent.ThreadPoolExecutor.runWorker(ThreadPoolExecutor.java:1142)
	at java.util.concurrent.ThreadPoolExecutor$Worker.run(ThreadPoolExecutor.java:617)
	at java.lang.Thread.run(Thread.java:748)
... Removed 22 stack frames</div></td></tr></table><p class="totop"><a href="#summary">back to summary</a></p>
<h2>FFTest3-RegistrationTest</h2><h3 id="m2">com.a3hp.automationpracticee.framework.test.createaccountandlogin.RegistrationTest#validateBreadcrumbText_RP</h3><table class="result"><tr><th>Messages</th></tr><tr><td><div class="messages">ITestResult Test Started</div></td></tr><tr><th>Exception</th></tr><tr><td><div class="stacktrace">java.lang.AssertionError: expected [Authenticationn] but found [Authentication]
	at com.a3hp.automationpracticee.framework.test.createaccountandlogin.RegistrationTest.validateBreadcrumbText_RP(RegistrationTest.java:126)
	at java.util.concurrent.FutureTask.run(FutureTask.java:266)
	at java.util.concurrent.ThreadPoolExecutor.runWorker(ThreadPoolExecutor.java:1142)
	at java.util.concurrent.ThreadPoolExecutor$Worker.run(ThreadPoolExecutor.java:617)
	at java.lang.Thread.run(Thread.java:748)
... Removed 22 stack frames</div></td></tr></table><p class="totop"><a href="#summary">back to summary</a></p>
<h3 id="m3">com.a3hp.automationpracticee.framework.test.createaccountandlogin.RegistrationTest#validatePageHeading_RP</h3><table class="result"><tr><th>Messages</th></tr><tr><td><div class="messages">ITestResult Test Started</div></td></tr><tr><th>Exception</th></tr><tr><td><div class="stacktrace">java.lang.AssertionError: expected [CREATE AN ACCOUNTT] but found [CREATE AN ACCOUNT]
	at com.a3hp.automationpracticee.framework.test.createaccountandlogin.RegistrationTest.validatePageHeading_RP(RegistrationTest.java:112)
	at java.util.concurrent.FutureTask.run(FutureTask.java:266)
	at java.util.concurrent.ThreadPoolExecutor.runWorker(ThreadPoolExecutor.java:1142)
	at java.util.concurrent.ThreadPoolExecutor$Worker.run(ThreadPoolExecutor.java:617)
	at java.lang.Thread.run(Thread.java:748)
... Removed 22 stack frames</div></td></tr></table><p class="totop"><a href="#summary">back to summary</a></p>
<h2>FFTest4-ForgotPasswordTest</h2><h3 id="m4">com.a3hp.automationpracticee.framework.test.createaccountandlogin.ForgotPasswordTest#validateForgotPasswordPage_PageHeading_FP</h3><table class="result"><tr><th>Messages</th></tr><tr><td><div class="messages">ITestResult Test Started</div></td></tr><tr><th>Exception</th></tr><tr><td><div class="stacktrace">java.lang.AssertionError: expected [FORGOT YOUR PASSWORDD?] but found [FORGOT YOUR PASSWORD?]
	at com.a3hp.automationpracticee.framework.test.createaccountandlogin.ForgotPasswordTest.validateForgotPasswordPage_PageHeading_FP(ForgotPasswordTest.java:117)
	at java.util.concurrent.FutureTask.run(FutureTask.java:266)
	at java.util.concurrent.ThreadPoolExecutor.runWorker(ThreadPoolExecutor.java:1142)
	at java.util.concurrent.ThreadPoolExecutor$Worker.run(ThreadPoolExecutor.java:617)
	at java.lang.Thread.run(Thread.java:748)
... Removed 22 stack frames</div></td></tr></table><p class="totop"><a href="#summary">back to summary</a></p>
<h3 id="m5">com.a3hp.automationpracticee.framework.test.createaccountandlogin.ForgotPasswordTest#validateforgotPasswordProcess_FP</h3><table class="result"><tr><th>Messages</th></tr><tr><td><div class="messages">ITestResult Test Started</div></td></tr><tr><th>Exception</th></tr><tr><td><div class="stacktrace">org.openqa.selenium.NoSuchElementException: Unable to locate element: //p[contains(@class, &apos;alert-success&apos;)]
For documentation on this error, please visit: http://seleniumhq.org/exceptions/no_such_element.html
Build info: version: &apos;3.9.1&apos;, revision: &apos;63f7b50&apos;, time: &apos;2018-02-07T22:25:02.294Z&apos;
System info: host: &apos;DESKTOP-MUQUGSJ&apos;, ip: &apos;192.168.42.234&apos;, os.name: &apos;Windows 10&apos;, os.arch: &apos;amd64&apos;, os.version: &apos;10.0&apos;, java.version: &apos;1.8.0_131&apos;
Driver info: org.openqa.selenium.firefox.FirefoxDriver
Capabilities {acceptInsecureCerts: true, browserName: firefox, browserVersion: 64.0.2, javascriptEnabled: true, moz:accessibilityChecks: false, moz:geckodriverVersion: 0.23.0, moz:headless: false, moz:processID: 2228, moz:profile: C:\Users\user\AppData\Local..., moz:shutdownTimeout: 60000, moz:useNonSpecCompliantPointerOrigin: false, moz:webdriverClick: true, pageLoadStrategy: normal, platform: WINDOWS, platformName: WINDOWS, platformVersion: 10.0, rotatable: false, setWindowRect: true, timeouts: {implicit: 0, pageLoad: 300000, script: 30000}, unhandledPromptBehavior: accept}
Session ID: d77aa240-813d-40f4-8c8b-5640395d7eb2
*** Element info: {Using=xpath, value=//p[contains(@class, &apos;alert-success&apos;)]}
	at org.openqa.selenium.remote.http.W3CHttpResponseCodec.createException(W3CHttpResponseCodec.java:187)
	at org.openqa.selenium.remote.http.W3CHttpResponseCodec.decode(W3CHttpResponseCodec.java:122)
	at org.openqa.selenium.remote.http.W3CHttpResponseCodec.decode(W3CHttpResponseCodec.java:49)
	at org.openqa.selenium.remote.HttpCommandExecutor.execute(HttpCommandExecutor.java:158)
	at org.openqa.selenium.remote.service.DriverCommandExecutor.execute(DriverCommandExecutor.java:83)
	at org.openqa.selenium.remote.RemoteWebDriver.execute(RemoteWebDriver.java:543)
	at org.openqa.selenium.remote.RemoteWebDriver.findElement(RemoteWebDriver.java:317)
	at org.openqa.selenium.remote.RemoteWebDriver.findElementByXPath(RemoteWebDriver.java:419)
	at org.openqa.selenium.By$ByXPath.findElement(By.java:361)
	at org.openqa.selenium.remote.RemoteWebDriver.findElement(RemoteWebDriver.java:309)
	at org.openqa.selenium.support.pagefactory.DefaultElementLocator.findElement(DefaultElementLocator.java:69)
	at org.openqa.selenium.support.pagefactory.internal.LocatingElementHandler.invoke(LocatingElementHandler.java:38)
	at com.sun.proxy.$Proxy11.isDisplayed(Unknown Source)
	at com.a3hp.automationpracticee.framework.genericclasses.UI_GenericMethods1.gm_getActualText(UI_GenericMethods1.java:712)
	at com.a3hp.automationpracticee.framework.test.createaccountandlogin.ForgotPasswordTest.validateforgotPasswordProcess_FP(ForgotPasswordTest.java:142)
	at java.util.concurrent.FutureTask.run(FutureTask.java:266)
	at java.util.concurrent.ThreadPoolExecutor.runWorker(ThreadPoolExecutor.java:1142)
	at java.util.concurrent.ThreadPoolExecutor$Worker.run(ThreadPoolExecutor.java:617)
	at java.lang.Thread.run(Thread.java:748)
... Removed 20 stack frames</div></td></tr></table><p class="totop"><a href="#summary">back to summary</a></p>
<h2>CHTest4-ForgotPasswordTest</h2><h3 id="m6">com.a3hp.automationpracticee.framework.test.createaccountandlogin.ForgotPasswordTest#validateForgotPasswordPage_PageHeading_FP</h3><table class="result"><tr><th>Messages</th></tr><tr><td><div class="messages">ITestResult Test Started</div></td></tr><tr><th>Exception</th></tr><tr><td><div class="stacktrace">java.lang.AssertionError: expected [FORGOT YOUR PASSWORDD?] but found [FORGOT YOUR PASSWORD?]
	at com.a3hp.automationpracticee.framework.test.createaccountandlogin.ForgotPasswordTest.validateForgotPasswordPage_PageHeading_FP(ForgotPasswordTest.java:117)
	at java.util.concurrent.FutureTask.run(FutureTask.java:266)
	at java.util.concurrent.ThreadPoolExecutor.runWorker(ThreadPoolExecutor.java:1142)
	at java.util.concurrent.ThreadPoolExecutor$Worker.run(ThreadPoolExecutor.java:617)
	at java.lang.Thread.run(Thread.java:748)
... Removed 22 stack frames</div></td></tr></table><p class="totop"><a href="#summary">back to summary</a></p>
<h3 id="m7">com.a3hp.automationpracticee.framework.test.createaccountandlogin.ForgotPasswordTest#validateforgotPasswordProcess_FP</h3><table class="result"><tr><th>Messages</th></tr><tr><td><div class="messages">ITestResult Test Started</div></td></tr><tr><th>Exception</th></tr><tr><td><div class="stacktrace">org.openqa.selenium.NoSuchElementException: no such element: Unable to locate element: {&quot;method&quot;:&quot;xpath&quot;,&quot;selector&quot;:&quot;//p[contains(@class, &apos;alert-success&apos;)]&quot;}
  (Session info: chrome=71.0.3578.98)
  (Driver info: chromedriver=2.38.552522 (437e6fbedfa8762dec75e2c5b3ddb86763dc9dcb),platform=Windows NT 10.0.10240 x86_64) (WARNING: The server did not provide any stacktrace information)
Command duration or timeout: 0 milliseconds
For documentation on this error, please visit: http://seleniumhq.org/exceptions/no_such_element.html
Build info: version: &apos;3.9.1&apos;, revision: &apos;63f7b50&apos;, time: &apos;2018-02-07T22:25:02.294Z&apos;
System info: host: &apos;DESKTOP-MUQUGSJ&apos;, ip: &apos;192.168.42.234&apos;, os.name: &apos;Windows 10&apos;, os.arch: &apos;amd64&apos;, os.version: &apos;10.0&apos;, java.version: &apos;1.8.0_131&apos;
Driver info: org.openqa.selenium.chrome.ChromeDriver
Capabilities {acceptInsecureCerts: true, acceptSslCerts: true, applicationCacheEnabled: false, browserConnectionEnabled: false, browserName: chrome, chrome: {chromedriverVersion: 2.38.552522 (437e6fbedfa876..., userDataDir: C:\Users\user\AppData\Local...}, cssSelectorsEnabled: true, databaseEnabled: false, handlesAlerts: true, hasTouchScreen: false, javascriptEnabled: true, locationContextEnabled: true, mobileEmulationEnabled: false, nativeEvents: true, networkConnectionEnabled: false, pageLoadStrategy: normal, platform: XP, platformName: XP, rotatable: false, setWindowRect: true, takesHeapSnapshot: true, takesScreenshot: true, unexpectedAlertBehaviour: accept, unhandledPromptBehavior: accept, version: 71.0.3578.98, webStorageEnabled: true}
Session ID: 537f03d26d62a897e28bca86e4c02a44
*** Element info: {Using=xpath, value=//p[contains(@class, &apos;alert-success&apos;)]}
	at org.openqa.selenium.remote.ErrorHandler.createThrowable(ErrorHandler.java:214)
	at org.openqa.selenium.remote.ErrorHandler.throwIfResponseFailed(ErrorHandler.java:166)
	at org.openqa.selenium.remote.http.JsonHttpResponseCodec.reconstructValue(JsonHttpResponseCodec.java:40)
	at org.openqa.selenium.remote.http.AbstractHttpResponseCodec.decode(AbstractHttpResponseCodec.java:80)
	at org.openqa.selenium.remote.http.AbstractHttpResponseCodec.decode(AbstractHttpResponseCodec.java:44)
	at org.openqa.selenium.remote.HttpCommandExecutor.execute(HttpCommandExecutor.java:158)
	at org.openqa.selenium.remote.service.DriverCommandExecutor.execute(DriverCommandExecutor.java:83)
	at org.openqa.selenium.remote.RemoteWebDriver.execute(RemoteWebDriver.java:543)
	at org.openqa.selenium.remote.RemoteWebDriver.findElement(RemoteWebDriver.java:317)
	at org.openqa.selenium.remote.RemoteWebDriver.findElementByXPath(RemoteWebDriver.java:419)
	at org.openqa.selenium.By$ByXPath.findElement(By.java:361)
	at org.openqa.selenium.remote.RemoteWebDriver.findElement(RemoteWebDriver.java:309)
	at org.openqa.selenium.support.pagefactory.DefaultElementLocator.findElement(DefaultElementLocator.java:69)
	at org.openqa.selenium.support.pagefactory.internal.LocatingElementHandler.invoke(LocatingElementHandler.java:38)
	at com.sun.proxy.$Proxy11.isDisplayed(Unknown Source)
	at com.a3hp.automationpracticee.framework.genericclasses.UI_GenericMethods1.gm_getActualText(UI_GenericMethods1.java:712)
	at com.a3hp.automationpracticee.framework.test.createaccountandlogin.ForgotPasswordTest.validateforgotPasswordProcess_FP(ForgotPasswordTest.java:142)
	at java.util.concurrent.FutureTask.run(FutureTask.java:266)
	at java.util.concurrent.ThreadPoolExecutor.runWorker(ThreadPoolExecutor.java:1142)
	at java.util.concurrent.ThreadPoolExecutor$Worker.run(ThreadPoolExecutor.java:617)
	at java.lang.Thread.run(Thread.java:748)
... Removed 20 stack frames</div></td></tr></table><p class="totop"><a href="#summary">back to summary</a></p>
<h2>CHTest1-SignInTest</h2><h3 id="m8">com.a3hp.automationpracticee.framework.test.createaccountandlogin.SignInTest#validateLoginProcess_SIP</h3><table class="result"><tr><th>Messages</th></tr><tr><td><div class="messages">ITestResult Test Started</div></td></tr><tr><th>Exception</th></tr><tr><td><div class="stacktrace">java.lang.AssertionError: expected [MY ACCOUNT] but found [AUTHENTICATION]
	at com.a3hp.automationpracticee.framework.test.createaccountandlogin.SignInTest.validateLoginProcess_SIP(SignInTest.java:212)
	at java.util.concurrent.FutureTask.run(FutureTask.java:266)
	at java.util.concurrent.ThreadPoolExecutor.runWorker(ThreadPoolExecutor.java:1142)
	at java.util.concurrent.ThreadPoolExecutor$Worker.run(ThreadPoolExecutor.java:617)
	at java.lang.Thread.run(Thread.java:748)
... Removed 22 stack frames</div></td></tr></table><p class="totop"><a href="#summary">back to summary</a></p>
<h3 id="m9">com.a3hp.automationpracticee.framework.test.createaccountandlogin.SignInTest#validateRegistrationSectionHeading_SignInPage_SIP</h3><table class="result"><tr><th>Messages</th></tr><tr><td><div class="messages">ITestResult Test Started</div></td></tr></table><p class="totop"><a href="#summary">back to summary</a></p>
<h3 id="m10">com.a3hp.automationpracticee.framework.test.createaccountandlogin.SignInTest#validateSignInPageBreadcrumbText_SIP</h3><table class="result"><tr><th>Messages</th></tr><tr><td><div class="messages">ITestResult Test Started</div></td></tr></table><p class="totop"><a href="#summary">back to summary</a></p>
<h3 id="m11">com.a3hp.automationpracticee.framework.test.createaccountandlogin.SignInTest#validateSignInPage_PageHeading_SIP</h3><table class="result"><tr><th>Messages</th></tr><tr><td><div class="messages">ITestResult Test Started</div></td></tr></table><p class="totop"><a href="#summary">back to summary</a></p>
<h3 id="m12">com.a3hp.automationpracticee.framework.test.createaccountandlogin.SignInTest#validateSignInPage_SignInSectionHeading_SIP</h3><table class="result"><tr><th>Messages</th></tr><tr><td><div class="messages">ITestResult Test Started</div></td></tr></table><p class="totop"><a href="#summary">back to summary</a></p>
<h2>FFTest1-SignInTest</h2><h3 id="m13">com.a3hp.automationpracticee.framework.test.createaccountandlogin.SignInTest#validateLoginProcess_SIP</h3><table class="result"><tr><th>Messages</th></tr><tr><td><div class="messages">ITestResult Test Started</div></td></tr><tr><th>Exception</th></tr><tr><td><div class="stacktrace">java.lang.AssertionError: expected [MY ACCOUNT] but found [AUTHENTICATION]
	at com.a3hp.automationpracticee.framework.test.createaccountandlogin.SignInTest.validateLoginProcess_SIP(SignInTest.java:212)
	at java.util.concurrent.FutureTask.run(FutureTask.java:266)
	at java.util.concurrent.ThreadPoolExecutor.runWorker(ThreadPoolExecutor.java:1142)
	at java.util.concurrent.ThreadPoolExecutor$Worker.run(ThreadPoolExecutor.java:617)
	at java.lang.Thread.run(Thread.java:748)
... Removed 22 stack frames</div></td></tr></table><p class="totop"><a href="#summary">back to summary</a></p>
<h3 id="m14">com.a3hp.automationpracticee.framework.test.createaccountandlogin.SignInTest#validateRegistrationSectionHeading_SignInPage_SIP</h3><table class="result"><tr><th>Messages</th></tr><tr><td><div class="messages">ITestResult Test Started</div></td></tr></table><p class="totop"><a href="#summary">back to summary</a></p>
<h3 id="m15">com.a3hp.automationpracticee.framework.test.createaccountandlogin.SignInTest#validateSignInPageBreadcrumbText_SIP</h3><table class="result"><tr><th>Messages</th></tr><tr><td><div class="messages">ITestResult Test Started</div></td></tr></table><p class="totop"><a href="#summary">back to summary</a></p>
<h3 id="m16">com.a3hp.automationpracticee.framework.test.createaccountandlogin.SignInTest#validateSignInPage_PageHeading_SIP</h3><table class="result"><tr><th>Messages</th></tr><tr><td><div class="messages">ITestResult Test Started</div></td></tr></table><p class="totop"><a href="#summary">back to summary</a></p>
<h3 id="m17">com.a3hp.automationpracticee.framework.test.createaccountandlogin.SignInTest#validateSignInPage_SignInSectionHeading_SIP</h3><table class="result"><tr><th>Messages</th></tr><tr><td><div class="messages">ITestResult Test Started</div></td></tr></table><p class="totop"><a href="#summary">back to summary</a></p>
</body>
</html>
