<!DOCTYPE html>

<html>
  <head>
  <meta charset='utf-8'>
  <title>TestNG reports</title>

    <link type="text/css" href="testng-reports.css" rel="stylesheet" />
    <script type="text/javascript" src="jquery-1.7.1.min.js"></script>
    <script type="text/javascript" src="testng-reports.js"></script>
    <script type="text/javascript" src="https://www.google.com/jsapi"></script>
    <script type='text/javascript'>
      google.load('visualization', '1', {packages:['table']});
      google.setOnLoadCallback(drawTable);
      var suiteTableInitFunctions = new Array();
      var suiteTableData = new Array();
    </script>
    <!--
      <script type="text/javascript" src="jquery-ui/js/jquery-ui-1.8.16.custom.min.js"></script>
     -->
  </head>

  <body>
    <div class="top-banner-root">
      <span class="top-banner-title-font">Test results</span>
      <br/>
      <span class="top-banner-font-1">1 suite, 10 failed tests</span>
    </div> <!-- top-banner-root -->
    <div class="navigator-root">
      <div class="navigator-suite-header">
        <span>All suites</span>
        <a href="#" class="collapse-all-link" title="Collapse/expand all the suites">
          <img class="collapse-all-icon" src="collapseall.gif">
          </img> <!-- collapse-all-icon -->
        </a> <!-- collapse-all-link -->
      </div> <!-- navigator-suite-header -->
      <div class="suite">
        <div class="rounded-window">
          <div class="suite-header light-rounded-window-top">
            <a href="#" class="navigator-link" panel-name="suite-Test">
              <span class="suite-name border-failed">Test</span>
            </a> <!-- navigator-link -->
          </div> <!-- suite-header light-rounded-window-top -->
          <div class="navigator-suite-content">
            <div class="suite-section-title">
              <span>Info</span>
            </div> <!-- suite-section-title -->
            <div class="suite-section-content">
              <ul>
                <li>
                  <a href="#" class="navigator-link " panel-name="test-xml-Test">
                    <span>G:\QA\AutomationTools\Jenkins\jenkins-2.89.4\Jenkins\workspace\SeleniumFirstProject_1201_1\testngsample2.xml</span>
                  </a> <!-- navigator-link  -->
                </li>
                <li>
                  <a href="#" class="navigator-link " panel-name="testlist-Test">
                    <span class="test-stats">9 tests</span>
                  </a> <!-- navigator-link  -->
                </li>
                <li>
                  <a href="#" class="navigator-link " panel-name="group-Test">
                    <span>12 groups</span>
                  </a> <!-- navigator-link  -->
                </li>
                <li>
                  <a href="#" class="navigator-link " panel-name="times-Test">
                    <span>Times</span>
                  </a> <!-- navigator-link  -->
                </li>
                <li>
                  <a href="#" class="navigator-link " panel-name="reporter-Test">
                    <span>Reporter output</span>
                  </a> <!-- navigator-link  -->
                </li>
                <li>
                  <a href="#" class="navigator-link " panel-name="ignored-methods-Test">
                    <span>Ignored methods</span>
                  </a> <!-- navigator-link  -->
                </li>
                <li>
                  <a href="#" class="navigator-link " panel-name="chronological-Test">
                    <span>Chronological view</span>
                  </a> <!-- navigator-link  -->
                </li>
              </ul>
            </div> <!-- suite-section-content -->
            <div class="result-section">
              <div class="suite-section-title">
                <span>Results</span>
              </div> <!-- suite-section-title -->
              <div class="suite-section-content">
                <ul>
                  <li>
                    <span class="method-stats">18 methods, 10 failed,   8 passed</span>
                  </li>
                  <li>
                    <span class="method-list-title failed">Failed methods</span>
                    <span class="show-or-hide-methods failed">
                      <a href="#" panel-name="suite-Test" class="hide-methods failed suite-Test"> (hide)</a> <!-- hide-methods failed suite-Test -->
                      <a href="#" panel-name="suite-Test" class="show-methods failed suite-Test"> (show)</a> <!-- show-methods failed suite-Test -->
                    </span>
                    <div class="method-list-content failed suite-Test">
                      <span>
                        <img width="3%" src="failed.png"/>
                        <a href="#" class="method navigator-link" panel-name="suite-Test" title="com.a3hp.automationpracticee.framework.test.createaccountandlogin.RegistrationTest" hash-for-method="validateBreadcrumbText_RP">validateBreadcrumbText_RP</a> <!-- method navigator-link -->
                      </span>
                      <br/>
                      <span>
                        <img width="3%" src="failed.png"/>
                        <a href="#" class="method navigator-link" panel-name="suite-Test" title="com.a3hp.automationpracticee.framework.test.createaccountandlogin.RegistrationTest" hash-for-method="validateBreadcrumbText_RP">validateBreadcrumbText_RP</a> <!-- method navigator-link -->
                      </span>
                      <br/>
                      <span>
                        <img width="3%" src="failed.png"/>
                        <a href="#" class="method navigator-link" panel-name="suite-Test" title="com.a3hp.automationpracticee.framework.test.createaccountandlogin.ForgotPasswordTest" hash-for-method="validateForgotPasswordPage_PageHeading_FP">validateForgotPasswordPage_PageHeading_FP</a> <!-- method navigator-link -->
                      </span>
                      <br/>
                      <span>
                        <img width="3%" src="failed.png"/>
                        <a href="#" class="method navigator-link" panel-name="suite-Test" title="com.a3hp.automationpracticee.framework.test.createaccountandlogin.ForgotPasswordTest" hash-for-method="validateForgotPasswordPage_PageHeading_FP">validateForgotPasswordPage_PageHeading_FP</a> <!-- method navigator-link -->
                      </span>
                      <br/>
                      <span>
                        <img width="3%" src="failed.png"/>
                        <a href="#" class="method navigator-link" panel-name="suite-Test" title="com.a3hp.automationpracticee.framework.test.createaccountandlogin.SignInTest" hash-for-method="validateLoginProcess_SIP">validateLoginProcess_SIP</a> <!-- method navigator-link -->
                      </span>
                      <br/>
                      <span>
                        <img width="3%" src="failed.png"/>
                        <a href="#" class="method navigator-link" panel-name="suite-Test" title="com.a3hp.automationpracticee.framework.test.createaccountandlogin.SignInTest" hash-for-method="validateLoginProcess_SIP">validateLoginProcess_SIP</a> <!-- method navigator-link -->
                      </span>
                      <br/>
                      <span>
                        <img width="3%" src="failed.png"/>
                        <a href="#" class="method navigator-link" panel-name="suite-Test" title="com.a3hp.automationpracticee.framework.test.createaccountandlogin.RegistrationTest" hash-for-method="validatePageHeading_RP">validatePageHeading_RP</a> <!-- method navigator-link -->
                      </span>
                      <br/>
                      <span>
                        <img width="3%" src="failed.png"/>
                        <a href="#" class="method navigator-link" panel-name="suite-Test" title="com.a3hp.automationpracticee.framework.test.createaccountandlogin.RegistrationTest" hash-for-method="validatePageHeading_RP">validatePageHeading_RP</a> <!-- method navigator-link -->
                      </span>
                      <br/>
                      <span>
                        <img width="3%" src="failed.png"/>
                        <a href="#" class="method navigator-link" panel-name="suite-Test" title="com.a3hp.automationpracticee.framework.test.createaccountandlogin.ForgotPasswordTest" hash-for-method="validateforgotPasswordProcess_FP">validateforgotPasswordProcess_FP</a> <!-- method navigator-link -->
                      </span>
                      <br/>
                      <span>
                        <img width="3%" src="failed.png"/>
                        <a href="#" class="method navigator-link" panel-name="suite-Test" title="com.a3hp.automationpracticee.framework.test.createaccountandlogin.ForgotPasswordTest" hash-for-method="validateforgotPasswordProcess_FP">validateforgotPasswordProcess_FP</a> <!-- method navigator-link -->
                      </span>
                      <br/>
                    </div> <!-- method-list-content failed suite-Test -->
                  </li>
                  <li>
                    <span class="method-list-title passed">Passed methods</span>
                    <span class="show-or-hide-methods passed">
                      <a href="#" panel-name="suite-Test" class="hide-methods passed suite-Test"> (hide)</a> <!-- hide-methods passed suite-Test -->
                      <a href="#" panel-name="suite-Test" class="show-methods passed suite-Test"> (show)</a> <!-- show-methods passed suite-Test -->
                    </span>
                    <div class="method-list-content passed suite-Test">
                      <span>
                        <img width="3%" src="passed.png"/>
                        <a href="#" class="method navigator-link" panel-name="suite-Test" title="com.a3hp.automationpracticee.framework.test.createaccountandlogin.SignInTest" hash-for-method="validateRegistrationSectionHeading_SignInPage_SIP">validateRegistrationSectionHeading_SignInPage_SIP</a> <!-- method navigator-link -->
                      </span>
                      <br/>
                      <span>
                        <img width="3%" src="passed.png"/>
                        <a href="#" class="method navigator-link" panel-name="suite-Test" title="com.a3hp.automationpracticee.framework.test.createaccountandlogin.SignInTest" hash-for-method="validateRegistrationSectionHeading_SignInPage_SIP">validateRegistrationSectionHeading_SignInPage_SIP</a> <!-- method navigator-link -->
                      </span>
                      <br/>
                      <span>
                        <img width="3%" src="passed.png"/>
                        <a href="#" class="method navigator-link" panel-name="suite-Test" title="com.a3hp.automationpracticee.framework.test.createaccountandlogin.SignInTest" hash-for-method="validateSignInPageBreadcrumbText_SIP">validateSignInPageBreadcrumbText_SIP</a> <!-- method navigator-link -->
                      </span>
                      <br/>
                      <span>
                        <img width="3%" src="passed.png"/>
                        <a href="#" class="method navigator-link" panel-name="suite-Test" title="com.a3hp.automationpracticee.framework.test.createaccountandlogin.SignInTest" hash-for-method="validateSignInPageBreadcrumbText_SIP">validateSignInPageBreadcrumbText_SIP</a> <!-- method navigator-link -->
                      </span>
                      <br/>
                      <span>
                        <img width="3%" src="passed.png"/>
                        <a href="#" class="method navigator-link" panel-name="suite-Test" title="com.a3hp.automationpracticee.framework.test.createaccountandlogin.SignInTest" hash-for-method="validateSignInPage_PageHeading_SIP">validateSignInPage_PageHeading_SIP</a> <!-- method navigator-link -->
                      </span>
                      <br/>
                      <span>
                        <img width="3%" src="passed.png"/>
                        <a href="#" class="method navigator-link" panel-name="suite-Test" title="com.a3hp.automationpracticee.framework.test.createaccountandlogin.SignInTest" hash-for-method="validateSignInPage_PageHeading_SIP">validateSignInPage_PageHeading_SIP</a> <!-- method navigator-link -->
                      </span>
                      <br/>
                      <span>
                        <img width="3%" src="passed.png"/>
                        <a href="#" class="method navigator-link" panel-name="suite-Test" title="com.a3hp.automationpracticee.framework.test.createaccountandlogin.SignInTest" hash-for-method="validateSignInPage_SignInSectionHeading_SIP">validateSignInPage_SignInSectionHeading_SIP</a> <!-- method navigator-link -->
                      </span>
                      <br/>
                      <span>
                        <img width="3%" src="passed.png"/>
                        <a href="#" class="method navigator-link" panel-name="suite-Test" title="com.a3hp.automationpracticee.framework.test.createaccountandlogin.SignInTest" hash-for-method="validateSignInPage_SignInSectionHeading_SIP">validateSignInPage_SignInSectionHeading_SIP</a> <!-- method navigator-link -->
                      </span>
                      <br/>
                    </div> <!-- method-list-content passed suite-Test -->
                  </li>
                </ul>
              </div> <!-- suite-section-content -->
            </div> <!-- result-section -->
          </div> <!-- navigator-suite-content -->
        </div> <!-- rounded-window -->
      </div> <!-- suite -->
    </div> <!-- navigator-root -->
    <div class="wrapper">
      <div class="main-panel-root">
        <div panel-name="suite-Test" class="panel Test">
          <div class="suite-Test-class-failed">
            <div class="main-panel-header rounded-window-top">
              <img src="failed.png"/>
              <span class="class-name">com.a3hp.automationpracticee.framework.test.createaccountandlogin.RegistrationTest</span>
            </div> <!-- main-panel-header rounded-window-top -->
            <div class="main-panel-content rounded-window-bottom">
              <div class="method">
                <div class="method-content">
                  <a name="validateBreadcrumbText_RP">
                  </a> <!-- validateBreadcrumbText_RP -->
                  <span class="method-name">validateBreadcrumbText_RP</span>
                  <div class="stack-trace">java.lang.AssertionError: expected [Authenticationn] but found [Authentication]
	at com.a3hp.automationpracticee.framework.test.createaccountandlogin.RegistrationTest.validateBreadcrumbText_RP(RegistrationTest.java:126)
	at java.util.concurrent.FutureTask.run(FutureTask.java:266)
	at java.util.concurrent.ThreadPoolExecutor.runWorker(ThreadPoolExecutor.java:1142)
	at java.util.concurrent.ThreadPoolExecutor$Worker.run(ThreadPoolExecutor.java:617)
	at java.lang.Thread.run(Thread.java:748)
... Removed 22 stack frames
</div> <!-- stack-trace -->
                </div> <!-- method-content -->
              </div> <!-- method -->
              <div class="method">
                <div class="method-content">
                  <a name="validateBreadcrumbText_RP">
                  </a> <!-- validateBreadcrumbText_RP -->
                  <span class="method-name">validateBreadcrumbText_RP</span>
                  <div class="stack-trace">java.lang.AssertionError: expected [Authenticationn] but found [Authentication]
	at com.a3hp.automationpracticee.framework.test.createaccountandlogin.RegistrationTest.validateBreadcrumbText_RP(RegistrationTest.java:126)
	at java.util.concurrent.FutureTask.run(FutureTask.java:266)
	at java.util.concurrent.ThreadPoolExecutor.runWorker(ThreadPoolExecutor.java:1142)
	at java.util.concurrent.ThreadPoolExecutor$Worker.run(ThreadPoolExecutor.java:617)
	at java.lang.Thread.run(Thread.java:748)
... Removed 22 stack frames
</div> <!-- stack-trace -->
                </div> <!-- method-content -->
              </div> <!-- method -->
              <div class="method">
                <div class="method-content">
                  <a name="validatePageHeading_RP">
                  </a> <!-- validatePageHeading_RP -->
                  <span class="method-name">validatePageHeading_RP</span>
                  <div class="stack-trace">java.lang.AssertionError: expected [CREATE AN ACCOUNTT] but found [CREATE AN ACCOUNT]
	at com.a3hp.automationpracticee.framework.test.createaccountandlogin.RegistrationTest.validatePageHeading_RP(RegistrationTest.java:112)
	at java.util.concurrent.FutureTask.run(FutureTask.java:266)
	at java.util.concurrent.ThreadPoolExecutor.runWorker(ThreadPoolExecutor.java:1142)
	at java.util.concurrent.ThreadPoolExecutor$Worker.run(ThreadPoolExecutor.java:617)
	at java.lang.Thread.run(Thread.java:748)
... Removed 22 stack frames
</div> <!-- stack-trace -->
                </div> <!-- method-content -->
              </div> <!-- method -->
              <div class="method">
                <div class="method-content">
                  <a name="validatePageHeading_RP">
                  </a> <!-- validatePageHeading_RP -->
                  <span class="method-name">validatePageHeading_RP</span>
                  <div class="stack-trace">java.lang.AssertionError: expected [CREATE AN ACCOUNTT] but found [CREATE AN ACCOUNT]
	at com.a3hp.automationpracticee.framework.test.createaccountandlogin.RegistrationTest.validatePageHeading_RP(RegistrationTest.java:112)
	at java.util.concurrent.FutureTask.run(FutureTask.java:266)
	at java.util.concurrent.ThreadPoolExecutor.runWorker(ThreadPoolExecutor.java:1142)
	at java.util.concurrent.ThreadPoolExecutor$Worker.run(ThreadPoolExecutor.java:617)
	at java.lang.Thread.run(Thread.java:748)
... Removed 22 stack frames
</div> <!-- stack-trace -->
                </div> <!-- method-content -->
              </div> <!-- method -->
            </div> <!-- main-panel-content rounded-window-bottom -->
          </div> <!-- suite-Test-class-failed -->
          <div class="suite-Test-class-failed">
            <div class="main-panel-header rounded-window-top">
              <img src="failed.png"/>
              <span class="class-name">com.a3hp.automationpracticee.framework.test.createaccountandlogin.SignInTest</span>
            </div> <!-- main-panel-header rounded-window-top -->
            <div class="main-panel-content rounded-window-bottom">
              <div class="method">
                <div class="method-content">
                  <a name="validateLoginProcess_SIP">
                  </a> <!-- validateLoginProcess_SIP -->
                  <span class="method-name">validateLoginProcess_SIP</span>
                  <div class="stack-trace">java.lang.AssertionError: expected [MY ACCOUNT] but found [AUTHENTICATION]
	at com.a3hp.automationpracticee.framework.test.createaccountandlogin.SignInTest.validateLoginProcess_SIP(SignInTest.java:212)
	at java.util.concurrent.FutureTask.run(FutureTask.java:266)
	at java.util.concurrent.ThreadPoolExecutor.runWorker(ThreadPoolExecutor.java:1142)
	at java.util.concurrent.ThreadPoolExecutor$Worker.run(ThreadPoolExecutor.java:617)
	at java.lang.Thread.run(Thread.java:748)
... Removed 22 stack frames
</div> <!-- stack-trace -->
                </div> <!-- method-content -->
              </div> <!-- method -->
              <div class="method">
                <div class="method-content">
                  <a name="validateLoginProcess_SIP">
                  </a> <!-- validateLoginProcess_SIP -->
                  <span class="method-name">validateLoginProcess_SIP</span>
                  <div class="stack-trace">java.lang.AssertionError: expected [MY ACCOUNT] but found [AUTHENTICATION]
	at com.a3hp.automationpracticee.framework.test.createaccountandlogin.SignInTest.validateLoginProcess_SIP(SignInTest.java:212)
	at java.util.concurrent.FutureTask.run(FutureTask.java:266)
	at java.util.concurrent.ThreadPoolExecutor.runWorker(ThreadPoolExecutor.java:1142)
	at java.util.concurrent.ThreadPoolExecutor$Worker.run(ThreadPoolExecutor.java:617)
	at java.lang.Thread.run(Thread.java:748)
... Removed 22 stack frames
</div> <!-- stack-trace -->
                </div> <!-- method-content -->
              </div> <!-- method -->
            </div> <!-- main-panel-content rounded-window-bottom -->
          </div> <!-- suite-Test-class-failed -->
          <div class="suite-Test-class-failed">
            <div class="main-panel-header rounded-window-top">
              <img src="failed.png"/>
              <span class="class-name">com.a3hp.automationpracticee.framework.test.createaccountandlogin.ForgotPasswordTest</span>
            </div> <!-- main-panel-header rounded-window-top -->
            <div class="main-panel-content rounded-window-bottom">
              <div class="method">
                <div class="method-content">
                  <a name="validateForgotPasswordPage_PageHeading_FP">
                  </a> <!-- validateForgotPasswordPage_PageHeading_FP -->
                  <span class="method-name">validateForgotPasswordPage_PageHeading_FP</span>
                  <div class="stack-trace">java.lang.AssertionError: expected [FORGOT YOUR PASSWORDD?] but found [FORGOT YOUR PASSWORD?]
	at com.a3hp.automationpracticee.framework.test.createaccountandlogin.ForgotPasswordTest.validateForgotPasswordPage_PageHeading_FP(ForgotPasswordTest.java:117)
	at java.util.concurrent.FutureTask.run(FutureTask.java:266)
	at java.util.concurrent.ThreadPoolExecutor.runWorker(ThreadPoolExecutor.java:1142)
	at java.util.concurrent.ThreadPoolExecutor$Worker.run(ThreadPoolExecutor.java:617)
	at java.lang.Thread.run(Thread.java:748)
... Removed 22 stack frames
</div> <!-- stack-trace -->
                </div> <!-- method-content -->
              </div> <!-- method -->
              <div class="method">
                <div class="method-content">
                  <a name="validateForgotPasswordPage_PageHeading_FP">
                  </a> <!-- validateForgotPasswordPage_PageHeading_FP -->
                  <span class="method-name">validateForgotPasswordPage_PageHeading_FP</span>
                  <div class="stack-trace">java.lang.AssertionError: expected [FORGOT YOUR PASSWORDD?] but found [FORGOT YOUR PASSWORD?]
	at com.a3hp.automationpracticee.framework.test.createaccountandlogin.ForgotPasswordTest.validateForgotPasswordPage_PageHeading_FP(ForgotPasswordTest.java:117)
	at java.util.concurrent.FutureTask.run(FutureTask.java:266)
	at java.util.concurrent.ThreadPoolExecutor.runWorker(ThreadPoolExecutor.java:1142)
	at java.util.concurrent.ThreadPoolExecutor$Worker.run(ThreadPoolExecutor.java:617)
	at java.lang.Thread.run(Thread.java:748)
... Removed 22 stack frames
</div> <!-- stack-trace -->
                </div> <!-- method-content -->
              </div> <!-- method -->
              <div class="method">
                <div class="method-content">
                  <a name="validateforgotPasswordProcess_FP">
                  </a> <!-- validateforgotPasswordProcess_FP -->
                  <span class="method-name">validateforgotPasswordProcess_FP</span>
                  <div class="stack-trace">org.openqa.selenium.NoSuchElementException: Unable to locate element: //p[contains(@class, &apos;alert-success&apos;)]
For documentation on this error, please visit: http://seleniumhq.org/exceptions/no_such_element.html
Build info: version: &apos;3.9.1&apos;, revision: &apos;63f7b50&apos;, time: &apos;2018-02-07T22:25:02.294Z&apos;
System info: host: &apos;DESKTOP-MUQUGSJ&apos;, ip: &apos;192.168.42.234&apos;, os.name: &apos;Windows 10&apos;, os.arch: &apos;amd64&apos;, os.version: &apos;10.0&apos;, java.version: &apos;1.8.0_131&apos;
Driver info: org.openqa.selenium.firefox.FirefoxDriver
Capabilities {acceptInsecureCerts: true, browserName: firefox, browserVersion: 64.0.2, javascriptEnabled: true, moz:accessibilityChecks: false, moz:geckodriverVersion: 0.23.0, moz:headless: false, moz:processID: 2228, moz:profile: C:\Users\user\AppData\Local..., moz:shutdownTimeout: 60000, moz:useNonSpecCompliantPointerOrigin: false, moz:webdriverClick: true, pageLoadStrategy: normal, platform: WINDOWS, platformName: WINDOWS, platformVersion: 10.0, rotatable: false, setWindowRect: true, timeouts: {implicit: 0, pageLoad: 300000, script: 30000}, unhandledPromptBehavior: accept}
Session ID: d77aa240-813d-40f4-8c8b-5640395d7eb2
*** Element info: {Using=xpath, value=//p[contains(@class, &apos;alert-success&apos;)]}
	at org.openqa.selenium.remote.http.W3CHttpResponseCodec.createException(W3CHttpResponseCodec.java:187)
	at org.openqa.selenium.remote.http.W3CHttpResponseCodec.decode(W3CHttpResponseCodec.java:122)
	at org.openqa.selenium.remote.http.W3CHttpResponseCodec.decode(W3CHttpResponseCodec.java:49)
	at org.openqa.selenium.remote.HttpCommandExecutor.execute(HttpCommandExecutor.java:158)
	at org.openqa.selenium.remote.service.DriverCommandExecutor.execute(DriverCommandExecutor.java:83)
	at org.openqa.selenium.remote.RemoteWebDriver.execute(RemoteWebDriver.java:543)
	at org.openqa.selenium.remote.RemoteWebDriver.findElement(RemoteWebDriver.java:317)
	at org.openqa.selenium.remote.RemoteWebDriver.findElementByXPath(RemoteWebDriver.java:419)
	at org.openqa.selenium.By$ByXPath.findElement(By.java:361)
	at org.openqa.selenium.remote.RemoteWebDriver.findElement(RemoteWebDriver.java:309)
	at org.openqa.selenium.support.pagefactory.DefaultElementLocator.findElement(DefaultElementLocator.java:69)
	at org.openqa.selenium.support.pagefactory.internal.LocatingElementHandler.invoke(LocatingElementHandler.java:38)
	at com.sun.proxy.$Proxy11.isDisplayed(Unknown Source)
	at com.a3hp.automationpracticee.framework.genericclasses.UI_GenericMethods1.gm_getActualText(UI_GenericMethods1.java:712)
	at com.a3hp.automationpracticee.framework.test.createaccountandlogin.ForgotPasswordTest.validateforgotPasswordProcess_FP(ForgotPasswordTest.java:142)
	at java.util.concurrent.FutureTask.run(FutureTask.java:266)
	at java.util.concurrent.ThreadPoolExecutor.runWorker(ThreadPoolExecutor.java:1142)
	at java.util.concurrent.ThreadPoolExecutor$Worker.run(ThreadPoolExecutor.java:617)
	at java.lang.Thread.run(Thread.java:748)
... Removed 20 stack frames
</div> <!-- stack-trace -->
                </div> <!-- method-content -->
              </div> <!-- method -->
              <div class="method">
                <div class="method-content">
                  <a name="validateforgotPasswordProcess_FP">
                  </a> <!-- validateforgotPasswordProcess_FP -->
                  <span class="method-name">validateforgotPasswordProcess_FP</span>
                  <div class="stack-trace">org.openqa.selenium.NoSuchElementException: no such element: Unable to locate element: {&quot;method&quot;:&quot;xpath&quot;,&quot;selector&quot;:&quot;//p[contains(@class, &apos;alert-success&apos;)]&quot;}
  (Session info: chrome=71.0.3578.98)
  (Driver info: chromedriver=2.38.552522 (437e6fbedfa8762dec75e2c5b3ddb86763dc9dcb),platform=Windows NT 10.0.10240 x86_64) (WARNING: The server did not provide any stacktrace information)
Command duration or timeout: 0 milliseconds
For documentation on this error, please visit: http://seleniumhq.org/exceptions/no_such_element.html
Build info: version: &apos;3.9.1&apos;, revision: &apos;63f7b50&apos;, time: &apos;2018-02-07T22:25:02.294Z&apos;
System info: host: &apos;DESKTOP-MUQUGSJ&apos;, ip: &apos;192.168.42.234&apos;, os.name: &apos;Windows 10&apos;, os.arch: &apos;amd64&apos;, os.version: &apos;10.0&apos;, java.version: &apos;1.8.0_131&apos;
Driver info: org.openqa.selenium.chrome.ChromeDriver
Capabilities {acceptInsecureCerts: true, acceptSslCerts: true, applicationCacheEnabled: false, browserConnectionEnabled: false, browserName: chrome, chrome: {chromedriverVersion: 2.38.552522 (437e6fbedfa876..., userDataDir: C:\Users\user\AppData\Local...}, cssSelectorsEnabled: true, databaseEnabled: false, handlesAlerts: true, hasTouchScreen: false, javascriptEnabled: true, locationContextEnabled: true, mobileEmulationEnabled: false, nativeEvents: true, networkConnectionEnabled: false, pageLoadStrategy: normal, platform: XP, platformName: XP, rotatable: false, setWindowRect: true, takesHeapSnapshot: true, takesScreenshot: true, unexpectedAlertBehaviour: accept, unhandledPromptBehavior: accept, version: 71.0.3578.98, webStorageEnabled: true}
Session ID: 537f03d26d62a897e28bca86e4c02a44
*** Element info: {Using=xpath, value=//p[contains(@class, &apos;alert-success&apos;)]}
	at org.openqa.selenium.remote.ErrorHandler.createThrowable(ErrorHandler.java:214)
	at org.openqa.selenium.remote.ErrorHandler.throwIfResponseFailed(ErrorHandler.java:166)
	at org.openqa.selenium.remote.http.JsonHttpResponseCodec.reconstructValue(JsonHttpResponseCodec.java:40)
	at org.openqa.selenium.remote.http.AbstractHttpResponseCodec.decode(AbstractHttpResponseCodec.java:80)
	at org.openqa.selenium.remote.http.AbstractHttpResponseCodec.decode(AbstractHttpResponseCodec.java:44)
	at org.openqa.selenium.remote.HttpCommandExecutor.execute(HttpCommandExecutor.java:158)
	at org.openqa.selenium.remote.service.DriverCommandExecutor.execute(DriverCommandExecutor.java:83)
	at org.openqa.selenium.remote.RemoteWebDriver.execute(RemoteWebDriver.java:543)
	at org.openqa.selenium.remote.RemoteWebDriver.findElement(RemoteWebDriver.java:317)
	at org.openqa.selenium.remote.RemoteWebDriver.findElementByXPath(RemoteWebDriver.java:419)
	at org.openqa.selenium.By$ByXPath.findElement(By.java:361)
	at org.openqa.selenium.remote.RemoteWebDriver.findElement(RemoteWebDriver.java:309)
	at org.openqa.selenium.support.pagefactory.DefaultElementLocator.findElement(DefaultElementLocator.java:69)
	at org.openqa.selenium.support.pagefactory.internal.LocatingElementHandler.invoke(LocatingElementHandler.java:38)
	at com.sun.proxy.$Proxy11.isDisplayed(Unknown Source)
	at com.a3hp.automationpracticee.framework.genericclasses.UI_GenericMethods1.gm_getActualText(UI_GenericMethods1.java:712)
	at com.a3hp.automationpracticee.framework.test.createaccountandlogin.ForgotPasswordTest.validateforgotPasswordProcess_FP(ForgotPasswordTest.java:142)
	at java.util.concurrent.FutureTask.run(FutureTask.java:266)
	at java.util.concurrent.ThreadPoolExecutor.runWorker(ThreadPoolExecutor.java:1142)
	at java.util.concurrent.ThreadPoolExecutor$Worker.run(ThreadPoolExecutor.java:617)
	at java.lang.Thread.run(Thread.java:748)
... Removed 20 stack frames
</div> <!-- stack-trace -->
                </div> <!-- method-content -->
              </div> <!-- method -->
            </div> <!-- main-panel-content rounded-window-bottom -->
          </div> <!-- suite-Test-class-failed -->
          <div class="suite-Test-class-passed">
            <div class="main-panel-header rounded-window-top">
              <img src="passed.png"/>
              <span class="class-name">com.a3hp.automationpracticee.framework.test.createaccountandlogin.SignInTest</span>
            </div> <!-- main-panel-header rounded-window-top -->
            <div class="main-panel-content rounded-window-bottom">
              <div class="method">
                <div class="method-content">
                  <a name="validateRegistrationSectionHeading_SignInPage_SIP">
                  </a> <!-- validateRegistrationSectionHeading_SignInPage_SIP -->
                  <span class="method-name">validateRegistrationSectionHeading_SignInPage_SIP</span>
                </div> <!-- method-content -->
              </div> <!-- method -->
              <div class="method">
                <div class="method-content">
                  <a name="validateRegistrationSectionHeading_SignInPage_SIP">
                  </a> <!-- validateRegistrationSectionHeading_SignInPage_SIP -->
                  <span class="method-name">validateRegistrationSectionHeading_SignInPage_SIP</span>
                </div> <!-- method-content -->
              </div> <!-- method -->
              <div class="method">
                <div class="method-content">
                  <a name="validateSignInPageBreadcrumbText_SIP">
                  </a> <!-- validateSignInPageBreadcrumbText_SIP -->
                  <span class="method-name">validateSignInPageBreadcrumbText_SIP</span>
                </div> <!-- method-content -->
              </div> <!-- method -->
              <div class="method">
                <div class="method-content">
                  <a name="validateSignInPageBreadcrumbText_SIP">
                  </a> <!-- validateSignInPageBreadcrumbText_SIP -->
                  <span class="method-name">validateSignInPageBreadcrumbText_SIP</span>
                </div> <!-- method-content -->
              </div> <!-- method -->
              <div class="method">
                <div class="method-content">
                  <a name="validateSignInPage_PageHeading_SIP">
                  </a> <!-- validateSignInPage_PageHeading_SIP -->
                  <span class="method-name">validateSignInPage_PageHeading_SIP</span>
                </div> <!-- method-content -->
              </div> <!-- method -->
              <div class="method">
                <div class="method-content">
                  <a name="validateSignInPage_PageHeading_SIP">
                  </a> <!-- validateSignInPage_PageHeading_SIP -->
                  <span class="method-name">validateSignInPage_PageHeading_SIP</span>
                </div> <!-- method-content -->
              </div> <!-- method -->
              <div class="method">
                <div class="method-content">
                  <a name="validateSignInPage_SignInSectionHeading_SIP">
                  </a> <!-- validateSignInPage_SignInSectionHeading_SIP -->
                  <span class="method-name">validateSignInPage_SignInSectionHeading_SIP</span>
                </div> <!-- method-content -->
              </div> <!-- method -->
              <div class="method">
                <div class="method-content">
                  <a name="validateSignInPage_SignInSectionHeading_SIP">
                  </a> <!-- validateSignInPage_SignInSectionHeading_SIP -->
                  <span class="method-name">validateSignInPage_SignInSectionHeading_SIP</span>
                </div> <!-- method-content -->
              </div> <!-- method -->
            </div> <!-- main-panel-content rounded-window-bottom -->
          </div> <!-- suite-Test-class-passed -->
        </div> <!-- panel Test -->
        <div panel-name="test-xml-Test" class="panel">
          <div class="main-panel-header rounded-window-top">
            <span class="header-content">G:\QA\AutomationTools\Jenkins\jenkins-2.89.4\Jenkins\workspace\SeleniumFirstProject_1201_1\testngsample2.xml</span>
          </div> <!-- main-panel-header rounded-window-top -->
          <div class="main-panel-content rounded-window-bottom">
            <pre>
&lt;?xml version=&quot;1.0&quot; encoding=&quot;UTF-8&quot;?&gt;
&lt;!DOCTYPE suite SYSTEM &quot;http://testng.org/testng-1.0.dtd&quot;&gt;
&lt;suite thread-count=&quot;1&quot; guice-stage=&quot;DEVELOPMENT&quot; verbose=&quot;0&quot; name=&quot;Test&quot; parallel=&quot;tests&quot;&gt;
  &lt;listeners&gt;
    &lt;listener class-name=&quot;com.a3hp.automationpracticee.framework.helper.TestBase.ListenersInSelenium&quot;/&gt;
  &lt;/listeners&gt;
  &lt;test thread-count=&quot;1&quot; verbose=&quot;0&quot; name=&quot;CHTest3-RegistrationTest&quot; parallel=&quot;tests&quot;&gt;
    &lt;parameter name=&quot;OSName&quot; value=&quot;WINDOWS&quot;/&gt;
    &lt;parameter name=&quot;URL&quot; value=&quot;http://automationpractice.com/index.php&quot;/&gt;
    &lt;parameter name=&quot;Browser&quot; value=&quot;CH&quot;/&gt;
    &lt;groups&gt;
      &lt;run&gt;
        &lt;include name=&quot;smoke&quot;/&gt;
        &lt;include name=&quot;txt&quot;/&gt;
      &lt;/run&gt;
    &lt;/groups&gt;
    &lt;classes&gt;
      &lt;class name=&quot;com.a3hp.automationpracticee.framework.test.createaccountandlogin.RegistrationTest&quot;/&gt;
    &lt;/classes&gt;
  &lt;/test&gt; &lt;!-- CHTest3-RegistrationTest --&gt;
  &lt;test thread-count=&quot;1&quot; verbose=&quot;0&quot; name=&quot;FFTest3-RegistrationTest&quot; parallel=&quot;tests&quot;&gt;
    &lt;parameter name=&quot;OSName&quot; value=&quot;WINDOWS&quot;/&gt;
    &lt;parameter name=&quot;URL&quot; value=&quot;http://automationpractice.com/index.php&quot;/&gt;
    &lt;parameter name=&quot;Browser&quot; value=&quot;FF&quot;/&gt;
    &lt;groups&gt;
      &lt;run&gt;
        &lt;include name=&quot;smoke&quot;/&gt;
        &lt;include name=&quot;txt&quot;/&gt;
      &lt;/run&gt;
    &lt;/groups&gt;
    &lt;classes&gt;
      &lt;class name=&quot;com.a3hp.automationpracticee.framework.test.createaccountandlogin.RegistrationTest&quot;/&gt;
    &lt;/classes&gt;
  &lt;/test&gt; &lt;!-- FFTest3-RegistrationTest --&gt;
  &lt;test thread-count=&quot;1&quot; verbose=&quot;0&quot; name=&quot;FFTest4-ForgotPasswordTest&quot; parallel=&quot;tests&quot;&gt;
    &lt;parameter name=&quot;OSName&quot; value=&quot;WINDOWS&quot;/&gt;
    &lt;parameter name=&quot;URL&quot; value=&quot;http://automationpractice.com/index.php&quot;/&gt;
    &lt;parameter name=&quot;Browser&quot; value=&quot;FF&quot;/&gt;
    &lt;groups&gt;
      &lt;run&gt;
        &lt;include name=&quot;smoke&quot;/&gt;
        &lt;include name=&quot;txt&quot;/&gt;
      &lt;/run&gt;
    &lt;/groups&gt;
    &lt;classes&gt;
      &lt;class name=&quot;com.a3hp.automationpracticee.framework.test.createaccountandlogin.ForgotPasswordTest&quot;/&gt;
    &lt;/classes&gt;
  &lt;/test&gt; &lt;!-- FFTest4-ForgotPasswordTest --&gt;
  &lt;test thread-count=&quot;1&quot; verbose=&quot;0&quot; name=&quot;CHTest4-ForgotPasswordTest&quot; parallel=&quot;tests&quot;&gt;
    &lt;parameter name=&quot;OSName&quot; value=&quot;WINDOWS&quot;/&gt;
    &lt;parameter name=&quot;URL&quot; value=&quot;http://automationpractice.com/index.php&quot;/&gt;
    &lt;parameter name=&quot;Browser&quot; value=&quot;CH&quot;/&gt;
    &lt;groups&gt;
      &lt;run&gt;
        &lt;include name=&quot;smoke&quot;/&gt;
        &lt;include name=&quot;txt&quot;/&gt;
      &lt;/run&gt;
    &lt;/groups&gt;
    &lt;classes&gt;
      &lt;class name=&quot;com.a3hp.automationpracticee.framework.test.createaccountandlogin.ForgotPasswordTest&quot;/&gt;
    &lt;/classes&gt;
  &lt;/test&gt; &lt;!-- CHTest4-ForgotPasswordTest --&gt;
  &lt;test thread-count=&quot;1&quot; verbose=&quot;0&quot; name=&quot;CHTest1-SignInTest&quot; parallel=&quot;tests&quot;&gt;
    &lt;parameter name=&quot;OSName&quot; value=&quot;WINDOWS&quot;/&gt;
    &lt;parameter name=&quot;URL&quot; value=&quot;http://automationpractice.com/index.php&quot;/&gt;
    &lt;parameter name=&quot;Browser&quot; value=&quot;CH&quot;/&gt;
    &lt;groups&gt;
      &lt;run&gt;
        &lt;include name=&quot;smoke&quot;/&gt;
        &lt;include name=&quot;txt&quot;/&gt;
      &lt;/run&gt;
    &lt;/groups&gt;
    &lt;classes&gt;
      &lt;class name=&quot;com.a3hp.automationpracticee.framework.test.createaccountandlogin.SignInTest&quot;/&gt;
    &lt;/classes&gt;
  &lt;/test&gt; &lt;!-- CHTest1-SignInTest --&gt;
  &lt;test thread-count=&quot;1&quot; verbose=&quot;0&quot; name=&quot;FFTest1-SignInTest&quot; parallel=&quot;tests&quot;&gt;
    &lt;parameter name=&quot;OSName&quot; value=&quot;WINDOWS&quot;/&gt;
    &lt;parameter name=&quot;URL&quot; value=&quot;http://automationpractice.com/index.php&quot;/&gt;
    &lt;parameter name=&quot;Browser&quot; value=&quot;FF&quot;/&gt;
    &lt;groups&gt;
      &lt;run&gt;
        &lt;include name=&quot;smoke&quot;/&gt;
        &lt;include name=&quot;txt&quot;/&gt;
      &lt;/run&gt;
    &lt;/groups&gt;
    &lt;classes&gt;
      &lt;class name=&quot;com.a3hp.automationpracticee.framework.test.createaccountandlogin.SignInTest&quot;/&gt;
    &lt;/classes&gt;
  &lt;/test&gt; &lt;!-- FFTest1-SignInTest --&gt;
  &lt;test thread-count=&quot;1&quot; verbose=&quot;0&quot; name=&quot;CHTest2-HomepageTest&quot; parallel=&quot;tests&quot;&gt;
    &lt;parameter name=&quot;OSName&quot; value=&quot;WINDOWS&quot;/&gt;
    &lt;parameter name=&quot;URL&quot; value=&quot;http://automationpractice.com/index.php&quot;/&gt;
    &lt;parameter name=&quot;Browser&quot; value=&quot;CH&quot;/&gt;
    &lt;groups&gt;
      &lt;run&gt;
        &lt;include name=&quot;smoke&quot;/&gt;
        &lt;include name=&quot;txt&quot;/&gt;
      &lt;/run&gt;
    &lt;/groups&gt;
    &lt;classes&gt;
      &lt;class name=&quot;com.a3hp.automationpracticee.framework.test.homepage.HomepageTest&quot;/&gt;
    &lt;/classes&gt;
  &lt;/test&gt; &lt;!-- CHTest2-HomepageTest --&gt;
  &lt;test thread-count=&quot;1&quot; verbose=&quot;0&quot; name=&quot;FFTest2-HomepageTest&quot; parallel=&quot;tests&quot;&gt;
    &lt;parameter name=&quot;OSName&quot; value=&quot;WINDOWS&quot;/&gt;
    &lt;parameter name=&quot;URL&quot; value=&quot;http://automationpractice.com/index.php&quot;/&gt;
    &lt;parameter name=&quot;Browser&quot; value=&quot;FF&quot;/&gt;
    &lt;groups&gt;
      &lt;run&gt;
        &lt;include name=&quot;smoke&quot;/&gt;
        &lt;include name=&quot;txt&quot;/&gt;
      &lt;/run&gt;
    &lt;/groups&gt;
    &lt;classes&gt;
      &lt;class name=&quot;com.a3hp.automationpracticee.framework.test.homepage.HomepageTest&quot;/&gt;
    &lt;/classes&gt;
  &lt;/test&gt; &lt;!-- FFTest2-HomepageTest --&gt;
  &lt;test thread-count=&quot;1&quot; verbose=&quot;0&quot; name=&quot;CHTest-TestRunner&quot; parallel=&quot;tests&quot;&gt;
    &lt;classes&gt;
      &lt;class name=&quot;com.a3hp.automationpracticee.framework.helper.TestBase.TestRunner&quot;/&gt;
    &lt;/classes&gt;
  &lt;/test&gt; &lt;!-- CHTest-TestRunner --&gt;
&lt;/suite&gt; &lt;!-- Test --&gt;
            </pre>
          </div> <!-- main-panel-content rounded-window-bottom -->
        </div> <!-- panel -->
        <div panel-name="testlist-Test" class="panel">
          <div class="main-panel-header rounded-window-top">
            <span class="header-content">Tests for Test</span>
          </div> <!-- main-panel-header rounded-window-top -->
          <div class="main-panel-content rounded-window-bottom">
            <ul>
              <li>
                <span class="test-name">CHTest3-RegistrationTest (1 class)</span>
              </li>
              <li>
                <span class="test-name">FFTest3-RegistrationTest (1 class)</span>
              </li>
              <li>
                <span class="test-name">FFTest4-ForgotPasswordTest (1 class)</span>
              </li>
              <li>
                <span class="test-name">CHTest4-ForgotPasswordTest (1 class)</span>
              </li>
              <li>
                <span class="test-name">CHTest1-SignInTest (1 class)</span>
              </li>
              <li>
                <span class="test-name">FFTest1-SignInTest (1 class)</span>
              </li>
              <li>
                <span class="test-name">CHTest2-HomepageTest (1 class)</span>
              </li>
              <li>
                <span class="test-name">FFTest2-HomepageTest (1 class)</span>
              </li>
              <li>
                <span class="test-name">CHTest-TestRunner (1 class)</span>
              </li>
            </ul>
          </div> <!-- main-panel-content rounded-window-bottom -->
        </div> <!-- panel -->
        <div panel-name="group-Test" class="panel">
          <div class="main-panel-header rounded-window-top">
            <span class="header-content">Groups for Test</span>
          </div> <!-- main-panel-header rounded-window-top -->
          <div class="main-panel-content rounded-window-bottom">
            <div class="test-group">
              <span class="test-group-name">ForgotPasswordpage_func</span>
              <br/>
              <div class="method-in-group">
                <span class="method-in-group-name">validateforgotPasswordProcess_FP</span>
                <br/>
              </div> <!-- method-in-group -->
            </div> <!-- test-group -->
            <div class="test-group">
              <span class="test-group-name">ForgotPasswordpage_smoke</span>
              <br/>
              <div class="method-in-group">
                <span class="method-in-group-name">validateforgotPasswordProcess_FP</span>
                <br/>
              </div> <!-- method-in-group -->
            </div> <!-- test-group -->
            <div class="test-group">
              <span class="test-group-name">ForgotPasswordpage_txt</span>
              <br/>
              <div class="method-in-group">
                <span class="method-in-group-name">validateForgotPasswordPage_PageHeading_FP</span>
                <br/>
              </div> <!-- method-in-group -->
            </div> <!-- test-group -->
            <div class="test-group">
              <span class="test-group-name">Low</span>
              <br/>
              <div class="method-in-group">
                <span class="method-in-group-name">validateBreadcrumbText_RP</span>
                <br/>
              </div> <!-- method-in-group -->
              <div class="method-in-group">
                <span class="method-in-group-name">validateForgotPasswordPage_PageHeading_FP</span>
                <br/>
              </div> <!-- method-in-group -->
              <div class="method-in-group">
                <span class="method-in-group-name">validatePageHeading_RP</span>
                <br/>
              </div> <!-- method-in-group -->
              <div class="method-in-group">
                <span class="method-in-group-name">validateRegistrationSectionHeading_SignInPage_SIP</span>
                <br/>
              </div> <!-- method-in-group -->
              <div class="method-in-group">
                <span class="method-in-group-name">validateSignInPageBreadcrumbText_SIP</span>
                <br/>
              </div> <!-- method-in-group -->
              <div class="method-in-group">
                <span class="method-in-group-name">validateSignInPage_PageHeading_SIP</span>
                <br/>
              </div> <!-- method-in-group -->
              <div class="method-in-group">
                <span class="method-in-group-name">validateSignInPage_SignInSectionHeading_SIP</span>
                <br/>
              </div> <!-- method-in-group -->
            </div> <!-- test-group -->
            <div class="test-group">
              <span class="test-group-name">Registrationpage_txt</span>
              <br/>
              <div class="method-in-group">
                <span class="method-in-group-name">validateBreadcrumbText_RP</span>
                <br/>
              </div> <!-- method-in-group -->
              <div class="method-in-group">
                <span class="method-in-group-name">validatePageHeading_RP</span>
                <br/>
              </div> <!-- method-in-group -->
            </div> <!-- test-group -->
            <div class="test-group">
              <span class="test-group-name">SignInpage_func</span>
              <br/>
              <div class="method-in-group">
                <span class="method-in-group-name">validateLoginProcess_SIP</span>
                <br/>
              </div> <!-- method-in-group -->
            </div> <!-- test-group -->
            <div class="test-group">
              <span class="test-group-name">SignInpage_smoke</span>
              <br/>
              <div class="method-in-group">
                <span class="method-in-group-name">validateLoginProcess_SIP</span>
                <br/>
              </div> <!-- method-in-group -->
            </div> <!-- test-group -->
            <div class="test-group">
              <span class="test-group-name">SignInpage_txt</span>
              <br/>
              <div class="method-in-group">
                <span class="method-in-group-name">validateRegistrationSectionHeading_SignInPage_SIP</span>
                <br/>
              </div> <!-- method-in-group -->
              <div class="method-in-group">
                <span class="method-in-group-name">validateSignInPageBreadcrumbText_SIP</span>
                <br/>
              </div> <!-- method-in-group -->
              <div class="method-in-group">
                <span class="method-in-group-name">validateSignInPage_PageHeading_SIP</span>
                <br/>
              </div> <!-- method-in-group -->
              <div class="method-in-group">
                <span class="method-in-group-name">validateSignInPage_SignInSectionHeading_SIP</span>
                <br/>
              </div> <!-- method-in-group -->
            </div> <!-- test-group -->
            <div class="test-group">
              <span class="test-group-name">createaccountandlogin</span>
              <br/>
              <div class="method-in-group">
                <span class="method-in-group-name">validateBreadcrumbText_RP</span>
                <br/>
              </div> <!-- method-in-group -->
              <div class="method-in-group">
                <span class="method-in-group-name">validateForgotPasswordPage_PageHeading_FP</span>
                <br/>
              </div> <!-- method-in-group -->
              <div class="method-in-group">
                <span class="method-in-group-name">validateLoginProcess_SIP</span>
                <br/>
              </div> <!-- method-in-group -->
              <div class="method-in-group">
                <span class="method-in-group-name">validatePageHeading_RP</span>
                <br/>
              </div> <!-- method-in-group -->
              <div class="method-in-group">
                <span class="method-in-group-name">validateRegistrationSectionHeading_SignInPage_SIP</span>
                <br/>
              </div> <!-- method-in-group -->
              <div class="method-in-group">
                <span class="method-in-group-name">validateSignInPageBreadcrumbText_SIP</span>
                <br/>
              </div> <!-- method-in-group -->
              <div class="method-in-group">
                <span class="method-in-group-name">validateSignInPage_PageHeading_SIP</span>
                <br/>
              </div> <!-- method-in-group -->
              <div class="method-in-group">
                <span class="method-in-group-name">validateSignInPage_SignInSectionHeading_SIP</span>
                <br/>
              </div> <!-- method-in-group -->
              <div class="method-in-group">
                <span class="method-in-group-name">validateforgotPasswordProcess_FP</span>
                <br/>
              </div> <!-- method-in-group -->
            </div> <!-- test-group -->
            <div class="test-group">
              <span class="test-group-name">func</span>
              <br/>
              <div class="method-in-group">
                <span class="method-in-group-name">validateLoginProcess_SIP</span>
                <br/>
              </div> <!-- method-in-group -->
              <div class="method-in-group">
                <span class="method-in-group-name">validateforgotPasswordProcess_FP</span>
                <br/>
              </div> <!-- method-in-group -->
            </div> <!-- test-group -->
            <div class="test-group">
              <span class="test-group-name">smoke</span>
              <br/>
              <div class="method-in-group">
                <span class="method-in-group-name">validateLoginProcess_SIP</span>
                <br/>
              </div> <!-- method-in-group -->
              <div class="method-in-group">
                <span class="method-in-group-name">validateRegistrationSectionHeading_SignInPage_SIP</span>
                <br/>
              </div> <!-- method-in-group -->
              <div class="method-in-group">
                <span class="method-in-group-name">validateforgotPasswordProcess_FP</span>
                <br/>
              </div> <!-- method-in-group -->
            </div> <!-- test-group -->
            <div class="test-group">
              <span class="test-group-name">txt</span>
              <br/>
              <div class="method-in-group">
                <span class="method-in-group-name">validateBreadcrumbText_RP</span>
                <br/>
              </div> <!-- method-in-group -->
              <div class="method-in-group">
                <span class="method-in-group-name">validateForgotPasswordPage_PageHeading_FP</span>
                <br/>
              </div> <!-- method-in-group -->
              <div class="method-in-group">
                <span class="method-in-group-name">validatePageHeading_RP</span>
                <br/>
              </div> <!-- method-in-group -->
              <div class="method-in-group">
                <span class="method-in-group-name">validateSignInPageBreadcrumbText_SIP</span>
                <br/>
              </div> <!-- method-in-group -->
              <div class="method-in-group">
                <span class="method-in-group-name">validateSignInPage_PageHeading_SIP</span>
                <br/>
              </div> <!-- method-in-group -->
              <div class="method-in-group">
                <span class="method-in-group-name">validateSignInPage_SignInSectionHeading_SIP</span>
                <br/>
              </div> <!-- method-in-group -->
            </div> <!-- test-group -->
          </div> <!-- main-panel-content rounded-window-bottom -->
        </div> <!-- panel -->
        <div panel-name="times-Test" class="panel">
          <div class="main-panel-header rounded-window-top">
            <span class="header-content">Times for Test</span>
          </div> <!-- main-panel-header rounded-window-top -->
          <div class="main-panel-content rounded-window-bottom">
            <div class="times-div">
              <script type="text/javascript">
suiteTableInitFunctions.push('tableData_Test');
function tableData_Test() {
var data = new google.visualization.DataTable();
data.addColumn('number', 'Number');
data.addColumn('string', 'Method');
data.addColumn('string', 'Class');
data.addColumn('number', 'Time (ms)');
data.addRows(18);
data.setCell(0, 0, 0)
data.setCell(0, 1, 'validateforgotPasswordProcess_FP')
data.setCell(0, 2, 'com.a3hp.automationpracticee.framework.test.createaccountandlogin.ForgotPasswordTest')
data.setCell(0, 3, 402390);
data.setCell(1, 0, 1)
data.setCell(1, 1, 'validateforgotPasswordProcess_FP')
data.setCell(1, 2, 'com.a3hp.automationpracticee.framework.test.createaccountandlogin.ForgotPasswordTest')
data.setCell(1, 3, 402062);
data.setCell(2, 0, 2)
data.setCell(2, 1, 'validateLoginProcess_SIP')
data.setCell(2, 2, 'com.a3hp.automationpracticee.framework.test.createaccountandlogin.SignInTest')
data.setCell(2, 3, 8437);
data.setCell(3, 0, 3)
data.setCell(3, 1, 'validateLoginProcess_SIP')
data.setCell(3, 2, 'com.a3hp.automationpracticee.framework.test.createaccountandlogin.SignInTest')
data.setCell(3, 3, 3210);
data.setCell(4, 0, 4)
data.setCell(4, 1, 'validatePageHeading_RP')
data.setCell(4, 2, 'com.a3hp.automationpracticee.framework.test.createaccountandlogin.RegistrationTest')
data.setCell(4, 3, 706);
data.setCell(5, 0, 5)
data.setCell(5, 1, 'validateBreadcrumbText_RP')
data.setCell(5, 2, 'com.a3hp.automationpracticee.framework.test.createaccountandlogin.RegistrationTest')
data.setCell(5, 3, 697);
data.setCell(6, 0, 6)
data.setCell(6, 1, 'validateSignInPageBreadcrumbText_SIP')
data.setCell(6, 2, 'com.a3hp.automationpracticee.framework.test.createaccountandlogin.SignInTest')
data.setCell(6, 3, 693);
data.setCell(7, 0, 7)
data.setCell(7, 1, 'validateSignInPage_PageHeading_SIP')
data.setCell(7, 2, 'com.a3hp.automationpracticee.framework.test.createaccountandlogin.SignInTest')
data.setCell(7, 3, 686);
data.setCell(8, 0, 8)
data.setCell(8, 1, 'validateSignInPage_SignInSectionHeading_SIP')
data.setCell(8, 2, 'com.a3hp.automationpracticee.framework.test.createaccountandlogin.SignInTest')
data.setCell(8, 3, 670);
data.setCell(9, 0, 9)
data.setCell(9, 1, 'validateRegistrationSectionHeading_SignInPage_SIP')
data.setCell(9, 2, 'com.a3hp.automationpracticee.framework.test.createaccountandlogin.SignInTest')
data.setCell(9, 3, 660);
data.setCell(10, 0, 10)
data.setCell(10, 1, 'validateForgotPasswordPage_PageHeading_FP')
data.setCell(10, 2, 'com.a3hp.automationpracticee.framework.test.createaccountandlogin.ForgotPasswordTest')
data.setCell(10, 3, 593);
data.setCell(11, 0, 11)
data.setCell(11, 1, 'validateSignInPage_PageHeading_SIP')
data.setCell(11, 2, 'com.a3hp.automationpracticee.framework.test.createaccountandlogin.SignInTest')
data.setCell(11, 3, 541);
data.setCell(12, 0, 12)
data.setCell(12, 1, 'validateRegistrationSectionHeading_SignInPage_SIP')
data.setCell(12, 2, 'com.a3hp.automationpracticee.framework.test.createaccountandlogin.SignInTest')
data.setCell(12, 3, 513);
data.setCell(13, 0, 13)
data.setCell(13, 1, 'validateSignInPage_SignInSectionHeading_SIP')
data.setCell(13, 2, 'com.a3hp.automationpracticee.framework.test.createaccountandlogin.SignInTest')
data.setCell(13, 3, 345);
data.setCell(14, 0, 14)
data.setCell(14, 1, 'validateSignInPageBreadcrumbText_SIP')
data.setCell(14, 2, 'com.a3hp.automationpracticee.framework.test.createaccountandlogin.SignInTest')
data.setCell(14, 3, 273);
data.setCell(15, 0, 15)
data.setCell(15, 1, 'validateForgotPasswordPage_PageHeading_FP')
data.setCell(15, 2, 'com.a3hp.automationpracticee.framework.test.createaccountandlogin.ForgotPasswordTest')
data.setCell(15, 3, 257);
data.setCell(16, 0, 16)
data.setCell(16, 1, 'validatePageHeading_RP')
data.setCell(16, 2, 'com.a3hp.automationpracticee.framework.test.createaccountandlogin.RegistrationTest')
data.setCell(16, 3, 205);
data.setCell(17, 0, 17)
data.setCell(17, 1, 'validateBreadcrumbText_RP')
data.setCell(17, 2, 'com.a3hp.automationpracticee.framework.test.createaccountandlogin.RegistrationTest')
data.setCell(17, 3, 204);
window.suiteTableData['Test']= { tableData: data, tableDiv: 'times-div-Test'}
return data;
}
              </script>
              <span class="suite-total-time">Total running time: 13 minutes</span>
              <div id="times-div-Test">
              </div> <!-- times-div-Test -->
            </div> <!-- times-div -->
          </div> <!-- main-panel-content rounded-window-bottom -->
        </div> <!-- panel -->
        <div panel-name="reporter-Test" class="panel">
          <div class="main-panel-header rounded-window-top">
            <span class="header-content">Reporter output for Test</span>
          </div> <!-- main-panel-header rounded-window-top -->
          <div class="main-panel-content rounded-window-bottom">
            <div class="reporter-method-div">
              <span class="reporter-method-name">validatePageHeading_RP</span>
              <div class="reporter-method-output-div">
                <span class="reporter-method-output">ITestResult Test Started</span>
              </div> <!-- reporter-method-output-div -->
            </div> <!-- reporter-method-div -->
            <div class="reporter-method-div">
              <span class="reporter-method-name">validateBreadcrumbText_RP</span>
              <div class="reporter-method-output-div">
                <span class="reporter-method-output">ITestResult Test Started</span>
              </div> <!-- reporter-method-output-div -->
            </div> <!-- reporter-method-div -->
            <div class="reporter-method-div">
              <span class="reporter-method-name">validateBreadcrumbText_RP</span>
              <div class="reporter-method-output-div">
                <span class="reporter-method-output">ITestResult Test Started</span>
              </div> <!-- reporter-method-output-div -->
            </div> <!-- reporter-method-div -->
            <div class="reporter-method-div">
              <span class="reporter-method-name">validatePageHeading_RP</span>
              <div class="reporter-method-output-div">
                <span class="reporter-method-output">ITestResult Test Started</span>
              </div> <!-- reporter-method-output-div -->
            </div> <!-- reporter-method-div -->
            <div class="reporter-method-div">
              <span class="reporter-method-name">validateForgotPasswordPage_PageHeading_FP</span>
              <div class="reporter-method-output-div">
                <span class="reporter-method-output">ITestResult Test Started</span>
              </div> <!-- reporter-method-output-div -->
            </div> <!-- reporter-method-div -->
            <div class="reporter-method-div">
              <span class="reporter-method-name">validateforgotPasswordProcess_FP</span>
              <div class="reporter-method-output-div">
                <span class="reporter-method-output">ITestResult Test Started</span>
              </div> <!-- reporter-method-output-div -->
            </div> <!-- reporter-method-div -->
            <div class="reporter-method-div">
              <span class="reporter-method-name">validateforgotPasswordProcess_FP</span>
              <div class="reporter-method-output-div">
                <span class="reporter-method-output">ITestResult Test Started</span>
              </div> <!-- reporter-method-output-div -->
            </div> <!-- reporter-method-div -->
            <div class="reporter-method-div">
              <span class="reporter-method-name">validateForgotPasswordPage_PageHeading_FP</span>
              <div class="reporter-method-output-div">
                <span class="reporter-method-output">ITestResult Test Started</span>
              </div> <!-- reporter-method-output-div -->
            </div> <!-- reporter-method-div -->
            <div class="reporter-method-div">
              <span class="reporter-method-name">validateSignInPageBreadcrumbText_SIP</span>
              <div class="reporter-method-output-div">
                <span class="reporter-method-output">ITestResult Test Started</span>
              </div> <!-- reporter-method-output-div -->
            </div> <!-- reporter-method-div -->
            <div class="reporter-method-div">
              <span class="reporter-method-name">validateRegistrationSectionHeading_SignInPage_SIP</span>
              <div class="reporter-method-output-div">
                <span class="reporter-method-output">ITestResult Test Started</span>
              </div> <!-- reporter-method-output-div -->
            </div> <!-- reporter-method-div -->
            <div class="reporter-method-div">
              <span class="reporter-method-name">validateSignInPage_SignInSectionHeading_SIP</span>
              <div class="reporter-method-output-div">
                <span class="reporter-method-output">ITestResult Test Started</span>
              </div> <!-- reporter-method-output-div -->
            </div> <!-- reporter-method-div -->
            <div class="reporter-method-div">
              <span class="reporter-method-name">validateSignInPage_PageHeading_SIP</span>
              <div class="reporter-method-output-div">
                <span class="reporter-method-output">ITestResult Test Started</span>
              </div> <!-- reporter-method-output-div -->
            </div> <!-- reporter-method-div -->
            <div class="reporter-method-div">
              <span class="reporter-method-name">validateLoginProcess_SIP</span>
              <div class="reporter-method-output-div">
                <span class="reporter-method-output">ITestResult Test Started</span>
              </div> <!-- reporter-method-output-div -->
            </div> <!-- reporter-method-div -->
            <div class="reporter-method-div">
              <span class="reporter-method-name">validateSignInPageBreadcrumbText_SIP</span>
              <div class="reporter-method-output-div">
                <span class="reporter-method-output">ITestResult Test Started</span>
              </div> <!-- reporter-method-output-div -->
            </div> <!-- reporter-method-div -->
            <div class="reporter-method-div">
              <span class="reporter-method-name">validateRegistrationSectionHeading_SignInPage_SIP</span>
              <div class="reporter-method-output-div">
                <span class="reporter-method-output">ITestResult Test Started</span>
              </div> <!-- reporter-method-output-div -->
            </div> <!-- reporter-method-div -->
            <div class="reporter-method-div">
              <span class="reporter-method-name">validateSignInPage_PageHeading_SIP</span>
              <div class="reporter-method-output-div">
                <span class="reporter-method-output">ITestResult Test Started</span>
              </div> <!-- reporter-method-output-div -->
            </div> <!-- reporter-method-div -->
            <div class="reporter-method-div">
              <span class="reporter-method-name">validateSignInPage_SignInSectionHeading_SIP</span>
              <div class="reporter-method-output-div">
                <span class="reporter-method-output">ITestResult Test Started</span>
              </div> <!-- reporter-method-output-div -->
            </div> <!-- reporter-method-div -->
            <div class="reporter-method-div">
              <span class="reporter-method-name">validateLoginProcess_SIP</span>
              <div class="reporter-method-output-div">
                <span class="reporter-method-output">ITestResult Test Started</span>
              </div> <!-- reporter-method-output-div -->
            </div> <!-- reporter-method-div -->
          </div> <!-- main-panel-content rounded-window-bottom -->
        </div> <!-- panel -->
        <div panel-name="ignored-methods-Test" class="panel">
          <div class="main-panel-header rounded-window-top">
            <span class="header-content">4 ignored methods</span>
          </div> <!-- main-panel-header rounded-window-top -->
          <div class="main-panel-content rounded-window-bottom">
            <div class="ignored-class-div">
              <span class="ignored-class-name">com.a3hp.automationpracticee.framework.test.createaccountandlogin.SignInTest</span>
              <div class="ignored-methods-div">
                <span class="ignored-method-name">validateForgotPasswordLink_SIP</span>
                <br/>
                <span class="ignored-method-name">validateForgotPasswordLink_SIP</span>
                <br/>
              </div> <!-- ignored-methods-div -->
            </div> <!-- ignored-class-div -->
            <div class="ignored-class-div">
              <span class="ignored-class-name">com.a3hp.automationpracticee.framework.test.createaccountandlogin.ForgotPasswordTest</span>
              <div class="ignored-methods-div">
                <span class="ignored-method-name">validateBackToLoginButton_FP</span>
                <br/>
                <span class="ignored-method-name">validateBackToLoginButton_FP</span>
                <br/>
              </div> <!-- ignored-methods-div -->
            </div> <!-- ignored-class-div -->
          </div> <!-- main-panel-content rounded-window-bottom -->
        </div> <!-- panel -->
        <div panel-name="chronological-Test" class="panel">
          <div class="main-panel-header rounded-window-top">
            <span class="header-content">Methods in chronological order</span>
          </div> <!-- main-panel-header rounded-window-top -->
          <div class="main-panel-content rounded-window-bottom">
            <div class="chronological-class">
              <div class="chronological-class-name">com.a3hp.automationpracticee.framework.test.homepage.HomepageTest</div> <!-- chronological-class-name -->
              <div class="configuration-suite before">
                <span class="method-name">BeforeSuite</span>
                <span class="method-start">0 ms</span>
              </div> <!-- configuration-suite before -->
            </div> <!-- chronological-class -->
            <div class="chronological-class">
              <div class="chronological-class-name">com.a3hp.automationpracticee.framework.test.createaccountandlogin.RegistrationTest</div> <!-- chronological-class-name -->
              <div class="configuration-class before">
                <span class="method-name">BeforeClass</span>
                <span class="method-start">204 ms</span>
              </div> <!-- configuration-class before -->
              <div class="configuration-method before">
                <span class="method-name">BeforeMethodTB(public void com.a3hp.automationpracticee.framework.test.createaccountandlogin.RegistrationTest.valid...)</span>
                <span class="method-start">209 ms</span>
              </div> <!-- configuration-method before -->
              <div class="configuration-method before">
                <span class="method-name">getBrowser(CH, http://automationpractice.com/index.php, WINDOWS)</span>
                <span class="method-start">219 ms</span>
              </div> <!-- configuration-method before -->
              <div class="test-method">
                <img src="failed.png">
                </img>
                <span class="method-name">validatePageHeading_RP</span>
                <span class="method-start">39401 ms</span>
              </div> <!-- test-method -->
              <div class="configuration-method after">
                <span class="method-name">publishReport_SIP([TestResult name=validatePageHeading_RP status=FAILURE method=RegistrationTest.validatePageHeading_R...)</span>
                <span class="method-start">41145 ms</span>
              </div> <!-- configuration-method after -->
              <div class="configuration-method before">
                <span class="method-name">BeforeMethodTB(public void com.a3hp.automationpracticee.framework.test.createaccountandlogin.RegistrationTest.valid...)</span>
                <span class="method-start">42249 ms</span>
              </div> <!-- configuration-method before -->
              <div class="configuration-method before">
                <span class="method-name">getBrowser(CH, http://automationpractice.com/index.php, WINDOWS)</span>
                <span class="method-start">42250 ms</span>
              </div> <!-- configuration-method before -->
              <div class="test-method">
                <img src="failed.png">
                </img>
                <span class="method-name">validateBreadcrumbText_RP</span>
                <span class="method-start">79129 ms</span>
              </div> <!-- test-method -->
              <div class="configuration-method after">
                <span class="method-name">publishReport_SIP([TestResult name=validateBreadcrumbText_RP status=FAILURE method=RegistrationTest.validateBreadcrumb...)</span>
                <span class="method-start">80403 ms</span>
              </div> <!-- configuration-method after -->
              <div class="configuration-class before">
                <span class="method-name">BeforeClass</span>
                <span class="method-start">81142 ms</span>
              </div> <!-- configuration-class before -->
              <div class="configuration-method before">
                <span class="method-name">BeforeMethodTB(public void com.a3hp.automationpracticee.framework.test.createaccountandlogin.RegistrationTest.valid...)</span>
                <span class="method-start">81143 ms</span>
              </div> <!-- configuration-method before -->
              <div class="configuration-method before">
                <span class="method-name">getBrowser(FF, http://automationpractice.com/index.php, WINDOWS)</span>
                <span class="method-start">81143 ms</span>
              </div> <!-- configuration-method before -->
              <div class="test-method">
                <img src="failed.png">
                </img>
                <span class="method-name">validatePageHeading_RP</span>
                <span class="method-start">166666 ms</span>
              </div> <!-- test-method -->
              <div class="configuration-method after">
                <span class="method-name">publishReport_SIP([TestResult name=validatePageHeading_RP status=FAILURE method=RegistrationTest.validatePageHeading_R...)</span>
                <span class="method-start">167080 ms</span>
              </div> <!-- configuration-method after -->
              <div class="configuration-method before">
                <span class="method-name">BeforeMethodTB(public void com.a3hp.automationpracticee.framework.test.createaccountandlogin.RegistrationTest.valid...)</span>
                <span class="method-start">168804 ms</span>
              </div> <!-- configuration-method before -->
              <div class="configuration-method before">
                <span class="method-name">getBrowser(FF, http://automationpractice.com/index.php, WINDOWS)</span>
                <span class="method-start">168804 ms</span>
              </div> <!-- configuration-method before -->
              <div class="test-method">
                <img src="failed.png">
                </img>
                <span class="method-name">validateBreadcrumbText_RP</span>
                <span class="method-start">270237 ms</span>
              </div> <!-- test-method -->
              <div class="configuration-method after">
                <span class="method-name">publishReport_SIP([TestResult name=validateBreadcrumbText_RP status=FAILURE method=RegistrationTest.validateBreadcrumb...)</span>
                <span class="method-start">270592 ms</span>
              </div> <!-- configuration-method after -->
            </div> <!-- chronological-class -->
            <div class="chronological-class">
              <div class="chronological-class-name">com.a3hp.automationpracticee.framework.test.createaccountandlogin.ForgotPasswordTest</div> <!-- chronological-class-name -->
              <div class="configuration-class before">
                <span class="method-name">BeforeClass</span>
                <span class="method-start">272482 ms</span>
              </div> <!-- configuration-class before -->
              <div class="configuration-method before">
                <span class="method-name">BeforeMethodTB(public void com.a3hp.automationpracticee.framework.test.createaccountandlogin.ForgotPasswordTest.val...)</span>
                <span class="method-start">272482 ms</span>
              </div> <!-- configuration-method before -->
              <div class="configuration-method before">
                <span class="method-name">getBrowser(FF, http://automationpractice.com/index.php, WINDOWS)</span>
                <span class="method-start">272483 ms</span>
              </div> <!-- configuration-method before -->
              <div class="test-method">
                <img src="failed.png">
                </img>
                <span class="method-name">validateForgotPasswordPage_PageHeading_FP</span>
                <span class="method-start">365097 ms</span>
              </div> <!-- test-method -->
              <div class="configuration-method after">
                <span class="method-name">publishReport_FP([TestResult name=validateForgotPasswordPage_PageHeading_FP status=FAILURE method=ForgotPasswordTest....)</span>
                <span class="method-start">365511 ms</span>
              </div> <!-- configuration-method after -->
              <div class="configuration-method before">
                <span class="method-name">BeforeMethodTB(public void com.a3hp.automationpracticee.framework.test.createaccountandlogin.ForgotPasswordTest.val...)</span>
                <span class="method-start">367286 ms</span>
              </div> <!-- configuration-method before -->
              <div class="configuration-method before">
                <span class="method-name">getBrowser(FF, http://automationpractice.com/index.php, WINDOWS)</span>
                <span class="method-start">367287 ms</span>
              </div> <!-- configuration-method before -->
              <div class="test-method">
                <img src="failed.png">
                </img>
                <span class="method-name">validateforgotPasswordProcess_FP</span>
                <span class="method-start">467287 ms</span>
              </div> <!-- test-method -->
              <div class="configuration-method after">
                <span class="method-name">publishReport_FP([TestResult name=validateforgotPasswordProcess_FP status=FAILURE method=ForgotPasswordTest.validatef...)</span>
                <span class="method-start">869593 ms</span>
              </div> <!-- configuration-method after -->
              <div class="configuration-class before">
                <span class="method-name">BeforeClass</span>
                <span class="method-start">871081 ms</span>
              </div> <!-- configuration-class before -->
              <div class="configuration-method before">
                <span class="method-name">BeforeMethodTB(public void com.a3hp.automationpracticee.framework.test.createaccountandlogin.ForgotPasswordTest.val...)</span>
                <span class="method-start">871082 ms</span>
              </div> <!-- configuration-method before -->
              <div class="configuration-method before">
                <span class="method-name">getBrowser(CH, http://automationpractice.com/index.php, WINDOWS)</span>
                <span class="method-start">871082 ms</span>
              </div> <!-- configuration-method before -->
              <div class="test-method">
                <img src="failed.png">
                </img>
                <span class="method-name">validateForgotPasswordPage_PageHeading_FP</span>
                <span class="method-start">916253 ms</span>
              </div> <!-- test-method -->
              <div class="configuration-method after">
                <span class="method-name">publishReport_FP([TestResult name=validateForgotPasswordPage_PageHeading_FP status=FAILURE method=ForgotPasswordTest....)</span>
                <span class="method-start">917398 ms</span>
              </div> <!-- configuration-method after -->
              <div class="configuration-method before">
                <span class="method-name">BeforeMethodTB(public void com.a3hp.automationpracticee.framework.test.createaccountandlogin.ForgotPasswordTest.val...)</span>
                <span class="method-start">918189 ms</span>
              </div> <!-- configuration-method before -->
              <div class="configuration-method before">
                <span class="method-name">getBrowser(CH, http://automationpractice.com/index.php, WINDOWS)</span>
                <span class="method-start">918189 ms</span>
              </div> <!-- configuration-method before -->
              <div class="test-method">
                <img src="failed.png">
                </img>
                <span class="method-name">validateforgotPasswordProcess_FP</span>
                <span class="method-start">969956 ms</span>
              </div> <!-- test-method -->
              <div class="configuration-method after">
                <span class="method-name">publishReport_FP([TestResult name=validateforgotPasswordProcess_FP status=FAILURE method=ForgotPasswordTest.validatef...)</span>
                <span class="method-start">1373215 ms</span>
              </div> <!-- configuration-method after -->
            </div> <!-- chronological-class -->
            <div class="chronological-class">
              <div class="chronological-class-name">com.a3hp.automationpracticee.framework.test.createaccountandlogin.SignInTest</div> <!-- chronological-class-name -->
              <div class="configuration-class before">
                <span class="method-name">BeforeClass</span>
                <span class="method-start">1373876 ms</span>
              </div> <!-- configuration-class before -->
              <div class="configuration-method before">
                <span class="method-name">BeforeMethodTB(public void com.a3hp.automationpracticee.framework.test.createaccountandlogin.SignInTest.validateSig...)</span>
                <span class="method-start">1373876 ms</span>
              </div> <!-- configuration-method before -->
              <div class="configuration-method before">
                <span class="method-name">getBrowser(CH, http://automationpractice.com/index.php, WINDOWS)</span>
                <span class="method-start">1373877 ms</span>
              </div> <!-- configuration-method before -->
              <div class="test-method">
                <span class="method-name">validateSignInPage_PageHeading_SIP</span>
                <span class="method-start">1397849 ms</span>
              </div> <!-- test-method -->
              <div class="configuration-method after">
                <span class="method-name">publishReport_SIP</span>
                <span class="method-start">1399094 ms</span>
              </div> <!-- configuration-method after -->
              <div class="configuration-method before">
                <span class="method-name">BeforeMethodTB(public void com.a3hp.automationpracticee.framework.test.createaccountandlogin.SignInTest.validateSig...)</span>
                <span class="method-start">1399744 ms</span>
              </div> <!-- configuration-method before -->
              <div class="configuration-method before">
                <span class="method-name">getBrowser(CH, http://automationpractice.com/index.php, WINDOWS)</span>
                <span class="method-start">1399744 ms</span>
              </div> <!-- configuration-method before -->
              <div class="test-method">
                <span class="method-name">validateSignInPage_SignInSectionHeading_SIP</span>
                <span class="method-start">1431690 ms</span>
              </div> <!-- test-method -->
              <div class="configuration-method after">
                <span class="method-name">publishReport_SIP</span>
                <span class="method-start">1433023 ms</span>
              </div> <!-- configuration-method after -->
              <div class="configuration-method before">
                <span class="method-name">BeforeMethodTB(public void com.a3hp.automationpracticee.framework.test.createaccountandlogin.SignInTest.validateSig...)</span>
                <span class="method-start">1433697 ms</span>
              </div> <!-- configuration-method before -->
              <div class="configuration-method before">
                <span class="method-name">getBrowser(CH, http://automationpractice.com/index.php, WINDOWS)</span>
                <span class="method-start">1433698 ms</span>
              </div> <!-- configuration-method before -->
              <div class="test-method">
                <span class="method-name">validateSignInPageBreadcrumbText_SIP</span>
                <span class="method-start">1465501 ms</span>
              </div> <!-- test-method -->
              <div class="configuration-method after">
                <span class="method-name">publishReport_SIP</span>
                <span class="method-start">1466743 ms</span>
              </div> <!-- configuration-method after -->
              <div class="configuration-method before">
                <span class="method-name">BeforeMethodTB(public void com.a3hp.automationpracticee.framework.test.createaccountandlogin.SignInTest.validateReg...)</span>
                <span class="method-start">1467374 ms</span>
              </div> <!-- configuration-method before -->
              <div class="configuration-method before">
                <span class="method-name">getBrowser(CH, http://automationpractice.com/index.php, WINDOWS)</span>
                <span class="method-start">1467375 ms</span>
              </div> <!-- configuration-method before -->
              <div class="test-method">
                <span class="method-name">validateRegistrationSectionHeading_SignInPage_SIP</span>
                <span class="method-start">1508949 ms</span>
              </div> <!-- test-method -->
              <div class="configuration-method after">
                <span class="method-name">publishReport_SIP</span>
                <span class="method-start">1510161 ms</span>
              </div> <!-- configuration-method after -->
              <div class="configuration-method before">
                <span class="method-name">BeforeMethodTB(public void com.a3hp.automationpracticee.framework.test.createaccountandlogin.SignInTest.validateLog...)</span>
                <span class="method-start">1510908 ms</span>
              </div> <!-- configuration-method before -->
              <div class="configuration-method before">
                <span class="method-name">getBrowser(CH, http://automationpractice.com/index.php, WINDOWS)</span>
                <span class="method-start">1510909 ms</span>
              </div> <!-- configuration-method before -->
              <div class="test-method">
                <img src="failed.png">
                </img>
                <span class="method-name">validateLoginProcess_SIP</span>
                <span class="method-start">1557851 ms</span>
              </div> <!-- test-method -->
              <div class="configuration-method after">
                <span class="method-name">publishReport_SIP</span>
                <span class="method-start">1561742 ms</span>
              </div> <!-- configuration-method after -->
              <div class="configuration-class before">
                <span class="method-name">BeforeClass</span>
                <span class="method-start">1562397 ms</span>
              </div> <!-- configuration-class before -->
              <div class="configuration-method before">
                <span class="method-name">BeforeMethodTB(public void com.a3hp.automationpracticee.framework.test.createaccountandlogin.SignInTest.validateSig...)</span>
                <span class="method-start">1562397 ms</span>
              </div> <!-- configuration-method before -->
              <div class="configuration-method before">
                <span class="method-name">getBrowser(FF, http://automationpractice.com/index.php, WINDOWS)</span>
                <span class="method-start">1562398 ms</span>
              </div> <!-- configuration-method before -->
              <div class="test-method">
                <span class="method-name">validateSignInPage_PageHeading_SIP</span>
                <span class="method-start">1649552 ms</span>
              </div> <!-- test-method -->
              <div class="configuration-method after">
                <span class="method-name">publishReport_SIP</span>
                <span class="method-start">1650326 ms</span>
              </div> <!-- configuration-method after -->
              <div class="configuration-method before">
                <span class="method-name">BeforeMethodTB(public void com.a3hp.automationpracticee.framework.test.createaccountandlogin.SignInTest.validateSig...)</span>
                <span class="method-start">1652335 ms</span>
              </div> <!-- configuration-method before -->
              <div class="configuration-method before">
                <span class="method-name">getBrowser(FF, http://automationpractice.com/index.php, WINDOWS)</span>
                <span class="method-start">1652336 ms</span>
              </div> <!-- configuration-method before -->
              <div class="test-method">
                <span class="method-name">validateSignInPage_SignInSectionHeading_SIP</span>
                <span class="method-start">1750919 ms</span>
              </div> <!-- test-method -->
              <div class="configuration-method after">
                <span class="method-name">publishReport_SIP</span>
                <span class="method-start">1751485 ms</span>
              </div> <!-- configuration-method after -->
              <div class="configuration-method before">
                <span class="method-name">BeforeMethodTB(public void com.a3hp.automationpracticee.framework.test.createaccountandlogin.SignInTest.validateSig...)</span>
                <span class="method-start">1753700 ms</span>
              </div> <!-- configuration-method before -->
              <div class="configuration-method before">
                <span class="method-name">getBrowser(FF, http://automationpractice.com/index.php, WINDOWS)</span>
                <span class="method-start">1753700 ms</span>
              </div> <!-- configuration-method before -->
              <div class="test-method">
                <span class="method-name">validateSignInPageBreadcrumbText_SIP</span>
                <span class="method-start">1835317 ms</span>
              </div> <!-- test-method -->
              <div class="configuration-method after">
                <span class="method-name">publishReport_SIP</span>
                <span class="method-start">1835775 ms</span>
              </div> <!-- configuration-method after -->
              <div class="configuration-method before">
                <span class="method-name">BeforeMethodTB(public void com.a3hp.automationpracticee.framework.test.createaccountandlogin.SignInTest.validateReg...)</span>
                <span class="method-start">1837881 ms</span>
              </div> <!-- configuration-method before -->
              <div class="configuration-method before">
                <span class="method-name">getBrowser(FF, http://automationpractice.com/index.php, WINDOWS)</span>
                <span class="method-start">1837881 ms</span>
              </div> <!-- configuration-method before -->
              <div class="test-method">
                <span class="method-name">validateRegistrationSectionHeading_SignInPage_SIP</span>
                <span class="method-start">1919816 ms</span>
              </div> <!-- test-method -->
              <div class="configuration-method after">
                <span class="method-name">publishReport_SIP</span>
                <span class="method-start">1920517 ms</span>
              </div> <!-- configuration-method after -->
              <div class="configuration-method before">
                <span class="method-name">BeforeMethodTB(public void com.a3hp.automationpracticee.framework.test.createaccountandlogin.SignInTest.validateLog...)</span>
                <span class="method-start">1922390 ms</span>
              </div> <!-- configuration-method before -->
              <div class="configuration-method before">
                <span class="method-name">getBrowser(FF, http://automationpractice.com/index.php, WINDOWS)</span>
                <span class="method-start">1922390 ms</span>
              </div> <!-- configuration-method before -->
              <div class="test-method">
                <img src="failed.png">
                </img>
                <span class="method-name">validateLoginProcess_SIP</span>
                <span class="method-start">2006236 ms</span>
              </div> <!-- test-method -->
              <div class="configuration-method after">
                <span class="method-name">publishReport_SIP</span>
                <span class="method-start">2014875 ms</span>
              </div> <!-- configuration-method after -->
            </div> <!-- chronological-class -->
            <div class="chronological-class">
              <div class="chronological-class-name">com.a3hp.automationpracticee.framework.test.homepage.HomepageTest</div> <!-- chronological-class-name -->
              <div class="configuration-class before">
                <span class="method-name">BeforeClass</span>
                <span class="method-start">2017868 ms</span>
              </div> <!-- configuration-class before -->
              <div class="configuration-method before">
                <span class="method-name">BeforeMethodTB(public void com.a3hp.automationpracticee.framework.test.homepage.HomepageTest.validateHeaderSignInLi...)</span>
                <span class="method-start">2017869 ms</span>
              </div> <!-- configuration-method before -->
              <div class="configuration-method before">
                <span class="method-name">getBrowser(CH, http://automationpractice.com/index.php, WINDOWS)</span>
                <span class="method-start">2017869 ms</span>
              </div> <!-- configuration-method before -->
              <div class="test-method">
                <span class="method-name">validateHeaderSignInLink_HP</span>
                <span class="method-start">2048558 ms</span>
              </div> <!-- test-method -->
              <div class="configuration-method after">
                <span class="method-name">publishReport_HP</span>
                <span class="method-start">2080000 ms</span>
              </div> <!-- configuration-method after -->
              <div class="configuration-method before">
                <span class="method-name">BeforeMethodTB(public void com.a3hp.automationpracticee.framework.test.homepage.HomepageTest.validateGetSavingNowBu...)</span>
                <span class="method-start">2080685 ms</span>
              </div> <!-- configuration-method before -->
              <div class="configuration-method before">
                <span class="method-name">getBrowser(CH, http://automationpractice.com/index.php, WINDOWS)</span>
                <span class="method-start">2080685 ms</span>
              </div> <!-- configuration-method before -->
              <div class="test-method">
                <span class="method-name">validateGetSavingNowButton_HP</span>
                <span class="method-start">2230334 ms</span>
              </div> <!-- test-method -->
              <div class="configuration-method after">
                <span class="method-name">publishReport_HP</span>
                <span class="method-start">2270557 ms</span>
              </div> <!-- configuration-method after -->
              <div class="configuration-method before">
                <span class="method-name">BeforeMethodTB(public void com.a3hp.automationpracticee.framework.test.homepage.HomepageTest.validateSearchField_HP...)</span>
                <span class="method-start">2271217 ms</span>
              </div> <!-- configuration-method before -->
              <div class="configuration-method before">
                <img src="failed.png">
                </img>
                <span class="method-name">getBrowser(CH, http://automationpractice.com/index.php, WINDOWS)</span>
                <span class="method-start">2271218 ms</span>
              </div> <!-- configuration-method before -->
              <div class="configuration-method before">
                <span class="method-name">BeforeMethodTB(public void com.a3hp.automationpracticee.framework.test.homepage.HomepageTest.validateHomepageSlider...)</span>
                <span class="method-start">2476850 ms</span>
              </div> <!-- configuration-method before -->
              <div class="configuration-method before">
                <img src="failed.png">
                </img>
                <span class="method-name">getBrowser(CH, http://automationpractice.com/index.php, WINDOWS)</span>
                <span class="method-start">2476851 ms</span>
              </div> <!-- configuration-method before -->
              <div class="configuration-class before">
                <span class="method-name">BeforeClass</span>
                <span class="method-start">2881770 ms</span>
              </div> <!-- configuration-class before -->
              <div class="configuration-method before">
                <span class="method-name">BeforeMethodTB(public void com.a3hp.automationpracticee.framework.test.homepage.HomepageTest.validateHeaderSignInLi...)</span>
                <span class="method-start">2881771 ms</span>
              </div> <!-- configuration-method before -->
              <div class="configuration-method before">
                <img src="failed.png">
                </img>
                <span class="method-name">getBrowser(FF, http://automationpractice.com/index.php, WINDOWS)</span>
                <span class="method-start">2881771 ms</span>
              </div> <!-- configuration-method before -->
            </div> <!-- chronological-class -->
            <div class="chronological-class">
              <div class="chronological-class-name">com.a3hp.automationpracticee.framework.helper.TestBase.TestRunner</div> <!-- chronological-class-name -->
              <div class="test-method">
                <span class="method-name">testRunner</span>
                <span class="method-start">3104358 ms</span>
              </div> <!-- test-method -->
            </div> <!-- chronological-class -->
            <div class="chronological-class">
              <div class="chronological-class-name">com.a3hp.automationpracticee.framework.test.homepage.HomepageTest</div> <!-- chronological-class-name -->
              <div class="configuration-suite after">
                <span class="method-name">tearDown(org.testng.TestRunner@5ccddd20)</span>
                <span class="method-start">3504832 ms</span>
              </div> <!-- configuration-suite after -->
          </div> <!-- main-panel-content rounded-window-bottom -->
        </div> <!-- panel -->
      </div> <!-- main-panel-root -->
    </div> <!-- wrapper -->
  </body>
</html>
