<?xml version="1.0" encoding="UTF-8"?>
<testng-results skipped="0" failed="10" ignored="4" total="22" passed="8">
  <reporter-output>
    <line>
      <![CDATA[ITestResult Test Started]]>
    </line>
    <line>
      <![CDATA[ITestResult Test Started]]>
    </line>
    <line>
      <![CDATA[ITestResult Test Started]]>
    </line>
    <line>
      <![CDATA[ITestResult Test Started]]>
    </line>
    <line>
      <![CDATA[ITestResult Test Started]]>
    </line>
    <line>
      <![CDATA[ITestResult Test Started]]>
    </line>
    <line>
      <![CDATA[ITestResult Test Started]]>
    </line>
    <line>
      <![CDATA[ITestResult Test Started]]>
    </line>
    <line>
      <![CDATA[ITestResult Test Started]]>
    </line>
    <line>
      <![CDATA[ITestResult Test Started]]>
    </line>
    <line>
      <![CDATA[ITestResult Test Started]]>
    </line>
    <line>
      <![CDATA[ITestResult Test Started]]>
    </line>
    <line>
      <![CDATA[ITestResult Test Started]]>
    </line>
    <line>
      <![CDATA[ITestResult Test Started]]>
    </line>
    <line>
      <![CDATA[ITestResult Test Started]]>
    </line>
    <line>
      <![CDATA[ITestResult Test Started]]>
    </line>
    <line>
      <![CDATA[ITestResult Test Started]]>
    </line>
    <line>
      <![CDATA[ITestResult Test Started]]>
    </line>
    <line>
      <![CDATA[ITestResult Test Started]]>
    </line>
    <line>
      <![CDATA[ITestResult Test Started]]>
    </line>
    <line>
      <![CDATA[ITestResult Test Started]]>
    </line>
  </reporter-output>
  <suite name="Test" duration-ms="2017465" started-at="2019-01-12T17:16:02Z" finished-at="2019-01-12T17:49:40Z">
    <groups>
      <group name="ForgotPasswordpage_txt">
        <method signature="ForgotPasswordTest.validateForgotPasswordPage_PageHeading_FP()[pri:0, instance:com.a3hp.automationpracticee.framework.test.createaccountandlogin.ForgotPasswordTest@47db50c5]" name="validateForgotPasswordPage_PageHeading_FP" class="com.a3hp.automationpracticee.framework.test.createaccountandlogin.ForgotPasswordTest"/>
        <method signature="ForgotPasswordTest.validateForgotPasswordPage_PageHeading_FP()[pri:0, instance:com.a3hp.automationpracticee.framework.test.createaccountandlogin.ForgotPasswordTest@646007f4]" name="validateForgotPasswordPage_PageHeading_FP" class="com.a3hp.automationpracticee.framework.test.createaccountandlogin.ForgotPasswordTest"/>
      </group> <!-- ForgotPasswordpage_txt -->
      <group name="SignInpage_smoke">
        <method signature="SignInTest.validateLoginProcess_SIP()[pri:4, instance:com.a3hp.automationpracticee.framework.test.createaccountandlogin.SignInTest@2641e737]" name="validateLoginProcess_SIP" class="com.a3hp.automationpracticee.framework.test.createaccountandlogin.SignInTest"/>
        <method signature="SignInTest.validateLoginProcess_SIP()[pri:4, instance:com.a3hp.automationpracticee.framework.test.createaccountandlogin.SignInTest@2f0a87b3]" name="validateLoginProcess_SIP" class="com.a3hp.automationpracticee.framework.test.createaccountandlogin.SignInTest"/>
      </group> <!-- SignInpage_smoke -->
      <group name="High">
        <method signature="HomepageTest.validateGetSavingNowButton_HP()[pri:1, instance:com.a3hp.automationpracticee.framework.test.homepage.HomepageTest@4fcd19b3]" name="validateGetSavingNowButton_HP" class="com.a3hp.automationpracticee.framework.test.homepage.HomepageTest"/>
        <method signature="HomepageTest.validateHeaderSignInLink_HP()[pri:0, instance:com.a3hp.automationpracticee.framework.test.homepage.HomepageTest@4fcd19b3]" name="validateHeaderSignInLink_HP" class="com.a3hp.automationpracticee.framework.test.homepage.HomepageTest"/>
        <method signature="HomepageTest.validateHomepageSlider1_HP()[pri:3, instance:com.a3hp.automationpracticee.framework.test.homepage.HomepageTest@4fcd19b3]" name="validateHomepageSlider1_HP" class="com.a3hp.automationpracticee.framework.test.homepage.HomepageTest"/>
        <method signature="HomepageTest.validateHomepageSlider2_HP()[pri:4, instance:com.a3hp.automationpracticee.framework.test.homepage.HomepageTest@4fcd19b3]" name="validateHomepageSlider2_HP" class="com.a3hp.automationpracticee.framework.test.homepage.HomepageTest"/>
        <method signature="HomepageTest.validateSearchField_HP()[pri:2, instance:com.a3hp.automationpracticee.framework.test.homepage.HomepageTest@4fcd19b3]" name="validateSearchField_HP" class="com.a3hp.automationpracticee.framework.test.homepage.HomepageTest"/>
        <method signature="HomepageTest.validateGetSavingNowButton_HP()[pri:1, instance:com.a3hp.automationpracticee.framework.test.homepage.HomepageTest@5fdba6f9]" name="validateGetSavingNowButton_HP" class="com.a3hp.automationpracticee.framework.test.homepage.HomepageTest"/>
        <method signature="HomepageTest.validateHeaderSignInLink_HP()[pri:0, instance:com.a3hp.automationpracticee.framework.test.homepage.HomepageTest@5fdba6f9]" name="validateHeaderSignInLink_HP" class="com.a3hp.automationpracticee.framework.test.homepage.HomepageTest"/>
        <method signature="HomepageTest.validateHomepageSlider1_HP()[pri:3, instance:com.a3hp.automationpracticee.framework.test.homepage.HomepageTest@5fdba6f9]" name="validateHomepageSlider1_HP" class="com.a3hp.automationpracticee.framework.test.homepage.HomepageTest"/>
        <method signature="HomepageTest.validateHomepageSlider2_HP()[pri:4, instance:com.a3hp.automationpracticee.framework.test.homepage.HomepageTest@5fdba6f9]" name="validateHomepageSlider2_HP" class="com.a3hp.automationpracticee.framework.test.homepage.HomepageTest"/>
        <method signature="HomepageTest.validateSearchField_HP()[pri:2, instance:com.a3hp.automationpracticee.framework.test.homepage.HomepageTest@5fdba6f9]" name="validateSearchField_HP" class="com.a3hp.automationpracticee.framework.test.homepage.HomepageTest"/>
      </group> <!-- High -->
      <group name="SignInpage_func">
        <method signature="SignInTest.validateLoginProcess_SIP()[pri:4, instance:com.a3hp.automationpracticee.framework.test.createaccountandlogin.SignInTest@2641e737]" name="validateLoginProcess_SIP" class="com.a3hp.automationpracticee.framework.test.createaccountandlogin.SignInTest"/>
        <method signature="SignInTest.validateLoginProcess_SIP()[pri:4, instance:com.a3hp.automationpracticee.framework.test.createaccountandlogin.SignInTest@2f0a87b3]" name="validateLoginProcess_SIP" class="com.a3hp.automationpracticee.framework.test.createaccountandlogin.SignInTest"/>
      </group> <!-- SignInpage_func -->
      <group name="smoke">
        <method signature="ForgotPasswordTest.validateforgotPasswordProcess_FP()[pri:1, instance:com.a3hp.automationpracticee.framework.test.createaccountandlogin.ForgotPasswordTest@47db50c5]" name="validateforgotPasswordProcess_FP" class="com.a3hp.automationpracticee.framework.test.createaccountandlogin.ForgotPasswordTest"/>
        <method signature="ForgotPasswordTest.validateforgotPasswordProcess_FP()[pri:1, instance:com.a3hp.automationpracticee.framework.test.createaccountandlogin.ForgotPasswordTest@646007f4]" name="validateforgotPasswordProcess_FP" class="com.a3hp.automationpracticee.framework.test.createaccountandlogin.ForgotPasswordTest"/>
        <method signature="SignInTest.validateLoginProcess_SIP()[pri:4, instance:com.a3hp.automationpracticee.framework.test.createaccountandlogin.SignInTest@2641e737]" name="validateLoginProcess_SIP" class="com.a3hp.automationpracticee.framework.test.createaccountandlogin.SignInTest"/>
        <method signature="SignInTest.validateRegistrationSectionHeading_SignInPage_SIP()[pri:3, instance:com.a3hp.automationpracticee.framework.test.createaccountandlogin.SignInTest@2641e737]" name="validateRegistrationSectionHeading_SignInPage_SIP" class="com.a3hp.automationpracticee.framework.test.createaccountandlogin.SignInTest"/>
        <method signature="SignInTest.validateLoginProcess_SIP()[pri:4, instance:com.a3hp.automationpracticee.framework.test.createaccountandlogin.SignInTest@2f0a87b3]" name="validateLoginProcess_SIP" class="com.a3hp.automationpracticee.framework.test.createaccountandlogin.SignInTest"/>
        <method signature="SignInTest.validateRegistrationSectionHeading_SignInPage_SIP()[pri:3, instance:com.a3hp.automationpracticee.framework.test.createaccountandlogin.SignInTest@2f0a87b3]" name="validateRegistrationSectionHeading_SignInPage_SIP" class="com.a3hp.automationpracticee.framework.test.createaccountandlogin.SignInTest"/>
        <method signature="HomepageTest.validateGetSavingNowButton_HP()[pri:1, instance:com.a3hp.automationpracticee.framework.test.homepage.HomepageTest@4fcd19b3]" name="validateGetSavingNowButton_HP" class="com.a3hp.automationpracticee.framework.test.homepage.HomepageTest"/>
        <method signature="HomepageTest.validateHeaderSignInLink_HP()[pri:0, instance:com.a3hp.automationpracticee.framework.test.homepage.HomepageTest@4fcd19b3]" name="validateHeaderSignInLink_HP" class="com.a3hp.automationpracticee.framework.test.homepage.HomepageTest"/>
        <method signature="HomepageTest.validateHomepageCarouselBlocks_HP()[pri:6, instance:com.a3hp.automationpracticee.framework.test.homepage.HomepageTest@4fcd19b3]" name="validateHomepageCarouselBlocks_HP" class="com.a3hp.automationpracticee.framework.test.homepage.HomepageTest"/>
        <method signature="HomepageTest.validateHomepageSlider1_HP()[pri:3, instance:com.a3hp.automationpracticee.framework.test.homepage.HomepageTest@4fcd19b3]" name="validateHomepageSlider1_HP" class="com.a3hp.automationpracticee.framework.test.homepage.HomepageTest"/>
        <method signature="HomepageTest.validateHomepageSlider2_HP()[pri:4, instance:com.a3hp.automationpracticee.framework.test.homepage.HomepageTest@4fcd19b3]" name="validateHomepageSlider2_HP" class="com.a3hp.automationpracticee.framework.test.homepage.HomepageTest"/>
        <method signature="HomepageTest.validateHomepageSlider3_HP()[pri:5, instance:com.a3hp.automationpracticee.framework.test.homepage.HomepageTest@4fcd19b3]" name="validateHomepageSlider3_HP" class="com.a3hp.automationpracticee.framework.test.homepage.HomepageTest"/>
        <method signature="HomepageTest.validateSearchField_HP()[pri:2, instance:com.a3hp.automationpracticee.framework.test.homepage.HomepageTest@4fcd19b3]" name="validateSearchField_HP" class="com.a3hp.automationpracticee.framework.test.homepage.HomepageTest"/>
        <method signature="HomepageTest.validateGetSavingNowButton_HP()[pri:1, instance:com.a3hp.automationpracticee.framework.test.homepage.HomepageTest@5fdba6f9]" name="validateGetSavingNowButton_HP" class="com.a3hp.automationpracticee.framework.test.homepage.HomepageTest"/>
        <method signature="HomepageTest.validateHeaderSignInLink_HP()[pri:0, instance:com.a3hp.automationpracticee.framework.test.homepage.HomepageTest@5fdba6f9]" name="validateHeaderSignInLink_HP" class="com.a3hp.automationpracticee.framework.test.homepage.HomepageTest"/>
        <method signature="HomepageTest.validateHomepageCarouselBlocks_HP()[pri:6, instance:com.a3hp.automationpracticee.framework.test.homepage.HomepageTest@5fdba6f9]" name="validateHomepageCarouselBlocks_HP" class="com.a3hp.automationpracticee.framework.test.homepage.HomepageTest"/>
        <method signature="HomepageTest.validateHomepageSlider1_HP()[pri:3, instance:com.a3hp.automationpracticee.framework.test.homepage.HomepageTest@5fdba6f9]" name="validateHomepageSlider1_HP" class="com.a3hp.automationpracticee.framework.test.homepage.HomepageTest"/>
        <method signature="HomepageTest.validateHomepageSlider2_HP()[pri:4, instance:com.a3hp.automationpracticee.framework.test.homepage.HomepageTest@5fdba6f9]" name="validateHomepageSlider2_HP" class="com.a3hp.automationpracticee.framework.test.homepage.HomepageTest"/>
        <method signature="HomepageTest.validateHomepageSlider3_HP()[pri:5, instance:com.a3hp.automationpracticee.framework.test.homepage.HomepageTest@5fdba6f9]" name="validateHomepageSlider3_HP" class="com.a3hp.automationpracticee.framework.test.homepage.HomepageTest"/>
        <method signature="HomepageTest.validateSearchField_HP()[pri:2, instance:com.a3hp.automationpracticee.framework.test.homepage.HomepageTest@5fdba6f9]" name="validateSearchField_HP" class="com.a3hp.automationpracticee.framework.test.homepage.HomepageTest"/>
      </group> <!-- smoke -->
      <group name="Registrationpage_txt">
        <method signature="RegistrationTest.validateBreadcrumbText_RP()[pri:1, instance:com.a3hp.automationpracticee.framework.test.createaccountandlogin.RegistrationTest@28ac3dc3]" name="validateBreadcrumbText_RP" class="com.a3hp.automationpracticee.framework.test.createaccountandlogin.RegistrationTest"/>
        <method signature="RegistrationTest.validatePageHeading_RP()[pri:0, instance:com.a3hp.automationpracticee.framework.test.createaccountandlogin.RegistrationTest@28ac3dc3]" name="validatePageHeading_RP" class="com.a3hp.automationpracticee.framework.test.createaccountandlogin.RegistrationTest"/>
        <method signature="RegistrationTest.validateBreadcrumbText_RP()[pri:1, instance:com.a3hp.automationpracticee.framework.test.createaccountandlogin.RegistrationTest@eb21112]" name="validateBreadcrumbText_RP" class="com.a3hp.automationpracticee.framework.test.createaccountandlogin.RegistrationTest"/>
        <method signature="RegistrationTest.validatePageHeading_RP()[pri:0, instance:com.a3hp.automationpracticee.framework.test.createaccountandlogin.RegistrationTest@eb21112]" name="validatePageHeading_RP" class="com.a3hp.automationpracticee.framework.test.createaccountandlogin.RegistrationTest"/>
      </group> <!-- Registrationpage_txt -->
      <group name="Homepage_smoke">
        <method signature="HomepageTest.validateGetSavingNowButton_HP()[pri:1, instance:com.a3hp.automationpracticee.framework.test.homepage.HomepageTest@4fcd19b3]" name="validateGetSavingNowButton_HP" class="com.a3hp.automationpracticee.framework.test.homepage.HomepageTest"/>
        <method signature="HomepageTest.validateHeaderSignInLink_HP()[pri:0, instance:com.a3hp.automationpracticee.framework.test.homepage.HomepageTest@4fcd19b3]" name="validateHeaderSignInLink_HP" class="com.a3hp.automationpracticee.framework.test.homepage.HomepageTest"/>
        <method signature="HomepageTest.validateHomepageSlider1_HP()[pri:3, instance:com.a3hp.automationpracticee.framework.test.homepage.HomepageTest@4fcd19b3]" name="validateHomepageSlider1_HP" class="com.a3hp.automationpracticee.framework.test.homepage.HomepageTest"/>
        <method signature="HomepageTest.validateSearchField_HP()[pri:2, instance:com.a3hp.automationpracticee.framework.test.homepage.HomepageTest@4fcd19b3]" name="validateSearchField_HP" class="com.a3hp.automationpracticee.framework.test.homepage.HomepageTest"/>
        <method signature="HomepageTest.validateGetSavingNowButton_HP()[pri:1, instance:com.a3hp.automationpracticee.framework.test.homepage.HomepageTest@5fdba6f9]" name="validateGetSavingNowButton_HP" class="com.a3hp.automationpracticee.framework.test.homepage.HomepageTest"/>
        <method signature="HomepageTest.validateHeaderSignInLink_HP()[pri:0, instance:com.a3hp.automationpracticee.framework.test.homepage.HomepageTest@5fdba6f9]" name="validateHeaderSignInLink_HP" class="com.a3hp.automationpracticee.framework.test.homepage.HomepageTest"/>
        <method signature="HomepageTest.validateHomepageSlider1_HP()[pri:3, instance:com.a3hp.automationpracticee.framework.test.homepage.HomepageTest@5fdba6f9]" name="validateHomepageSlider1_HP" class="com.a3hp.automationpracticee.framework.test.homepage.HomepageTest"/>
        <method signature="HomepageTest.validateSearchField_HP()[pri:2, instance:com.a3hp.automationpracticee.framework.test.homepage.HomepageTest@5fdba6f9]" name="validateSearchField_HP" class="com.a3hp.automationpracticee.framework.test.homepage.HomepageTest"/>
      </group> <!-- Homepage_smoke -->
      <group name="ForgotPasswordpage_smoke">
        <method signature="ForgotPasswordTest.validateforgotPasswordProcess_FP()[pri:1, instance:com.a3hp.automationpracticee.framework.test.createaccountandlogin.ForgotPasswordTest@47db50c5]" name="validateforgotPasswordProcess_FP" class="com.a3hp.automationpracticee.framework.test.createaccountandlogin.ForgotPasswordTest"/>
        <method signature="ForgotPasswordTest.validateforgotPasswordProcess_FP()[pri:1, instance:com.a3hp.automationpracticee.framework.test.createaccountandlogin.ForgotPasswordTest@646007f4]" name="validateforgotPasswordProcess_FP" class="com.a3hp.automationpracticee.framework.test.createaccountandlogin.ForgotPasswordTest"/>
      </group> <!-- ForgotPasswordpage_smoke -->
      <group name="txt">
        <method signature="RegistrationTest.validateBreadcrumbText_RP()[pri:1, instance:com.a3hp.automationpracticee.framework.test.createaccountandlogin.RegistrationTest@28ac3dc3]" name="validateBreadcrumbText_RP" class="com.a3hp.automationpracticee.framework.test.createaccountandlogin.RegistrationTest"/>
        <method signature="RegistrationTest.validatePageHeading_RP()[pri:0, instance:com.a3hp.automationpracticee.framework.test.createaccountandlogin.RegistrationTest@28ac3dc3]" name="validatePageHeading_RP" class="com.a3hp.automationpracticee.framework.test.createaccountandlogin.RegistrationTest"/>
        <method signature="RegistrationTest.validateBreadcrumbText_RP()[pri:1, instance:com.a3hp.automationpracticee.framework.test.createaccountandlogin.RegistrationTest@eb21112]" name="validateBreadcrumbText_RP" class="com.a3hp.automationpracticee.framework.test.createaccountandlogin.RegistrationTest"/>
        <method signature="RegistrationTest.validatePageHeading_RP()[pri:0, instance:com.a3hp.automationpracticee.framework.test.createaccountandlogin.RegistrationTest@eb21112]" name="validatePageHeading_RP" class="com.a3hp.automationpracticee.framework.test.createaccountandlogin.RegistrationTest"/>
        <method signature="ForgotPasswordTest.validateForgotPasswordPage_PageHeading_FP()[pri:0, instance:com.a3hp.automationpracticee.framework.test.createaccountandlogin.ForgotPasswordTest@47db50c5]" name="validateForgotPasswordPage_PageHeading_FP" class="com.a3hp.automationpracticee.framework.test.createaccountandlogin.ForgotPasswordTest"/>
        <method signature="ForgotPasswordTest.validateForgotPasswordPage_PageHeading_FP()[pri:0, instance:com.a3hp.automationpracticee.framework.test.createaccountandlogin.ForgotPasswordTest@646007f4]" name="validateForgotPasswordPage_PageHeading_FP" class="com.a3hp.automationpracticee.framework.test.createaccountandlogin.ForgotPasswordTest"/>
        <method signature="SignInTest.validateSignInPageBreadcrumbText_SIP()[pri:2, instance:com.a3hp.automationpracticee.framework.test.createaccountandlogin.SignInTest@2641e737]" name="validateSignInPageBreadcrumbText_SIP" class="com.a3hp.automationpracticee.framework.test.createaccountandlogin.SignInTest"/>
        <method signature="SignInTest.validateSignInPage_PageHeading_SIP()[pri:0, instance:com.a3hp.automationpracticee.framework.test.createaccountandlogin.SignInTest@2641e737]" name="validateSignInPage_PageHeading_SIP" class="com.a3hp.automationpracticee.framework.test.createaccountandlogin.SignInTest"/>
        <method signature="SignInTest.validateSignInPage_SignInSectionHeading_SIP()[pri:1, instance:com.a3hp.automationpracticee.framework.test.createaccountandlogin.SignInTest@2641e737]" name="validateSignInPage_SignInSectionHeading_SIP" class="com.a3hp.automationpracticee.framework.test.createaccountandlogin.SignInTest"/>
        <method signature="SignInTest.validateSignInPageBreadcrumbText_SIP()[pri:2, instance:com.a3hp.automationpracticee.framework.test.createaccountandlogin.SignInTest@2f0a87b3]" name="validateSignInPageBreadcrumbText_SIP" class="com.a3hp.automationpracticee.framework.test.createaccountandlogin.SignInTest"/>
        <method signature="SignInTest.validateSignInPage_PageHeading_SIP()[pri:0, instance:com.a3hp.automationpracticee.framework.test.createaccountandlogin.SignInTest@2f0a87b3]" name="validateSignInPage_PageHeading_SIP" class="com.a3hp.automationpracticee.framework.test.createaccountandlogin.SignInTest"/>
        <method signature="SignInTest.validateSignInPage_SignInSectionHeading_SIP()[pri:1, instance:com.a3hp.automationpracticee.framework.test.createaccountandlogin.SignInTest@2f0a87b3]" name="validateSignInPage_SignInSectionHeading_SIP" class="com.a3hp.automationpracticee.framework.test.createaccountandlogin.SignInTest"/>
      </group> <!-- txt -->
      <group name="createaccountandlogin">
        <method signature="RegistrationTest.validateBreadcrumbText_RP()[pri:1, instance:com.a3hp.automationpracticee.framework.test.createaccountandlogin.RegistrationTest@28ac3dc3]" name="validateBreadcrumbText_RP" class="com.a3hp.automationpracticee.framework.test.createaccountandlogin.RegistrationTest"/>
        <method signature="RegistrationTest.validatePageHeading_RP()[pri:0, instance:com.a3hp.automationpracticee.framework.test.createaccountandlogin.RegistrationTest@28ac3dc3]" name="validatePageHeading_RP" class="com.a3hp.automationpracticee.framework.test.createaccountandlogin.RegistrationTest"/>
        <method signature="RegistrationTest.validateBreadcrumbText_RP()[pri:1, instance:com.a3hp.automationpracticee.framework.test.createaccountandlogin.RegistrationTest@eb21112]" name="validateBreadcrumbText_RP" class="com.a3hp.automationpracticee.framework.test.createaccountandlogin.RegistrationTest"/>
        <method signature="RegistrationTest.validatePageHeading_RP()[pri:0, instance:com.a3hp.automationpracticee.framework.test.createaccountandlogin.RegistrationTest@eb21112]" name="validatePageHeading_RP" class="com.a3hp.automationpracticee.framework.test.createaccountandlogin.RegistrationTest"/>
        <method signature="ForgotPasswordTest.validateForgotPasswordPage_PageHeading_FP()[pri:0, instance:com.a3hp.automationpracticee.framework.test.createaccountandlogin.ForgotPasswordTest@47db50c5]" name="validateForgotPasswordPage_PageHeading_FP" class="com.a3hp.automationpracticee.framework.test.createaccountandlogin.ForgotPasswordTest"/>
        <method signature="ForgotPasswordTest.validateforgotPasswordProcess_FP()[pri:1, instance:com.a3hp.automationpracticee.framework.test.createaccountandlogin.ForgotPasswordTest@47db50c5]" name="validateforgotPasswordProcess_FP" class="com.a3hp.automationpracticee.framework.test.createaccountandlogin.ForgotPasswordTest"/>
        <method signature="ForgotPasswordTest.validateForgotPasswordPage_PageHeading_FP()[pri:0, instance:com.a3hp.automationpracticee.framework.test.createaccountandlogin.ForgotPasswordTest@646007f4]" name="validateForgotPasswordPage_PageHeading_FP" class="com.a3hp.automationpracticee.framework.test.createaccountandlogin.ForgotPasswordTest"/>
        <method signature="ForgotPasswordTest.validateforgotPasswordProcess_FP()[pri:1, instance:com.a3hp.automationpracticee.framework.test.createaccountandlogin.ForgotPasswordTest@646007f4]" name="validateforgotPasswordProcess_FP" class="com.a3hp.automationpracticee.framework.test.createaccountandlogin.ForgotPasswordTest"/>
        <method signature="SignInTest.validateLoginProcess_SIP()[pri:4, instance:com.a3hp.automationpracticee.framework.test.createaccountandlogin.SignInTest@2641e737]" name="validateLoginProcess_SIP" class="com.a3hp.automationpracticee.framework.test.createaccountandlogin.SignInTest"/>
        <method signature="SignInTest.validateRegistrationSectionHeading_SignInPage_SIP()[pri:3, instance:com.a3hp.automationpracticee.framework.test.createaccountandlogin.SignInTest@2641e737]" name="validateRegistrationSectionHeading_SignInPage_SIP" class="com.a3hp.automationpracticee.framework.test.createaccountandlogin.SignInTest"/>
        <method signature="SignInTest.validateSignInPageBreadcrumbText_SIP()[pri:2, instance:com.a3hp.automationpracticee.framework.test.createaccountandlogin.SignInTest@2641e737]" name="validateSignInPageBreadcrumbText_SIP" class="com.a3hp.automationpracticee.framework.test.createaccountandlogin.SignInTest"/>
        <method signature="SignInTest.validateSignInPage_PageHeading_SIP()[pri:0, instance:com.a3hp.automationpracticee.framework.test.createaccountandlogin.SignInTest@2641e737]" name="validateSignInPage_PageHeading_SIP" class="com.a3hp.automationpracticee.framework.test.createaccountandlogin.SignInTest"/>
        <method signature="SignInTest.validateSignInPage_SignInSectionHeading_SIP()[pri:1, instance:com.a3hp.automationpracticee.framework.test.createaccountandlogin.SignInTest@2641e737]" name="validateSignInPage_SignInSectionHeading_SIP" class="com.a3hp.automationpracticee.framework.test.createaccountandlogin.SignInTest"/>
        <method signature="SignInTest.validateLoginProcess_SIP()[pri:4, instance:com.a3hp.automationpracticee.framework.test.createaccountandlogin.SignInTest@2f0a87b3]" name="validateLoginProcess_SIP" class="com.a3hp.automationpracticee.framework.test.createaccountandlogin.SignInTest"/>
        <method signature="SignInTest.validateRegistrationSectionHeading_SignInPage_SIP()[pri:3, instance:com.a3hp.automationpracticee.framework.test.createaccountandlogin.SignInTest@2f0a87b3]" name="validateRegistrationSectionHeading_SignInPage_SIP" class="com.a3hp.automationpracticee.framework.test.createaccountandlogin.SignInTest"/>
        <method signature="SignInTest.validateSignInPageBreadcrumbText_SIP()[pri:2, instance:com.a3hp.automationpracticee.framework.test.createaccountandlogin.SignInTest@2f0a87b3]" name="validateSignInPageBreadcrumbText_SIP" class="com.a3hp.automationpracticee.framework.test.createaccountandlogin.SignInTest"/>
        <method signature="SignInTest.validateSignInPage_PageHeading_SIP()[pri:0, instance:com.a3hp.automationpracticee.framework.test.createaccountandlogin.SignInTest@2f0a87b3]" name="validateSignInPage_PageHeading_SIP" class="com.a3hp.automationpracticee.framework.test.createaccountandlogin.SignInTest"/>
        <method signature="SignInTest.validateSignInPage_SignInSectionHeading_SIP()[pri:1, instance:com.a3hp.automationpracticee.framework.test.createaccountandlogin.SignInTest@2f0a87b3]" name="validateSignInPage_SignInSectionHeading_SIP" class="com.a3hp.automationpracticee.framework.test.createaccountandlogin.SignInTest"/>
      </group> <!-- createaccountandlogin -->
      <group name="func">
        <method signature="ForgotPasswordTest.validateforgotPasswordProcess_FP()[pri:1, instance:com.a3hp.automationpracticee.framework.test.createaccountandlogin.ForgotPasswordTest@47db50c5]" name="validateforgotPasswordProcess_FP" class="com.a3hp.automationpracticee.framework.test.createaccountandlogin.ForgotPasswordTest"/>
        <method signature="ForgotPasswordTest.validateforgotPasswordProcess_FP()[pri:1, instance:com.a3hp.automationpracticee.framework.test.createaccountandlogin.ForgotPasswordTest@646007f4]" name="validateforgotPasswordProcess_FP" class="com.a3hp.automationpracticee.framework.test.createaccountandlogin.ForgotPasswordTest"/>
        <method signature="SignInTest.validateLoginProcess_SIP()[pri:4, instance:com.a3hp.automationpracticee.framework.test.createaccountandlogin.SignInTest@2641e737]" name="validateLoginProcess_SIP" class="com.a3hp.automationpracticee.framework.test.createaccountandlogin.SignInTest"/>
        <method signature="SignInTest.validateLoginProcess_SIP()[pri:4, instance:com.a3hp.automationpracticee.framework.test.createaccountandlogin.SignInTest@2f0a87b3]" name="validateLoginProcess_SIP" class="com.a3hp.automationpracticee.framework.test.createaccountandlogin.SignInTest"/>
        <method signature="HomepageTest.validateGetSavingNowButton_HP()[pri:1, instance:com.a3hp.automationpracticee.framework.test.homepage.HomepageTest@4fcd19b3]" name="validateGetSavingNowButton_HP" class="com.a3hp.automationpracticee.framework.test.homepage.HomepageTest"/>
        <method signature="HomepageTest.validateHeaderSignInLink_HP()[pri:0, instance:com.a3hp.automationpracticee.framework.test.homepage.HomepageTest@4fcd19b3]" name="validateHeaderSignInLink_HP" class="com.a3hp.automationpracticee.framework.test.homepage.HomepageTest"/>
        <method signature="HomepageTest.validateHomepageCarouselBlocks_HP()[pri:6, instance:com.a3hp.automationpracticee.framework.test.homepage.HomepageTest@4fcd19b3]" name="validateHomepageCarouselBlocks_HP" class="com.a3hp.automationpracticee.framework.test.homepage.HomepageTest"/>
        <method signature="HomepageTest.validateHomepageSlider1_HP()[pri:3, instance:com.a3hp.automationpracticee.framework.test.homepage.HomepageTest@4fcd19b3]" name="validateHomepageSlider1_HP" class="com.a3hp.automationpracticee.framework.test.homepage.HomepageTest"/>
        <method signature="HomepageTest.validateHomepageSlider2_HP()[pri:4, instance:com.a3hp.automationpracticee.framework.test.homepage.HomepageTest@4fcd19b3]" name="validateHomepageSlider2_HP" class="com.a3hp.automationpracticee.framework.test.homepage.HomepageTest"/>
        <method signature="HomepageTest.validateHomepageSlider3_HP()[pri:5, instance:com.a3hp.automationpracticee.framework.test.homepage.HomepageTest@4fcd19b3]" name="validateHomepageSlider3_HP" class="com.a3hp.automationpracticee.framework.test.homepage.HomepageTest"/>
        <method signature="HomepageTest.validateSearchField_HP()[pri:2, instance:com.a3hp.automationpracticee.framework.test.homepage.HomepageTest@4fcd19b3]" name="validateSearchField_HP" class="com.a3hp.automationpracticee.framework.test.homepage.HomepageTest"/>
        <method signature="HomepageTest.validateGetSavingNowButton_HP()[pri:1, instance:com.a3hp.automationpracticee.framework.test.homepage.HomepageTest@5fdba6f9]" name="validateGetSavingNowButton_HP" class="com.a3hp.automationpracticee.framework.test.homepage.HomepageTest"/>
        <method signature="HomepageTest.validateHeaderSignInLink_HP()[pri:0, instance:com.a3hp.automationpracticee.framework.test.homepage.HomepageTest@5fdba6f9]" name="validateHeaderSignInLink_HP" class="com.a3hp.automationpracticee.framework.test.homepage.HomepageTest"/>
        <method signature="HomepageTest.validateHomepageCarouselBlocks_HP()[pri:6, instance:com.a3hp.automationpracticee.framework.test.homepage.HomepageTest@5fdba6f9]" name="validateHomepageCarouselBlocks_HP" class="com.a3hp.automationpracticee.framework.test.homepage.HomepageTest"/>
        <method signature="HomepageTest.validateHomepageSlider1_HP()[pri:3, instance:com.a3hp.automationpracticee.framework.test.homepage.HomepageTest@5fdba6f9]" name="validateHomepageSlider1_HP" class="com.a3hp.automationpracticee.framework.test.homepage.HomepageTest"/>
        <method signature="HomepageTest.validateHomepageSlider2_HP()[pri:4, instance:com.a3hp.automationpracticee.framework.test.homepage.HomepageTest@5fdba6f9]" name="validateHomepageSlider2_HP" class="com.a3hp.automationpracticee.framework.test.homepage.HomepageTest"/>
        <method signature="HomepageTest.validateHomepageSlider3_HP()[pri:5, instance:com.a3hp.automationpracticee.framework.test.homepage.HomepageTest@5fdba6f9]" name="validateHomepageSlider3_HP" class="com.a3hp.automationpracticee.framework.test.homepage.HomepageTest"/>
        <method signature="HomepageTest.validateSearchField_HP()[pri:2, instance:com.a3hp.automationpracticee.framework.test.homepage.HomepageTest@5fdba6f9]" name="validateSearchField_HP" class="com.a3hp.automationpracticee.framework.test.homepage.HomepageTest"/>
      </group> <!-- func -->
      <group name="Low">
        <method signature="RegistrationTest.validateBreadcrumbText_RP()[pri:1, instance:com.a3hp.automationpracticee.framework.test.createaccountandlogin.RegistrationTest@28ac3dc3]" name="validateBreadcrumbText_RP" class="com.a3hp.automationpracticee.framework.test.createaccountandlogin.RegistrationTest"/>
        <method signature="RegistrationTest.validatePageHeading_RP()[pri:0, instance:com.a3hp.automationpracticee.framework.test.createaccountandlogin.RegistrationTest@28ac3dc3]" name="validatePageHeading_RP" class="com.a3hp.automationpracticee.framework.test.createaccountandlogin.RegistrationTest"/>
        <method signature="RegistrationTest.validateBreadcrumbText_RP()[pri:1, instance:com.a3hp.automationpracticee.framework.test.createaccountandlogin.RegistrationTest@eb21112]" name="validateBreadcrumbText_RP" class="com.a3hp.automationpracticee.framework.test.createaccountandlogin.RegistrationTest"/>
        <method signature="RegistrationTest.validatePageHeading_RP()[pri:0, instance:com.a3hp.automationpracticee.framework.test.createaccountandlogin.RegistrationTest@eb21112]" name="validatePageHeading_RP" class="com.a3hp.automationpracticee.framework.test.createaccountandlogin.RegistrationTest"/>
        <method signature="ForgotPasswordTest.validateForgotPasswordPage_PageHeading_FP()[pri:0, instance:com.a3hp.automationpracticee.framework.test.createaccountandlogin.ForgotPasswordTest@47db50c5]" name="validateForgotPasswordPage_PageHeading_FP" class="com.a3hp.automationpracticee.framework.test.createaccountandlogin.ForgotPasswordTest"/>
        <method signature="ForgotPasswordTest.validateForgotPasswordPage_PageHeading_FP()[pri:0, instance:com.a3hp.automationpracticee.framework.test.createaccountandlogin.ForgotPasswordTest@646007f4]" name="validateForgotPasswordPage_PageHeading_FP" class="com.a3hp.automationpracticee.framework.test.createaccountandlogin.ForgotPasswordTest"/>
        <method signature="SignInTest.validateRegistrationSectionHeading_SignInPage_SIP()[pri:3, instance:com.a3hp.automationpracticee.framework.test.createaccountandlogin.SignInTest@2641e737]" name="validateRegistrationSectionHeading_SignInPage_SIP" class="com.a3hp.automationpracticee.framework.test.createaccountandlogin.SignInTest"/>
        <method signature="SignInTest.validateSignInPageBreadcrumbText_SIP()[pri:2, instance:com.a3hp.automationpracticee.framework.test.createaccountandlogin.SignInTest@2641e737]" name="validateSignInPageBreadcrumbText_SIP" class="com.a3hp.automationpracticee.framework.test.createaccountandlogin.SignInTest"/>
        <method signature="SignInTest.validateSignInPage_PageHeading_SIP()[pri:0, instance:com.a3hp.automationpracticee.framework.test.createaccountandlogin.SignInTest@2641e737]" name="validateSignInPage_PageHeading_SIP" class="com.a3hp.automationpracticee.framework.test.createaccountandlogin.SignInTest"/>
        <method signature="SignInTest.validateSignInPage_SignInSectionHeading_SIP()[pri:1, instance:com.a3hp.automationpracticee.framework.test.createaccountandlogin.SignInTest@2641e737]" name="validateSignInPage_SignInSectionHeading_SIP" class="com.a3hp.automationpracticee.framework.test.createaccountandlogin.SignInTest"/>
        <method signature="SignInTest.validateRegistrationSectionHeading_SignInPage_SIP()[pri:3, instance:com.a3hp.automationpracticee.framework.test.createaccountandlogin.SignInTest@2f0a87b3]" name="validateRegistrationSectionHeading_SignInPage_SIP" class="com.a3hp.automationpracticee.framework.test.createaccountandlogin.SignInTest"/>
        <method signature="SignInTest.validateSignInPageBreadcrumbText_SIP()[pri:2, instance:com.a3hp.automationpracticee.framework.test.createaccountandlogin.SignInTest@2f0a87b3]" name="validateSignInPageBreadcrumbText_SIP" class="com.a3hp.automationpracticee.framework.test.createaccountandlogin.SignInTest"/>
        <method signature="SignInTest.validateSignInPage_PageHeading_SIP()[pri:0, instance:com.a3hp.automationpracticee.framework.test.createaccountandlogin.SignInTest@2f0a87b3]" name="validateSignInPage_PageHeading_SIP" class="com.a3hp.automationpracticee.framework.test.createaccountandlogin.SignInTest"/>
        <method signature="SignInTest.validateSignInPage_SignInSectionHeading_SIP()[pri:1, instance:com.a3hp.automationpracticee.framework.test.createaccountandlogin.SignInTest@2f0a87b3]" name="validateSignInPage_SignInSectionHeading_SIP" class="com.a3hp.automationpracticee.framework.test.createaccountandlogin.SignInTest"/>
      </group> <!-- Low -->
      <group name="Homepage_func">
        <method signature="HomepageTest.validateGetSavingNowButton_HP()[pri:1, instance:com.a3hp.automationpracticee.framework.test.homepage.HomepageTest@4fcd19b3]" name="validateGetSavingNowButton_HP" class="com.a3hp.automationpracticee.framework.test.homepage.HomepageTest"/>
        <method signature="HomepageTest.validateHeaderSignInLink_HP()[pri:0, instance:com.a3hp.automationpracticee.framework.test.homepage.HomepageTest@4fcd19b3]" name="validateHeaderSignInLink_HP" class="com.a3hp.automationpracticee.framework.test.homepage.HomepageTest"/>
        <method signature="HomepageTest.validateHomepageCarouselBlocks_HP()[pri:6, instance:com.a3hp.automationpracticee.framework.test.homepage.HomepageTest@4fcd19b3]" name="validateHomepageCarouselBlocks_HP" class="com.a3hp.automationpracticee.framework.test.homepage.HomepageTest"/>
        <method signature="HomepageTest.validateHomepageSlider1_HP()[pri:3, instance:com.a3hp.automationpracticee.framework.test.homepage.HomepageTest@4fcd19b3]" name="validateHomepageSlider1_HP" class="com.a3hp.automationpracticee.framework.test.homepage.HomepageTest"/>
        <method signature="HomepageTest.validateHomepageSlider2_HP()[pri:4, instance:com.a3hp.automationpracticee.framework.test.homepage.HomepageTest@4fcd19b3]" name="validateHomepageSlider2_HP" class="com.a3hp.automationpracticee.framework.test.homepage.HomepageTest"/>
        <method signature="HomepageTest.validateHomepageSlider3_HP()[pri:5, instance:com.a3hp.automationpracticee.framework.test.homepage.HomepageTest@4fcd19b3]" name="validateHomepageSlider3_HP" class="com.a3hp.automationpracticee.framework.test.homepage.HomepageTest"/>
        <method signature="HomepageTest.validateSearchField_HP()[pri:2, instance:com.a3hp.automationpracticee.framework.test.homepage.HomepageTest@4fcd19b3]" name="validateSearchField_HP" class="com.a3hp.automationpracticee.framework.test.homepage.HomepageTest"/>
        <method signature="HomepageTest.validateGetSavingNowButton_HP()[pri:1, instance:com.a3hp.automationpracticee.framework.test.homepage.HomepageTest@5fdba6f9]" name="validateGetSavingNowButton_HP" class="com.a3hp.automationpracticee.framework.test.homepage.HomepageTest"/>
        <method signature="HomepageTest.validateHeaderSignInLink_HP()[pri:0, instance:com.a3hp.automationpracticee.framework.test.homepage.HomepageTest@5fdba6f9]" name="validateHeaderSignInLink_HP" class="com.a3hp.automationpracticee.framework.test.homepage.HomepageTest"/>
        <method signature="HomepageTest.validateHomepageCarouselBlocks_HP()[pri:6, instance:com.a3hp.automationpracticee.framework.test.homepage.HomepageTest@5fdba6f9]" name="validateHomepageCarouselBlocks_HP" class="com.a3hp.automationpracticee.framework.test.homepage.HomepageTest"/>
        <method signature="HomepageTest.validateHomepageSlider1_HP()[pri:3, instance:com.a3hp.automationpracticee.framework.test.homepage.HomepageTest@5fdba6f9]" name="validateHomepageSlider1_HP" class="com.a3hp.automationpracticee.framework.test.homepage.HomepageTest"/>
        <method signature="HomepageTest.validateHomepageSlider2_HP()[pri:4, instance:com.a3hp.automationpracticee.framework.test.homepage.HomepageTest@5fdba6f9]" name="validateHomepageSlider2_HP" class="com.a3hp.automationpracticee.framework.test.homepage.HomepageTest"/>
        <method signature="HomepageTest.validateHomepageSlider3_HP()[pri:5, instance:com.a3hp.automationpracticee.framework.test.homepage.HomepageTest@5fdba6f9]" name="validateHomepageSlider3_HP" class="com.a3hp.automationpracticee.framework.test.homepage.HomepageTest"/>
        <method signature="HomepageTest.validateSearchField_HP()[pri:2, instance:com.a3hp.automationpracticee.framework.test.homepage.HomepageTest@5fdba6f9]" name="validateSearchField_HP" class="com.a3hp.automationpracticee.framework.test.homepage.HomepageTest"/>
      </group> <!-- Homepage_func -->
      <group name="Medium">
        <method signature="HomepageTest.validateHomepageCarouselBlocks_HP()[pri:6, instance:com.a3hp.automationpracticee.framework.test.homepage.HomepageTest@4fcd19b3]" name="validateHomepageCarouselBlocks_HP" class="com.a3hp.automationpracticee.framework.test.homepage.HomepageTest"/>
        <method signature="HomepageTest.validateHomepageSlider3_HP()[pri:5, instance:com.a3hp.automationpracticee.framework.test.homepage.HomepageTest@4fcd19b3]" name="validateHomepageSlider3_HP" class="com.a3hp.automationpracticee.framework.test.homepage.HomepageTest"/>
        <method signature="HomepageTest.validateHomepageCarouselBlocks_HP()[pri:6, instance:com.a3hp.automationpracticee.framework.test.homepage.HomepageTest@5fdba6f9]" name="validateHomepageCarouselBlocks_HP" class="com.a3hp.automationpracticee.framework.test.homepage.HomepageTest"/>
        <method signature="HomepageTest.validateHomepageSlider3_HP()[pri:5, instance:com.a3hp.automationpracticee.framework.test.homepage.HomepageTest@5fdba6f9]" name="validateHomepageSlider3_HP" class="com.a3hp.automationpracticee.framework.test.homepage.HomepageTest"/>
      </group> <!-- Medium -->
      <group name="ForgotPasswordpage_func">
        <method signature="ForgotPasswordTest.validateforgotPasswordProcess_FP()[pri:1, instance:com.a3hp.automationpracticee.framework.test.createaccountandlogin.ForgotPasswordTest@47db50c5]" name="validateforgotPasswordProcess_FP" class="com.a3hp.automationpracticee.framework.test.createaccountandlogin.ForgotPasswordTest"/>
        <method signature="ForgotPasswordTest.validateforgotPasswordProcess_FP()[pri:1, instance:com.a3hp.automationpracticee.framework.test.createaccountandlogin.ForgotPasswordTest@646007f4]" name="validateforgotPasswordProcess_FP" class="com.a3hp.automationpracticee.framework.test.createaccountandlogin.ForgotPasswordTest"/>
      </group> <!-- ForgotPasswordpage_func -->
      <group name="SignInpage_txt">
        <method signature="SignInTest.validateRegistrationSectionHeading_SignInPage_SIP()[pri:3, instance:com.a3hp.automationpracticee.framework.test.createaccountandlogin.SignInTest@2641e737]" name="validateRegistrationSectionHeading_SignInPage_SIP" class="com.a3hp.automationpracticee.framework.test.createaccountandlogin.SignInTest"/>
        <method signature="SignInTest.validateSignInPageBreadcrumbText_SIP()[pri:2, instance:com.a3hp.automationpracticee.framework.test.createaccountandlogin.SignInTest@2641e737]" name="validateSignInPageBreadcrumbText_SIP" class="com.a3hp.automationpracticee.framework.test.createaccountandlogin.SignInTest"/>
        <method signature="SignInTest.validateSignInPage_PageHeading_SIP()[pri:0, instance:com.a3hp.automationpracticee.framework.test.createaccountandlogin.SignInTest@2641e737]" name="validateSignInPage_PageHeading_SIP" class="com.a3hp.automationpracticee.framework.test.createaccountandlogin.SignInTest"/>
        <method signature="SignInTest.validateSignInPage_SignInSectionHeading_SIP()[pri:1, instance:com.a3hp.automationpracticee.framework.test.createaccountandlogin.SignInTest@2641e737]" name="validateSignInPage_SignInSectionHeading_SIP" class="com.a3hp.automationpracticee.framework.test.createaccountandlogin.SignInTest"/>
        <method signature="SignInTest.validateRegistrationSectionHeading_SignInPage_SIP()[pri:3, instance:com.a3hp.automationpracticee.framework.test.createaccountandlogin.SignInTest@2f0a87b3]" name="validateRegistrationSectionHeading_SignInPage_SIP" class="com.a3hp.automationpracticee.framework.test.createaccountandlogin.SignInTest"/>
        <method signature="SignInTest.validateSignInPageBreadcrumbText_SIP()[pri:2, instance:com.a3hp.automationpracticee.framework.test.createaccountandlogin.SignInTest@2f0a87b3]" name="validateSignInPageBreadcrumbText_SIP" class="com.a3hp.automationpracticee.framework.test.createaccountandlogin.SignInTest"/>
        <method signature="SignInTest.validateSignInPage_PageHeading_SIP()[pri:0, instance:com.a3hp.automationpracticee.framework.test.createaccountandlogin.SignInTest@2f0a87b3]" name="validateSignInPage_PageHeading_SIP" class="com.a3hp.automationpracticee.framework.test.createaccountandlogin.SignInTest"/>
        <method signature="SignInTest.validateSignInPage_SignInSectionHeading_SIP()[pri:1, instance:com.a3hp.automationpracticee.framework.test.createaccountandlogin.SignInTest@2f0a87b3]" name="validateSignInPage_SignInSectionHeading_SIP" class="com.a3hp.automationpracticee.framework.test.createaccountandlogin.SignInTest"/>
      </group> <!-- SignInpage_txt -->
    </groups>
    <test name="CHTest3-RegistrationTest" duration-ms="80911" started-at="2019-01-12T17:16:02Z" finished-at="2019-01-12T17:17:23Z">
      <class name="com.a3hp.automationpracticee.framework.test.createaccountandlogin.RegistrationTest">
        <test-method status="PASS" signature="BeforeClass()[pri:0, instance:com.a3hp.automationpracticee.framework.test.createaccountandlogin.RegistrationTest@28ac3dc3]" name="BeforeClass" is-config="true" duration-ms="0" started-at="2019-01-12T17:16:02Z" finished-at="2019-01-12T17:16:02Z">
          <reporter-output>
          </reporter-output>
        </test-method> <!-- BeforeClass -->
        <test-method status="PASS" signature="BeforeMethodTB(java.lang.reflect.Method, java.lang.String)[pri:0, instance:com.a3hp.automationpracticee.framework.test.createaccountandlogin.RegistrationTest@28ac3dc3]" name="BeforeMethodTB" is-config="true" duration-ms="9" started-at="2019-01-12T17:16:02Z" finished-at="2019-01-12T17:16:02Z">
          <params>
            <param index="0">
              <value>
                <![CDATA[public void com.a3hp.automationpracticee.framework.test.createaccountandlogin.RegistrationTest.validatePageHeading_RP() throws java.lang.Exception]]>
              </value>
            </param>
            <param index="1">
              <value>
                <![CDATA[CH]]>
              </value>
            </param>
          </params>
          <reporter-output>
          </reporter-output>
        </test-method> <!-- BeforeMethodTB -->
        <test-method status="PASS" signature="getBrowser(java.lang.String, java.lang.String, java.lang.String)[pri:0, instance:com.a3hp.automationpracticee.framework.test.createaccountandlogin.RegistrationTest@28ac3dc3]" name="getBrowser" is-config="true" duration-ms="39182" started-at="2019-01-12T17:16:02Z" finished-at="2019-01-12T17:16:41Z">
          <params>
            <param index="0">
              <value>
                <![CDATA[CH]]>
              </value>
            </param>
            <param index="1">
              <value>
                <![CDATA[http://automationpractice.com/index.php]]>
              </value>
            </param>
            <param index="2">
              <value>
                <![CDATA[WINDOWS]]>
              </value>
            </param>
          </params>
          <reporter-output>
          </reporter-output>
        </test-method> <!-- getBrowser -->
        <test-method status="FAIL" signature="validatePageHeading_RP()[pri:0, instance:com.a3hp.automationpracticee.framework.test.createaccountandlogin.RegistrationTest@28ac3dc3]" name="validatePageHeading_RP" duration-ms="706" started-at="2019-01-12T17:16:41Z" finished-at="2019-01-12T17:16:42Z">
          <exception class="java.lang.AssertionError">
            <message>
              <![CDATA[expected [CREATE AN ACCOUNTT] but found [CREATE AN ACCOUNT]]]>
            </message>
            <full-stacktrace>
              <![CDATA[java.lang.AssertionError: expected [CREATE AN ACCOUNTT] but found [CREATE AN ACCOUNT]
at org.testng.Assert.fail(Assert.java:96)
at org.testng.Assert.failNotEquals(Assert.java:776)
at org.testng.Assert.assertEqualsImpl(Assert.java:137)
at org.testng.Assert.assertEquals(Assert.java:118)
at org.testng.Assert.assertEquals(Assert.java:453)
at org.testng.Assert.assertEquals(Assert.java:463)
at com.a3hp.automationpracticee.framework.test.createaccountandlogin.RegistrationTest.validatePageHeading_RP(RegistrationTest.java:112)
at sun.reflect.NativeMethodAccessorImpl.invoke0(Native Method)
at sun.reflect.NativeMethodAccessorImpl.invoke(NativeMethodAccessorImpl.java:62)
at sun.reflect.DelegatingMethodAccessorImpl.invoke(DelegatingMethodAccessorImpl.java:43)
at java.lang.reflect.Method.invoke(Method.java:498)
at org.testng.internal.MethodInvocationHelper.invokeMethod(MethodInvocationHelper.java:124)
at org.testng.internal.Invoker.invokeMethod(Invoker.java:583)
at org.testng.internal.Invoker.invokeTestMethod(Invoker.java:719)
at org.testng.internal.Invoker.invokeTestMethods(Invoker.java:989)
at org.testng.internal.TestMethodWorker.invokeTestMethods(TestMethodWorker.java:125)
at org.testng.internal.TestMethodWorker.run(TestMethodWorker.java:109)
at org.testng.TestRunner.privateRun(TestRunner.java:648)
at org.testng.TestRunner.run(TestRunner.java:505)
at org.testng.SuiteRunner.runTest(SuiteRunner.java:455)
at org.testng.SuiteRunner.access$000(SuiteRunner.java:40)
at org.testng.SuiteRunner$SuiteWorker.run(SuiteRunner.java:489)
at org.testng.internal.thread.ThreadUtil$1.call(ThreadUtil.java:52)
at java.util.concurrent.FutureTask.run(FutureTask.java:266)
at java.util.concurrent.ThreadPoolExecutor.runWorker(ThreadPoolExecutor.java:1142)
at java.util.concurrent.ThreadPoolExecutor$Worker.run(ThreadPoolExecutor.java:617)
at java.lang.Thread.run(Thread.java:748)
]]>
            </full-stacktrace>
          </exception> <!-- java.lang.AssertionError -->
          <reporter-output>
            <line>
              <![CDATA[ITestResult Test Started]]>
            </line>
          </reporter-output>
        </test-method> <!-- validatePageHeading_RP -->
        <test-method status="PASS" signature="publishReport_SIP(org.testng.ITestResult)[pri:0, instance:com.a3hp.automationpracticee.framework.test.createaccountandlogin.RegistrationTest@28ac3dc3]" name="publishReport_SIP" is-config="true" duration-ms="1102" started-at="2019-01-12T17:16:43Z" finished-at="2019-01-12T17:16:44Z">
          <params>
            <param index="0">
              <value>
                <![CDATA[[TestResult name=validatePageHeading_RP status=FAILURE method=RegistrationTest.validatePageHeading_RP()[pri:0, instance:com.a3hp.automationpracticee.framework.test.createaccountandlogin.RegistrationTest@28ac3dc3] output=ITestResult Test Started]]]>
              </value>
            </param>
          </params>
          <reporter-output>
          </reporter-output>
        </test-method> <!-- publishReport_SIP -->
        <test-method status="PASS" signature="BeforeMethodTB(java.lang.reflect.Method, java.lang.String)[pri:0, instance:com.a3hp.automationpracticee.framework.test.createaccountandlogin.RegistrationTest@28ac3dc3]" name="BeforeMethodTB" is-config="true" duration-ms="1" started-at="2019-01-12T17:16:44Z" finished-at="2019-01-12T17:16:44Z">
          <params>
            <param index="0">
              <value>
                <![CDATA[public void com.a3hp.automationpracticee.framework.test.createaccountandlogin.RegistrationTest.validateBreadcrumbText_RP() throws java.lang.Exception]]>
              </value>
            </param>
            <param index="1">
              <value>
                <![CDATA[CH]]>
              </value>
            </param>
          </params>
          <reporter-output>
          </reporter-output>
        </test-method> <!-- BeforeMethodTB -->
        <test-method status="PASS" signature="getBrowser(java.lang.String, java.lang.String, java.lang.String)[pri:0, instance:com.a3hp.automationpracticee.framework.test.createaccountandlogin.RegistrationTest@28ac3dc3]" name="getBrowser" is-config="true" duration-ms="36879" started-at="2019-01-12T17:16:44Z" finished-at="2019-01-12T17:17:21Z">
          <params>
            <param index="0">
              <value>
                <![CDATA[CH]]>
              </value>
            </param>
            <param index="1">
              <value>
                <![CDATA[http://automationpractice.com/index.php]]>
              </value>
            </param>
            <param index="2">
              <value>
                <![CDATA[WINDOWS]]>
              </value>
            </param>
          </params>
          <reporter-output>
          </reporter-output>
        </test-method> <!-- getBrowser -->
        <test-method status="FAIL" signature="validateBreadcrumbText_RP()[pri:1, instance:com.a3hp.automationpracticee.framework.test.createaccountandlogin.RegistrationTest@28ac3dc3]" name="validateBreadcrumbText_RP" duration-ms="697" started-at="2019-01-12T17:17:21Z" finished-at="2019-01-12T17:17:22Z">
          <exception class="java.lang.AssertionError">
            <message>
              <![CDATA[expected [Authenticationn] but found [Authentication]]]>
            </message>
            <full-stacktrace>
              <![CDATA[java.lang.AssertionError: expected [Authenticationn] but found [Authentication]
at org.testng.Assert.fail(Assert.java:96)
at org.testng.Assert.failNotEquals(Assert.java:776)
at org.testng.Assert.assertEqualsImpl(Assert.java:137)
at org.testng.Assert.assertEquals(Assert.java:118)
at org.testng.Assert.assertEquals(Assert.java:453)
at org.testng.Assert.assertEquals(Assert.java:463)
at com.a3hp.automationpracticee.framework.test.createaccountandlogin.RegistrationTest.validateBreadcrumbText_RP(RegistrationTest.java:126)
at sun.reflect.NativeMethodAccessorImpl.invoke0(Native Method)
at sun.reflect.NativeMethodAccessorImpl.invoke(NativeMethodAccessorImpl.java:62)
at sun.reflect.DelegatingMethodAccessorImpl.invoke(DelegatingMethodAccessorImpl.java:43)
at java.lang.reflect.Method.invoke(Method.java:498)
at org.testng.internal.MethodInvocationHelper.invokeMethod(MethodInvocationHelper.java:124)
at org.testng.internal.Invoker.invokeMethod(Invoker.java:583)
at org.testng.internal.Invoker.invokeTestMethod(Invoker.java:719)
at org.testng.internal.Invoker.invokeTestMethods(Invoker.java:989)
at org.testng.internal.TestMethodWorker.invokeTestMethods(TestMethodWorker.java:125)
at org.testng.internal.TestMethodWorker.run(TestMethodWorker.java:109)
at org.testng.TestRunner.privateRun(TestRunner.java:648)
at org.testng.TestRunner.run(TestRunner.java:505)
at org.testng.SuiteRunner.runTest(SuiteRunner.java:455)
at org.testng.SuiteRunner.access$000(SuiteRunner.java:40)
at org.testng.SuiteRunner$SuiteWorker.run(SuiteRunner.java:489)
at org.testng.internal.thread.ThreadUtil$1.call(ThreadUtil.java:52)
at java.util.concurrent.FutureTask.run(FutureTask.java:266)
at java.util.concurrent.ThreadPoolExecutor.runWorker(ThreadPoolExecutor.java:1142)
at java.util.concurrent.ThreadPoolExecutor$Worker.run(ThreadPoolExecutor.java:617)
at java.lang.Thread.run(Thread.java:748)
]]>
            </full-stacktrace>
          </exception> <!-- java.lang.AssertionError -->
          <reporter-output>
            <line>
              <![CDATA[ITestResult Test Started]]>
            </line>
          </reporter-output>
        </test-method> <!-- validateBreadcrumbText_RP -->
        <test-method status="PASS" signature="publishReport_SIP(org.testng.ITestResult)[pri:0, instance:com.a3hp.automationpracticee.framework.test.createaccountandlogin.RegistrationTest@28ac3dc3]" name="publishReport_SIP" is-config="true" duration-ms="706" started-at="2019-01-12T17:17:22Z" finished-at="2019-01-12T17:17:23Z">
          <params>
            <param index="0">
              <value>
                <![CDATA[[TestResult name=validateBreadcrumbText_RP status=FAILURE method=RegistrationTest.validateBreadcrumbText_RP()[pri:1, instance:com.a3hp.automationpracticee.framework.test.createaccountandlogin.RegistrationTest@28ac3dc3] output=ITestResult Test Started]]]>
              </value>
            </param>
          </params>
          <reporter-output>
          </reporter-output>
        </test-method> <!-- publishReport_SIP -->
      </class> <!-- com.a3hp.automationpracticee.framework.test.createaccountandlogin.RegistrationTest -->
    </test> <!-- CHTest3-RegistrationTest -->
    <test name="FFTest3-RegistrationTest" duration-ms="191336" started-at="2019-01-12T17:17:23Z" finished-at="2019-01-12T17:20:35Z">
      <class name="com.a3hp.automationpracticee.framework.test.createaccountandlogin.RegistrationTest">
        <test-method status="PASS" signature="BeforeClass()[pri:0, instance:com.a3hp.automationpracticee.framework.test.createaccountandlogin.RegistrationTest@eb21112]" name="BeforeClass" is-config="true" duration-ms="0" started-at="2019-01-12T17:17:23Z" finished-at="2019-01-12T17:17:23Z">
          <reporter-output>
          </reporter-output>
        </test-method> <!-- BeforeClass -->
        <test-method status="PASS" signature="getBrowser(java.lang.String, java.lang.String, java.lang.String)[pri:0, instance:com.a3hp.automationpracticee.framework.test.createaccountandlogin.RegistrationTest@eb21112]" name="getBrowser" is-config="true" duration-ms="85523" started-at="2019-01-12T17:17:23Z" finished-at="2019-01-12T17:18:49Z">
          <params>
            <param index="0">
              <value>
                <![CDATA[FF]]>
              </value>
            </param>
            <param index="1">
              <value>
                <![CDATA[http://automationpractice.com/index.php]]>
              </value>
            </param>
            <param index="2">
              <value>
                <![CDATA[WINDOWS]]>
              </value>
            </param>
          </params>
          <reporter-output>
          </reporter-output>
        </test-method> <!-- getBrowser -->
        <test-method status="PASS" signature="BeforeMethodTB(java.lang.reflect.Method, java.lang.String)[pri:0, instance:com.a3hp.automationpracticee.framework.test.createaccountandlogin.RegistrationTest@eb21112]" name="BeforeMethodTB" is-config="true" duration-ms="0" started-at="2019-01-12T17:17:23Z" finished-at="2019-01-12T17:17:23Z">
          <params>
            <param index="0">
              <value>
                <![CDATA[public void com.a3hp.automationpracticee.framework.test.createaccountandlogin.RegistrationTest.validatePageHeading_RP() throws java.lang.Exception]]>
              </value>
            </param>
            <param index="1">
              <value>
                <![CDATA[FF]]>
              </value>
            </param>
          </params>
          <reporter-output>
          </reporter-output>
        </test-method> <!-- BeforeMethodTB -->
        <test-method status="FAIL" signature="validatePageHeading_RP()[pri:0, instance:com.a3hp.automationpracticee.framework.test.createaccountandlogin.RegistrationTest@eb21112]" name="validatePageHeading_RP" duration-ms="205" started-at="2019-01-12T17:18:49Z" finished-at="2019-01-12T17:18:49Z">
          <exception class="java.lang.AssertionError">
            <message>
              <![CDATA[expected [CREATE AN ACCOUNTT] but found [CREATE AN ACCOUNT]]]>
            </message>
            <full-stacktrace>
              <![CDATA[java.lang.AssertionError: expected [CREATE AN ACCOUNTT] but found [CREATE AN ACCOUNT]
at org.testng.Assert.fail(Assert.java:96)
at org.testng.Assert.failNotEquals(Assert.java:776)
at org.testng.Assert.assertEqualsImpl(Assert.java:137)
at org.testng.Assert.assertEquals(Assert.java:118)
at org.testng.Assert.assertEquals(Assert.java:453)
at org.testng.Assert.assertEquals(Assert.java:463)
at com.a3hp.automationpracticee.framework.test.createaccountandlogin.RegistrationTest.validatePageHeading_RP(RegistrationTest.java:112)
at sun.reflect.NativeMethodAccessorImpl.invoke0(Native Method)
at sun.reflect.NativeMethodAccessorImpl.invoke(NativeMethodAccessorImpl.java:62)
at sun.reflect.DelegatingMethodAccessorImpl.invoke(DelegatingMethodAccessorImpl.java:43)
at java.lang.reflect.Method.invoke(Method.java:498)
at org.testng.internal.MethodInvocationHelper.invokeMethod(MethodInvocationHelper.java:124)
at org.testng.internal.Invoker.invokeMethod(Invoker.java:583)
at org.testng.internal.Invoker.invokeTestMethod(Invoker.java:719)
at org.testng.internal.Invoker.invokeTestMethods(Invoker.java:989)
at org.testng.internal.TestMethodWorker.invokeTestMethods(TestMethodWorker.java:125)
at org.testng.internal.TestMethodWorker.run(TestMethodWorker.java:109)
at org.testng.TestRunner.privateRun(TestRunner.java:648)
at org.testng.TestRunner.run(TestRunner.java:505)
at org.testng.SuiteRunner.runTest(SuiteRunner.java:455)
at org.testng.SuiteRunner.access$000(SuiteRunner.java:40)
at org.testng.SuiteRunner$SuiteWorker.run(SuiteRunner.java:489)
at org.testng.internal.thread.ThreadUtil$1.call(ThreadUtil.java:52)
at java.util.concurrent.FutureTask.run(FutureTask.java:266)
at java.util.concurrent.ThreadPoolExecutor.runWorker(ThreadPoolExecutor.java:1142)
at java.util.concurrent.ThreadPoolExecutor$Worker.run(ThreadPoolExecutor.java:617)
at java.lang.Thread.run(Thread.java:748)
]]>
            </full-stacktrace>
          </exception> <!-- java.lang.AssertionError -->
          <reporter-output>
            <line>
              <![CDATA[ITestResult Test Started]]>
            </line>
          </reporter-output>
        </test-method> <!-- validatePageHeading_RP -->
        <test-method status="PASS" signature="publishReport_SIP(org.testng.ITestResult)[pri:0, instance:com.a3hp.automationpracticee.framework.test.createaccountandlogin.RegistrationTest@eb21112]" name="publishReport_SIP" is-config="true" duration-ms="1724" started-at="2019-01-12T17:18:49Z" finished-at="2019-01-12T17:18:51Z">
          <params>
            <param index="0">
              <value>
                <![CDATA[[TestResult name=validatePageHeading_RP status=FAILURE method=RegistrationTest.validatePageHeading_RP()[pri:0, instance:com.a3hp.automationpracticee.framework.test.createaccountandlogin.RegistrationTest@eb21112] output=ITestResult Test Started]]]>
              </value>
            </param>
          </params>
          <reporter-output>
          </reporter-output>
        </test-method> <!-- publishReport_SIP -->
        <test-method status="PASS" signature="getBrowser(java.lang.String, java.lang.String, java.lang.String)[pri:0, instance:com.a3hp.automationpracticee.framework.test.createaccountandlogin.RegistrationTest@eb21112]" name="getBrowser" is-config="true" duration-ms="101433" started-at="2019-01-12T17:18:51Z" finished-at="2019-01-12T17:20:32Z">
          <params>
            <param index="0">
              <value>
                <![CDATA[FF]]>
              </value>
            </param>
            <param index="1">
              <value>
                <![CDATA[http://automationpractice.com/index.php]]>
              </value>
            </param>
            <param index="2">
              <value>
                <![CDATA[WINDOWS]]>
              </value>
            </param>
          </params>
          <reporter-output>
          </reporter-output>
        </test-method> <!-- getBrowser -->
        <test-method status="PASS" signature="BeforeMethodTB(java.lang.reflect.Method, java.lang.String)[pri:0, instance:com.a3hp.automationpracticee.framework.test.createaccountandlogin.RegistrationTest@eb21112]" name="BeforeMethodTB" is-config="true" duration-ms="0" started-at="2019-01-12T17:18:51Z" finished-at="2019-01-12T17:18:51Z">
          <params>
            <param index="0">
              <value>
                <![CDATA[public void com.a3hp.automationpracticee.framework.test.createaccountandlogin.RegistrationTest.validateBreadcrumbText_RP() throws java.lang.Exception]]>
              </value>
            </param>
            <param index="1">
              <value>
                <![CDATA[FF]]>
              </value>
            </param>
          </params>
          <reporter-output>
          </reporter-output>
        </test-method> <!-- BeforeMethodTB -->
        <test-method status="FAIL" signature="validateBreadcrumbText_RP()[pri:1, instance:com.a3hp.automationpracticee.framework.test.createaccountandlogin.RegistrationTest@eb21112]" name="validateBreadcrumbText_RP" duration-ms="204" started-at="2019-01-12T17:20:32Z" finished-at="2019-01-12T17:20:33Z">
          <exception class="java.lang.AssertionError">
            <message>
              <![CDATA[expected [Authenticationn] but found [Authentication]]]>
            </message>
            <full-stacktrace>
              <![CDATA[java.lang.AssertionError: expected [Authenticationn] but found [Authentication]
at org.testng.Assert.fail(Assert.java:96)
at org.testng.Assert.failNotEquals(Assert.java:776)
at org.testng.Assert.assertEqualsImpl(Assert.java:137)
at org.testng.Assert.assertEquals(Assert.java:118)
at org.testng.Assert.assertEquals(Assert.java:453)
at org.testng.Assert.assertEquals(Assert.java:463)
at com.a3hp.automationpracticee.framework.test.createaccountandlogin.RegistrationTest.validateBreadcrumbText_RP(RegistrationTest.java:126)
at sun.reflect.NativeMethodAccessorImpl.invoke0(Native Method)
at sun.reflect.NativeMethodAccessorImpl.invoke(NativeMethodAccessorImpl.java:62)
at sun.reflect.DelegatingMethodAccessorImpl.invoke(DelegatingMethodAccessorImpl.java:43)
at java.lang.reflect.Method.invoke(Method.java:498)
at org.testng.internal.MethodInvocationHelper.invokeMethod(MethodInvocationHelper.java:124)
at org.testng.internal.Invoker.invokeMethod(Invoker.java:583)
at org.testng.internal.Invoker.invokeTestMethod(Invoker.java:719)
at org.testng.internal.Invoker.invokeTestMethods(Invoker.java:989)
at org.testng.internal.TestMethodWorker.invokeTestMethods(TestMethodWorker.java:125)
at org.testng.internal.TestMethodWorker.run(TestMethodWorker.java:109)
at org.testng.TestRunner.privateRun(TestRunner.java:648)
at org.testng.TestRunner.run(TestRunner.java:505)
at org.testng.SuiteRunner.runTest(SuiteRunner.java:455)
at org.testng.SuiteRunner.access$000(SuiteRunner.java:40)
at org.testng.SuiteRunner$SuiteWorker.run(SuiteRunner.java:489)
at org.testng.internal.thread.ThreadUtil$1.call(ThreadUtil.java:52)
at java.util.concurrent.FutureTask.run(FutureTask.java:266)
at java.util.concurrent.ThreadPoolExecutor.runWorker(ThreadPoolExecutor.java:1142)
at java.util.concurrent.ThreadPoolExecutor$Worker.run(ThreadPoolExecutor.java:617)
at java.lang.Thread.run(Thread.java:748)
]]>
            </full-stacktrace>
          </exception> <!-- java.lang.AssertionError -->
          <reporter-output>
            <line>
              <![CDATA[ITestResult Test Started]]>
            </line>
          </reporter-output>
        </test-method> <!-- validateBreadcrumbText_RP -->
        <test-method status="PASS" signature="publishReport_SIP(org.testng.ITestResult)[pri:0, instance:com.a3hp.automationpracticee.framework.test.createaccountandlogin.RegistrationTest@eb21112]" name="publishReport_SIP" is-config="true" duration-ms="1886" started-at="2019-01-12T17:20:33Z" finished-at="2019-01-12T17:20:35Z">
          <params>
            <param index="0">
              <value>
                <![CDATA[[TestResult name=validateBreadcrumbText_RP status=FAILURE method=RegistrationTest.validateBreadcrumbText_RP()[pri:1, instance:com.a3hp.automationpracticee.framework.test.createaccountandlogin.RegistrationTest@eb21112] output=ITestResult Test Started]]]>
              </value>
            </param>
          </params>
          <reporter-output>
          </reporter-output>
        </test-method> <!-- publishReport_SIP -->
      </class> <!-- com.a3hp.automationpracticee.framework.test.createaccountandlogin.RegistrationTest -->
    </test> <!-- FFTest3-RegistrationTest -->
    <test name="FFTest4-ForgotPasswordTest" duration-ms="598576" started-at="2019-01-12T17:20:35Z" finished-at="2019-01-12T17:30:33Z">
      <class name="com.a3hp.automationpracticee.framework.test.createaccountandlogin.ForgotPasswordTest">
        <test-method status="PASS" signature="BeforeMethodTB(java.lang.reflect.Method, java.lang.String)[pri:0, instance:com.a3hp.automationpracticee.framework.test.createaccountandlogin.ForgotPasswordTest@47db50c5]" name="BeforeMethodTB" is-config="true" duration-ms="1" started-at="2019-01-12T17:20:35Z" finished-at="2019-01-12T17:20:35Z">
          <params>
            <param index="0">
              <value>
                <![CDATA[public void com.a3hp.automationpracticee.framework.test.createaccountandlogin.ForgotPasswordTest.validateForgotPasswordPage_PageHeading_FP() throws java.lang.Exception]]>
              </value>
            </param>
            <param index="1">
              <value>
                <![CDATA[FF]]>
              </value>
            </param>
          </params>
          <reporter-output>
          </reporter-output>
        </test-method> <!-- BeforeMethodTB -->
        <test-method status="PASS" signature="BeforeClass()[pri:0, instance:com.a3hp.automationpracticee.framework.test.createaccountandlogin.ForgotPasswordTest@47db50c5]" name="BeforeClass" is-config="true" duration-ms="0" started-at="2019-01-12T17:20:35Z" finished-at="2019-01-12T17:20:35Z">
          <reporter-output>
          </reporter-output>
        </test-method> <!-- BeforeClass -->
        <test-method status="PASS" signature="getBrowser(java.lang.String, java.lang.String, java.lang.String)[pri:0, instance:com.a3hp.automationpracticee.framework.test.createaccountandlogin.ForgotPasswordTest@47db50c5]" name="getBrowser" is-config="true" duration-ms="92614" started-at="2019-01-12T17:20:35Z" finished-at="2019-01-12T17:22:07Z">
          <params>
            <param index="0">
              <value>
                <![CDATA[FF]]>
              </value>
            </param>
            <param index="1">
              <value>
                <![CDATA[http://automationpractice.com/index.php]]>
              </value>
            </param>
            <param index="2">
              <value>
                <![CDATA[WINDOWS]]>
              </value>
            </param>
          </params>
          <reporter-output>
          </reporter-output>
        </test-method> <!-- getBrowser -->
        <test-method status="FAIL" signature="validateForgotPasswordPage_PageHeading_FP()[pri:0, instance:com.a3hp.automationpracticee.framework.test.createaccountandlogin.ForgotPasswordTest@47db50c5]" name="validateForgotPasswordPage_PageHeading_FP" duration-ms="257" started-at="2019-01-12T17:22:07Z" finished-at="2019-01-12T17:22:07Z">
          <exception class="java.lang.AssertionError">
            <message>
              <![CDATA[expected [FORGOT YOUR PASSWORDD?] but found [FORGOT YOUR PASSWORD?]]]>
            </message>
            <full-stacktrace>
              <![CDATA[java.lang.AssertionError: expected [FORGOT YOUR PASSWORDD?] but found [FORGOT YOUR PASSWORD?]
at org.testng.Assert.fail(Assert.java:96)
at org.testng.Assert.failNotEquals(Assert.java:776)
at org.testng.Assert.assertEqualsImpl(Assert.java:137)
at org.testng.Assert.assertEquals(Assert.java:118)
at org.testng.Assert.assertEquals(Assert.java:453)
at org.testng.Assert.assertEquals(Assert.java:463)
at com.a3hp.automationpracticee.framework.test.createaccountandlogin.ForgotPasswordTest.validateForgotPasswordPage_PageHeading_FP(ForgotPasswordTest.java:117)
at sun.reflect.NativeMethodAccessorImpl.invoke0(Native Method)
at sun.reflect.NativeMethodAccessorImpl.invoke(NativeMethodAccessorImpl.java:62)
at sun.reflect.DelegatingMethodAccessorImpl.invoke(DelegatingMethodAccessorImpl.java:43)
at java.lang.reflect.Method.invoke(Method.java:498)
at org.testng.internal.MethodInvocationHelper.invokeMethod(MethodInvocationHelper.java:124)
at org.testng.internal.Invoker.invokeMethod(Invoker.java:583)
at org.testng.internal.Invoker.invokeTestMethod(Invoker.java:719)
at org.testng.internal.Invoker.invokeTestMethods(Invoker.java:989)
at org.testng.internal.TestMethodWorker.invokeTestMethods(TestMethodWorker.java:125)
at org.testng.internal.TestMethodWorker.run(TestMethodWorker.java:109)
at org.testng.TestRunner.privateRun(TestRunner.java:648)
at org.testng.TestRunner.run(TestRunner.java:505)
at org.testng.SuiteRunner.runTest(SuiteRunner.java:455)
at org.testng.SuiteRunner.access$000(SuiteRunner.java:40)
at org.testng.SuiteRunner$SuiteWorker.run(SuiteRunner.java:489)
at org.testng.internal.thread.ThreadUtil$1.call(ThreadUtil.java:52)
at java.util.concurrent.FutureTask.run(FutureTask.java:266)
at java.util.concurrent.ThreadPoolExecutor.runWorker(ThreadPoolExecutor.java:1142)
at java.util.concurrent.ThreadPoolExecutor$Worker.run(ThreadPoolExecutor.java:617)
at java.lang.Thread.run(Thread.java:748)
]]>
            </full-stacktrace>
          </exception> <!-- java.lang.AssertionError -->
          <reporter-output>
            <line>
              <![CDATA[ITestResult Test Started]]>
            </line>
          </reporter-output>
        </test-method> <!-- validateForgotPasswordPage_PageHeading_FP -->
        <test-method status="PASS" signature="publishReport_FP(org.testng.ITestResult)[pri:0, instance:com.a3hp.automationpracticee.framework.test.createaccountandlogin.ForgotPasswordTest@47db50c5]" name="publishReport_FP" is-config="true" duration-ms="1775" started-at="2019-01-12T17:22:08Z" finished-at="2019-01-12T17:22:09Z">
          <params>
            <param index="0">
              <value>
                <![CDATA[[TestResult name=validateForgotPasswordPage_PageHeading_FP status=FAILURE method=ForgotPasswordTest.validateForgotPasswordPage_PageHeading_FP()[pri:0, instance:com.a3hp.automationpracticee.framework.test.createaccountandlogin.ForgotPasswordTest@47db50c5] output=ITestResult Test Started]]]>
              </value>
            </param>
          </params>
          <reporter-output>
          </reporter-output>
        </test-method> <!-- publishReport_FP -->
        <test-method status="PASS" signature="BeforeMethodTB(java.lang.reflect.Method, java.lang.String)[pri:0, instance:com.a3hp.automationpracticee.framework.test.createaccountandlogin.ForgotPasswordTest@47db50c5]" name="BeforeMethodTB" is-config="true" duration-ms="1" started-at="2019-01-12T17:22:09Z" finished-at="2019-01-12T17:22:09Z">
          <params>
            <param index="0">
              <value>
                <![CDATA[public void com.a3hp.automationpracticee.framework.test.createaccountandlogin.ForgotPasswordTest.validateforgotPasswordProcess_FP() throws org.apache.poi.openxml4j.exceptions.InvalidFormatException,java.io.IOException,java.lang.InterruptedException]]>
              </value>
            </param>
            <param index="1">
              <value>
                <![CDATA[FF]]>
              </value>
            </param>
          </params>
          <reporter-output>
          </reporter-output>
        </test-method> <!-- BeforeMethodTB -->
        <test-method status="PASS" signature="getBrowser(java.lang.String, java.lang.String, java.lang.String)[pri:0, instance:com.a3hp.automationpracticee.framework.test.createaccountandlogin.ForgotPasswordTest@47db50c5]" name="getBrowser" is-config="true" duration-ms="100000" started-at="2019-01-12T17:22:09Z" finished-at="2019-01-12T17:23:49Z">
          <params>
            <param index="0">
              <value>
                <![CDATA[FF]]>
              </value>
            </param>
            <param index="1">
              <value>
                <![CDATA[http://automationpractice.com/index.php]]>
              </value>
            </param>
            <param index="2">
              <value>
                <![CDATA[WINDOWS]]>
              </value>
            </param>
          </params>
          <reporter-output>
          </reporter-output>
        </test-method> <!-- getBrowser -->
        <test-method status="FAIL" signature="validateforgotPasswordProcess_FP()[pri:1, instance:com.a3hp.automationpracticee.framework.test.createaccountandlogin.ForgotPasswordTest@47db50c5]" name="validateforgotPasswordProcess_FP" duration-ms="402062" started-at="2019-01-12T17:23:49Z" finished-at="2019-01-12T17:30:31Z">
          <exception class="org.openqa.selenium.NoSuchElementException">
            <message>
              <![CDATA[Unable to locate element: //p[contains(@class, 'alert-success')]
For documentation on this error, please visit: http://seleniumhq.org/exceptions/no_such_element.html
Build info: version: '3.9.1', revision: '63f7b50', time: '2018-02-07T22:25:02.294Z'
System info: host: 'DESKTOP-MUQUGSJ', ip: '192.168.42.234', os.name: 'Windows 10', os.arch: 'amd64', os.version: '10.0', java.version: '1.8.0_131'
Driver info: org.openqa.selenium.firefox.FirefoxDriver
Capabilities {acceptInsecureCerts: true, browserName: firefox, browserVersion: 64.0.2, javascriptEnabled: true, moz:accessibilityChecks: false, moz:geckodriverVersion: 0.23.0, moz:headless: false, moz:processID: 2228, moz:profile: C:\Users\user\AppData\Local..., moz:shutdownTimeout: 60000, moz:useNonSpecCompliantPointerOrigin: false, moz:webdriverClick: true, pageLoadStrategy: normal, platform: WINDOWS, platformName: WINDOWS, platformVersion: 10.0, rotatable: false, setWindowRect: true, timeouts: {implicit: 0, pageLoad: 300000, script: 30000}, unhandledPromptBehavior: accept}
Session ID: d77aa240-813d-40f4-8c8b-5640395d7eb2
*** Element info: {Using=xpath, value=//p[contains(@class, 'alert-success')]}]]>
            </message>
            <full-stacktrace>
              <![CDATA[org.openqa.selenium.NoSuchElementException: Unable to locate element: //p[contains(@class, 'alert-success')]
For documentation on this error, please visit: http://seleniumhq.org/exceptions/no_such_element.html
Build info: version: '3.9.1', revision: '63f7b50', time: '2018-02-07T22:25:02.294Z'
System info: host: 'DESKTOP-MUQUGSJ', ip: '192.168.42.234', os.name: 'Windows 10', os.arch: 'amd64', os.version: '10.0', java.version: '1.8.0_131'
Driver info: org.openqa.selenium.firefox.FirefoxDriver
Capabilities {acceptInsecureCerts: true, browserName: firefox, browserVersion: 64.0.2, javascriptEnabled: true, moz:accessibilityChecks: false, moz:geckodriverVersion: 0.23.0, moz:headless: false, moz:processID: 2228, moz:profile: C:\Users\user\AppData\Local..., moz:shutdownTimeout: 60000, moz:useNonSpecCompliantPointerOrigin: false, moz:webdriverClick: true, pageLoadStrategy: normal, platform: WINDOWS, platformName: WINDOWS, platformVersion: 10.0, rotatable: false, setWindowRect: true, timeouts: {implicit: 0, pageLoad: 300000, script: 30000}, unhandledPromptBehavior: accept}
Session ID: d77aa240-813d-40f4-8c8b-5640395d7eb2
*** Element info: {Using=xpath, value=//p[contains(@class, 'alert-success')]}
at sun.reflect.NativeConstructorAccessorImpl.newInstance0(Native Method)
at sun.reflect.NativeConstructorAccessorImpl.newInstance(NativeConstructorAccessorImpl.java:62)
at sun.reflect.DelegatingConstructorAccessorImpl.newInstance(DelegatingConstructorAccessorImpl.java:45)
at java.lang.reflect.Constructor.newInstance(Constructor.java:423)
at org.openqa.selenium.remote.http.W3CHttpResponseCodec.createException(W3CHttpResponseCodec.java:187)
at org.openqa.selenium.remote.http.W3CHttpResponseCodec.decode(W3CHttpResponseCodec.java:122)
at org.openqa.selenium.remote.http.W3CHttpResponseCodec.decode(W3CHttpResponseCodec.java:49)
at org.openqa.selenium.remote.HttpCommandExecutor.execute(HttpCommandExecutor.java:158)
at org.openqa.selenium.remote.service.DriverCommandExecutor.execute(DriverCommandExecutor.java:83)
at org.openqa.selenium.remote.RemoteWebDriver.execute(RemoteWebDriver.java:543)
at org.openqa.selenium.remote.RemoteWebDriver.findElement(RemoteWebDriver.java:317)
at org.openqa.selenium.remote.RemoteWebDriver.findElementByXPath(RemoteWebDriver.java:419)
at org.openqa.selenium.By$ByXPath.findElement(By.java:361)
at org.openqa.selenium.remote.RemoteWebDriver.findElement(RemoteWebDriver.java:309)
at org.openqa.selenium.support.pagefactory.DefaultElementLocator.findElement(DefaultElementLocator.java:69)
at org.openqa.selenium.support.pagefactory.internal.LocatingElementHandler.invoke(LocatingElementHandler.java:38)
at com.sun.proxy.$Proxy11.isDisplayed(Unknown Source)
at com.a3hp.automationpracticee.framework.genericclasses.UI_GenericMethods1.gm_getActualText(UI_GenericMethods1.java:712)
at com.a3hp.automationpracticee.framework.test.createaccountandlogin.ForgotPasswordTest.validateforgotPasswordProcess_FP(ForgotPasswordTest.java:142)
at sun.reflect.NativeMethodAccessorImpl.invoke0(Native Method)
at sun.reflect.NativeMethodAccessorImpl.invoke(NativeMethodAccessorImpl.java:62)
at sun.reflect.DelegatingMethodAccessorImpl.invoke(DelegatingMethodAccessorImpl.java:43)
at java.lang.reflect.Method.invoke(Method.java:498)
at org.testng.internal.MethodInvocationHelper.invokeMethod(MethodInvocationHelper.java:124)
at org.testng.internal.Invoker.invokeMethod(Invoker.java:583)
at org.testng.internal.Invoker.invokeTestMethod(Invoker.java:719)
at org.testng.internal.Invoker.invokeTestMethods(Invoker.java:989)
at org.testng.internal.TestMethodWorker.invokeTestMethods(TestMethodWorker.java:125)
at org.testng.internal.TestMethodWorker.run(TestMethodWorker.java:109)
at org.testng.TestRunner.privateRun(TestRunner.java:648)
at org.testng.TestRunner.run(TestRunner.java:505)
at org.testng.SuiteRunner.runTest(SuiteRunner.java:455)
at org.testng.SuiteRunner.access$000(SuiteRunner.java:40)
at org.testng.SuiteRunner$SuiteWorker.run(SuiteRunner.java:489)
at org.testng.internal.thread.ThreadUtil$1.call(ThreadUtil.java:52)
at java.util.concurrent.FutureTask.run(FutureTask.java:266)
at java.util.concurrent.ThreadPoolExecutor.runWorker(ThreadPoolExecutor.java:1142)
at java.util.concurrent.ThreadPoolExecutor$Worker.run(ThreadPoolExecutor.java:617)
at java.lang.Thread.run(Thread.java:748)
]]>
            </full-stacktrace>
          </exception> <!-- org.openqa.selenium.NoSuchElementException -->
          <reporter-output>
            <line>
              <![CDATA[ITestResult Test Started]]>
            </line>
          </reporter-output>
        </test-method> <!-- validateforgotPasswordProcess_FP -->
        <test-method status="PASS" signature="publishReport_FP(org.testng.ITestResult)[pri:0, instance:com.a3hp.automationpracticee.framework.test.createaccountandlogin.ForgotPasswordTest@47db50c5]" name="publishReport_FP" is-config="true" duration-ms="1465" started-at="2019-01-12T17:30:32Z" finished-at="2019-01-12T17:30:33Z">
          <params>
            <param index="0">
              <value>
                <![CDATA[[TestResult name=validateforgotPasswordProcess_FP status=FAILURE method=ForgotPasswordTest.validateforgotPasswordProcess_FP()[pri:1, instance:com.a3hp.automationpracticee.framework.test.createaccountandlogin.ForgotPasswordTest@47db50c5] output=ITestResult Test Started]]]>
              </value>
            </param>
          </params>
          <reporter-output>
          </reporter-output>
        </test-method> <!-- publishReport_FP -->
      </class> <!-- com.a3hp.automationpracticee.framework.test.createaccountandlogin.ForgotPasswordTest -->
    </test> <!-- FFTest4-ForgotPasswordTest -->
    <test name="CHTest4-ForgotPasswordTest" duration-ms="502790" started-at="2019-01-12T17:30:33Z" finished-at="2019-01-12T17:38:56Z">
      <class name="com.a3hp.automationpracticee.framework.test.createaccountandlogin.ForgotPasswordTest">
        <test-method status="PASS" signature="BeforeClass()[pri:0, instance:com.a3hp.automationpracticee.framework.test.createaccountandlogin.ForgotPasswordTest@646007f4]" name="BeforeClass" is-config="true" duration-ms="1" started-at="2019-01-12T17:30:33Z" finished-at="2019-01-12T17:30:33Z">
          <reporter-output>
          </reporter-output>
        </test-method> <!-- BeforeClass -->
        <test-method status="PASS" signature="getBrowser(java.lang.String, java.lang.String, java.lang.String)[pri:0, instance:com.a3hp.automationpracticee.framework.test.createaccountandlogin.ForgotPasswordTest@646007f4]" name="getBrowser" is-config="true" duration-ms="45171" started-at="2019-01-12T17:30:33Z" finished-at="2019-01-12T17:31:18Z">
          <params>
            <param index="0">
              <value>
                <![CDATA[CH]]>
              </value>
            </param>
            <param index="1">
              <value>
                <![CDATA[http://automationpractice.com/index.php]]>
              </value>
            </param>
            <param index="2">
              <value>
                <![CDATA[WINDOWS]]>
              </value>
            </param>
          </params>
          <reporter-output>
          </reporter-output>
        </test-method> <!-- getBrowser -->
        <test-method status="PASS" signature="BeforeMethodTB(java.lang.reflect.Method, java.lang.String)[pri:0, instance:com.a3hp.automationpracticee.framework.test.createaccountandlogin.ForgotPasswordTest@646007f4]" name="BeforeMethodTB" is-config="true" duration-ms="0" started-at="2019-01-12T17:30:33Z" finished-at="2019-01-12T17:30:33Z">
          <params>
            <param index="0">
              <value>
                <![CDATA[public void com.a3hp.automationpracticee.framework.test.createaccountandlogin.ForgotPasswordTest.validateForgotPasswordPage_PageHeading_FP() throws java.lang.Exception]]>
              </value>
            </param>
            <param index="1">
              <value>
                <![CDATA[CH]]>
              </value>
            </param>
          </params>
          <reporter-output>
          </reporter-output>
        </test-method> <!-- BeforeMethodTB -->
        <test-method status="FAIL" signature="validateForgotPasswordPage_PageHeading_FP()[pri:0, instance:com.a3hp.automationpracticee.framework.test.createaccountandlogin.ForgotPasswordTest@646007f4]" name="validateForgotPasswordPage_PageHeading_FP" duration-ms="593" started-at="2019-01-12T17:31:18Z" finished-at="2019-01-12T17:31:19Z">
          <exception class="java.lang.AssertionError">
            <message>
              <![CDATA[expected [FORGOT YOUR PASSWORDD?] but found [FORGOT YOUR PASSWORD?]]]>
            </message>
            <full-stacktrace>
              <![CDATA[java.lang.AssertionError: expected [FORGOT YOUR PASSWORDD?] but found [FORGOT YOUR PASSWORD?]
at org.testng.Assert.fail(Assert.java:96)
at org.testng.Assert.failNotEquals(Assert.java:776)
at org.testng.Assert.assertEqualsImpl(Assert.java:137)
at org.testng.Assert.assertEquals(Assert.java:118)
at org.testng.Assert.assertEquals(Assert.java:453)
at org.testng.Assert.assertEquals(Assert.java:463)
at com.a3hp.automationpracticee.framework.test.createaccountandlogin.ForgotPasswordTest.validateForgotPasswordPage_PageHeading_FP(ForgotPasswordTest.java:117)
at sun.reflect.NativeMethodAccessorImpl.invoke0(Native Method)
at sun.reflect.NativeMethodAccessorImpl.invoke(NativeMethodAccessorImpl.java:62)
at sun.reflect.DelegatingMethodAccessorImpl.invoke(DelegatingMethodAccessorImpl.java:43)
at java.lang.reflect.Method.invoke(Method.java:498)
at org.testng.internal.MethodInvocationHelper.invokeMethod(MethodInvocationHelper.java:124)
at org.testng.internal.Invoker.invokeMethod(Invoker.java:583)
at org.testng.internal.Invoker.invokeTestMethod(Invoker.java:719)
at org.testng.internal.Invoker.invokeTestMethods(Invoker.java:989)
at org.testng.internal.TestMethodWorker.invokeTestMethods(TestMethodWorker.java:125)
at org.testng.internal.TestMethodWorker.run(TestMethodWorker.java:109)
at org.testng.TestRunner.privateRun(TestRunner.java:648)
at org.testng.TestRunner.run(TestRunner.java:505)
at org.testng.SuiteRunner.runTest(SuiteRunner.java:455)
at org.testng.SuiteRunner.access$000(SuiteRunner.java:40)
at org.testng.SuiteRunner$SuiteWorker.run(SuiteRunner.java:489)
at org.testng.internal.thread.ThreadUtil$1.call(ThreadUtil.java:52)
at java.util.concurrent.FutureTask.run(FutureTask.java:266)
at java.util.concurrent.ThreadPoolExecutor.runWorker(ThreadPoolExecutor.java:1142)
at java.util.concurrent.ThreadPoolExecutor$Worker.run(ThreadPoolExecutor.java:617)
at java.lang.Thread.run(Thread.java:748)
]]>
            </full-stacktrace>
          </exception> <!-- java.lang.AssertionError -->
          <reporter-output>
            <line>
              <![CDATA[ITestResult Test Started]]>
            </line>
          </reporter-output>
        </test-method> <!-- validateForgotPasswordPage_PageHeading_FP -->
        <test-method status="PASS" signature="publishReport_FP(org.testng.ITestResult)[pri:0, instance:com.a3hp.automationpracticee.framework.test.createaccountandlogin.ForgotPasswordTest@646007f4]" name="publishReport_FP" is-config="true" duration-ms="790" started-at="2019-01-12T17:31:19Z" finished-at="2019-01-12T17:31:20Z">
          <params>
            <param index="0">
              <value>
                <![CDATA[[TestResult name=validateForgotPasswordPage_PageHeading_FP status=FAILURE method=ForgotPasswordTest.validateForgotPasswordPage_PageHeading_FP()[pri:0, instance:com.a3hp.automationpracticee.framework.test.createaccountandlogin.ForgotPasswordTest@646007f4] output=ITestResult Test Started]]]>
              </value>
            </param>
          </params>
          <reporter-output>
          </reporter-output>
        </test-method> <!-- publishReport_FP -->
        <test-method status="PASS" signature="getBrowser(java.lang.String, java.lang.String, java.lang.String)[pri:0, instance:com.a3hp.automationpracticee.framework.test.createaccountandlogin.ForgotPasswordTest@646007f4]" name="getBrowser" is-config="true" duration-ms="51767" started-at="2019-01-12T17:31:20Z" finished-at="2019-01-12T17:32:12Z">
          <params>
            <param index="0">
              <value>
                <![CDATA[CH]]>
              </value>
            </param>
            <param index="1">
              <value>
                <![CDATA[http://automationpractice.com/index.php]]>
              </value>
            </param>
            <param index="2">
              <value>
                <![CDATA[WINDOWS]]>
              </value>
            </param>
          </params>
          <reporter-output>
          </reporter-output>
        </test-method> <!-- getBrowser -->
        <test-method status="PASS" signature="BeforeMethodTB(java.lang.reflect.Method, java.lang.String)[pri:0, instance:com.a3hp.automationpracticee.framework.test.createaccountandlogin.ForgotPasswordTest@646007f4]" name="BeforeMethodTB" is-config="true" duration-ms="0" started-at="2019-01-12T17:31:20Z" finished-at="2019-01-12T17:31:20Z">
          <params>
            <param index="0">
              <value>
                <![CDATA[public void com.a3hp.automationpracticee.framework.test.createaccountandlogin.ForgotPasswordTest.validateforgotPasswordProcess_FP() throws org.apache.poi.openxml4j.exceptions.InvalidFormatException,java.io.IOException,java.lang.InterruptedException]]>
              </value>
            </param>
            <param index="1">
              <value>
                <![CDATA[CH]]>
              </value>
            </param>
          </params>
          <reporter-output>
          </reporter-output>
        </test-method> <!-- BeforeMethodTB -->
        <test-method status="FAIL" signature="validateforgotPasswordProcess_FP()[pri:1, instance:com.a3hp.automationpracticee.framework.test.createaccountandlogin.ForgotPasswordTest@646007f4]" name="validateforgotPasswordProcess_FP" duration-ms="402390" started-at="2019-01-12T17:32:12Z" finished-at="2019-01-12T17:38:54Z">
          <exception class="org.openqa.selenium.NoSuchElementException">
            <message>
              <![CDATA[no such element: Unable to locate element: {"method":"xpath","selector":"//p[contains(@class, 'alert-success')]"}
  (Session info: chrome=71.0.3578.98)
  (Driver info: chromedriver=2.38.552522 (437e6fbedfa8762dec75e2c5b3ddb86763dc9dcb),platform=Windows NT 10.0.10240 x86_64) (WARNING: The server did not provide any stacktrace information)
Command duration or timeout: 0 milliseconds
For documentation on this error, please visit: http://seleniumhq.org/exceptions/no_such_element.html
Build info: version: '3.9.1', revision: '63f7b50', time: '2018-02-07T22:25:02.294Z'
System info: host: 'DESKTOP-MUQUGSJ', ip: '192.168.42.234', os.name: 'Windows 10', os.arch: 'amd64', os.version: '10.0', java.version: '1.8.0_131'
Driver info: org.openqa.selenium.chrome.ChromeDriver
Capabilities {acceptInsecureCerts: true, acceptSslCerts: true, applicationCacheEnabled: false, browserConnectionEnabled: false, browserName: chrome, chrome: {chromedriverVersion: 2.38.552522 (437e6fbedfa876..., userDataDir: C:\Users\user\AppData\Local...}, cssSelectorsEnabled: true, databaseEnabled: false, handlesAlerts: true, hasTouchScreen: false, javascriptEnabled: true, locationContextEnabled: true, mobileEmulationEnabled: false, nativeEvents: true, networkConnectionEnabled: false, pageLoadStrategy: normal, platform: XP, platformName: XP, rotatable: false, setWindowRect: true, takesHeapSnapshot: true, takesScreenshot: true, unexpectedAlertBehaviour: accept, unhandledPromptBehavior: accept, version: 71.0.3578.98, webStorageEnabled: true}
Session ID: 537f03d26d62a897e28bca86e4c02a44
*** Element info: {Using=xpath, value=//p[contains(@class, 'alert-success')]}]]>
            </message>
            <full-stacktrace>
              <![CDATA[org.openqa.selenium.NoSuchElementException: no such element: Unable to locate element: {"method":"xpath","selector":"//p[contains(@class, 'alert-success')]"}
  (Session info: chrome=71.0.3578.98)
  (Driver info: chromedriver=2.38.552522 (437e6fbedfa8762dec75e2c5b3ddb86763dc9dcb),platform=Windows NT 10.0.10240 x86_64) (WARNING: The server did not provide any stacktrace information)
Command duration or timeout: 0 milliseconds
For documentation on this error, please visit: http://seleniumhq.org/exceptions/no_such_element.html
Build info: version: '3.9.1', revision: '63f7b50', time: '2018-02-07T22:25:02.294Z'
System info: host: 'DESKTOP-MUQUGSJ', ip: '192.168.42.234', os.name: 'Windows 10', os.arch: 'amd64', os.version: '10.0', java.version: '1.8.0_131'
Driver info: org.openqa.selenium.chrome.ChromeDriver
Capabilities {acceptInsecureCerts: true, acceptSslCerts: true, applicationCacheEnabled: false, browserConnectionEnabled: false, browserName: chrome, chrome: {chromedriverVersion: 2.38.552522 (437e6fbedfa876..., userDataDir: C:\Users\user\AppData\Local...}, cssSelectorsEnabled: true, databaseEnabled: false, handlesAlerts: true, hasTouchScreen: false, javascriptEnabled: true, locationContextEnabled: true, mobileEmulationEnabled: false, nativeEvents: true, networkConnectionEnabled: false, pageLoadStrategy: normal, platform: XP, platformName: XP, rotatable: false, setWindowRect: true, takesHeapSnapshot: true, takesScreenshot: true, unexpectedAlertBehaviour: accept, unhandledPromptBehavior: accept, version: 71.0.3578.98, webStorageEnabled: true}
Session ID: 537f03d26d62a897e28bca86e4c02a44
*** Element info: {Using=xpath, value=//p[contains(@class, 'alert-success')]}
at sun.reflect.NativeConstructorAccessorImpl.newInstance0(Native Method)
at sun.reflect.NativeConstructorAccessorImpl.newInstance(NativeConstructorAccessorImpl.java:62)
at sun.reflect.DelegatingConstructorAccessorImpl.newInstance(DelegatingConstructorAccessorImpl.java:45)
at java.lang.reflect.Constructor.newInstance(Constructor.java:423)
at org.openqa.selenium.remote.ErrorHandler.createThrowable(ErrorHandler.java:214)
at org.openqa.selenium.remote.ErrorHandler.throwIfResponseFailed(ErrorHandler.java:166)
at org.openqa.selenium.remote.http.JsonHttpResponseCodec.reconstructValue(JsonHttpResponseCodec.java:40)
at org.openqa.selenium.remote.http.AbstractHttpResponseCodec.decode(AbstractHttpResponseCodec.java:80)
at org.openqa.selenium.remote.http.AbstractHttpResponseCodec.decode(AbstractHttpResponseCodec.java:44)
at org.openqa.selenium.remote.HttpCommandExecutor.execute(HttpCommandExecutor.java:158)
at org.openqa.selenium.remote.service.DriverCommandExecutor.execute(DriverCommandExecutor.java:83)
at org.openqa.selenium.remote.RemoteWebDriver.execute(RemoteWebDriver.java:543)
at org.openqa.selenium.remote.RemoteWebDriver.findElement(RemoteWebDriver.java:317)
at org.openqa.selenium.remote.RemoteWebDriver.findElementByXPath(RemoteWebDriver.java:419)
at org.openqa.selenium.By$ByXPath.findElement(By.java:361)
at org.openqa.selenium.remote.RemoteWebDriver.findElement(RemoteWebDriver.java:309)
at org.openqa.selenium.support.pagefactory.DefaultElementLocator.findElement(DefaultElementLocator.java:69)
at org.openqa.selenium.support.pagefactory.internal.LocatingElementHandler.invoke(LocatingElementHandler.java:38)
at com.sun.proxy.$Proxy11.isDisplayed(Unknown Source)
at com.a3hp.automationpracticee.framework.genericclasses.UI_GenericMethods1.gm_getActualText(UI_GenericMethods1.java:712)
at com.a3hp.automationpracticee.framework.test.createaccountandlogin.ForgotPasswordTest.validateforgotPasswordProcess_FP(ForgotPasswordTest.java:142)
at sun.reflect.NativeMethodAccessorImpl.invoke0(Native Method)
at sun.reflect.NativeMethodAccessorImpl.invoke(NativeMethodAccessorImpl.java:62)
at sun.reflect.DelegatingMethodAccessorImpl.invoke(DelegatingMethodAccessorImpl.java:43)
at java.lang.reflect.Method.invoke(Method.java:498)
at org.testng.internal.MethodInvocationHelper.invokeMethod(MethodInvocationHelper.java:124)
at org.testng.internal.Invoker.invokeMethod(Invoker.java:583)
at org.testng.internal.Invoker.invokeTestMethod(Invoker.java:719)
at org.testng.internal.Invoker.invokeTestMethods(Invoker.java:989)
at org.testng.internal.TestMethodWorker.invokeTestMethods(TestMethodWorker.java:125)
at org.testng.internal.TestMethodWorker.run(TestMethodWorker.java:109)
at org.testng.TestRunner.privateRun(TestRunner.java:648)
at org.testng.TestRunner.run(TestRunner.java:505)
at org.testng.SuiteRunner.runTest(SuiteRunner.java:455)
at org.testng.SuiteRunner.access$000(SuiteRunner.java:40)
at org.testng.SuiteRunner$SuiteWorker.run(SuiteRunner.java:489)
at org.testng.internal.thread.ThreadUtil$1.call(ThreadUtil.java:52)
at java.util.concurrent.FutureTask.run(FutureTask.java:266)
at java.util.concurrent.ThreadPoolExecutor.runWorker(ThreadPoolExecutor.java:1142)
at java.util.concurrent.ThreadPoolExecutor$Worker.run(ThreadPoolExecutor.java:617)
at java.lang.Thread.run(Thread.java:748)
]]>
            </full-stacktrace>
          </exception> <!-- org.openqa.selenium.NoSuchElementException -->
          <reporter-output>
            <line>
              <![CDATA[ITestResult Test Started]]>
            </line>
          </reporter-output>
        </test-method> <!-- validateforgotPasswordProcess_FP -->
        <test-method status="PASS" signature="publishReport_FP(org.testng.ITestResult)[pri:0, instance:com.a3hp.automationpracticee.framework.test.createaccountandlogin.ForgotPasswordTest@646007f4]" name="publishReport_FP" is-config="true" duration-ms="656" started-at="2019-01-12T17:38:55Z" finished-at="2019-01-12T17:38:56Z">
          <params>
            <param index="0">
              <value>
                <![CDATA[[TestResult name=validateforgotPasswordProcess_FP status=FAILURE method=ForgotPasswordTest.validateforgotPasswordProcess_FP()[pri:1, instance:com.a3hp.automationpracticee.framework.test.createaccountandlogin.ForgotPasswordTest@646007f4] output=ITestResult Test Started]]]>
              </value>
            </param>
          </params>
          <reporter-output>
          </reporter-output>
        </test-method> <!-- publishReport_FP -->
      </class> <!-- com.a3hp.automationpracticee.framework.test.createaccountandlogin.ForgotPasswordTest -->
    </test> <!-- CHTest4-ForgotPasswordTest -->
    <test name="CHTest1-SignInTest" duration-ms="188516" started-at="2019-01-12T17:38:56Z" finished-at="2019-01-12T17:42:04Z">
      <class name="com.a3hp.automationpracticee.framework.test.createaccountandlogin.SignInTest">
        <test-method status="PASS" signature="BeforeClass()[pri:0, instance:com.a3hp.automationpracticee.framework.test.createaccountandlogin.SignInTest@2641e737]" name="BeforeClass" is-config="true" duration-ms="0" started-at="2019-01-12T17:38:56Z" finished-at="2019-01-12T17:38:56Z">
          <reporter-output>
          </reporter-output>
        </test-method> <!-- BeforeClass -->
        <test-method status="PASS" signature="BeforeMethodTB(java.lang.reflect.Method, java.lang.String)[pri:0, instance:com.a3hp.automationpracticee.framework.test.createaccountandlogin.SignInTest@2641e737]" name="BeforeMethodTB" is-config="true" duration-ms="1" started-at="2019-01-12T17:38:56Z" finished-at="2019-01-12T17:38:56Z">
          <params>
            <param index="0">
              <value>
                <![CDATA[public void com.a3hp.automationpracticee.framework.test.createaccountandlogin.SignInTest.validateSignInPage_PageHeading_SIP() throws java.lang.Exception]]>
              </value>
            </param>
            <param index="1">
              <value>
                <![CDATA[CH]]>
              </value>
            </param>
          </params>
          <reporter-output>
          </reporter-output>
        </test-method> <!-- BeforeMethodTB -->
        <test-method status="PASS" signature="getBrowser(java.lang.String, java.lang.String, java.lang.String)[pri:0, instance:com.a3hp.automationpracticee.framework.test.createaccountandlogin.SignInTest@2641e737]" name="getBrowser" is-config="true" duration-ms="23972" started-at="2019-01-12T17:38:56Z" finished-at="2019-01-12T17:39:20Z">
          <params>
            <param index="0">
              <value>
                <![CDATA[CH]]>
              </value>
            </param>
            <param index="1">
              <value>
                <![CDATA[http://automationpractice.com/index.php]]>
              </value>
            </param>
            <param index="2">
              <value>
                <![CDATA[WINDOWS]]>
              </value>
            </param>
          </params>
          <reporter-output>
          </reporter-output>
        </test-method> <!-- getBrowser -->
        <test-method status="PASS" signature="validateSignInPage_PageHeading_SIP()[pri:0, instance:com.a3hp.automationpracticee.framework.test.createaccountandlogin.SignInTest@2641e737]" name="validateSignInPage_PageHeading_SIP" duration-ms="686" started-at="2019-01-12T17:39:20Z" finished-at="2019-01-12T17:39:21Z">
          <reporter-output>
            <line>
              <![CDATA[ITestResult Test Started]]>
            </line>
          </reporter-output>
        </test-method> <!-- validateSignInPage_PageHeading_SIP -->
        <test-method status="PASS" signature="publishReport_SIP()[pri:0, instance:com.a3hp.automationpracticee.framework.test.createaccountandlogin.SignInTest@2641e737]" name="publishReport_SIP" is-config="true" duration-ms="650" started-at="2019-01-12T17:39:21Z" finished-at="2019-01-12T17:39:22Z">
          <reporter-output>
          </reporter-output>
        </test-method> <!-- publishReport_SIP -->
        <test-method status="PASS" signature="getBrowser(java.lang.String, java.lang.String, java.lang.String)[pri:0, instance:com.a3hp.automationpracticee.framework.test.createaccountandlogin.SignInTest@2641e737]" name="getBrowser" is-config="true" duration-ms="31946" started-at="2019-01-12T17:39:22Z" finished-at="2019-01-12T17:39:54Z">
          <params>
            <param index="0">
              <value>
                <![CDATA[CH]]>
              </value>
            </param>
            <param index="1">
              <value>
                <![CDATA[http://automationpractice.com/index.php]]>
              </value>
            </param>
            <param index="2">
              <value>
                <![CDATA[WINDOWS]]>
              </value>
            </param>
          </params>
          <reporter-output>
          </reporter-output>
        </test-method> <!-- getBrowser -->
        <test-method status="PASS" signature="BeforeMethodTB(java.lang.reflect.Method, java.lang.String)[pri:0, instance:com.a3hp.automationpracticee.framework.test.createaccountandlogin.SignInTest@2641e737]" name="BeforeMethodTB" is-config="true" duration-ms="0" started-at="2019-01-12T17:39:22Z" finished-at="2019-01-12T17:39:22Z">
          <params>
            <param index="0">
              <value>
                <![CDATA[public void com.a3hp.automationpracticee.framework.test.createaccountandlogin.SignInTest.validateSignInPage_SignInSectionHeading_SIP() throws java.lang.Exception]]>
              </value>
            </param>
            <param index="1">
              <value>
                <![CDATA[CH]]>
              </value>
            </param>
          </params>
          <reporter-output>
          </reporter-output>
        </test-method> <!-- BeforeMethodTB -->
        <test-method status="PASS" signature="validateSignInPage_SignInSectionHeading_SIP()[pri:1, instance:com.a3hp.automationpracticee.framework.test.createaccountandlogin.SignInTest@2641e737]" name="validateSignInPage_SignInSectionHeading_SIP" duration-ms="670" started-at="2019-01-12T17:39:54Z" finished-at="2019-01-12T17:39:54Z">
          <reporter-output>
            <line>
              <![CDATA[ITestResult Test Started]]>
            </line>
          </reporter-output>
        </test-method> <!-- validateSignInPage_SignInSectionHeading_SIP -->
        <test-method status="PASS" signature="publishReport_SIP()[pri:0, instance:com.a3hp.automationpracticee.framework.test.createaccountandlogin.SignInTest@2641e737]" name="publishReport_SIP" is-config="true" duration-ms="674" started-at="2019-01-12T17:39:55Z" finished-at="2019-01-12T17:39:56Z">
          <reporter-output>
          </reporter-output>
        </test-method> <!-- publishReport_SIP -->
        <test-method status="PASS" signature="BeforeMethodTB(java.lang.reflect.Method, java.lang.String)[pri:0, instance:com.a3hp.automationpracticee.framework.test.createaccountandlogin.SignInTest@2641e737]" name="BeforeMethodTB" is-config="true" duration-ms="0" started-at="2019-01-12T17:39:56Z" finished-at="2019-01-12T17:39:56Z">
          <params>
            <param index="0">
              <value>
                <![CDATA[public void com.a3hp.automationpracticee.framework.test.createaccountandlogin.SignInTest.validateSignInPageBreadcrumbText_SIP() throws java.lang.Exception]]>
              </value>
            </param>
            <param index="1">
              <value>
                <![CDATA[CH]]>
              </value>
            </param>
          </params>
          <reporter-output>
          </reporter-output>
        </test-method> <!-- BeforeMethodTB -->
        <test-method status="PASS" signature="getBrowser(java.lang.String, java.lang.String, java.lang.String)[pri:0, instance:com.a3hp.automationpracticee.framework.test.createaccountandlogin.SignInTest@2641e737]" name="getBrowser" is-config="true" duration-ms="31803" started-at="2019-01-12T17:39:56Z" finished-at="2019-01-12T17:40:28Z">
          <params>
            <param index="0">
              <value>
                <![CDATA[CH]]>
              </value>
            </param>
            <param index="1">
              <value>
                <![CDATA[http://automationpractice.com/index.php]]>
              </value>
            </param>
            <param index="2">
              <value>
                <![CDATA[WINDOWS]]>
              </value>
            </param>
          </params>
          <reporter-output>
          </reporter-output>
        </test-method> <!-- getBrowser -->
        <test-method status="PASS" signature="validateSignInPageBreadcrumbText_SIP()[pri:2, instance:com.a3hp.automationpracticee.framework.test.createaccountandlogin.SignInTest@2641e737]" name="validateSignInPageBreadcrumbText_SIP" duration-ms="693" started-at="2019-01-12T17:40:28Z" finished-at="2019-01-12T17:40:28Z">
          <reporter-output>
            <line>
              <![CDATA[ITestResult Test Started]]>
            </line>
          </reporter-output>
        </test-method> <!-- validateSignInPageBreadcrumbText_SIP -->
        <test-method status="PASS" signature="publishReport_SIP()[pri:0, instance:com.a3hp.automationpracticee.framework.test.createaccountandlogin.SignInTest@2641e737]" name="publishReport_SIP" is-config="true" duration-ms="631" started-at="2019-01-12T17:40:29Z" finished-at="2019-01-12T17:40:29Z">
          <reporter-output>
          </reporter-output>
        </test-method> <!-- publishReport_SIP -->
        <test-method status="PASS" signature="BeforeMethodTB(java.lang.reflect.Method, java.lang.String)[pri:0, instance:com.a3hp.automationpracticee.framework.test.createaccountandlogin.SignInTest@2641e737]" name="BeforeMethodTB" is-config="true" duration-ms="1" started-at="2019-01-12T17:40:29Z" finished-at="2019-01-12T17:40:29Z">
          <params>
            <param index="0">
              <value>
                <![CDATA[public void com.a3hp.automationpracticee.framework.test.createaccountandlogin.SignInTest.validateRegistrationSectionHeading_SignInPage_SIP() throws java.lang.Exception]]>
              </value>
            </param>
            <param index="1">
              <value>
                <![CDATA[CH]]>
              </value>
            </param>
          </params>
          <reporter-output>
          </reporter-output>
        </test-method> <!-- BeforeMethodTB -->
        <test-method status="PASS" signature="getBrowser(java.lang.String, java.lang.String, java.lang.String)[pri:0, instance:com.a3hp.automationpracticee.framework.test.createaccountandlogin.SignInTest@2641e737]" name="getBrowser" is-config="true" duration-ms="41574" started-at="2019-01-12T17:40:29Z" finished-at="2019-01-12T17:41:11Z">
          <params>
            <param index="0">
              <value>
                <![CDATA[CH]]>
              </value>
            </param>
            <param index="1">
              <value>
                <![CDATA[http://automationpractice.com/index.php]]>
              </value>
            </param>
            <param index="2">
              <value>
                <![CDATA[WINDOWS]]>
              </value>
            </param>
          </params>
          <reporter-output>
          </reporter-output>
        </test-method> <!-- getBrowser -->
        <test-method status="PASS" signature="validateRegistrationSectionHeading_SignInPage_SIP()[pri:3, instance:com.a3hp.automationpracticee.framework.test.createaccountandlogin.SignInTest@2641e737]" name="validateRegistrationSectionHeading_SignInPage_SIP" duration-ms="660" started-at="2019-01-12T17:41:11Z" finished-at="2019-01-12T17:41:12Z">
          <reporter-output>
            <line>
              <![CDATA[ITestResult Test Started]]>
            </line>
          </reporter-output>
        </test-method> <!-- validateRegistrationSectionHeading_SignInPage_SIP -->
        <test-method status="PASS" signature="publishReport_SIP()[pri:0, instance:com.a3hp.automationpracticee.framework.test.createaccountandlogin.SignInTest@2641e737]" name="publishReport_SIP" is-config="true" duration-ms="747" started-at="2019-01-12T17:41:12Z" finished-at="2019-01-12T17:41:13Z">
          <reporter-output>
          </reporter-output>
        </test-method> <!-- publishReport_SIP -->
        <test-method status="PASS" signature="BeforeMethodTB(java.lang.reflect.Method, java.lang.String)[pri:0, instance:com.a3hp.automationpracticee.framework.test.createaccountandlogin.SignInTest@2641e737]" name="BeforeMethodTB" is-config="true" duration-ms="1" started-at="2019-01-12T17:41:13Z" finished-at="2019-01-12T17:41:13Z">
          <params>
            <param index="0">
              <value>
                <![CDATA[public void com.a3hp.automationpracticee.framework.test.createaccountandlogin.SignInTest.validateLoginProcess_SIP() throws java.lang.Exception]]>
              </value>
            </param>
            <param index="1">
              <value>
                <![CDATA[CH]]>
              </value>
            </param>
          </params>
          <reporter-output>
          </reporter-output>
        </test-method> <!-- BeforeMethodTB -->
        <test-method status="PASS" signature="getBrowser(java.lang.String, java.lang.String, java.lang.String)[pri:0, instance:com.a3hp.automationpracticee.framework.test.createaccountandlogin.SignInTest@2641e737]" name="getBrowser" is-config="true" duration-ms="46942" started-at="2019-01-12T17:41:13Z" finished-at="2019-01-12T17:42:00Z">
          <params>
            <param index="0">
              <value>
                <![CDATA[CH]]>
              </value>
            </param>
            <param index="1">
              <value>
                <![CDATA[http://automationpractice.com/index.php]]>
              </value>
            </param>
            <param index="2">
              <value>
                <![CDATA[WINDOWS]]>
              </value>
            </param>
          </params>
          <reporter-output>
          </reporter-output>
        </test-method> <!-- getBrowser -->
        <test-method status="FAIL" signature="validateLoginProcess_SIP()[pri:4, instance:com.a3hp.automationpracticee.framework.test.createaccountandlogin.SignInTest@2641e737]" name="validateLoginProcess_SIP" duration-ms="3210" started-at="2019-01-12T17:42:00Z" finished-at="2019-01-12T17:42:03Z">
          <exception class="java.lang.AssertionError">
            <message>
              <![CDATA[expected [MY ACCOUNT] but found [AUTHENTICATION]]]>
            </message>
            <full-stacktrace>
              <![CDATA[java.lang.AssertionError: expected [MY ACCOUNT] but found [AUTHENTICATION]
at org.testng.Assert.fail(Assert.java:96)
at org.testng.Assert.failNotEquals(Assert.java:776)
at org.testng.Assert.assertEqualsImpl(Assert.java:137)
at org.testng.Assert.assertEquals(Assert.java:118)
at org.testng.Assert.assertEquals(Assert.java:453)
at org.testng.Assert.assertEquals(Assert.java:463)
at com.a3hp.automationpracticee.framework.test.createaccountandlogin.SignInTest.validateLoginProcess_SIP(SignInTest.java:212)
at sun.reflect.NativeMethodAccessorImpl.invoke0(Native Method)
at sun.reflect.NativeMethodAccessorImpl.invoke(NativeMethodAccessorImpl.java:62)
at sun.reflect.DelegatingMethodAccessorImpl.invoke(DelegatingMethodAccessorImpl.java:43)
at java.lang.reflect.Method.invoke(Method.java:498)
at org.testng.internal.MethodInvocationHelper.invokeMethod(MethodInvocationHelper.java:124)
at org.testng.internal.Invoker.invokeMethod(Invoker.java:583)
at org.testng.internal.Invoker.invokeTestMethod(Invoker.java:719)
at org.testng.internal.Invoker.invokeTestMethods(Invoker.java:989)
at org.testng.internal.TestMethodWorker.invokeTestMethods(TestMethodWorker.java:125)
at org.testng.internal.TestMethodWorker.run(TestMethodWorker.java:109)
at org.testng.TestRunner.privateRun(TestRunner.java:648)
at org.testng.TestRunner.run(TestRunner.java:505)
at org.testng.SuiteRunner.runTest(SuiteRunner.java:455)
at org.testng.SuiteRunner.access$000(SuiteRunner.java:40)
at org.testng.SuiteRunner$SuiteWorker.run(SuiteRunner.java:489)
at org.testng.internal.thread.ThreadUtil$1.call(ThreadUtil.java:52)
at java.util.concurrent.FutureTask.run(FutureTask.java:266)
at java.util.concurrent.ThreadPoolExecutor.runWorker(ThreadPoolExecutor.java:1142)
at java.util.concurrent.ThreadPoolExecutor$Worker.run(ThreadPoolExecutor.java:617)
at java.lang.Thread.run(Thread.java:748)
]]>
            </full-stacktrace>
          </exception> <!-- java.lang.AssertionError -->
          <reporter-output>
            <line>
              <![CDATA[ITestResult Test Started]]>
            </line>
          </reporter-output>
        </test-method> <!-- validateLoginProcess_SIP -->
        <test-method status="PASS" signature="publishReport_SIP()[pri:0, instance:com.a3hp.automationpracticee.framework.test.createaccountandlogin.SignInTest@2641e737]" name="publishReport_SIP" is-config="true" duration-ms="650" started-at="2019-01-12T17:42:04Z" finished-at="2019-01-12T17:42:04Z">
          <reporter-output>
          </reporter-output>
        </test-method> <!-- publishReport_SIP -->
      </class> <!-- com.a3hp.automationpracticee.framework.test.createaccountandlogin.SignInTest -->
    </test> <!-- CHTest1-SignInTest -->
    <test name="FFTest1-SignInTest" duration-ms="455267" started-at="2019-01-12T17:42:04Z" finished-at="2019-01-12T17:49:40Z">
      <class name="com.a3hp.automationpracticee.framework.test.createaccountandlogin.SignInTest">
        <test-method status="PASS" signature="BeforeMethodTB(java.lang.reflect.Method, java.lang.String)[pri:0, instance:com.a3hp.automationpracticee.framework.test.createaccountandlogin.SignInTest@2f0a87b3]" name="BeforeMethodTB" is-config="true" duration-ms="1" started-at="2019-01-12T17:42:04Z" finished-at="2019-01-12T17:42:04Z">
          <params>
            <param index="0">
              <value>
                <![CDATA[public void com.a3hp.automationpracticee.framework.test.createaccountandlogin.SignInTest.validateSignInPage_PageHeading_SIP() throws java.lang.Exception]]>
              </value>
            </param>
            <param index="1">
              <value>
                <![CDATA[FF]]>
              </value>
            </param>
          </params>
          <reporter-output>
          </reporter-output>
        </test-method> <!-- BeforeMethodTB -->
        <test-method status="PASS" signature="BeforeClass()[pri:0, instance:com.a3hp.automationpracticee.framework.test.createaccountandlogin.SignInTest@2f0a87b3]" name="BeforeClass" is-config="true" duration-ms="0" started-at="2019-01-12T17:42:04Z" finished-at="2019-01-12T17:42:04Z">
          <reporter-output>
          </reporter-output>
        </test-method> <!-- BeforeClass -->
        <test-method status="PASS" signature="getBrowser(java.lang.String, java.lang.String, java.lang.String)[pri:0, instance:com.a3hp.automationpracticee.framework.test.createaccountandlogin.SignInTest@2f0a87b3]" name="getBrowser" is-config="true" duration-ms="87154" started-at="2019-01-12T17:42:04Z" finished-at="2019-01-12T17:43:32Z">
          <params>
            <param index="0">
              <value>
                <![CDATA[FF]]>
              </value>
            </param>
            <param index="1">
              <value>
                <![CDATA[http://automationpractice.com/index.php]]>
              </value>
            </param>
            <param index="2">
              <value>
                <![CDATA[WINDOWS]]>
              </value>
            </param>
          </params>
          <reporter-output>
          </reporter-output>
        </test-method> <!-- getBrowser -->
        <test-method status="PASS" signature="validateSignInPage_PageHeading_SIP()[pri:0, instance:com.a3hp.automationpracticee.framework.test.createaccountandlogin.SignInTest@2f0a87b3]" name="validateSignInPage_PageHeading_SIP" duration-ms="541" started-at="2019-01-12T17:43:32Z" finished-at="2019-01-12T17:43:32Z">
          <reporter-output>
            <line>
              <![CDATA[ITestResult Test Started]]>
            </line>
          </reporter-output>
        </test-method> <!-- validateSignInPage_PageHeading_SIP -->
        <test-method status="PASS" signature="publishReport_SIP()[pri:0, instance:com.a3hp.automationpracticee.framework.test.createaccountandlogin.SignInTest@2f0a87b3]" name="publishReport_SIP" is-config="true" duration-ms="2009" started-at="2019-01-12T17:43:32Z" finished-at="2019-01-12T17:43:34Z">
          <reporter-output>
          </reporter-output>
        </test-method> <!-- publishReport_SIP -->
        <test-method status="PASS" signature="BeforeMethodTB(java.lang.reflect.Method, java.lang.String)[pri:0, instance:com.a3hp.automationpracticee.framework.test.createaccountandlogin.SignInTest@2f0a87b3]" name="BeforeMethodTB" is-config="true" duration-ms="1" started-at="2019-01-12T17:43:34Z" finished-at="2019-01-12T17:43:34Z">
          <params>
            <param index="0">
              <value>
                <![CDATA[public void com.a3hp.automationpracticee.framework.test.createaccountandlogin.SignInTest.validateSignInPage_SignInSectionHeading_SIP() throws java.lang.Exception]]>
              </value>
            </param>
            <param index="1">
              <value>
                <![CDATA[FF]]>
              </value>
            </param>
          </params>
          <reporter-output>
          </reporter-output>
        </test-method> <!-- BeforeMethodTB -->
        <test-method status="PASS" signature="getBrowser(java.lang.String, java.lang.String, java.lang.String)[pri:0, instance:com.a3hp.automationpracticee.framework.test.createaccountandlogin.SignInTest@2f0a87b3]" name="getBrowser" is-config="true" duration-ms="98583" started-at="2019-01-12T17:43:34Z" finished-at="2019-01-12T17:45:13Z">
          <params>
            <param index="0">
              <value>
                <![CDATA[FF]]>
              </value>
            </param>
            <param index="1">
              <value>
                <![CDATA[http://automationpractice.com/index.php]]>
              </value>
            </param>
            <param index="2">
              <value>
                <![CDATA[WINDOWS]]>
              </value>
            </param>
          </params>
          <reporter-output>
          </reporter-output>
        </test-method> <!-- getBrowser -->
        <test-method status="PASS" signature="validateSignInPage_SignInSectionHeading_SIP()[pri:1, instance:com.a3hp.automationpracticee.framework.test.createaccountandlogin.SignInTest@2f0a87b3]" name="validateSignInPage_SignInSectionHeading_SIP" duration-ms="345" started-at="2019-01-12T17:45:13Z" finished-at="2019-01-12T17:45:13Z">
          <reporter-output>
            <line>
              <![CDATA[ITestResult Test Started]]>
            </line>
          </reporter-output>
        </test-method> <!-- validateSignInPage_SignInSectionHeading_SIP -->
        <test-method status="PASS" signature="publishReport_SIP()[pri:0, instance:com.a3hp.automationpracticee.framework.test.createaccountandlogin.SignInTest@2f0a87b3]" name="publishReport_SIP" is-config="true" duration-ms="2214" started-at="2019-01-12T17:45:14Z" finished-at="2019-01-12T17:45:16Z">
          <reporter-output>
          </reporter-output>
        </test-method> <!-- publishReport_SIP -->
        <test-method status="PASS" signature="getBrowser(java.lang.String, java.lang.String, java.lang.String)[pri:0, instance:com.a3hp.automationpracticee.framework.test.createaccountandlogin.SignInTest@2f0a87b3]" name="getBrowser" is-config="true" duration-ms="81616" started-at="2019-01-12T17:45:16Z" finished-at="2019-01-12T17:46:37Z">
          <params>
            <param index="0">
              <value>
                <![CDATA[FF]]>
              </value>
            </param>
            <param index="1">
              <value>
                <![CDATA[http://automationpractice.com/index.php]]>
              </value>
            </param>
            <param index="2">
              <value>
                <![CDATA[WINDOWS]]>
              </value>
            </param>
          </params>
          <reporter-output>
          </reporter-output>
        </test-method> <!-- getBrowser -->
        <test-method status="PASS" signature="BeforeMethodTB(java.lang.reflect.Method, java.lang.String)[pri:0, instance:com.a3hp.automationpracticee.framework.test.createaccountandlogin.SignInTest@2f0a87b3]" name="BeforeMethodTB" is-config="true" duration-ms="0" started-at="2019-01-12T17:45:16Z" finished-at="2019-01-12T17:45:16Z">
          <params>
            <param index="0">
              <value>
                <![CDATA[public void com.a3hp.automationpracticee.framework.test.createaccountandlogin.SignInTest.validateSignInPageBreadcrumbText_SIP() throws java.lang.Exception]]>
              </value>
            </param>
            <param index="1">
              <value>
                <![CDATA[FF]]>
              </value>
            </param>
          </params>
          <reporter-output>
          </reporter-output>
        </test-method> <!-- BeforeMethodTB -->
        <test-method status="PASS" signature="validateSignInPageBreadcrumbText_SIP()[pri:2, instance:com.a3hp.automationpracticee.framework.test.createaccountandlogin.SignInTest@2f0a87b3]" name="validateSignInPageBreadcrumbText_SIP" duration-ms="273" started-at="2019-01-12T17:46:37Z" finished-at="2019-01-12T17:46:38Z">
          <reporter-output>
            <line>
              <![CDATA[ITestResult Test Started]]>
            </line>
          </reporter-output>
        </test-method> <!-- validateSignInPageBreadcrumbText_SIP -->
        <test-method status="PASS" signature="publishReport_SIP()[pri:0, instance:com.a3hp.automationpracticee.framework.test.createaccountandlogin.SignInTest@2f0a87b3]" name="publishReport_SIP" is-config="true" duration-ms="2106" started-at="2019-01-12T17:46:38Z" finished-at="2019-01-12T17:46:40Z">
          <reporter-output>
          </reporter-output>
        </test-method> <!-- publishReport_SIP -->
        <test-method status="PASS" signature="BeforeMethodTB(java.lang.reflect.Method, java.lang.String)[pri:0, instance:com.a3hp.automationpracticee.framework.test.createaccountandlogin.SignInTest@2f0a87b3]" name="BeforeMethodTB" is-config="true" duration-ms="0" started-at="2019-01-12T17:46:40Z" finished-at="2019-01-12T17:46:40Z">
          <params>
            <param index="0">
              <value>
                <![CDATA[public void com.a3hp.automationpracticee.framework.test.createaccountandlogin.SignInTest.validateRegistrationSectionHeading_SignInPage_SIP() throws java.lang.Exception]]>
              </value>
            </param>
            <param index="1">
              <value>
                <![CDATA[FF]]>
              </value>
            </param>
          </params>
          <reporter-output>
          </reporter-output>
        </test-method> <!-- BeforeMethodTB -->
        <test-method status="PASS" signature="getBrowser(java.lang.String, java.lang.String, java.lang.String)[pri:0, instance:com.a3hp.automationpracticee.framework.test.createaccountandlogin.SignInTest@2f0a87b3]" name="getBrowser" is-config="true" duration-ms="81935" started-at="2019-01-12T17:46:40Z" finished-at="2019-01-12T17:48:02Z">
          <params>
            <param index="0">
              <value>
                <![CDATA[FF]]>
              </value>
            </param>
            <param index="1">
              <value>
                <![CDATA[http://automationpractice.com/index.php]]>
              </value>
            </param>
            <param index="2">
              <value>
                <![CDATA[WINDOWS]]>
              </value>
            </param>
          </params>
          <reporter-output>
          </reporter-output>
        </test-method> <!-- getBrowser -->
        <test-method status="PASS" signature="validateRegistrationSectionHeading_SignInPage_SIP()[pri:3, instance:com.a3hp.automationpracticee.framework.test.createaccountandlogin.SignInTest@2f0a87b3]" name="validateRegistrationSectionHeading_SignInPage_SIP" duration-ms="513" started-at="2019-01-12T17:48:02Z" finished-at="2019-01-12T17:48:02Z">
          <reporter-output>
            <line>
              <![CDATA[ITestResult Test Started]]>
            </line>
          </reporter-output>
        </test-method> <!-- validateRegistrationSectionHeading_SignInPage_SIP -->
        <test-method status="PASS" signature="publishReport_SIP()[pri:0, instance:com.a3hp.automationpracticee.framework.test.createaccountandlogin.SignInTest@2f0a87b3]" name="publishReport_SIP" is-config="true" duration-ms="1873" started-at="2019-01-12T17:48:03Z" finished-at="2019-01-12T17:48:04Z">
          <reporter-output>
          </reporter-output>
        </test-method> <!-- publishReport_SIP -->
        <test-method status="PASS" signature="getBrowser(java.lang.String, java.lang.String, java.lang.String)[pri:0, instance:com.a3hp.automationpracticee.framework.test.createaccountandlogin.SignInTest@2f0a87b3]" name="getBrowser" is-config="true" duration-ms="83846" started-at="2019-01-12T17:48:04Z" finished-at="2019-01-12T17:49:28Z">
          <params>
            <param index="0">
              <value>
                <![CDATA[FF]]>
              </value>
            </param>
            <param index="1">
              <value>
                <![CDATA[http://automationpractice.com/index.php]]>
              </value>
            </param>
            <param index="2">
              <value>
                <![CDATA[WINDOWS]]>
              </value>
            </param>
          </params>
          <reporter-output>
          </reporter-output>
        </test-method> <!-- getBrowser -->
        <test-method status="PASS" signature="BeforeMethodTB(java.lang.reflect.Method, java.lang.String)[pri:0, instance:com.a3hp.automationpracticee.framework.test.createaccountandlogin.SignInTest@2f0a87b3]" name="BeforeMethodTB" is-config="true" duration-ms="0" started-at="2019-01-12T17:48:04Z" finished-at="2019-01-12T17:48:04Z">
          <params>
            <param index="0">
              <value>
                <![CDATA[public void com.a3hp.automationpracticee.framework.test.createaccountandlogin.SignInTest.validateLoginProcess_SIP() throws java.lang.Exception]]>
              </value>
            </param>
            <param index="1">
              <value>
                <![CDATA[FF]]>
              </value>
            </param>
          </params>
          <reporter-output>
          </reporter-output>
        </test-method> <!-- BeforeMethodTB -->
        <test-method status="FAIL" signature="validateLoginProcess_SIP()[pri:4, instance:com.a3hp.automationpracticee.framework.test.createaccountandlogin.SignInTest@2f0a87b3]" name="validateLoginProcess_SIP" duration-ms="8437" started-at="2019-01-12T17:49:28Z" finished-at="2019-01-12T17:49:37Z">
          <exception class="java.lang.AssertionError">
            <message>
              <![CDATA[expected [MY ACCOUNT] but found [AUTHENTICATION]]]>
            </message>
            <full-stacktrace>
              <![CDATA[java.lang.AssertionError: expected [MY ACCOUNT] but found [AUTHENTICATION]
at org.testng.Assert.fail(Assert.java:96)
at org.testng.Assert.failNotEquals(Assert.java:776)
at org.testng.Assert.assertEqualsImpl(Assert.java:137)
at org.testng.Assert.assertEquals(Assert.java:118)
at org.testng.Assert.assertEquals(Assert.java:453)
at org.testng.Assert.assertEquals(Assert.java:463)
at com.a3hp.automationpracticee.framework.test.createaccountandlogin.SignInTest.validateLoginProcess_SIP(SignInTest.java:212)
at sun.reflect.NativeMethodAccessorImpl.invoke0(Native Method)
at sun.reflect.NativeMethodAccessorImpl.invoke(NativeMethodAccessorImpl.java:62)
at sun.reflect.DelegatingMethodAccessorImpl.invoke(DelegatingMethodAccessorImpl.java:43)
at java.lang.reflect.Method.invoke(Method.java:498)
at org.testng.internal.MethodInvocationHelper.invokeMethod(MethodInvocationHelper.java:124)
at org.testng.internal.Invoker.invokeMethod(Invoker.java:583)
at org.testng.internal.Invoker.invokeTestMethod(Invoker.java:719)
at org.testng.internal.Invoker.invokeTestMethods(Invoker.java:989)
at org.testng.internal.TestMethodWorker.invokeTestMethods(TestMethodWorker.java:125)
at org.testng.internal.TestMethodWorker.run(TestMethodWorker.java:109)
at org.testng.TestRunner.privateRun(TestRunner.java:648)
at org.testng.TestRunner.run(TestRunner.java:505)
at org.testng.SuiteRunner.runTest(SuiteRunner.java:455)
at org.testng.SuiteRunner.access$000(SuiteRunner.java:40)
at org.testng.SuiteRunner$SuiteWorker.run(SuiteRunner.java:489)
at org.testng.internal.thread.ThreadUtil$1.call(ThreadUtil.java:52)
at java.util.concurrent.FutureTask.run(FutureTask.java:266)
at java.util.concurrent.ThreadPoolExecutor.runWorker(ThreadPoolExecutor.java:1142)
at java.util.concurrent.ThreadPoolExecutor$Worker.run(ThreadPoolExecutor.java:617)
at java.lang.Thread.run(Thread.java:748)
]]>
            </full-stacktrace>
          </exception> <!-- java.lang.AssertionError -->
          <reporter-output>
            <line>
              <![CDATA[ITestResult Test Started]]>
            </line>
          </reporter-output>
        </test-method> <!-- validateLoginProcess_SIP -->
        <test-method status="PASS" signature="publishReport_SIP()[pri:0, instance:com.a3hp.automationpracticee.framework.test.createaccountandlogin.SignInTest@2f0a87b3]" name="publishReport_SIP" is-config="true" duration-ms="2789" started-at="2019-01-12T17:49:37Z" finished-at="2019-01-12T17:49:40Z">
          <reporter-output>
          </reporter-output>
        </test-method> <!-- publishReport_SIP -->
      </class> <!-- com.a3hp.automationpracticee.framework.test.createaccountandlogin.SignInTest -->
    </test> <!-- FFTest1-SignInTest -->
  </suite> <!-- Test -->
</testng-results>
