<?xml version="1.0" encoding="UTF-8"?>
<!-- Generated by org.testng.reporters.JUnitXMLReporter -->
<testsuite hostname="DESKTOP-MUQUGSJ" ignored="0" name="CHTest3-RegistrationTest" tests="2" failures="2" timestamp="13 Jan 2019 09:16:34 GMT" time="59.277" errors="0">
  <testcase name="validatePageHeading_RP" time="0.725" classname="com.a3hp.automationpracticee.framework.test.createaccountandlogin.RegistrationTest">
    <failure type="java.lang.AssertionError" message="expected [CREATE AN ACCOUNTT] but found [CREATE AN ACCOUNT]">
      <![CDATA[java.lang.AssertionError: expected [CREATE AN ACCOUNTT] but found [CREATE AN ACCOUNT]
at com.a3hp.automationpracticee.framework.test.createaccountandlogin.RegistrationTest.validatePageHeading_RP(RegistrationTest.java:112)
at java.util.concurrent.FutureTask.run(FutureTask.java:266)
at java.util.concurrent.ThreadPoolExecutor.runWorker(ThreadPoolExecutor.java:1142)
at java.util.concurrent.ThreadPoolExecutor$Worker.run(ThreadPoolExecutor.java:617)
at java.lang.Thread.run(Thread.java:748)
... Removed 22 stack frames]]>
    </failure>
  </testcase> <!-- validatePageHeading_RP -->
  <testcase name="validateBreadcrumbText_RP" time="0.744" classname="com.a3hp.automationpracticee.framework.test.createaccountandlogin.RegistrationTest">
    <failure type="java.lang.AssertionError" message="expected [Authenticationn] but found [Authentication]">
      <![CDATA[java.lang.AssertionError: expected [Authenticationn] but found [Authentication]
at com.a3hp.automationpracticee.framework.test.createaccountandlogin.RegistrationTest.validateBreadcrumbText_RP(RegistrationTest.java:126)
at java.util.concurrent.FutureTask.run(FutureTask.java:266)
at java.util.concurrent.ThreadPoolExecutor.runWorker(ThreadPoolExecutor.java:1142)
at java.util.concurrent.ThreadPoolExecutor$Worker.run(ThreadPoolExecutor.java:617)
at java.lang.Thread.run(Thread.java:748)
... Removed 22 stack frames]]>
    </failure>
  </testcase> <!-- validateBreadcrumbText_RP -->
</testsuite> <!-- CHTest3-RegistrationTest -->
