<?xml version="1.0" encoding="UTF-8"?>
<!-- Generated by org.testng.reporters.JUnitXMLReporter -->
<testsuite hostname="DESKTOP-MUQUGSJ" ignored="0" name="FFTest2-HomepageTest" tests="2" failures="1" timestamp="12 Jan 2019 18:07:46 GMT" time="222.573" errors="0">
  <testcase name="@BeforeMethod getBrowser" time="22.566" classname="com.a3hp.automationpracticee.framework.test.homepage.HomepageTest">
    <failure type="java.lang.OutOfMemoryError" message="Java heap space">
      <![CDATA[java.lang.OutOfMemoryError: Java heap space
at java.util.Arrays.copyOf(Arrays.java:3332)
at java.lang.AbstractStringBuilder.ensureCapacityInternal(AbstractStringBuilder.java:124)
at java.lang.AbstractStringBuilder.append(AbstractStringBuilder.java:448)
at java.lang.StringBuffer.append(StringBuffer.java:270)
at java.io.StringWriter.write(StringWriter.java:112)
at com.google.gson.stream.JsonWriter.string(JsonWriter.java:591)
at com.google.gson.stream.JsonWriter.writeDeferredName(JsonWriter.java:402)
at com.google.gson.stream.JsonWriter.value(JsonWriter.java:465)
at com.google.gson.internal.bind.TypeAdapters$29.write(TypeAdapters.java:743)
at com.google.gson.internal.bind.TypeAdapters$29.write(TypeAdapters.java:759)
at com.google.gson.internal.bind.TypeAdapters$29.write(TypeAdapters.java:697)
at com.google.gson.internal.Streams.write(Streams.java:72)
at com.google.gson.Gson.toJson(Gson.java:745)
at com.google.gson.Gson.toJson(Gson.java:703)
at com.google.gson.Gson.toJson(Gson.java:688)
at org.openqa.selenium.json.BeanToJsonConverter.convert(BeanToJsonConverter.java:140)
at org.openqa.selenium.json.JsonOutput.write(JsonOutput.java:53)
at org.openqa.selenium.remote.NewSessionPayload.writeTo(NewSessionPayload.java:236)
at org.openqa.selenium.remote.ProtocolHandshake.createSession(ProtocolHandshake.java:69)
at org.openqa.selenium.remote.HttpCommandExecutor.execute(HttpCommandExecutor.java:136)
at org.openqa.selenium.remote.service.DriverCommandExecutor.execute(DriverCommandExecutor.java:83)
at org.openqa.selenium.remote.RemoteWebDriver.execute(RemoteWebDriver.java:543)
at org.openqa.selenium.remote.RemoteWebDriver.startSession(RemoteWebDriver.java:207)
at org.openqa.selenium.remote.RemoteWebDriver.<init>(RemoteWebDriver.java:130)
at org.openqa.selenium.firefox.FirefoxDriver.<init>(FirefoxDriver.java:125)
at com.a3hp.automationpracticee.framework.genericclasses.UI_GenericMethods1.getFirefoxDriver(UI_GenericMethods1.java:352)
at com.a3hp.automationpracticee.framework.genericclasses.UI_GenericMethods1.gm_LaunchBrowser(UI_GenericMethods1.java:195)
at com.a3hp.automationpracticee.framework.genericclasses.UI_GenericMethods1.gm_OpenApp(UI_GenericMethods1.java:234)
at com.a3hp.automationpracticee.framework.test.homepage.HomepageTest.getBrowser(HomepageTest.java:58)
... Removed 3 stack frames]]>
    </failure>
  </testcase> <!-- @BeforeMethod getBrowser -->
  <testcase name="validateHeaderSignInLink_HP" time="0.0" classname="com.a3hp.automationpracticee.framework.test.homepage.HomepageTest">
    <skipped/>
  </testcase> <!-- validateHeaderSignInLink_HP -->
  <testcase name="validateHeaderSignInLink_HP" time="22.567" classname="com.a3hp.automationpracticee.framework.test.homepage.HomepageTest">
    <failure type="java.lang.AssertionError" message="expected [true] but found [false]">
      <![CDATA[java.lang.AssertionError: expected [true] but found [false]
at com.a3hp.automationpracticee.framework.helper.TestBase.ListenersInSelenium.onTestSkipped(ListenersInSelenium.java:99)
at java.util.concurrent.FutureTask.run(FutureTask.java:266)
at java.util.concurrent.ThreadPoolExecutor.runWorker(ThreadPoolExecutor.java:1142)
at java.util.concurrent.ThreadPoolExecutor$Worker.run(ThreadPoolExecutor.java:617)
at java.lang.Thread.run(Thread.java:748)
... Removed 18 stack frames]]>
    </failure>
  </testcase> <!-- validateHeaderSignInLink_HP -->
</testsuite> <!-- FFTest2-HomepageTest -->
